[2025-10-20T10:00:39.877+0000] {taskinstance.py:1165} INFO - Dependencies all met for <TaskInstance: ethiopia_flexible_download.download_ethiopia_data manual__2025-10-20T10:00:37.524608+00:00 [queued]>
[2025-10-20T10:00:39.887+0000] {taskinstance.py:1165} INFO - Dependencies all met for <TaskInstance: ethiopia_flexible_download.download_ethiopia_data manual__2025-10-20T10:00:37.524608+00:00 [queued]>
[2025-10-20T10:00:39.888+0000] {taskinstance.py:1362} INFO - 
--------------------------------------------------------------------------------
[2025-10-20T10:00:39.889+0000] {taskinstance.py:1363} INFO - Starting attempt 1 of 2
[2025-10-20T10:00:39.889+0000] {taskinstance.py:1364} INFO - 
--------------------------------------------------------------------------------
[2025-10-20T10:00:39.907+0000] {taskinstance.py:1383} INFO - Executing <Task(PythonOperator): download_ethiopia_data> on 2025-10-20 10:00:37.524608+00:00
[2025-10-20T10:00:39.918+0000] {standard_task_runner.py:55} INFO - Started process 535 to run task
[2025-10-20T10:00:39.926+0000] {standard_task_runner.py:82} INFO - Running: ['***', 'tasks', 'run', 'ethiopia_flexible_download', 'download_ethiopia_data', 'manual__2025-10-20T10:00:37.524608+00:00', '--job-id', '19', '--raw', '--subdir', 'DAGS_FOLDER/ethiopia_flexible_download.py', '--cfg-path', '/tmp/tmp2jq04uwb']
[2025-10-20T10:00:39.939+0000] {standard_task_runner.py:83} INFO - Job 19: Subtask download_ethiopia_data
[2025-10-20T10:00:40.059+0000] {task_command.py:376} INFO - Running <TaskInstance: ethiopia_flexible_download.download_ethiopia_data manual__2025-10-20T10:00:37.524608+00:00 [running]> on host da48842a6a56
[2025-10-20T10:00:40.157+0000] {taskinstance.py:1592} INFO - Exporting the following env vars:
AIRFLOW_CTX_DAG_OWNER=ethiopia_project
AIRFLOW_CTX_DAG_ID=ethiopia_flexible_download
AIRFLOW_CTX_TASK_ID=download_ethiopia_data
AIRFLOW_CTX_EXECUTION_DATE=2025-10-20T10:00:37.524608+00:00
AIRFLOW_CTX_TRY_NUMBER=1
AIRFLOW_CTX_DAG_RUN_ID=manual__2025-10-20T10:00:37.524608+00:00
[2025-10-20T10:00:40.159+0000] {logging_mixin.py:120} INFO - Processing all months for 2024
[2025-10-20T10:00:43.769+0000] {logging_mixin.py:120} INFO - Downloaded: temp_sm2024_01.nc
[2025-10-20T10:00:45.053+0000] {logging_mixin.py:120} INFO - Clipped to TIFF: ethiopia_sm2024_01.tiff
[2025-10-20T10:00:45.055+0000] {logging_mixin.py:120} INFO - ✅ Completed: 2024-01
[2025-10-20T10:00:49.252+0000] {logging_mixin.py:120} INFO - Downloaded: temp_sm2024_02.nc
[2025-10-20T10:00:49.364+0000] {logging_mixin.py:120} INFO - Clipped to TIFF: ethiopia_sm2024_02.tiff
[2025-10-20T10:00:49.366+0000] {logging_mixin.py:120} INFO - ✅ Completed: 2024-02
[2025-10-20T10:00:53.842+0000] {logging_mixin.py:120} INFO - Downloaded: temp_sm2024_03.nc
[2025-10-20T10:00:53.947+0000] {logging_mixin.py:120} INFO - Clipped to TIFF: ethiopia_sm2024_03.tiff
[2025-10-20T10:00:53.948+0000] {logging_mixin.py:120} INFO - ✅ Completed: 2024-03
[2025-10-20T10:00:57.738+0000] {logging_mixin.py:120} INFO - Downloaded: temp_sm2024_04.nc
[2025-10-20T10:00:57.847+0000] {logging_mixin.py:120} INFO - Clipped to TIFF: ethiopia_sm2024_04.tiff
[2025-10-20T10:00:57.848+0000] {logging_mixin.py:120} INFO - ✅ Completed: 2024-04
[2025-10-20T10:01:02.017+0000] {logging_mixin.py:120} INFO - Downloaded: temp_sm2024_05.nc
[2025-10-20T10:01:02.185+0000] {logging_mixin.py:120} INFO - Clipped to TIFF: ethiopia_sm2024_05.tiff
[2025-10-20T10:01:02.187+0000] {logging_mixin.py:120} INFO - ✅ Completed: 2024-05
[2025-10-20T10:01:06.201+0000] {logging_mixin.py:120} INFO - Downloaded: temp_sm2024_06.nc
[2025-10-20T10:01:06.312+0000] {logging_mixin.py:120} INFO - Clipped to TIFF: ethiopia_sm2024_06.tiff
[2025-10-20T10:01:06.313+0000] {logging_mixin.py:120} INFO - ✅ Completed: 2024-06
[2025-10-20T10:01:10.378+0000] {logging_mixin.py:120} INFO - Downloaded: temp_sm2024_07.nc
[2025-10-20T10:01:10.493+0000] {logging_mixin.py:120} INFO - Clipped to TIFF: ethiopia_sm2024_07.tiff
[2025-10-20T10:01:10.494+0000] {logging_mixin.py:120} INFO - ✅ Completed: 2024-07
[2025-10-20T10:01:15.016+0000] {logging_mixin.py:120} INFO - Downloaded: temp_sm2024_08.nc
[2025-10-20T10:01:15.133+0000] {logging_mixin.py:120} INFO - Clipped to TIFF: ethiopia_sm2024_08.tiff
[2025-10-20T10:01:15.134+0000] {logging_mixin.py:120} INFO - ✅ Completed: 2024-08
[2025-10-20T10:01:17.844+0000] {logging_mixin.py:120} INFO - Downloaded: temp_sm2024_09.nc
[2025-10-20T10:01:17.954+0000] {logging_mixin.py:120} INFO - Clipped to TIFF: ethiopia_sm2024_09.tiff
[2025-10-20T10:01:17.956+0000] {logging_mixin.py:120} INFO - ✅ Completed: 2024-09
[2025-10-20T10:01:21.964+0000] {logging_mixin.py:120} INFO - Downloaded: temp_sm2024_10.nc
[2025-10-20T10:01:22.070+0000] {logging_mixin.py:120} INFO - Clipped to TIFF: ethiopia_sm2024_10.tiff
[2025-10-20T10:01:22.072+0000] {logging_mixin.py:120} INFO - ✅ Completed: 2024-10
[2025-10-20T10:01:25.955+0000] {logging_mixin.py:120} INFO - Downloaded: temp_sm2024_11.nc
[2025-10-20T10:01:26.065+0000] {logging_mixin.py:120} INFO - Clipped to TIFF: ethiopia_sm2024_11.tiff
[2025-10-20T10:01:26.066+0000] {logging_mixin.py:120} INFO - ✅ Completed: 2024-11
[2025-10-20T10:01:30.775+0000] {logging_mixin.py:120} INFO - Downloaded: temp_sm2024_12.nc
[2025-10-20T10:01:30.905+0000] {logging_mixin.py:120} INFO - Clipped to TIFF: ethiopia_sm2024_12.tiff
[2025-10-20T10:01:30.907+0000] {logging_mixin.py:120} INFO - ✅ Completed: 2024-12
[2025-10-20T10:01:30.907+0000] {logging_mixin.py:120} INFO - Ethiopia TIFF data processing completed!
[2025-10-20T10:01:30.907+0000] {python.py:177} INFO - Done. Returned value was: None
[2025-10-20T10:01:30.919+0000] {taskinstance.py:1406} INFO - Marking task as SUCCESS. dag_id=ethiopia_flexible_download, task_id=download_ethiopia_data, execution_date=20251020T100037, start_date=20251020T100039, end_date=20251020T100130
[2025-10-20T10:01:30.966+0000] {local_task_job.py:164} INFO - Task exited with return code 0
[2025-10-20T10:01:30.990+0000] {local_task_job.py:273} INFO - 0 downstream tasks scheduled from follow-on schedule check
