[2025-10-20T11:15:25.661+0000] {taskinstance.py:1165} INFO - Dependencies all met for <TaskInstance: ethiopia_flexible_download.download_ethiopia_data manual__2025-10-20T16:45:15+05:30 [queued]>
[2025-10-20T11:15:25.669+0000] {taskinstance.py:1165} INFO - Dependencies all met for <TaskInstance: ethiopia_flexible_download.download_ethiopia_data manual__2025-10-20T16:45:15+05:30 [queued]>
[2025-10-20T11:15:25.670+0000] {taskinstance.py:1362} INFO - 
--------------------------------------------------------------------------------
[2025-10-20T11:15:25.672+0000] {taskinstance.py:1363} INFO - Starting attempt 1 of 2
[2025-10-20T11:15:25.673+0000] {taskinstance.py:1364} INFO - 
--------------------------------------------------------------------------------
[2025-10-20T11:15:25.686+0000] {taskinstance.py:1383} INFO - Executing <Task(PythonOperator): download_ethiopia_data> on 2025-10-20 11:15:15+00:00
[2025-10-20T11:15:25.696+0000] {standard_task_runner.py:55} INFO - Started process 4113 to run task
[2025-10-20T11:15:25.699+0000] {standard_task_runner.py:82} INFO - Running: ['***', 'tasks', 'run', 'ethiopia_flexible_download', 'download_ethiopia_data', 'manual__2025-10-20T16:45:15+05:30', '--job-id', '28', '--raw', '--subdir', 'DAGS_FOLDER/ethiopia_flexible_download.py', '--cfg-path', '/tmp/tmpfkpy41w0']
[2025-10-20T11:15:25.702+0000] {standard_task_runner.py:83} INFO - Job 28: Subtask download_ethiopia_data
[2025-10-20T11:15:25.785+0000] {task_command.py:376} INFO - Running <TaskInstance: ethiopia_flexible_download.download_ethiopia_data manual__2025-10-20T16:45:15+05:30 [running]> on host da48842a6a56
[2025-10-20T11:15:25.861+0000] {taskinstance.py:1592} INFO - Exporting the following env vars:
AIRFLOW_CTX_DAG_OWNER=ethiopia_project
AIRFLOW_CTX_DAG_ID=ethiopia_flexible_download
AIRFLOW_CTX_TASK_ID=download_ethiopia_data
AIRFLOW_CTX_EXECUTION_DATE=2025-10-20T11:15:15+00:00
AIRFLOW_CTX_TRY_NUMBER=1
AIRFLOW_CTX_DAG_RUN_ID=manual__2025-10-20T16:45:15+05:30
[2025-10-20T11:15:25.866+0000] {logging_mixin.py:120} INFO - Processing 2024-13
[2025-10-20T11:15:26.287+0000] {logging_mixin.py:120} INFO - Downloaded: temp_sm2024_13.nc
[2025-10-20T11:15:26.320+0000] {logging_mixin.py:120} INFO - ❌ Failed 2024-13: Unable to open file (file signature not found)
[2025-10-20T11:15:26.321+0000] {logging_mixin.py:120} INFO - Ethiopia TIFF data saved in folder: ethiopia_flexible_download
[2025-10-20T11:15:26.322+0000] {python.py:177} INFO - Done. Returned value was: None
[2025-10-20T11:15:26.337+0000] {taskinstance.py:1406} INFO - Marking task as SUCCESS. dag_id=ethiopia_flexible_download, task_id=download_ethiopia_data, execution_date=20251020T111515, start_date=20251020T111525, end_date=20251020T111526
[2025-10-20T11:15:26.395+0000] {local_task_job.py:164} INFO - Task exited with return code 0
[2025-10-20T11:15:26.437+0000] {local_task_job.py:273} INFO - 0 downstream tasks scheduled from follow-on schedule check
