[2025-10-27T10:38:50.593+0000] {taskinstance.py:1165} INFO - Dependencies all met for <TaskInstance: ethiopia_flexible_download.download_ethiopia_data manual__2025-10-27T16:08:39+05:30 [queued]>
[2025-10-27T10:38:50.602+0000] {taskinstance.py:1165} INFO - Dependencies all met for <TaskInstance: ethiopia_flexible_download.download_ethiopia_data manual__2025-10-27T16:08:39+05:30 [queued]>
[2025-10-27T10:38:50.603+0000] {taskinstance.py:1362} INFO - 
--------------------------------------------------------------------------------
[2025-10-27T10:38:50.605+0000] {taskinstance.py:1363} INFO - Starting attempt 1 of 2
[2025-10-27T10:38:50.605+0000] {taskinstance.py:1364} INFO - 
--------------------------------------------------------------------------------
[2025-10-27T10:38:50.622+0000] {taskinstance.py:1383} INFO - Executing <Task(PythonOperator): download_ethiopia_data> on 2025-10-27 10:38:39+00:00
[2025-10-27T10:38:50.631+0000] {standard_task_runner.py:55} INFO - Started process 333 to run task
[2025-10-27T10:38:50.635+0000] {standard_task_runner.py:82} INFO - Running: ['***', 'tasks', 'run', 'ethiopia_flexible_download', 'download_ethiopia_data', 'manual__2025-10-27T16:08:39+05:30', '--job-id', '41', '--raw', '--subdir', 'DAGS_FOLDER/ethiopia_flexible_download.py', '--cfg-path', '/tmp/tmp3j7e5wp2']
[2025-10-27T10:38:50.638+0000] {standard_task_runner.py:83} INFO - Job 41: Subtask download_ethiopia_data
[2025-10-27T10:38:50.721+0000] {task_command.py:376} INFO - Running <TaskInstance: ethiopia_flexible_download.download_ethiopia_data manual__2025-10-27T16:08:39+05:30 [running]> on host 59f6860d49c1
[2025-10-27T10:38:50.805+0000] {taskinstance.py:1592} INFO - Exporting the following env vars:
AIRFLOW_CTX_DAG_OWNER=ethiopia_project
AIRFLOW_CTX_DAG_ID=ethiopia_flexible_download
AIRFLOW_CTX_TASK_ID=download_ethiopia_data
AIRFLOW_CTX_EXECUTION_DATE=2025-10-27T10:38:39+00:00
AIRFLOW_CTX_TRY_NUMBER=1
AIRFLOW_CTX_DAG_RUN_ID=manual__2025-10-27T16:08:39+05:30
[2025-10-27T10:38:50.809+0000] {logging_mixin.py:120} INFO - Processing months 6 to 12 for 2024
[2025-10-27T10:38:54.245+0000] {logging_mixin.py:120} INFO - Downloaded: temp_sm2024_06.nc
[2025-10-27T10:38:55.696+0000] {logging_mixin.py:120} INFO - Clipped to TIFF: ethiopia_sm2024_06.tiff
[2025-10-27T10:38:55.697+0000] {logging_mixin.py:120} INFO - ✅ Completed: 2024-06
[2025-10-27T10:38:58.227+0000] {logging_mixin.py:120} INFO - Downloaded: temp_sm2024_07.nc
[2025-10-27T10:38:58.353+0000] {logging_mixin.py:120} INFO - Clipped to TIFF: ethiopia_sm2024_07.tiff
[2025-10-27T10:38:58.354+0000] {logging_mixin.py:120} INFO - ✅ Completed: 2024-07
[2025-10-27T10:39:02.693+0000] {logging_mixin.py:120} INFO - Downloaded: temp_sm2024_08.nc
[2025-10-27T10:39:02.811+0000] {logging_mixin.py:120} INFO - Clipped to TIFF: ethiopia_sm2024_08.tiff
[2025-10-27T10:39:02.812+0000] {logging_mixin.py:120} INFO - ✅ Completed: 2024-08
[2025-10-27T10:39:06.710+0000] {logging_mixin.py:120} INFO - Downloaded: temp_sm2024_09.nc
[2025-10-27T10:39:06.833+0000] {logging_mixin.py:120} INFO - Clipped to TIFF: ethiopia_sm2024_09.tiff
[2025-10-27T10:39:06.835+0000] {logging_mixin.py:120} INFO - ✅ Completed: 2024-09
[2025-10-27T10:39:09.443+0000] {logging_mixin.py:120} INFO - Downloaded: temp_sm2024_10.nc
[2025-10-27T10:39:09.568+0000] {logging_mixin.py:120} INFO - Clipped to TIFF: ethiopia_sm2024_10.tiff
[2025-10-27T10:39:09.569+0000] {logging_mixin.py:120} INFO - ✅ Completed: 2024-10
[2025-10-27T10:39:13.675+0000] {logging_mixin.py:120} INFO - Downloaded: temp_sm2024_11.nc
[2025-10-27T10:39:13.785+0000] {logging_mixin.py:120} INFO - Clipped to TIFF: ethiopia_sm2024_11.tiff
[2025-10-27T10:39:13.786+0000] {logging_mixin.py:120} INFO - ✅ Completed: 2024-11
[2025-10-27T10:39:17.729+0000] {logging_mixin.py:120} INFO - Downloaded: temp_sm2024_12.nc
[2025-10-27T10:39:18.086+0000] {logging_mixin.py:120} INFO - Clipped to TIFF: ethiopia_sm2024_12.tiff
[2025-10-27T10:39:18.092+0000] {logging_mixin.py:120} INFO - ✅ Completed: 2024-12
[2025-10-27T10:39:18.098+0000] {logging_mixin.py:120} INFO - Ethiopia TIFF data saved in folder: ethiopia_flexible_download
[2025-10-27T10:39:18.099+0000] {python.py:177} INFO - Done. Returned value was: None
[2025-10-27T10:39:18.126+0000] {taskinstance.py:1406} INFO - Marking task as SUCCESS. dag_id=ethiopia_flexible_download, task_id=download_ethiopia_data, execution_date=20251027T103839, start_date=20251027T103850, end_date=20251027T103918
[2025-10-27T10:39:18.209+0000] {local_task_job.py:164} INFO - Task exited with return code 0
[2025-10-27T10:39:18.238+0000] {local_task_job.py:273} INFO - 0 downstream tasks scheduled from follow-on schedule check
