[2025-10-20T10:17:36.141+0000] {taskinstance.py:1165} INFO - Dependencies all met for <TaskInstance: ethiopia_flexible_download.download_ethiopia_data manual__2025-10-20T15:47:10+05:30 [queued]>
[2025-10-20T10:17:36.154+0000] {taskinstance.py:1165} INFO - Dependencies all met for <TaskInstance: ethiopia_flexible_download.download_ethiopia_data manual__2025-10-20T15:47:10+05:30 [queued]>
[2025-10-20T10:17:36.155+0000] {taskinstance.py:1362} INFO - 
--------------------------------------------------------------------------------
[2025-10-20T10:17:36.156+0000] {taskinstance.py:1363} INFO - Starting attempt 1 of 2
[2025-10-20T10:17:36.157+0000] {taskinstance.py:1364} INFO - 
--------------------------------------------------------------------------------
[2025-10-20T10:17:36.174+0000] {taskinstance.py:1383} INFO - Executing <Task(PythonOperator): download_ethiopia_data> on 2025-10-20 10:17:10+00:00
[2025-10-20T10:17:36.181+0000] {standard_task_runner.py:55} INFO - Started process 1367 to run task
[2025-10-20T10:17:36.187+0000] {standard_task_runner.py:82} INFO - Running: ['***', 'tasks', 'run', 'ethiopia_flexible_download', 'download_ethiopia_data', 'manual__2025-10-20T15:47:10+05:30', '--job-id', '27', '--raw', '--subdir', 'DAGS_FOLDER/ethiopia_flexible_download.py', '--cfg-path', '/tmp/tmpst0u7rdd']
[2025-10-20T10:17:36.190+0000] {standard_task_runner.py:83} INFO - Job 27: Subtask download_ethiopia_data
[2025-10-20T10:17:36.277+0000] {task_command.py:376} INFO - Running <TaskInstance: ethiopia_flexible_download.download_ethiopia_data manual__2025-10-20T15:47:10+05:30 [running]> on host da48842a6a56
[2025-10-20T10:17:36.358+0000] {taskinstance.py:1592} INFO - Exporting the following env vars:
AIRFLOW_CTX_DAG_OWNER=ethiopia_project
AIRFLOW_CTX_DAG_ID=ethiopia_flexible_download
AIRFLOW_CTX_TASK_ID=download_ethiopia_data
AIRFLOW_CTX_EXECUTION_DATE=2025-10-20T10:17:10+00:00
AIRFLOW_CTX_TRY_NUMBER=1
AIRFLOW_CTX_DAG_RUN_ID=manual__2025-10-20T15:47:10+05:30
[2025-10-20T10:17:36.361+0000] {logging_mixin.py:120} INFO - Processing all months for 1979
[2025-10-20T10:17:36.762+0000] {logging_mixin.py:120} INFO - Downloaded: temp_sm1979_01.nc
[2025-10-20T10:17:36.788+0000] {logging_mixin.py:120} INFO - ❌ Failed 1979-01: Unable to open file (file signature not found)
[2025-10-20T10:17:37.202+0000] {logging_mixin.py:120} INFO - Downloaded: temp_sm1979_02.nc
[2025-10-20T10:17:37.203+0000] {logging_mixin.py:120} INFO - ❌ Failed 1979-02: Unable to open file (file signature not found)
[2025-10-20T10:17:37.601+0000] {logging_mixin.py:120} INFO - Downloaded: temp_sm1979_03.nc
[2025-10-20T10:17:37.605+0000] {logging_mixin.py:120} INFO - ❌ Failed 1979-03: Unable to open file (file signature not found)
[2025-10-20T10:17:38.026+0000] {logging_mixin.py:120} INFO - Downloaded: temp_sm1979_04.nc
[2025-10-20T10:17:38.028+0000] {logging_mixin.py:120} INFO - ❌ Failed 1979-04: Unable to open file (file signature not found)
[2025-10-20T10:17:38.440+0000] {logging_mixin.py:120} INFO - Downloaded: temp_sm1979_05.nc
[2025-10-20T10:17:38.442+0000] {logging_mixin.py:120} INFO - ❌ Failed 1979-05: Unable to open file (file signature not found)
[2025-10-20T10:17:38.844+0000] {logging_mixin.py:120} INFO - Downloaded: temp_sm1979_06.nc
[2025-10-20T10:17:38.845+0000] {logging_mixin.py:120} INFO - ❌ Failed 1979-06: Unable to open file (file signature not found)
[2025-10-20T10:17:39.240+0000] {logging_mixin.py:120} INFO - Downloaded: temp_sm1979_07.nc
[2025-10-20T10:17:39.242+0000] {logging_mixin.py:120} INFO - ❌ Failed 1979-07: Unable to open file (file signature not found)
[2025-10-20T10:17:39.659+0000] {logging_mixin.py:120} INFO - Downloaded: temp_sm1979_08.nc
[2025-10-20T10:17:39.660+0000] {logging_mixin.py:120} INFO - ❌ Failed 1979-08: Unable to open file (file signature not found)
[2025-10-20T10:17:40.057+0000] {logging_mixin.py:120} INFO - Downloaded: temp_sm1979_09.nc
[2025-10-20T10:17:40.058+0000] {logging_mixin.py:120} INFO - ❌ Failed 1979-09: Unable to open file (file signature not found)
[2025-10-20T10:17:40.469+0000] {logging_mixin.py:120} INFO - Downloaded: temp_sm1979_10.nc
[2025-10-20T10:17:40.470+0000] {logging_mixin.py:120} INFO - ❌ Failed 1979-10: Unable to open file (file signature not found)
[2025-10-20T10:17:40.864+0000] {logging_mixin.py:120} INFO - Downloaded: temp_sm1979_11.nc
[2025-10-20T10:17:40.866+0000] {logging_mixin.py:120} INFO - ❌ Failed 1979-11: Unable to open file (file signature not found)
[2025-10-20T10:17:41.259+0000] {logging_mixin.py:120} INFO - Downloaded: temp_sm1979_12.nc
[2025-10-20T10:17:41.261+0000] {logging_mixin.py:120} INFO - ❌ Failed 1979-12: Unable to open file (file signature not found)
[2025-10-20T10:17:41.262+0000] {logging_mixin.py:120} INFO - Ethiopia TIFF data saved in folder: ethiopia_flexible_download
[2025-10-20T10:17:41.263+0000] {python.py:177} INFO - Done. Returned value was: None
[2025-10-20T10:17:41.274+0000] {taskinstance.py:1406} INFO - Marking task as SUCCESS. dag_id=ethiopia_flexible_download, task_id=download_ethiopia_data, execution_date=20251020T101710, start_date=20251020T101736, end_date=20251020T101741
[2025-10-20T10:17:41.318+0000] {local_task_job.py:164} INFO - Task exited with return code 0
[2025-10-20T10:17:41.337+0000] {local_task_job.py:273} INFO - 0 downstream tasks scheduled from follow-on schedule check
