[2025-10-27T10:42:10.274+0000] {taskinstance.py:1165} INFO - Dependencies all met for <TaskInstance: ethiopia_flexible_download.download_ethiopia_data manual__2025-10-27T16:11:56+05:30 [queued]>
[2025-10-27T10:42:10.287+0000] {taskinstance.py:1165} INFO - Dependencies all met for <TaskInstance: ethiopia_flexible_download.download_ethiopia_data manual__2025-10-27T16:11:56+05:30 [queued]>
[2025-10-27T10:42:10.288+0000] {taskinstance.py:1362} INFO - 
--------------------------------------------------------------------------------
[2025-10-27T10:42:10.289+0000] {taskinstance.py:1363} INFO - Starting attempt 1 of 2
[2025-10-27T10:42:10.289+0000] {taskinstance.py:1364} INFO - 
--------------------------------------------------------------------------------
[2025-10-27T10:42:10.306+0000] {taskinstance.py:1383} INFO - Executing <Task(PythonOperator): download_ethiopia_data> on 2025-10-27 10:41:56+00:00
[2025-10-27T10:42:10.318+0000] {standard_task_runner.py:55} INFO - Started process 492 to run task
[2025-10-27T10:42:10.323+0000] {standard_task_runner.py:82} INFO - Running: ['***', 'tasks', 'run', 'ethiopia_flexible_download', 'download_ethiopia_data', 'manual__2025-10-27T16:11:56+05:30', '--job-id', '43', '--raw', '--subdir', 'DAGS_FOLDER/ethiopia_flexible_download.py', '--cfg-path', '/tmp/tmp9kpl_eem']
[2025-10-27T10:42:10.331+0000] {standard_task_runner.py:83} INFO - Job 43: Subtask download_ethiopia_data
[2025-10-27T10:42:10.441+0000] {task_command.py:376} INFO - Running <TaskInstance: ethiopia_flexible_download.download_ethiopia_data manual__2025-10-27T16:11:56+05:30 [running]> on host 59f6860d49c1
[2025-10-27T10:42:10.544+0000] {taskinstance.py:1592} INFO - Exporting the following env vars:
AIRFLOW_CTX_DAG_OWNER=ethiopia_project
AIRFLOW_CTX_DAG_ID=ethiopia_flexible_download
AIRFLOW_CTX_TASK_ID=download_ethiopia_data
AIRFLOW_CTX_EXECUTION_DATE=2025-10-27T10:41:56+00:00
AIRFLOW_CTX_TRY_NUMBER=1
AIRFLOW_CTX_DAG_RUN_ID=manual__2025-10-27T16:11:56+05:30
[2025-10-27T10:42:10.549+0000] {logging_mixin.py:120} INFO - Processing 2024-09
[2025-10-27T10:42:12.906+0000] {logging_mixin.py:120} INFO - Downloaded: temp_sm2024_09.nc
[2025-10-27T10:42:14.201+0000] {logging_mixin.py:120} INFO - Clipped to TIFF: ethiopia_sm2024_09.tiff
[2025-10-27T10:42:14.203+0000] {logging_mixin.py:120} INFO - ✅ Completed: 2024-09
[2025-10-27T10:42:14.204+0000] {logging_mixin.py:120} INFO - Ethiopia TIFF data saved in folder: ethiopia_flexible_download
[2025-10-27T10:42:14.204+0000] {python.py:177} INFO - Done. Returned value was: None
[2025-10-27T10:42:14.214+0000] {taskinstance.py:1406} INFO - Marking task as SUCCESS. dag_id=ethiopia_flexible_download, task_id=download_ethiopia_data, execution_date=20251027T104156, start_date=20251027T104210, end_date=20251027T104214
[2025-10-27T10:42:14.271+0000] {local_task_job.py:164} INFO - Task exited with return code 0
[2025-10-27T10:42:14.292+0000] {local_task_job.py:273} INFO - 0 downstream tasks scheduled from follow-on schedule check
