[2025-10-20T10:10:32.832+0000] {taskinstance.py:1165} INFO - Dependencies all met for <TaskInstance: ethiopia_flexible_download.download_ethiopia_data manual__2025-10-20T15:40:13+05:30 [queued]>
[2025-10-20T10:10:32.841+0000] {taskinstance.py:1165} INFO - Dependencies all met for <TaskInstance: ethiopia_flexible_download.download_ethiopia_data manual__2025-10-20T15:40:13+05:30 [queued]>
[2025-10-20T10:10:32.842+0000] {taskinstance.py:1362} INFO - 
--------------------------------------------------------------------------------
[2025-10-20T10:10:32.842+0000] {taskinstance.py:1363} INFO - Starting attempt 1 of 2
[2025-10-20T10:10:32.843+0000] {taskinstance.py:1364} INFO - 
--------------------------------------------------------------------------------
[2025-10-20T10:10:32.861+0000] {taskinstance.py:1383} INFO - Executing <Task(PythonOperator): download_ethiopia_data> on 2025-10-20 10:10:13+00:00
[2025-10-20T10:10:32.870+0000] {standard_task_runner.py:55} INFO - Started process 1030 to run task
[2025-10-20T10:10:32.876+0000] {standard_task_runner.py:82} INFO - Running: ['***', 'tasks', 'run', 'ethiopia_flexible_download', 'download_ethiopia_data', 'manual__2025-10-20T15:40:13+05:30', '--job-id', '26', '--raw', '--subdir', 'DAGS_FOLDER/ethiopia_flexible_download.py', '--cfg-path', '/tmp/tmpc8k4s2sa']
[2025-10-20T10:10:32.881+0000] {standard_task_runner.py:83} INFO - Job 26: Subtask download_ethiopia_data
[2025-10-20T10:10:32.999+0000] {task_command.py:376} INFO - Running <TaskInstance: ethiopia_flexible_download.download_ethiopia_data manual__2025-10-20T15:40:13+05:30 [running]> on host da48842a6a56
[2025-10-20T10:10:33.100+0000] {taskinstance.py:1592} INFO - Exporting the following env vars:
AIRFLOW_CTX_DAG_OWNER=ethiopia_project
AIRFLOW_CTX_DAG_ID=ethiopia_flexible_download
AIRFLOW_CTX_TASK_ID=download_ethiopia_data
AIRFLOW_CTX_EXECUTION_DATE=2025-10-20T10:10:13+00:00
AIRFLOW_CTX_TRY_NUMBER=1
AIRFLOW_CTX_DAG_RUN_ID=manual__2025-10-20T15:40:13+05:30
[2025-10-20T10:10:33.104+0000] {logging_mixin.py:120} INFO - Processing all months for 2005
[2025-10-20T10:10:36.858+0000] {logging_mixin.py:120} INFO - Downloaded: temp_sm2005_01.nc
[2025-10-20T10:10:38.208+0000] {logging_mixin.py:120} INFO - Clipped to TIFF: ethiopia_sm2005_01.tiff
[2025-10-20T10:10:38.209+0000] {logging_mixin.py:120} INFO - ✅ Completed: 2005-01
[2025-10-20T10:10:41.952+0000] {logging_mixin.py:120} INFO - Downloaded: temp_sm2005_02.nc
[2025-10-20T10:10:42.091+0000] {logging_mixin.py:120} INFO - Clipped to TIFF: ethiopia_sm2005_02.tiff
[2025-10-20T10:10:42.092+0000] {logging_mixin.py:120} INFO - ✅ Completed: 2005-02
[2025-10-20T10:10:46.430+0000] {logging_mixin.py:120} INFO - Downloaded: temp_sm2005_03.nc
[2025-10-20T10:10:46.560+0000] {logging_mixin.py:120} INFO - Clipped to TIFF: ethiopia_sm2005_03.tiff
[2025-10-20T10:10:46.561+0000] {logging_mixin.py:120} INFO - ✅ Completed: 2005-03
[2025-10-20T10:10:50.683+0000] {logging_mixin.py:120} INFO - Downloaded: temp_sm2005_04.nc
[2025-10-20T10:10:50.816+0000] {logging_mixin.py:120} INFO - Clipped to TIFF: ethiopia_sm2005_04.tiff
[2025-10-20T10:10:50.817+0000] {logging_mixin.py:120} INFO - ✅ Completed: 2005-04
[2025-10-20T10:10:54.982+0000] {logging_mixin.py:120} INFO - Downloaded: temp_sm2005_05.nc
[2025-10-20T10:10:55.097+0000] {logging_mixin.py:120} INFO - Clipped to TIFF: ethiopia_sm2005_05.tiff
[2025-10-20T10:10:55.098+0000] {logging_mixin.py:120} INFO - ✅ Completed: 2005-05
[2025-10-20T10:10:58.374+0000] {logging_mixin.py:120} INFO - Downloaded: temp_sm2005_06.nc
[2025-10-20T10:10:58.478+0000] {logging_mixin.py:120} INFO - Clipped to TIFF: ethiopia_sm2005_06.tiff
[2025-10-20T10:10:58.479+0000] {logging_mixin.py:120} INFO - ✅ Completed: 2005-06
[2025-10-20T10:11:02.044+0000] {logging_mixin.py:120} INFO - Downloaded: temp_sm2005_07.nc
[2025-10-20T10:11:02.164+0000] {logging_mixin.py:120} INFO - Clipped to TIFF: ethiopia_sm2005_07.tiff
[2025-10-20T10:11:02.165+0000] {logging_mixin.py:120} INFO - ✅ Completed: 2005-07
[2025-10-20T10:11:05.359+0000] {logging_mixin.py:120} INFO - Downloaded: temp_sm2005_08.nc
[2025-10-20T10:11:05.479+0000] {logging_mixin.py:120} INFO - Clipped to TIFF: ethiopia_sm2005_08.tiff
[2025-10-20T10:11:05.481+0000] {logging_mixin.py:120} INFO - ✅ Completed: 2005-08
[2025-10-20T10:11:08.900+0000] {logging_mixin.py:120} INFO - Downloaded: temp_sm2005_09.nc
[2025-10-20T10:11:09.013+0000] {logging_mixin.py:120} INFO - Clipped to TIFF: ethiopia_sm2005_09.tiff
[2025-10-20T10:11:09.016+0000] {logging_mixin.py:120} INFO - ✅ Completed: 2005-09
[2025-10-20T10:11:12.735+0000] {logging_mixin.py:120} INFO - Downloaded: temp_sm2005_10.nc
[2025-10-20T10:11:12.850+0000] {logging_mixin.py:120} INFO - Clipped to TIFF: ethiopia_sm2005_10.tiff
[2025-10-20T10:11:12.852+0000] {logging_mixin.py:120} INFO - ✅ Completed: 2005-10
[2025-10-20T10:11:16.701+0000] {logging_mixin.py:120} INFO - Downloaded: temp_sm2005_11.nc
[2025-10-20T10:11:16.817+0000] {logging_mixin.py:120} INFO - Clipped to TIFF: ethiopia_sm2005_11.tiff
[2025-10-20T10:11:16.818+0000] {logging_mixin.py:120} INFO - ✅ Completed: 2005-11
[2025-10-20T10:11:21.169+0000] {logging_mixin.py:120} INFO - Downloaded: temp_sm2005_12.nc
[2025-10-20T10:11:21.313+0000] {logging_mixin.py:120} INFO - Clipped to TIFF: ethiopia_sm2005_12.tiff
[2025-10-20T10:11:21.314+0000] {logging_mixin.py:120} INFO - ✅ Completed: 2005-12
[2025-10-20T10:11:21.314+0000] {logging_mixin.py:120} INFO - Ethiopia TIFF data saved in folder: ethiopia_flexible_download
[2025-10-20T10:11:21.315+0000] {python.py:177} INFO - Done. Returned value was: None
[2025-10-20T10:11:21.328+0000] {taskinstance.py:1406} INFO - Marking task as SUCCESS. dag_id=ethiopia_flexible_download, task_id=download_ethiopia_data, execution_date=20251020T101013, start_date=20251020T101032, end_date=20251020T101121
[2025-10-20T10:11:21.377+0000] {local_task_job.py:164} INFO - Task exited with return code 0
[2025-10-20T10:11:21.397+0000] {local_task_job.py:273} INFO - 0 downstream tasks scheduled from follow-on schedule check
