[2025-10-27T12:03:13.534+0000] {taskinstance.py:1165} INFO - Dependencies all met for <TaskInstance: ethiopia_flexible_download.download_ethiopia_data manual__2025-10-27T17:32:57+05:30 [queued]>
[2025-10-27T12:03:13.542+0000] {taskinstance.py:1165} INFO - Dependencies all met for <TaskInstance: ethiopia_flexible_download.download_ethiopia_data manual__2025-10-27T17:32:57+05:30 [queued]>
[2025-10-27T12:03:13.542+0000] {taskinstance.py:1362} INFO - 
--------------------------------------------------------------------------------
[2025-10-27T12:03:13.543+0000] {taskinstance.py:1363} INFO - Starting attempt 1 of 2
[2025-10-27T12:03:13.543+0000] {taskinstance.py:1364} INFO - 
--------------------------------------------------------------------------------
[2025-10-27T12:03:13.557+0000] {taskinstance.py:1383} INFO - Executing <Task(PythonOperator): download_ethiopia_data> on 2025-10-27 12:02:57+00:00
[2025-10-27T12:03:13.564+0000] {standard_task_runner.py:55} INFO - Started process 150 to run task
[2025-10-27T12:03:13.568+0000] {standard_task_runner.py:82} INFO - Running: ['***', 'tasks', 'run', 'ethiopia_flexible_download', 'download_ethiopia_data', 'manual__2025-10-27T17:32:57+05:30', '--job-id', '51', '--raw', '--subdir', 'DAGS_FOLDER/ethiopia_flexible_download.py', '--cfg-path', '/tmp/tmpsui_fbbj']
[2025-10-27T12:03:13.571+0000] {standard_task_runner.py:83} INFO - Job 51: Subtask download_ethiopia_data
[2025-10-27T12:03:13.659+0000] {task_command.py:376} INFO - Running <TaskInstance: ethiopia_flexible_download.download_ethiopia_data manual__2025-10-27T17:32:57+05:30 [running]> on host c3b853c365e8
[2025-10-27T12:03:13.737+0000] {taskinstance.py:1592} INFO - Exporting the following env vars:
AIRFLOW_CTX_DAG_OWNER=ethiopia_project
AIRFLOW_CTX_DAG_ID=ethiopia_flexible_download
AIRFLOW_CTX_TASK_ID=download_ethiopia_data
AIRFLOW_CTX_EXECUTION_DATE=2025-10-27T12:02:57+00:00
AIRFLOW_CTX_TRY_NUMBER=1
AIRFLOW_CTX_DAG_RUN_ID=manual__2025-10-27T17:32:57+05:30
[2025-10-27T12:03:13.741+0000] {logging_mixin.py:120} INFO - Processing all months for 2024
[2025-10-27T12:03:17.661+0000] {logging_mixin.py:120} INFO - Downloaded: temp_sm2024_01.nc
[2025-10-27T12:03:20.681+0000] {logging_mixin.py:120} INFO - Clipped to TIFF: ethiopia_sm2024_01.tiff
[2025-10-27T12:03:20.682+0000] {logging_mixin.py:120} INFO - ✅ Completed: 2024-01
[2025-10-27T12:03:23.493+0000] {logging_mixin.py:120} INFO - Downloaded: temp_sm2024_02.nc
[2025-10-27T12:03:23.594+0000] {logging_mixin.py:120} INFO - Clipped to TIFF: ethiopia_sm2024_02.tiff
[2025-10-27T12:03:23.596+0000] {logging_mixin.py:120} INFO - ✅ Completed: 2024-02
[2025-10-27T12:03:28.072+0000] {logging_mixin.py:120} INFO - Downloaded: temp_sm2024_03.nc
[2025-10-27T12:03:28.185+0000] {logging_mixin.py:120} INFO - Clipped to TIFF: ethiopia_sm2024_03.tiff
[2025-10-27T12:03:28.187+0000] {logging_mixin.py:120} INFO - ✅ Completed: 2024-03
[2025-10-27T12:03:32.454+0000] {logging_mixin.py:120} INFO - Downloaded: temp_sm2024_04.nc
[2025-10-27T12:03:32.586+0000] {logging_mixin.py:120} INFO - Clipped to TIFF: ethiopia_sm2024_04.tiff
[2025-10-27T12:03:32.588+0000] {logging_mixin.py:120} INFO - ✅ Completed: 2024-04
[2025-10-27T12:03:36.786+0000] {logging_mixin.py:120} INFO - Downloaded: temp_sm2024_05.nc
[2025-10-27T12:03:36.907+0000] {logging_mixin.py:120} INFO - Clipped to TIFF: ethiopia_sm2024_05.tiff
[2025-10-27T12:03:36.908+0000] {logging_mixin.py:120} INFO - ✅ Completed: 2024-05
[2025-10-27T12:03:41.597+0000] {logging_mixin.py:120} INFO - Downloaded: temp_sm2024_06.nc
[2025-10-27T12:03:41.737+0000] {logging_mixin.py:120} INFO - Clipped to TIFF: ethiopia_sm2024_06.tiff
[2025-10-27T12:03:41.739+0000] {logging_mixin.py:120} INFO - ✅ Completed: 2024-06
[2025-10-27T12:03:45.129+0000] {logging_mixin.py:120} INFO - Downloaded: temp_sm2024_07.nc
[2025-10-27T12:03:45.247+0000] {logging_mixin.py:120} INFO - Clipped to TIFF: ethiopia_sm2024_07.tiff
[2025-10-27T12:03:45.249+0000] {logging_mixin.py:120} INFO - ✅ Completed: 2024-07
[2025-10-27T12:03:48.412+0000] {logging_mixin.py:120} INFO - Downloaded: temp_sm2024_08.nc
[2025-10-27T12:03:48.526+0000] {logging_mixin.py:120} INFO - Clipped to TIFF: ethiopia_sm2024_08.tiff
[2025-10-27T12:03:48.527+0000] {logging_mixin.py:120} INFO - ✅ Completed: 2024-08
[2025-10-27T12:03:53.117+0000] {logging_mixin.py:120} INFO - Downloaded: temp_sm2024_09.nc
[2025-10-27T12:03:53.233+0000] {logging_mixin.py:120} INFO - Clipped to TIFF: ethiopia_sm2024_09.tiff
[2025-10-27T12:03:53.235+0000] {logging_mixin.py:120} INFO - ✅ Completed: 2024-09
[2025-10-27T12:03:57.769+0000] {logging_mixin.py:120} INFO - Downloaded: temp_sm2024_10.nc
[2025-10-27T12:03:57.877+0000] {logging_mixin.py:120} INFO - Clipped to TIFF: ethiopia_sm2024_10.tiff
[2025-10-27T12:03:57.879+0000] {logging_mixin.py:120} INFO - ✅ Completed: 2024-10
[2025-10-27T12:04:00.320+0000] {logging_mixin.py:120} INFO - Downloaded: temp_sm2024_11.nc
[2025-10-27T12:04:00.427+0000] {logging_mixin.py:120} INFO - Clipped to TIFF: ethiopia_sm2024_11.tiff
[2025-10-27T12:04:00.429+0000] {logging_mixin.py:120} INFO - ✅ Completed: 2024-11
[2025-10-27T12:04:04.507+0000] {logging_mixin.py:120} INFO - Downloaded: temp_sm2024_12.nc
[2025-10-27T12:04:04.612+0000] {logging_mixin.py:120} INFO - Clipped to TIFF: ethiopia_sm2024_12.tiff
[2025-10-27T12:04:04.613+0000] {logging_mixin.py:120} INFO - ✅ Completed: 2024-12
[2025-10-27T12:04:04.613+0000] {logging_mixin.py:120} INFO - Ethiopia TIFF data saved in folder: ethiopia_flexible_download
[2025-10-27T12:04:04.614+0000] {python.py:177} INFO - Done. Returned value was: None
[2025-10-27T12:04:04.625+0000] {taskinstance.py:1406} INFO - Marking task as SUCCESS. dag_id=ethiopia_flexible_download, task_id=download_ethiopia_data, execution_date=20251027T120257, start_date=20251027T120313, end_date=20251027T120404
[2025-10-27T12:04:04.657+0000] {local_task_job.py:164} INFO - Task exited with return code 0
[2025-10-27T12:04:04.677+0000] {local_task_job.py:273} INFO - 0 downstream tasks scheduled from follow-on schedule check
