[2025-10-27T10:40:05.823+0000] {taskinstance.py:1165} INFO - Dependencies all met for <TaskInstance: ethiopia_flexible_download.download_ethiopia_data manual__2025-10-27T16:10:00+05:30 [queued]>
[2025-10-27T10:40:05.839+0000] {taskinstance.py:1165} INFO - Dependencies all met for <TaskInstance: ethiopia_flexible_download.download_ethiopia_data manual__2025-10-27T16:10:00+05:30 [queued]>
[2025-10-27T10:40:05.840+0000] {taskinstance.py:1362} INFO - 
--------------------------------------------------------------------------------
[2025-10-27T10:40:05.842+0000] {taskinstance.py:1363} INFO - Starting attempt 1 of 2
[2025-10-27T10:40:05.842+0000] {taskinstance.py:1364} INFO - 
--------------------------------------------------------------------------------
[2025-10-27T10:40:05.862+0000] {taskinstance.py:1383} INFO - Executing <Task(PythonOperator): download_ethiopia_data> on 2025-10-27 10:40:00+00:00
[2025-10-27T10:40:05.873+0000] {standard_task_runner.py:55} INFO - Started process 399 to run task
[2025-10-27T10:40:05.879+0000] {standard_task_runner.py:82} INFO - Running: ['***', 'tasks', 'run', 'ethiopia_flexible_download', 'download_ethiopia_data', 'manual__2025-10-27T16:10:00+05:30', '--job-id', '42', '--raw', '--subdir', 'DAGS_FOLDER/ethiopia_flexible_download.py', '--cfg-path', '/tmp/tmpwicko8p8']
[2025-10-27T10:40:05.882+0000] {standard_task_runner.py:83} INFO - Job 42: Subtask download_ethiopia_data
[2025-10-27T10:40:05.982+0000] {task_command.py:376} INFO - Running <TaskInstance: ethiopia_flexible_download.download_ethiopia_data manual__2025-10-27T16:10:00+05:30 [running]> on host 59f6860d49c1
[2025-10-27T10:40:06.065+0000] {taskinstance.py:1592} INFO - Exporting the following env vars:
AIRFLOW_CTX_DAG_OWNER=ethiopia_project
AIRFLOW_CTX_DAG_ID=ethiopia_flexible_download
AIRFLOW_CTX_TASK_ID=download_ethiopia_data
AIRFLOW_CTX_EXECUTION_DATE=2025-10-27T10:40:00+00:00
AIRFLOW_CTX_TRY_NUMBER=1
AIRFLOW_CTX_DAG_RUN_ID=manual__2025-10-27T16:10:00+05:30
[2025-10-27T10:40:06.068+0000] {logging_mixin.py:120} INFO - Processing all months for 2024
[2025-10-27T10:40:10.526+0000] {logging_mixin.py:120} INFO - Downloaded: temp_sm2024_01.nc
[2025-10-27T10:40:11.811+0000] {logging_mixin.py:120} INFO - Clipped to TIFF: ethiopia_sm2024_01.tiff
[2025-10-27T10:40:11.813+0000] {logging_mixin.py:120} INFO - ✅ Completed: 2024-01
[2025-10-27T10:40:16.278+0000] {logging_mixin.py:120} INFO - Downloaded: temp_sm2024_02.nc
[2025-10-27T10:40:16.415+0000] {logging_mixin.py:120} INFO - Clipped to TIFF: ethiopia_sm2024_02.tiff
[2025-10-27T10:40:16.417+0000] {logging_mixin.py:120} INFO - ✅ Completed: 2024-02
[2025-10-27T10:40:21.069+0000] {logging_mixin.py:120} INFO - Downloaded: temp_sm2024_03.nc
[2025-10-27T10:40:21.236+0000] {logging_mixin.py:120} INFO - Clipped to TIFF: ethiopia_sm2024_03.tiff
[2025-10-27T10:40:21.238+0000] {logging_mixin.py:120} INFO - ✅ Completed: 2024-03
[2025-10-27T10:40:25.558+0000] {logging_mixin.py:120} INFO - Downloaded: temp_sm2024_04.nc
[2025-10-27T10:40:25.680+0000] {logging_mixin.py:120} INFO - Clipped to TIFF: ethiopia_sm2024_04.tiff
[2025-10-27T10:40:25.683+0000] {logging_mixin.py:120} INFO - ✅ Completed: 2024-04
[2025-10-27T10:40:28.119+0000] {logging_mixin.py:120} INFO - Downloaded: temp_sm2024_05.nc
[2025-10-27T10:40:28.287+0000] {logging_mixin.py:120} INFO - Clipped to TIFF: ethiopia_sm2024_05.tiff
[2025-10-27T10:40:28.289+0000] {logging_mixin.py:120} INFO - ✅ Completed: 2024-05
[2025-10-27T10:40:32.603+0000] {logging_mixin.py:120} INFO - Downloaded: temp_sm2024_06.nc
[2025-10-27T10:40:32.736+0000] {logging_mixin.py:120} INFO - Clipped to TIFF: ethiopia_sm2024_06.tiff
[2025-10-27T10:40:32.738+0000] {logging_mixin.py:120} INFO - ✅ Completed: 2024-06
[2025-10-27T10:40:35.933+0000] {logging_mixin.py:120} INFO - Downloaded: temp_sm2024_07.nc
[2025-10-27T10:40:36.172+0000] {logging_mixin.py:120} INFO - Clipped to TIFF: ethiopia_sm2024_07.tiff
[2025-10-27T10:40:36.173+0000] {logging_mixin.py:120} INFO - ✅ Completed: 2024-07
[2025-10-27T10:40:41.439+0000] {logging_mixin.py:120} INFO - Downloaded: temp_sm2024_08.nc
[2025-10-27T10:40:41.630+0000] {logging_mixin.py:120} INFO - Clipped to TIFF: ethiopia_sm2024_08.tiff
[2025-10-27T10:40:41.631+0000] {logging_mixin.py:120} INFO - ✅ Completed: 2024-08
[2025-10-27T10:40:45.903+0000] {logging_mixin.py:120} INFO - Downloaded: temp_sm2024_09.nc
[2025-10-27T10:40:46.028+0000] {logging_mixin.py:120} INFO - Clipped to TIFF: ethiopia_sm2024_09.tiff
[2025-10-27T10:40:46.029+0000] {logging_mixin.py:120} INFO - ✅ Completed: 2024-09
[2025-10-27T10:40:49.709+0000] {logging_mixin.py:120} INFO - Downloaded: temp_sm2024_10.nc
[2025-10-27T10:40:49.836+0000] {logging_mixin.py:120} INFO - Clipped to TIFF: ethiopia_sm2024_10.tiff
[2025-10-27T10:40:49.837+0000] {logging_mixin.py:120} INFO - ✅ Completed: 2024-10
[2025-10-27T10:40:53.877+0000] {logging_mixin.py:120} INFO - Downloaded: temp_sm2024_11.nc
[2025-10-27T10:40:54.026+0000] {logging_mixin.py:120} INFO - Clipped to TIFF: ethiopia_sm2024_11.tiff
[2025-10-27T10:40:54.029+0000] {logging_mixin.py:120} INFO - ✅ Completed: 2024-11
[2025-10-27T10:40:56.416+0000] {logging_mixin.py:120} INFO - Downloaded: temp_sm2024_12.nc
[2025-10-27T10:40:56.526+0000] {logging_mixin.py:120} INFO - Clipped to TIFF: ethiopia_sm2024_12.tiff
[2025-10-27T10:40:56.528+0000] {logging_mixin.py:120} INFO - ✅ Completed: 2024-12
[2025-10-27T10:40:56.528+0000] {logging_mixin.py:120} INFO - Ethiopia TIFF data saved in folder: ethiopia_flexible_download
[2025-10-27T10:40:56.528+0000] {python.py:177} INFO - Done. Returned value was: None
[2025-10-27T10:40:56.540+0000] {taskinstance.py:1406} INFO - Marking task as SUCCESS. dag_id=ethiopia_flexible_download, task_id=download_ethiopia_data, execution_date=20251027T104000, start_date=20251027T104005, end_date=20251027T104056
[2025-10-27T10:40:56.597+0000] {local_task_job.py:164} INFO - Task exited with return code 0
[2025-10-27T10:40:56.617+0000] {local_task_job.py:273} INFO - 0 downstream tasks scheduled from follow-on schedule check
