[2025-10-20T10:08:25.999+0000] {taskinstance.py:1165} INFO - Dependencies all met for <TaskInstance: ethiopia_flexible_download.download_ethiopia_data manual__2025-10-20T15:38:01+05:30 [queued]>
[2025-10-20T10:08:26.009+0000] {taskinstance.py:1165} INFO - Dependencies all met for <TaskInstance: ethiopia_flexible_download.download_ethiopia_data manual__2025-10-20T15:38:01+05:30 [queued]>
[2025-10-20T10:08:26.010+0000] {taskinstance.py:1362} INFO - 
--------------------------------------------------------------------------------
[2025-10-20T10:08:26.010+0000] {taskinstance.py:1363} INFO - Starting attempt 1 of 2
[2025-10-20T10:08:26.011+0000] {taskinstance.py:1364} INFO - 
--------------------------------------------------------------------------------
[2025-10-20T10:08:26.028+0000] {taskinstance.py:1383} INFO - Executing <Task(PythonOperator): download_ethiopia_data> on 2025-10-20 10:08:01+00:00
[2025-10-20T10:08:26.036+0000] {standard_task_runner.py:55} INFO - Started process 921 to run task
[2025-10-20T10:08:26.042+0000] {standard_task_runner.py:82} INFO - Running: ['***', 'tasks', 'run', 'ethiopia_flexible_download', 'download_ethiopia_data', 'manual__2025-10-20T15:38:01+05:30', '--job-id', '23', '--raw', '--subdir', 'DAGS_FOLDER/ethiopia_flexible_download.py', '--cfg-path', '/tmp/tmpvsdnmeu9']
[2025-10-20T10:08:26.045+0000] {standard_task_runner.py:83} INFO - Job 23: Subtask download_ethiopia_data
[2025-10-20T10:08:26.144+0000] {task_command.py:376} INFO - Running <TaskInstance: ethiopia_flexible_download.download_ethiopia_data manual__2025-10-20T15:38:01+05:30 [running]> on host da48842a6a56
[2025-10-20T10:08:26.222+0000] {taskinstance.py:1592} INFO - Exporting the following env vars:
AIRFLOW_CTX_DAG_OWNER=ethiopia_project
AIRFLOW_CTX_DAG_ID=ethiopia_flexible_download
AIRFLOW_CTX_TASK_ID=download_ethiopia_data
AIRFLOW_CTX_EXECUTION_DATE=2025-10-20T10:08:01+00:00
AIRFLOW_CTX_TRY_NUMBER=1
AIRFLOW_CTX_DAG_RUN_ID=manual__2025-10-20T15:38:01+05:30
[2025-10-20T10:08:26.226+0000] {logging_mixin.py:120} INFO - Processing 2001-05
[2025-10-20T10:08:30.260+0000] {logging_mixin.py:120} INFO - Downloaded: temp_sm2001_05.nc
[2025-10-20T10:08:31.755+0000] {logging_mixin.py:120} INFO - Clipped to TIFF: ethiopia_sm2001_05.tiff
[2025-10-20T10:08:31.759+0000] {logging_mixin.py:120} INFO - ✅ Completed: 2001-05
[2025-10-20T10:08:31.760+0000] {logging_mixin.py:120} INFO - Ethiopia TIFF data saved in folder: ethiopia_flexible_download
[2025-10-20T10:08:31.760+0000] {python.py:177} INFO - Done. Returned value was: None
[2025-10-20T10:08:31.770+0000] {taskinstance.py:1406} INFO - Marking task as SUCCESS. dag_id=ethiopia_flexible_download, task_id=download_ethiopia_data, execution_date=20251020T100801, start_date=20251020T100826, end_date=20251020T100831
[2025-10-20T10:08:31.807+0000] {local_task_job.py:164} INFO - Task exited with return code 0
[2025-10-20T10:08:31.827+0000] {local_task_job.py:273} INFO - 0 downstream tasks scheduled from follow-on schedule check
