[2025-10-29T06:33:43.219+0000] {taskinstance.py:1165} INFO - Dependencies all met for <TaskInstance: ethiopia_flexible_download.download_ethiopia_data manual__2025-10-29T12:03:34+05:30 [queued]>
[2025-10-29T06:33:43.230+0000] {taskinstance.py:1165} INFO - Dependencies all met for <TaskInstance: ethiopia_flexible_download.download_ethiopia_data manual__2025-10-29T12:03:34+05:30 [queued]>
[2025-10-29T06:33:43.231+0000] {taskinstance.py:1362} INFO - 
--------------------------------------------------------------------------------
[2025-10-29T06:33:43.231+0000] {taskinstance.py:1363} INFO - Starting attempt 1 of 2
[2025-10-29T06:33:43.232+0000] {taskinstance.py:1364} INFO - 
--------------------------------------------------------------------------------
[2025-10-29T06:33:43.246+0000] {taskinstance.py:1383} INFO - Executing <Task(PythonOperator): download_ethiopia_data> on 2025-10-29 06:33:34+00:00
[2025-10-29T06:33:43.254+0000] {standard_task_runner.py:55} INFO - Started process 144 to run task
[2025-10-29T06:33:43.258+0000] {standard_task_runner.py:82} INFO - Running: ['***', 'tasks', 'run', 'ethiopia_flexible_download', 'download_ethiopia_data', 'manual__2025-10-29T12:03:34+05:30', '--job-id', '56', '--raw', '--subdir', 'DAGS_FOLDER/ethiopia_flexible_download.py', '--cfg-path', '/tmp/tmpmrp_kwrc']
[2025-10-29T06:33:43.261+0000] {standard_task_runner.py:83} INFO - Job 56: Subtask download_ethiopia_data
[2025-10-29T06:33:43.359+0000] {task_command.py:376} INFO - Running <TaskInstance: ethiopia_flexible_download.download_ethiopia_data manual__2025-10-29T12:03:34+05:30 [running]> on host c3b853c365e8
[2025-10-29T06:33:43.450+0000] {taskinstance.py:1592} INFO - Exporting the following env vars:
AIRFLOW_CTX_DAG_OWNER=ethiopia_project
AIRFLOW_CTX_DAG_ID=ethiopia_flexible_download
AIRFLOW_CTX_TASK_ID=download_ethiopia_data
AIRFLOW_CTX_EXECUTION_DATE=2025-10-29T06:33:34+00:00
AIRFLOW_CTX_TRY_NUMBER=1
AIRFLOW_CTX_DAG_RUN_ID=manual__2025-10-29T12:03:34+05:30
[2025-10-29T06:33:43.453+0000] {logging_mixin.py:120} INFO - Processing 2024-06
[2025-10-29T06:33:47.781+0000] {logging_mixin.py:120} INFO - Downloaded: temp_sm2024_06.nc
[2025-10-29T06:33:49.267+0000] {logging_mixin.py:120} INFO - Clipped to TIFF: ethiopia_sm2024_06.tiff
[2025-10-29T06:33:49.269+0000] {logging_mixin.py:120} INFO - ✅ Completed: 2024-06
[2025-10-29T06:33:49.269+0000] {logging_mixin.py:120} INFO - Ethiopia TIFF data saved in folder: ethiopia_flexible_download
[2025-10-29T06:33:49.270+0000] {python.py:177} INFO - Done. Returned value was: None
[2025-10-29T06:33:49.290+0000] {taskinstance.py:1406} INFO - Marking task as SUCCESS. dag_id=ethiopia_flexible_download, task_id=download_ethiopia_data, execution_date=20251029T063334, start_date=20251029T063343, end_date=20251029T063349
[2025-10-29T06:33:49.340+0000] {local_task_job.py:164} INFO - Task exited with return code 0
[2025-10-29T06:33:49.360+0000] {local_task_job.py:273} INFO - 0 downstream tasks scheduled from follow-on schedule check
