[2025-10-29T06:33:34.127+0000] {taskinstance.py:1165} INFO - Dependencies all met for <TaskInstance: ethiopia_flexible_download.download_ethiopia_data manual__2025-10-29T06:33:31.107541+00:00 [queued]>
[2025-10-29T06:33:34.141+0000] {taskinstance.py:1165} INFO - Dependencies all met for <TaskInstance: ethiopia_flexible_download.download_ethiopia_data manual__2025-10-29T06:33:31.107541+00:00 [queued]>
[2025-10-29T06:33:34.142+0000] {taskinstance.py:1362} INFO - 
--------------------------------------------------------------------------------
[2025-10-29T06:33:34.143+0000] {taskinstance.py:1363} INFO - Starting attempt 1 of 2
[2025-10-29T06:33:34.143+0000] {taskinstance.py:1364} INFO - 
--------------------------------------------------------------------------------
[2025-10-29T06:33:34.164+0000] {taskinstance.py:1383} INFO - Executing <Task(PythonOperator): download_ethiopia_data> on 2025-10-29 06:33:31.107541+00:00
[2025-10-29T06:33:34.187+0000] {standard_task_runner.py:55} INFO - Started process 132 to run task
[2025-10-29T06:33:34.192+0000] {standard_task_runner.py:82} INFO - Running: ['***', 'tasks', 'run', 'ethiopia_flexible_download', 'download_ethiopia_data', 'manual__2025-10-29T06:33:31.107541+00:00', '--job-id', '55', '--raw', '--subdir', 'DAGS_FOLDER/ethiopia_flexible_download.py', '--cfg-path', '/tmp/tmp7mzu9xjv']
[2025-10-29T06:33:34.200+0000] {standard_task_runner.py:83} INFO - Job 55: Subtask download_ethiopia_data
[2025-10-29T06:33:34.422+0000] {task_command.py:376} INFO - Running <TaskInstance: ethiopia_flexible_download.download_ethiopia_data manual__2025-10-29T06:33:31.107541+00:00 [running]> on host c3b853c365e8
[2025-10-29T06:33:34.644+0000] {taskinstance.py:1592} INFO - Exporting the following env vars:
AIRFLOW_CTX_DAG_OWNER=ethiopia_project
AIRFLOW_CTX_DAG_ID=ethiopia_flexible_download
AIRFLOW_CTX_TASK_ID=download_ethiopia_data
AIRFLOW_CTX_EXECUTION_DATE=2025-10-29T06:33:31.107541+00:00
AIRFLOW_CTX_TRY_NUMBER=1
AIRFLOW_CTX_DAG_RUN_ID=manual__2025-10-29T06:33:31.107541+00:00
[2025-10-29T06:33:34.649+0000] {logging_mixin.py:120} INFO - Processing all months for 2024
[2025-10-29T06:33:39.014+0000] {logging_mixin.py:120} INFO - Downloaded: temp_sm2024_01.nc
[2025-10-29T06:33:40.638+0000] {logging_mixin.py:120} INFO - Clipped to TIFF: ethiopia_sm2024_01.tiff
[2025-10-29T06:33:40.640+0000] {logging_mixin.py:120} INFO - ✅ Completed: 2024-01
[2025-10-29T06:33:44.843+0000] {logging_mixin.py:120} INFO - Downloaded: temp_sm2024_02.nc
[2025-10-29T06:33:44.994+0000] {logging_mixin.py:120} INFO - Clipped to TIFF: ethiopia_sm2024_02.tiff
[2025-10-29T06:33:44.997+0000] {logging_mixin.py:120} INFO - ✅ Completed: 2024-02
[2025-10-29T06:33:47.795+0000] {logging_mixin.py:120} INFO - Downloaded: temp_sm2024_03.nc
[2025-10-29T06:33:47.935+0000] {logging_mixin.py:120} INFO - Clipped to TIFF: ethiopia_sm2024_03.tiff
[2025-10-29T06:33:47.936+0000] {logging_mixin.py:120} INFO - ✅ Completed: 2024-03
[2025-10-29T06:33:49.722+0000] {logging_mixin.py:120} INFO - Downloaded: temp_sm2024_04.nc
[2025-10-29T06:33:49.869+0000] {logging_mixin.py:120} INFO - Clipped to TIFF: ethiopia_sm2024_04.tiff
[2025-10-29T06:33:49.870+0000] {logging_mixin.py:120} INFO - ✅ Completed: 2024-04
[2025-10-29T06:33:54.135+0000] {logging_mixin.py:120} INFO - Downloaded: temp_sm2024_05.nc
[2025-10-29T06:33:54.292+0000] {logging_mixin.py:120} INFO - Clipped to TIFF: ethiopia_sm2024_05.tiff
[2025-10-29T06:33:54.294+0000] {logging_mixin.py:120} INFO - ✅ Completed: 2024-05
[2025-10-29T06:33:56.527+0000] {logging_mixin.py:120} INFO - Downloaded: temp_sm2024_06.nc
[2025-10-29T06:33:56.651+0000] {logging_mixin.py:120} INFO - Clipped to TIFF: ethiopia_sm2024_06.tiff
[2025-10-29T06:33:56.652+0000] {logging_mixin.py:120} INFO - ✅ Completed: 2024-06
[2025-10-29T06:34:01.604+0000] {logging_mixin.py:120} INFO - Downloaded: temp_sm2024_07.nc
[2025-10-29T06:34:01.814+0000] {logging_mixin.py:120} INFO - Clipped to TIFF: ethiopia_sm2024_07.tiff
[2025-10-29T06:34:01.815+0000] {logging_mixin.py:120} INFO - ✅ Completed: 2024-07
[2025-10-29T06:34:04.609+0000] {logging_mixin.py:120} INFO - Downloaded: temp_sm2024_08.nc
[2025-10-29T06:34:04.827+0000] {logging_mixin.py:120} INFO - Clipped to TIFF: ethiopia_sm2024_08.tiff
[2025-10-29T06:34:04.831+0000] {logging_mixin.py:120} INFO - ✅ Completed: 2024-08
[2025-10-29T06:34:09.159+0000] {logging_mixin.py:120} INFO - Downloaded: temp_sm2024_09.nc
[2025-10-29T06:34:09.309+0000] {logging_mixin.py:120} INFO - Clipped to TIFF: ethiopia_sm2024_09.tiff
[2025-10-29T06:34:09.311+0000] {logging_mixin.py:120} INFO - ✅ Completed: 2024-09
[2025-10-29T06:34:12.917+0000] {logging_mixin.py:120} INFO - Downloaded: temp_sm2024_10.nc
[2025-10-29T06:34:13.033+0000] {logging_mixin.py:120} INFO - Clipped to TIFF: ethiopia_sm2024_10.tiff
[2025-10-29T06:34:13.034+0000] {logging_mixin.py:120} INFO - ✅ Completed: 2024-10
[2025-10-29T06:34:17.212+0000] {logging_mixin.py:120} INFO - Downloaded: temp_sm2024_11.nc
[2025-10-29T06:34:17.349+0000] {logging_mixin.py:120} INFO - Clipped to TIFF: ethiopia_sm2024_11.tiff
[2025-10-29T06:34:17.350+0000] {logging_mixin.py:120} INFO - ✅ Completed: 2024-11
[2025-10-29T06:34:20.052+0000] {logging_mixin.py:120} INFO - Downloaded: temp_sm2024_12.nc
[2025-10-29T06:34:20.331+0000] {logging_mixin.py:120} INFO - Clipped to TIFF: ethiopia_sm2024_12.tiff
[2025-10-29T06:34:20.334+0000] {logging_mixin.py:120} INFO - ✅ Completed: 2024-12
[2025-10-29T06:34:20.341+0000] {logging_mixin.py:120} INFO - Ethiopia TIFF data saved in folder: ethiopia_flexible_download
[2025-10-29T06:34:20.345+0000] {python.py:177} INFO - Done. Returned value was: None
[2025-10-29T06:34:20.389+0000] {taskinstance.py:1406} INFO - Marking task as SUCCESS. dag_id=ethiopia_flexible_download, task_id=download_ethiopia_data, execution_date=20251029T063331, start_date=20251029T063334, end_date=20251029T063420
[2025-10-29T06:34:20.517+0000] {local_task_job.py:164} INFO - Task exited with return code 0
[2025-10-29T06:34:20.547+0000] {local_task_job.py:273} INFO - 0 downstream tasks scheduled from follow-on schedule check
