[2025-10-20T06:47:19.957+0000] {processor.py:154} INFO - Started process (PID=56) to work on /home/airflow/.local/lib/python3.7/site-packages/airflow/example_dags/example_latest_only_with_trigger.py
[2025-10-20T06:47:19.958+0000] {processor.py:756} INFO - Processing file /home/airflow/.local/lib/python3.7/site-packages/airflow/example_dags/example_latest_only_with_trigger.py for tasks to queue
[2025-10-20T06:47:19.960+0000] {logging_mixin.py:120} INFO - [2025-10-20T06:47:19.960+0000] {dagbag.py:537} INFO - Filling up the DagBag from /home/airflow/.local/lib/python3.7/site-packages/airflow/example_dags/example_latest_only_with_trigger.py
[2025-10-20T06:47:19.986+0000] {processor.py:766} INFO - DAG(s) dict_keys(['latest_only_with_trigger']) retrieved from /home/airflow/.local/lib/python3.7/site-packages/airflow/example_dags/example_latest_only_with_trigger.py
[2025-10-20T06:47:20.174+0000] {logging_mixin.py:120} INFO - [2025-10-20T06:47:20.174+0000] {manager.py:507} INFO - Created Permission View: can edit on DAG:latest_only_with_trigger
[2025-10-20T06:47:20.189+0000] {logging_mixin.py:120} INFO - [2025-10-20T06:47:20.189+0000] {manager.py:507} INFO - Created Permission View: can read on DAG:latest_only_with_trigger
[2025-10-20T06:47:20.206+0000] {logging_mixin.py:120} INFO - [2025-10-20T06:47:20.205+0000] {manager.py:507} INFO - Created Permission View: can delete on DAG:latest_only_with_trigger
[2025-10-20T06:47:20.206+0000] {logging_mixin.py:120} INFO - [2025-10-20T06:47:20.206+0000] {dag.py:2585} INFO - Sync 1 DAGs
[2025-10-20T06:47:20.223+0000] {logging_mixin.py:120} INFO - [2025-10-20T06:47:20.223+0000] {dag.py:2606} INFO - Creating ORM DAG for latest_only_with_trigger
[2025-10-20T06:47:20.239+0000] {logging_mixin.py:120} INFO - [2025-10-20T06:47:20.239+0000] {dag.py:3340} INFO - Setting next_dagrun for latest_only_with_trigger to 2025-10-20T02:47:20.239042+00:00, run_after=2025-10-20T06:47:20.239042+00:00
[2025-10-20T06:47:20.267+0000] {processor.py:176} INFO - Processing /home/airflow/.local/lib/python3.7/site-packages/airflow/example_dags/example_latest_only_with_trigger.py took 0.315 seconds
[2025-10-20T06:47:51.288+0000] {processor.py:154} INFO - Started process (PID=117) to work on /home/airflow/.local/lib/python3.7/site-packages/airflow/example_dags/example_latest_only_with_trigger.py
[2025-10-20T06:47:51.289+0000] {processor.py:756} INFO - Processing file /home/airflow/.local/lib/python3.7/site-packages/airflow/example_dags/example_latest_only_with_trigger.py for tasks to queue
[2025-10-20T06:47:51.290+0000] {logging_mixin.py:120} INFO - [2025-10-20T06:47:51.290+0000] {dagbag.py:537} INFO - Filling up the DagBag from /home/airflow/.local/lib/python3.7/site-packages/airflow/example_dags/example_latest_only_with_trigger.py
[2025-10-20T06:47:51.310+0000] {processor.py:766} INFO - DAG(s) dict_keys(['latest_only_with_trigger']) retrieved from /home/airflow/.local/lib/python3.7/site-packages/airflow/example_dags/example_latest_only_with_trigger.py
[2025-10-20T06:47:51.344+0000] {logging_mixin.py:120} INFO - [2025-10-20T06:47:51.344+0000] {dag.py:2585} INFO - Sync 1 DAGs
[2025-10-20T06:47:51.382+0000] {logging_mixin.py:120} INFO - [2025-10-20T06:47:51.382+0000] {dag.py:3340} INFO - Setting next_dagrun for latest_only_with_trigger to 2025-10-20T02:47:51.382012+00:00, run_after=2025-10-20T06:47:51.382012+00:00
[2025-10-20T06:47:51.407+0000] {processor.py:176} INFO - Processing /home/airflow/.local/lib/python3.7/site-packages/airflow/example_dags/example_latest_only_with_trigger.py took 0.123 seconds
[2025-10-20T06:48:22.008+0000] {processor.py:154} INFO - Started process (PID=174) to work on /home/airflow/.local/lib/python3.7/site-packages/airflow/example_dags/example_latest_only_with_trigger.py
[2025-10-20T06:48:22.009+0000] {processor.py:756} INFO - Processing file /home/airflow/.local/lib/python3.7/site-packages/airflow/example_dags/example_latest_only_with_trigger.py for tasks to queue
[2025-10-20T06:48:22.010+0000] {logging_mixin.py:120} INFO - [2025-10-20T06:48:22.010+0000] {dagbag.py:537} INFO - Filling up the DagBag from /home/airflow/.local/lib/python3.7/site-packages/airflow/example_dags/example_latest_only_with_trigger.py
[2025-10-20T06:48:22.026+0000] {processor.py:766} INFO - DAG(s) dict_keys(['latest_only_with_trigger']) retrieved from /home/airflow/.local/lib/python3.7/site-packages/airflow/example_dags/example_latest_only_with_trigger.py
[2025-10-20T06:48:22.066+0000] {logging_mixin.py:120} INFO - [2025-10-20T06:48:22.066+0000] {dag.py:2585} INFO - Sync 1 DAGs
[2025-10-20T06:48:22.089+0000] {logging_mixin.py:120} INFO - [2025-10-20T06:48:22.089+0000] {dag.py:3340} INFO - Setting next_dagrun for latest_only_with_trigger to 2025-10-20T02:48:22.089088+00:00, run_after=2025-10-20T06:48:22.089088+00:00
[2025-10-20T06:48:22.109+0000] {processor.py:176} INFO - Processing /home/airflow/.local/lib/python3.7/site-packages/airflow/example_dags/example_latest_only_with_trigger.py took 0.104 seconds
[2025-10-20T06:48:52.230+0000] {processor.py:154} INFO - Started process (PID=237) to work on /home/airflow/.local/lib/python3.7/site-packages/airflow/example_dags/example_latest_only_with_trigger.py
[2025-10-20T06:48:52.232+0000] {processor.py:756} INFO - Processing file /home/airflow/.local/lib/python3.7/site-packages/airflow/example_dags/example_latest_only_with_trigger.py for tasks to queue
[2025-10-20T06:48:52.233+0000] {logging_mixin.py:120} INFO - [2025-10-20T06:48:52.233+0000] {dagbag.py:537} INFO - Filling up the DagBag from /home/airflow/.local/lib/python3.7/site-packages/airflow/example_dags/example_latest_only_with_trigger.py
[2025-10-20T06:48:52.249+0000] {processor.py:766} INFO - DAG(s) dict_keys(['latest_only_with_trigger']) retrieved from /home/airflow/.local/lib/python3.7/site-packages/airflow/example_dags/example_latest_only_with_trigger.py
[2025-10-20T06:48:52.301+0000] {logging_mixin.py:120} INFO - [2025-10-20T06:48:52.301+0000] {dag.py:2585} INFO - Sync 1 DAGs
[2025-10-20T06:48:52.327+0000] {logging_mixin.py:120} INFO - [2025-10-20T06:48:52.327+0000] {dag.py:3340} INFO - Setting next_dagrun for latest_only_with_trigger to 2025-10-20T02:48:52.327091+00:00, run_after=2025-10-20T06:48:52.327091+00:00
[2025-10-20T06:48:52.351+0000] {processor.py:176} INFO - Processing /home/airflow/.local/lib/python3.7/site-packages/airflow/example_dags/example_latest_only_with_trigger.py took 0.124 seconds
[2025-10-20T06:49:22.504+0000] {processor.py:154} INFO - Started process (PID=300) to work on /home/airflow/.local/lib/python3.7/site-packages/airflow/example_dags/example_latest_only_with_trigger.py
[2025-10-20T06:49:22.505+0000] {processor.py:756} INFO - Processing file /home/airflow/.local/lib/python3.7/site-packages/airflow/example_dags/example_latest_only_with_trigger.py for tasks to queue
[2025-10-20T06:49:22.506+0000] {logging_mixin.py:120} INFO - [2025-10-20T06:49:22.506+0000] {dagbag.py:537} INFO - Filling up the DagBag from /home/airflow/.local/lib/python3.7/site-packages/airflow/example_dags/example_latest_only_with_trigger.py
[2025-10-20T06:49:22.522+0000] {processor.py:766} INFO - DAG(s) dict_keys(['latest_only_with_trigger']) retrieved from /home/airflow/.local/lib/python3.7/site-packages/airflow/example_dags/example_latest_only_with_trigger.py
[2025-10-20T06:49:22.575+0000] {logging_mixin.py:120} INFO - [2025-10-20T06:49:22.574+0000] {dag.py:2585} INFO - Sync 1 DAGs
[2025-10-20T06:49:22.604+0000] {logging_mixin.py:120} INFO - [2025-10-20T06:49:22.604+0000] {dag.py:3340} INFO - Setting next_dagrun for latest_only_with_trigger to 2025-10-20T02:49:22.604014+00:00, run_after=2025-10-20T06:49:22.604014+00:00
[2025-10-20T06:49:22.631+0000] {processor.py:176} INFO - Processing /home/airflow/.local/lib/python3.7/site-packages/airflow/example_dags/example_latest_only_with_trigger.py took 0.131 seconds
[2025-10-20T06:49:52.839+0000] {processor.py:154} INFO - Started process (PID=354) to work on /home/airflow/.local/lib/python3.7/site-packages/airflow/example_dags/example_latest_only_with_trigger.py
[2025-10-20T06:49:52.840+0000] {processor.py:756} INFO - Processing file /home/airflow/.local/lib/python3.7/site-packages/airflow/example_dags/example_latest_only_with_trigger.py for tasks to queue
[2025-10-20T06:49:52.841+0000] {logging_mixin.py:120} INFO - [2025-10-20T06:49:52.841+0000] {dagbag.py:537} INFO - Filling up the DagBag from /home/airflow/.local/lib/python3.7/site-packages/airflow/example_dags/example_latest_only_with_trigger.py
[2025-10-20T06:49:52.857+0000] {processor.py:766} INFO - DAG(s) dict_keys(['latest_only_with_trigger']) retrieved from /home/airflow/.local/lib/python3.7/site-packages/airflow/example_dags/example_latest_only_with_trigger.py
[2025-10-20T06:49:52.901+0000] {logging_mixin.py:120} INFO - [2025-10-20T06:49:52.901+0000] {dag.py:2585} INFO - Sync 1 DAGs
[2025-10-20T06:49:52.927+0000] {logging_mixin.py:120} INFO - [2025-10-20T06:49:52.927+0000] {dag.py:3340} INFO - Setting next_dagrun for latest_only_with_trigger to 2025-10-20T02:49:52.927603+00:00, run_after=2025-10-20T06:49:52.927603+00:00
[2025-10-20T06:49:52.951+0000] {processor.py:176} INFO - Processing /home/airflow/.local/lib/python3.7/site-packages/airflow/example_dags/example_latest_only_with_trigger.py took 0.116 seconds
[2025-10-20T06:50:23.174+0000] {processor.py:154} INFO - Started process (PID=422) to work on /home/airflow/.local/lib/python3.7/site-packages/airflow/example_dags/example_latest_only_with_trigger.py
[2025-10-20T06:50:23.175+0000] {processor.py:756} INFO - Processing file /home/airflow/.local/lib/python3.7/site-packages/airflow/example_dags/example_latest_only_with_trigger.py for tasks to queue
[2025-10-20T06:50:23.176+0000] {logging_mixin.py:120} INFO - [2025-10-20T06:50:23.176+0000] {dagbag.py:537} INFO - Filling up the DagBag from /home/airflow/.local/lib/python3.7/site-packages/airflow/example_dags/example_latest_only_with_trigger.py
[2025-10-20T06:50:23.194+0000] {processor.py:766} INFO - DAG(s) dict_keys(['latest_only_with_trigger']) retrieved from /home/airflow/.local/lib/python3.7/site-packages/airflow/example_dags/example_latest_only_with_trigger.py
[2025-10-20T06:50:23.256+0000] {logging_mixin.py:120} INFO - [2025-10-20T06:50:23.255+0000] {dag.py:2585} INFO - Sync 1 DAGs
[2025-10-20T06:50:23.286+0000] {logging_mixin.py:120} INFO - [2025-10-20T06:50:23.286+0000] {dag.py:3340} INFO - Setting next_dagrun for latest_only_with_trigger to 2025-10-20T02:50:23.285795+00:00, run_after=2025-10-20T06:50:23.285795+00:00
[2025-10-20T06:50:23.310+0000] {processor.py:176} INFO - Processing /home/airflow/.local/lib/python3.7/site-packages/airflow/example_dags/example_latest_only_with_trigger.py took 0.140 seconds
[2025-10-20T06:50:53.408+0000] {processor.py:154} INFO - Started process (PID=494) to work on /home/airflow/.local/lib/python3.7/site-packages/airflow/example_dags/example_latest_only_with_trigger.py
[2025-10-20T06:50:53.410+0000] {processor.py:756} INFO - Processing file /home/airflow/.local/lib/python3.7/site-packages/airflow/example_dags/example_latest_only_with_trigger.py for tasks to queue
[2025-10-20T06:50:53.412+0000] {logging_mixin.py:120} INFO - [2025-10-20T06:50:53.411+0000] {dagbag.py:537} INFO - Filling up the DagBag from /home/airflow/.local/lib/python3.7/site-packages/airflow/example_dags/example_latest_only_with_trigger.py
[2025-10-20T06:50:53.430+0000] {processor.py:766} INFO - DAG(s) dict_keys(['latest_only_with_trigger']) retrieved from /home/airflow/.local/lib/python3.7/site-packages/airflow/example_dags/example_latest_only_with_trigger.py
[2025-10-20T06:50:53.478+0000] {logging_mixin.py:120} INFO - [2025-10-20T06:50:53.478+0000] {dag.py:2585} INFO - Sync 1 DAGs
[2025-10-20T06:50:53.508+0000] {logging_mixin.py:120} INFO - [2025-10-20T06:50:53.508+0000] {dag.py:3340} INFO - Setting next_dagrun for latest_only_with_trigger to 2025-10-20T02:50:53.507928+00:00, run_after=2025-10-20T06:50:53.507928+00:00
[2025-10-20T06:50:53.536+0000] {processor.py:176} INFO - Processing /home/airflow/.local/lib/python3.7/site-packages/airflow/example_dags/example_latest_only_with_trigger.py took 0.132 seconds
[2025-10-20T06:51:10.190+0000] {processor.py:154} INFO - Started process (PID=58) to work on /home/airflow/.local/lib/python3.7/site-packages/airflow/example_dags/example_latest_only_with_trigger.py
[2025-10-20T06:51:10.193+0000] {processor.py:756} INFO - Processing file /home/airflow/.local/lib/python3.7/site-packages/airflow/example_dags/example_latest_only_with_trigger.py for tasks to queue
[2025-10-20T06:51:10.202+0000] {logging_mixin.py:120} INFO - [2025-10-20T06:51:10.202+0000] {dagbag.py:537} INFO - Filling up the DagBag from /home/airflow/.local/lib/python3.7/site-packages/airflow/example_dags/example_latest_only_with_trigger.py
[2025-10-20T06:51:10.244+0000] {processor.py:766} INFO - DAG(s) dict_keys(['latest_only_with_trigger']) retrieved from /home/airflow/.local/lib/python3.7/site-packages/airflow/example_dags/example_latest_only_with_trigger.py
[2025-10-20T06:51:10.296+0000] {logging_mixin.py:120} INFO - [2025-10-20T06:51:10.296+0000] {dag.py:2585} INFO - Sync 1 DAGs
[2025-10-20T06:51:10.374+0000] {logging_mixin.py:120} INFO - [2025-10-20T06:51:10.373+0000] {dag.py:3340} INFO - Setting next_dagrun for latest_only_with_trigger to 2025-10-20T02:51:10.371219+00:00, run_after=2025-10-20T06:51:10.371219+00:00
[2025-10-20T06:51:10.433+0000] {processor.py:176} INFO - Processing /home/airflow/.local/lib/python3.7/site-packages/airflow/example_dags/example_latest_only_with_trigger.py took 0.252 seconds
[2025-10-20T06:51:41.227+0000] {processor.py:154} INFO - Started process (PID=113) to work on /home/airflow/.local/lib/python3.7/site-packages/airflow/example_dags/example_latest_only_with_trigger.py
[2025-10-20T06:51:41.228+0000] {processor.py:756} INFO - Processing file /home/airflow/.local/lib/python3.7/site-packages/airflow/example_dags/example_latest_only_with_trigger.py for tasks to queue
[2025-10-20T06:51:41.229+0000] {logging_mixin.py:120} INFO - [2025-10-20T06:51:41.229+0000] {dagbag.py:537} INFO - Filling up the DagBag from /home/airflow/.local/lib/python3.7/site-packages/airflow/example_dags/example_latest_only_with_trigger.py
[2025-10-20T06:51:41.245+0000] {processor.py:766} INFO - DAG(s) dict_keys(['latest_only_with_trigger']) retrieved from /home/airflow/.local/lib/python3.7/site-packages/airflow/example_dags/example_latest_only_with_trigger.py
[2025-10-20T06:51:41.287+0000] {logging_mixin.py:120} INFO - [2025-10-20T06:51:41.287+0000] {dag.py:2585} INFO - Sync 1 DAGs
[2025-10-20T06:51:41.317+0000] {logging_mixin.py:120} INFO - [2025-10-20T06:51:41.317+0000] {dag.py:3340} INFO - Setting next_dagrun for latest_only_with_trigger to 2025-10-20T02:51:41.317027+00:00, run_after=2025-10-20T06:51:41.317027+00:00
[2025-10-20T06:51:41.359+0000] {processor.py:176} INFO - Processing /home/airflow/.local/lib/python3.7/site-packages/airflow/example_dags/example_latest_only_with_trigger.py took 0.136 seconds
