[2025-10-20T06:47:24.611+0000] {processor.py:154} INFO - Started process (PID=71) to work on /home/airflow/.local/lib/python3.7/site-packages/airflow/example_dags/example_branch_day_of_week_operator.py
[2025-10-20T06:47:24.613+0000] {processor.py:756} INFO - Processing file /home/airflow/.local/lib/python3.7/site-packages/airflow/example_dags/example_branch_day_of_week_operator.py for tasks to queue
[2025-10-20T06:47:24.615+0000] {logging_mixin.py:120} INFO - [2025-10-20T06:47:24.615+0000] {dagbag.py:537} INFO - Filling up the DagBag from /home/airflow/.local/lib/python3.7/site-packages/airflow/example_dags/example_branch_day_of_week_operator.py
[2025-10-20T06:47:24.649+0000] {processor.py:766} INFO - DAG(s) dict_keys(['example_weekday_branch_operator']) retrieved from /home/airflow/.local/lib/python3.7/site-packages/airflow/example_dags/example_branch_day_of_week_operator.py
[2025-10-20T06:47:24.848+0000] {logging_mixin.py:120} INFO - [2025-10-20T06:47:24.848+0000] {manager.py:507} INFO - Created Permission View: can edit on DAG:example_weekday_branch_operator
[2025-10-20T06:47:24.863+0000] {logging_mixin.py:120} INFO - [2025-10-20T06:47:24.863+0000] {manager.py:507} INFO - Created Permission View: can read on DAG:example_weekday_branch_operator
[2025-10-20T06:47:24.872+0000] {logging_mixin.py:120} INFO - [2025-10-20T06:47:24.871+0000] {manager.py:507} INFO - Created Permission View: can delete on DAG:example_weekday_branch_operator
[2025-10-20T06:47:24.872+0000] {logging_mixin.py:120} INFO - [2025-10-20T06:47:24.872+0000] {dag.py:2585} INFO - Sync 1 DAGs
[2025-10-20T06:47:24.885+0000] {logging_mixin.py:120} INFO - [2025-10-20T06:47:24.885+0000] {dag.py:2606} INFO - Creating ORM DAG for example_weekday_branch_operator
[2025-10-20T06:47:24.899+0000] {logging_mixin.py:120} INFO - [2025-10-20T06:47:24.898+0000] {dag.py:3340} INFO - Setting next_dagrun for example_weekday_branch_operator to 2025-10-19T00:00:00+00:00, run_after=2025-10-20T00:00:00+00:00
[2025-10-20T06:47:24.925+0000] {processor.py:176} INFO - Processing /home/airflow/.local/lib/python3.7/site-packages/airflow/example_dags/example_branch_day_of_week_operator.py took 0.319 seconds
[2025-10-20T06:47:55.638+0000] {processor.py:154} INFO - Started process (PID=134) to work on /home/airflow/.local/lib/python3.7/site-packages/airflow/example_dags/example_branch_day_of_week_operator.py
[2025-10-20T06:47:55.640+0000] {processor.py:756} INFO - Processing file /home/airflow/.local/lib/python3.7/site-packages/airflow/example_dags/example_branch_day_of_week_operator.py for tasks to queue
[2025-10-20T06:47:55.642+0000] {logging_mixin.py:120} INFO - [2025-10-20T06:47:55.642+0000] {dagbag.py:537} INFO - Filling up the DagBag from /home/airflow/.local/lib/python3.7/site-packages/airflow/example_dags/example_branch_day_of_week_operator.py
[2025-10-20T06:47:55.659+0000] {processor.py:766} INFO - DAG(s) dict_keys(['example_weekday_branch_operator']) retrieved from /home/airflow/.local/lib/python3.7/site-packages/airflow/example_dags/example_branch_day_of_week_operator.py
[2025-10-20T06:47:55.686+0000] {logging_mixin.py:120} INFO - [2025-10-20T06:47:55.686+0000] {dag.py:2585} INFO - Sync 1 DAGs
[2025-10-20T06:47:55.716+0000] {logging_mixin.py:120} INFO - [2025-10-20T06:47:55.716+0000] {dag.py:3340} INFO - Setting next_dagrun for example_weekday_branch_operator to 2025-10-19T00:00:00+00:00, run_after=2025-10-20T00:00:00+00:00
[2025-10-20T06:47:55.736+0000] {processor.py:176} INFO - Processing /home/airflow/.local/lib/python3.7/site-packages/airflow/example_dags/example_branch_day_of_week_operator.py took 0.102 seconds
[2025-10-20T06:48:26.462+0000] {processor.py:154} INFO - Started process (PID=198) to work on /home/airflow/.local/lib/python3.7/site-packages/airflow/example_dags/example_branch_day_of_week_operator.py
[2025-10-20T06:48:26.465+0000] {processor.py:756} INFO - Processing file /home/airflow/.local/lib/python3.7/site-packages/airflow/example_dags/example_branch_day_of_week_operator.py for tasks to queue
[2025-10-20T06:48:26.469+0000] {logging_mixin.py:120} INFO - [2025-10-20T06:48:26.468+0000] {dagbag.py:537} INFO - Filling up the DagBag from /home/airflow/.local/lib/python3.7/site-packages/airflow/example_dags/example_branch_day_of_week_operator.py
[2025-10-20T06:48:26.503+0000] {processor.py:766} INFO - DAG(s) dict_keys(['example_weekday_branch_operator']) retrieved from /home/airflow/.local/lib/python3.7/site-packages/airflow/example_dags/example_branch_day_of_week_operator.py
[2025-10-20T06:48:26.587+0000] {logging_mixin.py:120} INFO - [2025-10-20T06:48:26.587+0000] {dag.py:2585} INFO - Sync 1 DAGs
[2025-10-20T06:48:26.647+0000] {logging_mixin.py:120} INFO - [2025-10-20T06:48:26.647+0000] {dag.py:3340} INFO - Setting next_dagrun for example_weekday_branch_operator to 2025-10-19T00:00:00+00:00, run_after=2025-10-20T00:00:00+00:00
[2025-10-20T06:48:26.706+0000] {processor.py:176} INFO - Processing /home/airflow/.local/lib/python3.7/site-packages/airflow/example_dags/example_branch_day_of_week_operator.py took 0.248 seconds
[2025-10-20T06:48:57.323+0000] {processor.py:154} INFO - Started process (PID=252) to work on /home/airflow/.local/lib/python3.7/site-packages/airflow/example_dags/example_branch_day_of_week_operator.py
[2025-10-20T06:48:57.324+0000] {processor.py:756} INFO - Processing file /home/airflow/.local/lib/python3.7/site-packages/airflow/example_dags/example_branch_day_of_week_operator.py for tasks to queue
[2025-10-20T06:48:57.325+0000] {logging_mixin.py:120} INFO - [2025-10-20T06:48:57.325+0000] {dagbag.py:537} INFO - Filling up the DagBag from /home/airflow/.local/lib/python3.7/site-packages/airflow/example_dags/example_branch_day_of_week_operator.py
[2025-10-20T06:48:57.343+0000] {processor.py:766} INFO - DAG(s) dict_keys(['example_weekday_branch_operator']) retrieved from /home/airflow/.local/lib/python3.7/site-packages/airflow/example_dags/example_branch_day_of_week_operator.py
[2025-10-20T06:48:57.389+0000] {logging_mixin.py:120} INFO - [2025-10-20T06:48:57.389+0000] {dag.py:2585} INFO - Sync 1 DAGs
[2025-10-20T06:48:57.416+0000] {logging_mixin.py:120} INFO - [2025-10-20T06:48:57.416+0000] {dag.py:3340} INFO - Setting next_dagrun for example_weekday_branch_operator to 2025-10-19T00:00:00+00:00, run_after=2025-10-20T00:00:00+00:00
[2025-10-20T06:48:57.439+0000] {processor.py:176} INFO - Processing /home/airflow/.local/lib/python3.7/site-packages/airflow/example_dags/example_branch_day_of_week_operator.py took 0.120 seconds
[2025-10-20T06:49:27.896+0000] {processor.py:154} INFO - Started process (PID=315) to work on /home/airflow/.local/lib/python3.7/site-packages/airflow/example_dags/example_branch_day_of_week_operator.py
[2025-10-20T06:49:27.897+0000] {processor.py:756} INFO - Processing file /home/airflow/.local/lib/python3.7/site-packages/airflow/example_dags/example_branch_day_of_week_operator.py for tasks to queue
[2025-10-20T06:49:27.898+0000] {logging_mixin.py:120} INFO - [2025-10-20T06:49:27.898+0000] {dagbag.py:537} INFO - Filling up the DagBag from /home/airflow/.local/lib/python3.7/site-packages/airflow/example_dags/example_branch_day_of_week_operator.py
[2025-10-20T06:49:27.914+0000] {processor.py:766} INFO - DAG(s) dict_keys(['example_weekday_branch_operator']) retrieved from /home/airflow/.local/lib/python3.7/site-packages/airflow/example_dags/example_branch_day_of_week_operator.py
[2025-10-20T06:49:27.955+0000] {logging_mixin.py:120} INFO - [2025-10-20T06:49:27.955+0000] {dag.py:2585} INFO - Sync 1 DAGs
[2025-10-20T06:49:27.980+0000] {logging_mixin.py:120} INFO - [2025-10-20T06:49:27.980+0000] {dag.py:3340} INFO - Setting next_dagrun for example_weekday_branch_operator to 2025-10-19T00:00:00+00:00, run_after=2025-10-20T00:00:00+00:00
[2025-10-20T06:49:28.001+0000] {processor.py:176} INFO - Processing /home/airflow/.local/lib/python3.7/site-packages/airflow/example_dags/example_branch_day_of_week_operator.py took 0.110 seconds
[2025-10-20T06:49:58.129+0000] {processor.py:154} INFO - Started process (PID=378) to work on /home/airflow/.local/lib/python3.7/site-packages/airflow/example_dags/example_branch_day_of_week_operator.py
[2025-10-20T06:49:58.130+0000] {processor.py:756} INFO - Processing file /home/airflow/.local/lib/python3.7/site-packages/airflow/example_dags/example_branch_day_of_week_operator.py for tasks to queue
[2025-10-20T06:49:58.132+0000] {logging_mixin.py:120} INFO - [2025-10-20T06:49:58.131+0000] {dagbag.py:537} INFO - Filling up the DagBag from /home/airflow/.local/lib/python3.7/site-packages/airflow/example_dags/example_branch_day_of_week_operator.py
[2025-10-20T06:49:58.148+0000] {processor.py:766} INFO - DAG(s) dict_keys(['example_weekday_branch_operator']) retrieved from /home/airflow/.local/lib/python3.7/site-packages/airflow/example_dags/example_branch_day_of_week_operator.py
[2025-10-20T06:49:58.191+0000] {logging_mixin.py:120} INFO - [2025-10-20T06:49:58.191+0000] {dag.py:2585} INFO - Sync 1 DAGs
[2025-10-20T06:49:58.215+0000] {logging_mixin.py:120} INFO - [2025-10-20T06:49:58.215+0000] {dag.py:3340} INFO - Setting next_dagrun for example_weekday_branch_operator to 2025-10-19T00:00:00+00:00, run_after=2025-10-20T00:00:00+00:00
[2025-10-20T06:49:58.236+0000] {processor.py:176} INFO - Processing /home/airflow/.local/lib/python3.7/site-packages/airflow/example_dags/example_branch_day_of_week_operator.py took 0.111 seconds
[2025-10-20T06:50:28.708+0000] {processor.py:154} INFO - Started process (PID=446) to work on /home/airflow/.local/lib/python3.7/site-packages/airflow/example_dags/example_branch_day_of_week_operator.py
[2025-10-20T06:50:28.709+0000] {processor.py:756} INFO - Processing file /home/airflow/.local/lib/python3.7/site-packages/airflow/example_dags/example_branch_day_of_week_operator.py for tasks to queue
[2025-10-20T06:50:28.711+0000] {logging_mixin.py:120} INFO - [2025-10-20T06:50:28.710+0000] {dagbag.py:537} INFO - Filling up the DagBag from /home/airflow/.local/lib/python3.7/site-packages/airflow/example_dags/example_branch_day_of_week_operator.py
[2025-10-20T06:50:28.730+0000] {processor.py:766} INFO - DAG(s) dict_keys(['example_weekday_branch_operator']) retrieved from /home/airflow/.local/lib/python3.7/site-packages/airflow/example_dags/example_branch_day_of_week_operator.py
[2025-10-20T06:50:28.771+0000] {logging_mixin.py:120} INFO - [2025-10-20T06:50:28.771+0000] {dag.py:2585} INFO - Sync 1 DAGs
[2025-10-20T06:50:28.798+0000] {logging_mixin.py:120} INFO - [2025-10-20T06:50:28.798+0000] {dag.py:3340} INFO - Setting next_dagrun for example_weekday_branch_operator to 2025-10-19T00:00:00+00:00, run_after=2025-10-20T00:00:00+00:00
[2025-10-20T06:50:28.819+0000] {processor.py:176} INFO - Processing /home/airflow/.local/lib/python3.7/site-packages/airflow/example_dags/example_branch_day_of_week_operator.py took 0.114 seconds
[2025-10-20T06:51:13.304+0000] {processor.py:154} INFO - Started process (PID=73) to work on /home/airflow/.local/lib/python3.7/site-packages/airflow/example_dags/example_branch_day_of_week_operator.py
[2025-10-20T06:51:13.310+0000] {processor.py:756} INFO - Processing file /home/airflow/.local/lib/python3.7/site-packages/airflow/example_dags/example_branch_day_of_week_operator.py for tasks to queue
[2025-10-20T06:51:13.311+0000] {logging_mixin.py:120} INFO - [2025-10-20T06:51:13.311+0000] {dagbag.py:537} INFO - Filling up the DagBag from /home/airflow/.local/lib/python3.7/site-packages/airflow/example_dags/example_branch_day_of_week_operator.py
[2025-10-20T06:51:13.360+0000] {processor.py:766} INFO - DAG(s) dict_keys(['example_weekday_branch_operator']) retrieved from /home/airflow/.local/lib/python3.7/site-packages/airflow/example_dags/example_branch_day_of_week_operator.py
[2025-10-20T06:51:13.412+0000] {logging_mixin.py:120} INFO - [2025-10-20T06:51:13.411+0000] {dag.py:2585} INFO - Sync 1 DAGs
[2025-10-20T06:51:13.455+0000] {logging_mixin.py:120} INFO - [2025-10-20T06:51:13.455+0000] {dag.py:3340} INFO - Setting next_dagrun for example_weekday_branch_operator to 2025-10-19T00:00:00+00:00, run_after=2025-10-20T00:00:00+00:00
[2025-10-20T06:51:13.492+0000] {processor.py:176} INFO - Processing /home/airflow/.local/lib/python3.7/site-packages/airflow/example_dags/example_branch_day_of_week_operator.py took 0.195 seconds
[2025-10-20T06:51:44.266+0000] {processor.py:154} INFO - Started process (PID=137) to work on /home/airflow/.local/lib/python3.7/site-packages/airflow/example_dags/example_branch_day_of_week_operator.py
[2025-10-20T06:51:44.267+0000] {processor.py:756} INFO - Processing file /home/airflow/.local/lib/python3.7/site-packages/airflow/example_dags/example_branch_day_of_week_operator.py for tasks to queue
[2025-10-20T06:51:44.268+0000] {logging_mixin.py:120} INFO - [2025-10-20T06:51:44.268+0000] {dagbag.py:537} INFO - Filling up the DagBag from /home/airflow/.local/lib/python3.7/site-packages/airflow/example_dags/example_branch_day_of_week_operator.py
[2025-10-20T06:51:44.289+0000] {processor.py:766} INFO - DAG(s) dict_keys(['example_weekday_branch_operator']) retrieved from /home/airflow/.local/lib/python3.7/site-packages/airflow/example_dags/example_branch_day_of_week_operator.py
[2025-10-20T06:51:44.353+0000] {logging_mixin.py:120} INFO - [2025-10-20T06:51:44.352+0000] {dag.py:2585} INFO - Sync 1 DAGs
[2025-10-20T06:51:44.394+0000] {logging_mixin.py:120} INFO - [2025-10-20T06:51:44.393+0000] {dag.py:3340} INFO - Setting next_dagrun for example_weekday_branch_operator to 2025-10-19T00:00:00+00:00, run_after=2025-10-20T00:00:00+00:00
[2025-10-20T06:51:44.433+0000] {processor.py:176} INFO - Processing /home/airflow/.local/lib/python3.7/site-packages/airflow/example_dags/example_branch_day_of_week_operator.py took 0.172 seconds
