[2025-10-20T06:47:23.850+0000] {processor.py:154} INFO - Started process (PID=70) to work on /home/airflow/.local/lib/python3.7/site-packages/airflow/example_dags/example_branch_datetime_operator.py
[2025-10-20T06:47:23.864+0000] {processor.py:756} INFO - Processing file /home/airflow/.local/lib/python3.7/site-packages/airflow/example_dags/example_branch_datetime_operator.py for tasks to queue
[2025-10-20T06:47:23.911+0000] {logging_mixin.py:120} INFO - [2025-10-20T06:47:23.910+0000] {dagbag.py:537} INFO - Filling up the DagBag from /home/airflow/.local/lib/python3.7/site-packages/airflow/example_dags/example_branch_datetime_operator.py
[2025-10-20T06:47:23.953+0000] {processor.py:766} INFO - DAG(s) dict_keys(['example_branch_datetime_operator_2', 'example_branch_datetime_operator_3', 'example_branch_datetime_operator']) retrieved from /home/airflow/.local/lib/python3.7/site-packages/airflow/example_dags/example_branch_datetime_operator.py
[2025-10-20T06:47:24.323+0000] {logging_mixin.py:120} INFO - [2025-10-20T06:47:24.321+0000] {manager.py:507} INFO - Created Permission View: can edit on DAG:example_branch_datetime_operator_2
[2025-10-20T06:47:24.365+0000] {logging_mixin.py:120} INFO - [2025-10-20T06:47:24.365+0000] {manager.py:507} INFO - Created Permission View: can read on DAG:example_branch_datetime_operator_2
[2025-10-20T06:47:24.379+0000] {logging_mixin.py:120} INFO - [2025-10-20T06:47:24.379+0000] {manager.py:507} INFO - Created Permission View: can delete on DAG:example_branch_datetime_operator_2
[2025-10-20T06:47:24.419+0000] {logging_mixin.py:120} INFO - [2025-10-20T06:47:24.419+0000] {manager.py:507} INFO - Created Permission View: can edit on DAG:example_branch_datetime_operator_3
[2025-10-20T06:47:24.433+0000] {logging_mixin.py:120} INFO - [2025-10-20T06:47:24.433+0000] {manager.py:507} INFO - Created Permission View: can read on DAG:example_branch_datetime_operator_3
[2025-10-20T06:47:24.455+0000] {logging_mixin.py:120} INFO - [2025-10-20T06:47:24.455+0000] {manager.py:507} INFO - Created Permission View: can delete on DAG:example_branch_datetime_operator_3
[2025-10-20T06:47:24.486+0000] {logging_mixin.py:120} INFO - [2025-10-20T06:47:24.486+0000] {manager.py:507} INFO - Created Permission View: can edit on DAG:example_branch_datetime_operator
[2025-10-20T06:47:24.497+0000] {logging_mixin.py:120} INFO - [2025-10-20T06:47:24.496+0000] {manager.py:507} INFO - Created Permission View: can read on DAG:example_branch_datetime_operator
[2025-10-20T06:47:24.513+0000] {logging_mixin.py:120} INFO - [2025-10-20T06:47:24.512+0000] {manager.py:507} INFO - Created Permission View: can delete on DAG:example_branch_datetime_operator
[2025-10-20T06:47:24.513+0000] {logging_mixin.py:120} INFO - [2025-10-20T06:47:24.513+0000] {dag.py:2585} INFO - Sync 3 DAGs
[2025-10-20T06:47:24.538+0000] {logging_mixin.py:120} INFO - [2025-10-20T06:47:24.537+0000] {dag.py:2606} INFO - Creating ORM DAG for example_branch_datetime_operator_2
[2025-10-20T06:47:24.540+0000] {logging_mixin.py:120} INFO - [2025-10-20T06:47:24.540+0000] {dag.py:2606} INFO - Creating ORM DAG for example_branch_datetime_operator_3
[2025-10-20T06:47:24.545+0000] {logging_mixin.py:120} INFO - [2025-10-20T06:47:24.544+0000] {dag.py:2606} INFO - Creating ORM DAG for example_branch_datetime_operator
[2025-10-20T06:47:24.577+0000] {logging_mixin.py:120} INFO - [2025-10-20T06:47:24.576+0000] {dag.py:3340} INFO - Setting next_dagrun for example_branch_datetime_operator to 2025-10-19T00:00:00+00:00, run_after=2025-10-20T00:00:00+00:00
[2025-10-20T06:47:24.581+0000] {logging_mixin.py:120} INFO - [2025-10-20T06:47:24.580+0000] {dag.py:3340} INFO - Setting next_dagrun for example_branch_datetime_operator_2 to 2025-10-19T00:00:00+00:00, run_after=2025-10-20T00:00:00+00:00
[2025-10-20T06:47:24.584+0000] {logging_mixin.py:120} INFO - [2025-10-20T06:47:24.583+0000] {dag.py:3340} INFO - Setting next_dagrun for example_branch_datetime_operator_3 to 2025-10-19T00:00:00+00:00, run_after=2025-10-20T00:00:00+00:00
[2025-10-20T06:47:24.631+0000] {processor.py:176} INFO - Processing /home/airflow/.local/lib/python3.7/site-packages/airflow/example_dags/example_branch_datetime_operator.py took 0.786 seconds
[2025-10-20T06:47:55.492+0000] {processor.py:154} INFO - Started process (PID=133) to work on /home/airflow/.local/lib/python3.7/site-packages/airflow/example_dags/example_branch_datetime_operator.py
[2025-10-20T06:47:55.494+0000] {processor.py:756} INFO - Processing file /home/airflow/.local/lib/python3.7/site-packages/airflow/example_dags/example_branch_datetime_operator.py for tasks to queue
[2025-10-20T06:47:55.495+0000] {logging_mixin.py:120} INFO - [2025-10-20T06:47:55.494+0000] {dagbag.py:537} INFO - Filling up the DagBag from /home/airflow/.local/lib/python3.7/site-packages/airflow/example_dags/example_branch_datetime_operator.py
[2025-10-20T06:47:55.514+0000] {processor.py:766} INFO - DAG(s) dict_keys(['example_branch_datetime_operator', 'example_branch_datetime_operator_2', 'example_branch_datetime_operator_3']) retrieved from /home/airflow/.local/lib/python3.7/site-packages/airflow/example_dags/example_branch_datetime_operator.py
[2025-10-20T06:47:55.546+0000] {logging_mixin.py:120} INFO - [2025-10-20T06:47:55.546+0000] {dag.py:2585} INFO - Sync 3 DAGs
[2025-10-20T06:47:55.572+0000] {logging_mixin.py:120} INFO - [2025-10-20T06:47:55.572+0000] {dag.py:3340} INFO - Setting next_dagrun for example_branch_datetime_operator to 2025-10-19T00:00:00+00:00, run_after=2025-10-20T00:00:00+00:00
[2025-10-20T06:47:55.577+0000] {logging_mixin.py:120} INFO - [2025-10-20T06:47:55.577+0000] {dag.py:3340} INFO - Setting next_dagrun for example_branch_datetime_operator_2 to 2025-10-19T00:00:00+00:00, run_after=2025-10-20T00:00:00+00:00
[2025-10-20T06:47:55.580+0000] {logging_mixin.py:120} INFO - [2025-10-20T06:47:55.580+0000] {dag.py:3340} INFO - Setting next_dagrun for example_branch_datetime_operator_3 to 2025-10-19T00:00:00+00:00, run_after=2025-10-20T00:00:00+00:00
[2025-10-20T06:47:55.600+0000] {processor.py:176} INFO - Processing /home/airflow/.local/lib/python3.7/site-packages/airflow/example_dags/example_branch_datetime_operator.py took 0.111 seconds
[2025-10-20T06:48:25.996+0000] {processor.py:154} INFO - Started process (PID=197) to work on /home/airflow/.local/lib/python3.7/site-packages/airflow/example_dags/example_branch_datetime_operator.py
[2025-10-20T06:48:26.003+0000] {processor.py:756} INFO - Processing file /home/airflow/.local/lib/python3.7/site-packages/airflow/example_dags/example_branch_datetime_operator.py for tasks to queue
[2025-10-20T06:48:26.038+0000] {logging_mixin.py:120} INFO - [2025-10-20T06:48:26.038+0000] {dagbag.py:537} INFO - Filling up the DagBag from /home/airflow/.local/lib/python3.7/site-packages/airflow/example_dags/example_branch_datetime_operator.py
[2025-10-20T06:48:26.141+0000] {processor.py:766} INFO - DAG(s) dict_keys(['example_branch_datetime_operator', 'example_branch_datetime_operator_3', 'example_branch_datetime_operator_2']) retrieved from /home/airflow/.local/lib/python3.7/site-packages/airflow/example_dags/example_branch_datetime_operator.py
[2025-10-20T06:48:26.256+0000] {logging_mixin.py:120} INFO - [2025-10-20T06:48:26.256+0000] {dag.py:2585} INFO - Sync 3 DAGs
[2025-10-20T06:48:26.314+0000] {logging_mixin.py:120} INFO - [2025-10-20T06:48:26.313+0000] {dag.py:3340} INFO - Setting next_dagrun for example_branch_datetime_operator to 2025-10-19T00:00:00+00:00, run_after=2025-10-20T00:00:00+00:00
[2025-10-20T06:48:26.322+0000] {logging_mixin.py:120} INFO - [2025-10-20T06:48:26.322+0000] {dag.py:3340} INFO - Setting next_dagrun for example_branch_datetime_operator_2 to 2025-10-19T00:00:00+00:00, run_after=2025-10-20T00:00:00+00:00
[2025-10-20T06:48:26.331+0000] {logging_mixin.py:120} INFO - [2025-10-20T06:48:26.330+0000] {dag.py:3340} INFO - Setting next_dagrun for example_branch_datetime_operator_3 to 2025-10-19T00:00:00+00:00, run_after=2025-10-20T00:00:00+00:00
[2025-10-20T06:48:26.372+0000] {processor.py:176} INFO - Processing /home/airflow/.local/lib/python3.7/site-packages/airflow/example_dags/example_branch_datetime_operator.py took 0.382 seconds
[2025-10-20T06:48:57.155+0000] {processor.py:154} INFO - Started process (PID=251) to work on /home/airflow/.local/lib/python3.7/site-packages/airflow/example_dags/example_branch_datetime_operator.py
[2025-10-20T06:48:57.157+0000] {processor.py:756} INFO - Processing file /home/airflow/.local/lib/python3.7/site-packages/airflow/example_dags/example_branch_datetime_operator.py for tasks to queue
[2025-10-20T06:48:57.158+0000] {logging_mixin.py:120} INFO - [2025-10-20T06:48:57.158+0000] {dagbag.py:537} INFO - Filling up the DagBag from /home/airflow/.local/lib/python3.7/site-packages/airflow/example_dags/example_branch_datetime_operator.py
[2025-10-20T06:48:57.178+0000] {processor.py:766} INFO - DAG(s) dict_keys(['example_branch_datetime_operator', 'example_branch_datetime_operator_2', 'example_branch_datetime_operator_3']) retrieved from /home/airflow/.local/lib/python3.7/site-packages/airflow/example_dags/example_branch_datetime_operator.py
[2025-10-20T06:48:57.236+0000] {logging_mixin.py:120} INFO - [2025-10-20T06:48:57.235+0000] {dag.py:2585} INFO - Sync 3 DAGs
[2025-10-20T06:48:57.265+0000] {logging_mixin.py:120} INFO - [2025-10-20T06:48:57.265+0000] {dag.py:3340} INFO - Setting next_dagrun for example_branch_datetime_operator to 2025-10-19T00:00:00+00:00, run_after=2025-10-20T00:00:00+00:00
[2025-10-20T06:48:57.270+0000] {logging_mixin.py:120} INFO - [2025-10-20T06:48:57.270+0000] {dag.py:3340} INFO - Setting next_dagrun for example_branch_datetime_operator_2 to 2025-10-19T00:00:00+00:00, run_after=2025-10-20T00:00:00+00:00
[2025-10-20T06:48:57.273+0000] {logging_mixin.py:120} INFO - [2025-10-20T06:48:57.273+0000] {dag.py:3340} INFO - Setting next_dagrun for example_branch_datetime_operator_3 to 2025-10-19T00:00:00+00:00, run_after=2025-10-20T00:00:00+00:00
[2025-10-20T06:48:57.294+0000] {processor.py:176} INFO - Processing /home/airflow/.local/lib/python3.7/site-packages/airflow/example_dags/example_branch_datetime_operator.py took 0.142 seconds
[2025-10-20T06:49:27.737+0000] {processor.py:154} INFO - Started process (PID=314) to work on /home/airflow/.local/lib/python3.7/site-packages/airflow/example_dags/example_branch_datetime_operator.py
[2025-10-20T06:49:27.738+0000] {processor.py:756} INFO - Processing file /home/airflow/.local/lib/python3.7/site-packages/airflow/example_dags/example_branch_datetime_operator.py for tasks to queue
[2025-10-20T06:49:27.739+0000] {logging_mixin.py:120} INFO - [2025-10-20T06:49:27.739+0000] {dagbag.py:537} INFO - Filling up the DagBag from /home/airflow/.local/lib/python3.7/site-packages/airflow/example_dags/example_branch_datetime_operator.py
[2025-10-20T06:49:27.761+0000] {processor.py:766} INFO - DAG(s) dict_keys(['example_branch_datetime_operator', 'example_branch_datetime_operator_2', 'example_branch_datetime_operator_3']) retrieved from /home/airflow/.local/lib/python3.7/site-packages/airflow/example_dags/example_branch_datetime_operator.py
[2025-10-20T06:49:27.812+0000] {logging_mixin.py:120} INFO - [2025-10-20T06:49:27.812+0000] {dag.py:2585} INFO - Sync 3 DAGs
[2025-10-20T06:49:27.842+0000] {logging_mixin.py:120} INFO - [2025-10-20T06:49:27.842+0000] {dag.py:3340} INFO - Setting next_dagrun for example_branch_datetime_operator to 2025-10-19T00:00:00+00:00, run_after=2025-10-20T00:00:00+00:00
[2025-10-20T06:49:27.849+0000] {logging_mixin.py:120} INFO - [2025-10-20T06:49:27.848+0000] {dag.py:3340} INFO - Setting next_dagrun for example_branch_datetime_operator_2 to 2025-10-19T00:00:00+00:00, run_after=2025-10-20T00:00:00+00:00
[2025-10-20T06:49:27.851+0000] {logging_mixin.py:120} INFO - [2025-10-20T06:49:27.851+0000] {dag.py:3340} INFO - Setting next_dagrun for example_branch_datetime_operator_3 to 2025-10-19T00:00:00+00:00, run_after=2025-10-20T00:00:00+00:00
[2025-10-20T06:49:27.872+0000] {processor.py:176} INFO - Processing /home/airflow/.local/lib/python3.7/site-packages/airflow/example_dags/example_branch_datetime_operator.py took 0.138 seconds
[2025-10-20T06:49:57.985+0000] {processor.py:154} INFO - Started process (PID=377) to work on /home/airflow/.local/lib/python3.7/site-packages/airflow/example_dags/example_branch_datetime_operator.py
[2025-10-20T06:49:57.987+0000] {processor.py:756} INFO - Processing file /home/airflow/.local/lib/python3.7/site-packages/airflow/example_dags/example_branch_datetime_operator.py for tasks to queue
[2025-10-20T06:49:57.987+0000] {logging_mixin.py:120} INFO - [2025-10-20T06:49:57.987+0000] {dagbag.py:537} INFO - Filling up the DagBag from /home/airflow/.local/lib/python3.7/site-packages/airflow/example_dags/example_branch_datetime_operator.py
[2025-10-20T06:49:58.005+0000] {processor.py:766} INFO - DAG(s) dict_keys(['example_branch_datetime_operator_3', 'example_branch_datetime_operator_2', 'example_branch_datetime_operator']) retrieved from /home/airflow/.local/lib/python3.7/site-packages/airflow/example_dags/example_branch_datetime_operator.py
[2025-10-20T06:49:58.055+0000] {logging_mixin.py:120} INFO - [2025-10-20T06:49:58.055+0000] {dag.py:2585} INFO - Sync 3 DAGs
[2025-10-20T06:49:58.080+0000] {logging_mixin.py:120} INFO - [2025-10-20T06:49:58.080+0000] {dag.py:3340} INFO - Setting next_dagrun for example_branch_datetime_operator to 2025-10-19T00:00:00+00:00, run_after=2025-10-20T00:00:00+00:00
[2025-10-20T06:49:58.085+0000] {logging_mixin.py:120} INFO - [2025-10-20T06:49:58.085+0000] {dag.py:3340} INFO - Setting next_dagrun for example_branch_datetime_operator_2 to 2025-10-19T00:00:00+00:00, run_after=2025-10-20T00:00:00+00:00
[2025-10-20T06:49:58.088+0000] {logging_mixin.py:120} INFO - [2025-10-20T06:49:58.088+0000] {dag.py:3340} INFO - Setting next_dagrun for example_branch_datetime_operator_3 to 2025-10-19T00:00:00+00:00, run_after=2025-10-20T00:00:00+00:00
[2025-10-20T06:49:58.109+0000] {processor.py:176} INFO - Processing /home/airflow/.local/lib/python3.7/site-packages/airflow/example_dags/example_branch_datetime_operator.py took 0.127 seconds
[2025-10-20T06:50:28.561+0000] {processor.py:154} INFO - Started process (PID=445) to work on /home/airflow/.local/lib/python3.7/site-packages/airflow/example_dags/example_branch_datetime_operator.py
[2025-10-20T06:50:28.562+0000] {processor.py:756} INFO - Processing file /home/airflow/.local/lib/python3.7/site-packages/airflow/example_dags/example_branch_datetime_operator.py for tasks to queue
[2025-10-20T06:50:28.563+0000] {logging_mixin.py:120} INFO - [2025-10-20T06:50:28.563+0000] {dagbag.py:537} INFO - Filling up the DagBag from /home/airflow/.local/lib/python3.7/site-packages/airflow/example_dags/example_branch_datetime_operator.py
[2025-10-20T06:50:28.581+0000] {processor.py:766} INFO - DAG(s) dict_keys(['example_branch_datetime_operator', 'example_branch_datetime_operator_2', 'example_branch_datetime_operator_3']) retrieved from /home/airflow/.local/lib/python3.7/site-packages/airflow/example_dags/example_branch_datetime_operator.py
[2025-10-20T06:50:28.634+0000] {logging_mixin.py:120} INFO - [2025-10-20T06:50:28.634+0000] {dag.py:2585} INFO - Sync 3 DAGs
[2025-10-20T06:50:28.665+0000] {logging_mixin.py:120} INFO - [2025-10-20T06:50:28.664+0000] {dag.py:3340} INFO - Setting next_dagrun for example_branch_datetime_operator to 2025-10-19T00:00:00+00:00, run_after=2025-10-20T00:00:00+00:00
[2025-10-20T06:50:28.670+0000] {logging_mixin.py:120} INFO - [2025-10-20T06:50:28.670+0000] {dag.py:3340} INFO - Setting next_dagrun for example_branch_datetime_operator_2 to 2025-10-19T00:00:00+00:00, run_after=2025-10-20T00:00:00+00:00
[2025-10-20T06:50:28.673+0000] {logging_mixin.py:120} INFO - [2025-10-20T06:50:28.673+0000] {dag.py:3340} INFO - Setting next_dagrun for example_branch_datetime_operator_3 to 2025-10-19T00:00:00+00:00, run_after=2025-10-20T00:00:00+00:00
[2025-10-20T06:50:28.695+0000] {processor.py:176} INFO - Processing /home/airflow/.local/lib/python3.7/site-packages/airflow/example_dags/example_branch_datetime_operator.py took 0.138 seconds
[2025-10-20T06:51:13.289+0000] {processor.py:154} INFO - Started process (PID=72) to work on /home/airflow/.local/lib/python3.7/site-packages/airflow/example_dags/example_branch_datetime_operator.py
[2025-10-20T06:51:13.291+0000] {processor.py:756} INFO - Processing file /home/airflow/.local/lib/python3.7/site-packages/airflow/example_dags/example_branch_datetime_operator.py for tasks to queue
[2025-10-20T06:51:13.298+0000] {logging_mixin.py:120} INFO - [2025-10-20T06:51:13.295+0000] {dagbag.py:537} INFO - Filling up the DagBag from /home/airflow/.local/lib/python3.7/site-packages/airflow/example_dags/example_branch_datetime_operator.py
[2025-10-20T06:51:13.345+0000] {processor.py:766} INFO - DAG(s) dict_keys(['example_branch_datetime_operator', 'example_branch_datetime_operator_2', 'example_branch_datetime_operator_3']) retrieved from /home/airflow/.local/lib/python3.7/site-packages/airflow/example_dags/example_branch_datetime_operator.py
[2025-10-20T06:51:13.402+0000] {logging_mixin.py:120} INFO - [2025-10-20T06:51:13.401+0000] {dag.py:2585} INFO - Sync 3 DAGs
[2025-10-20T06:51:13.455+0000] {logging_mixin.py:120} INFO - [2025-10-20T06:51:13.455+0000] {dag.py:3340} INFO - Setting next_dagrun for example_branch_datetime_operator to 2025-10-19T00:00:00+00:00, run_after=2025-10-20T00:00:00+00:00
[2025-10-20T06:51:13.468+0000] {logging_mixin.py:120} INFO - [2025-10-20T06:51:13.468+0000] {dag.py:3340} INFO - Setting next_dagrun for example_branch_datetime_operator_2 to 2025-10-19T00:00:00+00:00, run_after=2025-10-20T00:00:00+00:00
[2025-10-20T06:51:13.472+0000] {logging_mixin.py:120} INFO - [2025-10-20T06:51:13.472+0000] {dag.py:3340} INFO - Setting next_dagrun for example_branch_datetime_operator_3 to 2025-10-19T00:00:00+00:00, run_after=2025-10-20T00:00:00+00:00
[2025-10-20T06:51:13.520+0000] {processor.py:176} INFO - Processing /home/airflow/.local/lib/python3.7/site-packages/airflow/example_dags/example_branch_datetime_operator.py took 0.246 seconds
[2025-10-20T06:51:44.066+0000] {processor.py:154} INFO - Started process (PID=136) to work on /home/airflow/.local/lib/python3.7/site-packages/airflow/example_dags/example_branch_datetime_operator.py
[2025-10-20T06:51:44.067+0000] {processor.py:756} INFO - Processing file /home/airflow/.local/lib/python3.7/site-packages/airflow/example_dags/example_branch_datetime_operator.py for tasks to queue
[2025-10-20T06:51:44.068+0000] {logging_mixin.py:120} INFO - [2025-10-20T06:51:44.068+0000] {dagbag.py:537} INFO - Filling up the DagBag from /home/airflow/.local/lib/python3.7/site-packages/airflow/example_dags/example_branch_datetime_operator.py
[2025-10-20T06:51:44.091+0000] {processor.py:766} INFO - DAG(s) dict_keys(['example_branch_datetime_operator_2', 'example_branch_datetime_operator', 'example_branch_datetime_operator_3']) retrieved from /home/airflow/.local/lib/python3.7/site-packages/airflow/example_dags/example_branch_datetime_operator.py
[2025-10-20T06:51:44.149+0000] {logging_mixin.py:120} INFO - [2025-10-20T06:51:44.149+0000] {dag.py:2585} INFO - Sync 3 DAGs
[2025-10-20T06:51:44.181+0000] {logging_mixin.py:120} INFO - [2025-10-20T06:51:44.180+0000] {dag.py:3340} INFO - Setting next_dagrun for example_branch_datetime_operator to 2025-10-19T00:00:00+00:00, run_after=2025-10-20T00:00:00+00:00
[2025-10-20T06:51:44.186+0000] {logging_mixin.py:120} INFO - [2025-10-20T06:51:44.186+0000] {dag.py:3340} INFO - Setting next_dagrun for example_branch_datetime_operator_2 to 2025-10-19T00:00:00+00:00, run_after=2025-10-20T00:00:00+00:00
[2025-10-20T06:51:44.189+0000] {logging_mixin.py:120} INFO - [2025-10-20T06:51:44.188+0000] {dag.py:3340} INFO - Setting next_dagrun for example_branch_datetime_operator_3 to 2025-10-19T00:00:00+00:00, run_after=2025-10-20T00:00:00+00:00
[2025-10-20T06:51:44.215+0000] {processor.py:176} INFO - Processing /home/airflow/.local/lib/python3.7/site-packages/airflow/example_dags/example_branch_datetime_operator.py took 0.154 seconds
