[2025-10-20T06:47:17.269+0000] {processor.py:154} INFO - Started process (PID=46) to work on /home/airflow/.local/lib/python3.7/site-packages/airflow/example_dags/example_time_delta_sensor_async.py
[2025-10-20T06:47:17.277+0000] {processor.py:756} INFO - Processing file /home/airflow/.local/lib/python3.7/site-packages/airflow/example_dags/example_time_delta_sensor_async.py for tasks to queue
[2025-10-20T06:47:17.281+0000] {logging_mixin.py:120} INFO - [2025-10-20T06:47:17.281+0000] {dagbag.py:537} INFO - Filling up the DagBag from /home/airflow/.local/lib/python3.7/site-packages/airflow/example_dags/example_time_delta_sensor_async.py
[2025-10-20T06:47:17.315+0000] {processor.py:766} INFO - DAG(s) dict_keys(['example_time_delta_sensor_async']) retrieved from /home/airflow/.local/lib/python3.7/site-packages/airflow/example_dags/example_time_delta_sensor_async.py
[2025-10-20T06:47:17.774+0000] {logging_mixin.py:120} INFO - [2025-10-20T06:47:17.773+0000] {manager.py:507} INFO - Created Permission View: can edit on DAG:example_time_delta_sensor_async
[2025-10-20T06:47:17.803+0000] {logging_mixin.py:120} INFO - [2025-10-20T06:47:17.803+0000] {manager.py:507} INFO - Created Permission View: can read on DAG:example_time_delta_sensor_async
[2025-10-20T06:47:17.823+0000] {logging_mixin.py:120} INFO - [2025-10-20T06:47:17.823+0000] {manager.py:507} INFO - Created Permission View: can delete on DAG:example_time_delta_sensor_async
[2025-10-20T06:47:17.825+0000] {logging_mixin.py:120} INFO - [2025-10-20T06:47:17.825+0000] {dag.py:2585} INFO - Sync 1 DAGs
[2025-10-20T06:47:17.857+0000] {logging_mixin.py:120} INFO - [2025-10-20T06:47:17.857+0000] {dag.py:2606} INFO - Creating ORM DAG for example_time_delta_sensor_async
[2025-10-20T06:47:17.877+0000] {logging_mixin.py:120} INFO - [2025-10-20T06:47:17.876+0000] {dag.py:3340} INFO - Setting next_dagrun for example_time_delta_sensor_async to None, run_after=None
[2025-10-20T06:47:17.936+0000] {processor.py:176} INFO - Processing /home/airflow/.local/lib/python3.7/site-packages/airflow/example_dags/example_time_delta_sensor_async.py took 0.675 seconds
[2025-10-20T06:47:48.431+0000] {processor.py:154} INFO - Started process (PID=100) to work on /home/airflow/.local/lib/python3.7/site-packages/airflow/example_dags/example_time_delta_sensor_async.py
[2025-10-20T06:47:48.432+0000] {processor.py:756} INFO - Processing file /home/airflow/.local/lib/python3.7/site-packages/airflow/example_dags/example_time_delta_sensor_async.py for tasks to queue
[2025-10-20T06:47:48.433+0000] {logging_mixin.py:120} INFO - [2025-10-20T06:47:48.433+0000] {dagbag.py:537} INFO - Filling up the DagBag from /home/airflow/.local/lib/python3.7/site-packages/airflow/example_dags/example_time_delta_sensor_async.py
[2025-10-20T06:47:48.448+0000] {processor.py:766} INFO - DAG(s) dict_keys(['example_time_delta_sensor_async']) retrieved from /home/airflow/.local/lib/python3.7/site-packages/airflow/example_dags/example_time_delta_sensor_async.py
[2025-10-20T06:47:48.483+0000] {logging_mixin.py:120} INFO - [2025-10-20T06:47:48.483+0000] {dag.py:2585} INFO - Sync 1 DAGs
[2025-10-20T06:47:48.510+0000] {logging_mixin.py:120} INFO - [2025-10-20T06:47:48.510+0000] {dag.py:3340} INFO - Setting next_dagrun for example_time_delta_sensor_async to None, run_after=None
[2025-10-20T06:47:48.535+0000] {processor.py:176} INFO - Processing /home/airflow/.local/lib/python3.7/site-packages/airflow/example_dags/example_time_delta_sensor_async.py took 0.108 seconds
[2025-10-20T06:48:18.785+0000] {processor.py:154} INFO - Started process (PID=164) to work on /home/airflow/.local/lib/python3.7/site-packages/airflow/example_dags/example_time_delta_sensor_async.py
[2025-10-20T06:48:18.787+0000] {processor.py:756} INFO - Processing file /home/airflow/.local/lib/python3.7/site-packages/airflow/example_dags/example_time_delta_sensor_async.py for tasks to queue
[2025-10-20T06:48:18.790+0000] {logging_mixin.py:120} INFO - [2025-10-20T06:48:18.789+0000] {dagbag.py:537} INFO - Filling up the DagBag from /home/airflow/.local/lib/python3.7/site-packages/airflow/example_dags/example_time_delta_sensor_async.py
[2025-10-20T06:48:18.818+0000] {processor.py:766} INFO - DAG(s) dict_keys(['example_time_delta_sensor_async']) retrieved from /home/airflow/.local/lib/python3.7/site-packages/airflow/example_dags/example_time_delta_sensor_async.py
[2025-10-20T06:48:19.063+0000] {logging_mixin.py:120} INFO - [2025-10-20T06:48:19.063+0000] {dag.py:2585} INFO - Sync 1 DAGs
[2025-10-20T06:48:19.087+0000] {logging_mixin.py:120} INFO - [2025-10-20T06:48:19.087+0000] {dag.py:3340} INFO - Setting next_dagrun for example_time_delta_sensor_async to None, run_after=None
[2025-10-20T06:48:19.109+0000] {processor.py:176} INFO - Processing /home/airflow/.local/lib/python3.7/site-packages/airflow/example_dags/example_time_delta_sensor_async.py took 0.333 seconds
[2025-10-20T06:48:49.203+0000] {processor.py:154} INFO - Started process (PID=227) to work on /home/airflow/.local/lib/python3.7/site-packages/airflow/example_dags/example_time_delta_sensor_async.py
[2025-10-20T06:48:49.206+0000] {processor.py:756} INFO - Processing file /home/airflow/.local/lib/python3.7/site-packages/airflow/example_dags/example_time_delta_sensor_async.py for tasks to queue
[2025-10-20T06:48:49.208+0000] {logging_mixin.py:120} INFO - [2025-10-20T06:48:49.208+0000] {dagbag.py:537} INFO - Filling up the DagBag from /home/airflow/.local/lib/python3.7/site-packages/airflow/example_dags/example_time_delta_sensor_async.py
[2025-10-20T06:48:49.223+0000] {processor.py:766} INFO - DAG(s) dict_keys(['example_time_delta_sensor_async']) retrieved from /home/airflow/.local/lib/python3.7/site-packages/airflow/example_dags/example_time_delta_sensor_async.py
[2025-10-20T06:48:49.430+0000] {logging_mixin.py:120} INFO - [2025-10-20T06:48:49.430+0000] {dag.py:2585} INFO - Sync 1 DAGs
[2025-10-20T06:48:49.453+0000] {logging_mixin.py:120} INFO - [2025-10-20T06:48:49.453+0000] {dag.py:3340} INFO - Setting next_dagrun for example_time_delta_sensor_async to None, run_after=None
[2025-10-20T06:48:49.472+0000] {processor.py:176} INFO - Processing /home/airflow/.local/lib/python3.7/site-packages/airflow/example_dags/example_time_delta_sensor_async.py took 0.275 seconds
[2025-10-20T06:49:19.630+0000] {processor.py:154} INFO - Started process (PID=282) to work on /home/airflow/.local/lib/python3.7/site-packages/airflow/example_dags/example_time_delta_sensor_async.py
[2025-10-20T06:49:19.632+0000] {processor.py:756} INFO - Processing file /home/airflow/.local/lib/python3.7/site-packages/airflow/example_dags/example_time_delta_sensor_async.py for tasks to queue
[2025-10-20T06:49:19.633+0000] {logging_mixin.py:120} INFO - [2025-10-20T06:49:19.633+0000] {dagbag.py:537} INFO - Filling up the DagBag from /home/airflow/.local/lib/python3.7/site-packages/airflow/example_dags/example_time_delta_sensor_async.py
[2025-10-20T06:49:19.647+0000] {processor.py:766} INFO - DAG(s) dict_keys(['example_time_delta_sensor_async']) retrieved from /home/airflow/.local/lib/python3.7/site-packages/airflow/example_dags/example_time_delta_sensor_async.py
[2025-10-20T06:49:19.835+0000] {logging_mixin.py:120} INFO - [2025-10-20T06:49:19.835+0000] {dag.py:2585} INFO - Sync 1 DAGs
[2025-10-20T06:49:19.859+0000] {logging_mixin.py:120} INFO - [2025-10-20T06:49:19.859+0000] {dag.py:3340} INFO - Setting next_dagrun for example_time_delta_sensor_async to None, run_after=None
[2025-10-20T06:49:19.878+0000] {processor.py:176} INFO - Processing /home/airflow/.local/lib/python3.7/site-packages/airflow/example_dags/example_time_delta_sensor_async.py took 0.251 seconds
[2025-10-20T06:49:49.917+0000] {processor.py:154} INFO - Started process (PID=345) to work on /home/airflow/.local/lib/python3.7/site-packages/airflow/example_dags/example_time_delta_sensor_async.py
[2025-10-20T06:49:49.918+0000] {processor.py:756} INFO - Processing file /home/airflow/.local/lib/python3.7/site-packages/airflow/example_dags/example_time_delta_sensor_async.py for tasks to queue
[2025-10-20T06:49:49.919+0000] {logging_mixin.py:120} INFO - [2025-10-20T06:49:49.919+0000] {dagbag.py:537} INFO - Filling up the DagBag from /home/airflow/.local/lib/python3.7/site-packages/airflow/example_dags/example_time_delta_sensor_async.py
[2025-10-20T06:49:49.937+0000] {processor.py:766} INFO - DAG(s) dict_keys(['example_time_delta_sensor_async']) retrieved from /home/airflow/.local/lib/python3.7/site-packages/airflow/example_dags/example_time_delta_sensor_async.py
[2025-10-20T06:49:50.277+0000] {logging_mixin.py:120} INFO - [2025-10-20T06:49:50.277+0000] {dag.py:2585} INFO - Sync 1 DAGs
[2025-10-20T06:49:50.305+0000] {logging_mixin.py:120} INFO - [2025-10-20T06:49:50.305+0000] {dag.py:3340} INFO - Setting next_dagrun for example_time_delta_sensor_async to None, run_after=None
[2025-10-20T06:49:50.325+0000] {processor.py:176} INFO - Processing /home/airflow/.local/lib/python3.7/site-packages/airflow/example_dags/example_time_delta_sensor_async.py took 0.413 seconds
[2025-10-20T06:50:20.474+0000] {processor.py:154} INFO - Started process (PID=414) to work on /home/airflow/.local/lib/python3.7/site-packages/airflow/example_dags/example_time_delta_sensor_async.py
[2025-10-20T06:50:20.475+0000] {processor.py:756} INFO - Processing file /home/airflow/.local/lib/python3.7/site-packages/airflow/example_dags/example_time_delta_sensor_async.py for tasks to queue
[2025-10-20T06:50:20.476+0000] {logging_mixin.py:120} INFO - [2025-10-20T06:50:20.476+0000] {dagbag.py:537} INFO - Filling up the DagBag from /home/airflow/.local/lib/python3.7/site-packages/airflow/example_dags/example_time_delta_sensor_async.py
[2025-10-20T06:50:20.491+0000] {processor.py:766} INFO - DAG(s) dict_keys(['example_time_delta_sensor_async']) retrieved from /home/airflow/.local/lib/python3.7/site-packages/airflow/example_dags/example_time_delta_sensor_async.py
[2025-10-20T06:50:20.716+0000] {logging_mixin.py:120} INFO - [2025-10-20T06:50:20.716+0000] {dag.py:2585} INFO - Sync 1 DAGs
[2025-10-20T06:50:20.742+0000] {logging_mixin.py:120} INFO - [2025-10-20T06:50:20.742+0000] {dag.py:3340} INFO - Setting next_dagrun for example_time_delta_sensor_async to None, run_after=None
[2025-10-20T06:50:20.767+0000] {processor.py:176} INFO - Processing /home/airflow/.local/lib/python3.7/site-packages/airflow/example_dags/example_time_delta_sensor_async.py took 0.297 seconds
[2025-10-20T06:50:50.921+0000] {processor.py:154} INFO - Started process (PID=478) to work on /home/airflow/.local/lib/python3.7/site-packages/airflow/example_dags/example_time_delta_sensor_async.py
[2025-10-20T06:50:50.922+0000] {processor.py:756} INFO - Processing file /home/airflow/.local/lib/python3.7/site-packages/airflow/example_dags/example_time_delta_sensor_async.py for tasks to queue
[2025-10-20T06:50:50.923+0000] {logging_mixin.py:120} INFO - [2025-10-20T06:50:50.923+0000] {dagbag.py:537} INFO - Filling up the DagBag from /home/airflow/.local/lib/python3.7/site-packages/airflow/example_dags/example_time_delta_sensor_async.py
[2025-10-20T06:50:50.935+0000] {processor.py:766} INFO - DAG(s) dict_keys(['example_time_delta_sensor_async']) retrieved from /home/airflow/.local/lib/python3.7/site-packages/airflow/example_dags/example_time_delta_sensor_async.py
[2025-10-20T06:50:51.107+0000] {logging_mixin.py:120} INFO - [2025-10-20T06:50:51.106+0000] {dag.py:2585} INFO - Sync 1 DAGs
[2025-10-20T06:50:51.129+0000] {logging_mixin.py:120} INFO - [2025-10-20T06:50:51.128+0000] {dag.py:3340} INFO - Setting next_dagrun for example_time_delta_sensor_async to None, run_after=None
[2025-10-20T06:50:51.149+0000] {processor.py:176} INFO - Processing /home/airflow/.local/lib/python3.7/site-packages/airflow/example_dags/example_time_delta_sensor_async.py took 0.232 seconds
[2025-10-20T06:51:07.827+0000] {processor.py:154} INFO - Started process (PID=48) to work on /home/airflow/.local/lib/python3.7/site-packages/airflow/example_dags/example_time_delta_sensor_async.py
[2025-10-20T06:51:07.832+0000] {processor.py:756} INFO - Processing file /home/airflow/.local/lib/python3.7/site-packages/airflow/example_dags/example_time_delta_sensor_async.py for tasks to queue
[2025-10-20T06:51:07.835+0000] {logging_mixin.py:120} INFO - [2025-10-20T06:51:07.834+0000] {dagbag.py:537} INFO - Filling up the DagBag from /home/airflow/.local/lib/python3.7/site-packages/airflow/example_dags/example_time_delta_sensor_async.py
[2025-10-20T06:51:07.877+0000] {processor.py:766} INFO - DAG(s) dict_keys(['example_time_delta_sensor_async']) retrieved from /home/airflow/.local/lib/python3.7/site-packages/airflow/example_dags/example_time_delta_sensor_async.py
[2025-10-20T06:51:07.940+0000] {logging_mixin.py:120} INFO - [2025-10-20T06:51:07.940+0000] {dag.py:2585} INFO - Sync 1 DAGs
[2025-10-20T06:51:08.013+0000] {logging_mixin.py:120} INFO - [2025-10-20T06:51:08.013+0000] {dag.py:3340} INFO - Setting next_dagrun for example_time_delta_sensor_async to None, run_after=None
[2025-10-20T06:51:08.060+0000] {processor.py:176} INFO - Processing /home/airflow/.local/lib/python3.7/site-packages/airflow/example_dags/example_time_delta_sensor_async.py took 0.238 seconds
[2025-10-20T06:51:39.092+0000] {processor.py:154} INFO - Started process (PID=103) to work on /home/airflow/.local/lib/python3.7/site-packages/airflow/example_dags/example_time_delta_sensor_async.py
[2025-10-20T06:51:39.093+0000] {processor.py:756} INFO - Processing file /home/airflow/.local/lib/python3.7/site-packages/airflow/example_dags/example_time_delta_sensor_async.py for tasks to queue
[2025-10-20T06:51:39.094+0000] {logging_mixin.py:120} INFO - [2025-10-20T06:51:39.094+0000] {dagbag.py:537} INFO - Filling up the DagBag from /home/airflow/.local/lib/python3.7/site-packages/airflow/example_dags/example_time_delta_sensor_async.py
[2025-10-20T06:51:39.108+0000] {processor.py:766} INFO - DAG(s) dict_keys(['example_time_delta_sensor_async']) retrieved from /home/airflow/.local/lib/python3.7/site-packages/airflow/example_dags/example_time_delta_sensor_async.py
[2025-10-20T06:51:39.340+0000] {logging_mixin.py:120} INFO - [2025-10-20T06:51:39.340+0000] {dag.py:2585} INFO - Sync 1 DAGs
[2025-10-20T06:51:39.372+0000] {logging_mixin.py:120} INFO - [2025-10-20T06:51:39.372+0000] {dag.py:3340} INFO - Setting next_dagrun for example_time_delta_sensor_async to None, run_after=None
[2025-10-20T06:51:39.396+0000] {processor.py:176} INFO - Processing /home/airflow/.local/lib/python3.7/site-packages/airflow/example_dags/example_time_delta_sensor_async.py took 0.311 seconds
