[2025-10-20T06:47:21.140+0000] {processor.py:154} INFO - Started process (PID=61) to work on /home/airflow/.local/lib/python3.7/site-packages/airflow/example_dags/example_external_task_marker_dag.py
[2025-10-20T06:47:21.142+0000] {processor.py:756} INFO - Processing file /home/airflow/.local/lib/python3.7/site-packages/airflow/example_dags/example_external_task_marker_dag.py for tasks to queue
[2025-10-20T06:47:21.145+0000] {logging_mixin.py:120} INFO - [2025-10-20T06:47:21.145+0000] {dagbag.py:537} INFO - Filling up the DagBag from /home/airflow/.local/lib/python3.7/site-packages/airflow/example_dags/example_external_task_marker_dag.py
[2025-10-20T06:47:21.172+0000] {processor.py:766} INFO - DAG(s) dict_keys(['example_external_task_marker_parent', 'example_external_task_marker_child']) retrieved from /home/airflow/.local/lib/python3.7/site-packages/airflow/example_dags/example_external_task_marker_dag.py
[2025-10-20T06:47:21.463+0000] {logging_mixin.py:120} INFO - [2025-10-20T06:47:21.463+0000] {manager.py:507} INFO - Created Permission View: can edit on DAG:example_external_task_marker_parent
[2025-10-20T06:47:21.492+0000] {logging_mixin.py:120} INFO - [2025-10-20T06:47:21.491+0000] {manager.py:507} INFO - Created Permission View: can read on DAG:example_external_task_marker_parent
[2025-10-20T06:47:21.512+0000] {logging_mixin.py:120} INFO - [2025-10-20T06:47:21.512+0000] {manager.py:507} INFO - Created Permission View: can delete on DAG:example_external_task_marker_parent
[2025-10-20T06:47:21.724+0000] {logging_mixin.py:120} INFO - [2025-10-20T06:47:21.723+0000] {manager.py:507} INFO - Created Permission View: can edit on DAG:example_external_task_marker_child
[2025-10-20T06:47:21.741+0000] {logging_mixin.py:120} INFO - [2025-10-20T06:47:21.741+0000] {manager.py:507} INFO - Created Permission View: can read on DAG:example_external_task_marker_child
[2025-10-20T06:47:21.757+0000] {logging_mixin.py:120} INFO - [2025-10-20T06:47:21.757+0000] {manager.py:507} INFO - Created Permission View: can delete on DAG:example_external_task_marker_child
[2025-10-20T06:47:21.760+0000] {logging_mixin.py:120} INFO - [2025-10-20T06:47:21.759+0000] {dag.py:2585} INFO - Sync 2 DAGs
[2025-10-20T06:47:21.785+0000] {logging_mixin.py:120} INFO - [2025-10-20T06:47:21.785+0000] {dag.py:2606} INFO - Creating ORM DAG for example_external_task_marker_child
[2025-10-20T06:47:21.786+0000] {logging_mixin.py:120} INFO - [2025-10-20T06:47:21.786+0000] {dag.py:2606} INFO - Creating ORM DAG for example_external_task_marker_parent
[2025-10-20T06:47:21.802+0000] {logging_mixin.py:120} INFO - [2025-10-20T06:47:21.801+0000] {dag.py:3340} INFO - Setting next_dagrun for example_external_task_marker_child to None, run_after=None
[2025-10-20T06:47:21.803+0000] {logging_mixin.py:120} INFO - [2025-10-20T06:47:21.802+0000] {dag.py:3340} INFO - Setting next_dagrun for example_external_task_marker_parent to None, run_after=None
[2025-10-20T06:47:21.831+0000] {processor.py:176} INFO - Processing /home/airflow/.local/lib/python3.7/site-packages/airflow/example_dags/example_external_task_marker_dag.py took 0.697 seconds
[2025-10-20T06:47:51.954+0000] {processor.py:154} INFO - Started process (PID=125) to work on /home/airflow/.local/lib/python3.7/site-packages/airflow/example_dags/example_external_task_marker_dag.py
[2025-10-20T06:47:51.955+0000] {processor.py:756} INFO - Processing file /home/airflow/.local/lib/python3.7/site-packages/airflow/example_dags/example_external_task_marker_dag.py for tasks to queue
[2025-10-20T06:47:51.956+0000] {logging_mixin.py:120} INFO - [2025-10-20T06:47:51.956+0000] {dagbag.py:537} INFO - Filling up the DagBag from /home/airflow/.local/lib/python3.7/site-packages/airflow/example_dags/example_external_task_marker_dag.py
[2025-10-20T06:47:51.973+0000] {processor.py:766} INFO - DAG(s) dict_keys(['example_external_task_marker_child', 'example_external_task_marker_parent']) retrieved from /home/airflow/.local/lib/python3.7/site-packages/airflow/example_dags/example_external_task_marker_dag.py
[2025-10-20T06:47:52.004+0000] {logging_mixin.py:120} INFO - [2025-10-20T06:47:52.004+0000] {dag.py:2585} INFO - Sync 2 DAGs
[2025-10-20T06:47:52.032+0000] {logging_mixin.py:120} INFO - [2025-10-20T06:47:52.032+0000] {dag.py:3340} INFO - Setting next_dagrun for example_external_task_marker_child to None, run_after=None
[2025-10-20T06:47:52.035+0000] {logging_mixin.py:120} INFO - [2025-10-20T06:47:52.035+0000] {dag.py:3340} INFO - Setting next_dagrun for example_external_task_marker_parent to None, run_after=None
[2025-10-20T06:47:52.055+0000] {processor.py:176} INFO - Processing /home/airflow/.local/lib/python3.7/site-packages/airflow/example_dags/example_external_task_marker_dag.py took 0.105 seconds
[2025-10-20T06:48:22.430+0000] {processor.py:154} INFO - Started process (PID=180) to work on /home/airflow/.local/lib/python3.7/site-packages/airflow/example_dags/example_external_task_marker_dag.py
[2025-10-20T06:48:22.431+0000] {processor.py:756} INFO - Processing file /home/airflow/.local/lib/python3.7/site-packages/airflow/example_dags/example_external_task_marker_dag.py for tasks to queue
[2025-10-20T06:48:22.432+0000] {logging_mixin.py:120} INFO - [2025-10-20T06:48:22.431+0000] {dagbag.py:537} INFO - Filling up the DagBag from /home/airflow/.local/lib/python3.7/site-packages/airflow/example_dags/example_external_task_marker_dag.py
[2025-10-20T06:48:22.446+0000] {processor.py:766} INFO - DAG(s) dict_keys(['example_external_task_marker_parent', 'example_external_task_marker_child']) retrieved from /home/airflow/.local/lib/python3.7/site-packages/airflow/example_dags/example_external_task_marker_dag.py
[2025-10-20T06:48:22.667+0000] {logging_mixin.py:120} INFO - [2025-10-20T06:48:22.667+0000] {dag.py:2585} INFO - Sync 2 DAGs
[2025-10-20T06:48:22.690+0000] {logging_mixin.py:120} INFO - [2025-10-20T06:48:22.690+0000] {dag.py:3340} INFO - Setting next_dagrun for example_external_task_marker_child to None, run_after=None
[2025-10-20T06:48:22.694+0000] {logging_mixin.py:120} INFO - [2025-10-20T06:48:22.694+0000] {dag.py:3340} INFO - Setting next_dagrun for example_external_task_marker_parent to None, run_after=None
[2025-10-20T06:48:22.720+0000] {processor.py:176} INFO - Processing /home/airflow/.local/lib/python3.7/site-packages/airflow/example_dags/example_external_task_marker_dag.py took 0.294 seconds
[2025-10-20T06:48:53.567+0000] {processor.py:154} INFO - Started process (PID=243) to work on /home/airflow/.local/lib/python3.7/site-packages/airflow/example_dags/example_external_task_marker_dag.py
[2025-10-20T06:48:53.568+0000] {processor.py:756} INFO - Processing file /home/airflow/.local/lib/python3.7/site-packages/airflow/example_dags/example_external_task_marker_dag.py for tasks to queue
[2025-10-20T06:48:53.569+0000] {logging_mixin.py:120} INFO - [2025-10-20T06:48:53.569+0000] {dagbag.py:537} INFO - Filling up the DagBag from /home/airflow/.local/lib/python3.7/site-packages/airflow/example_dags/example_external_task_marker_dag.py
[2025-10-20T06:48:53.582+0000] {processor.py:766} INFO - DAG(s) dict_keys(['example_external_task_marker_parent', 'example_external_task_marker_child']) retrieved from /home/airflow/.local/lib/python3.7/site-packages/airflow/example_dags/example_external_task_marker_dag.py
[2025-10-20T06:48:53.759+0000] {logging_mixin.py:120} INFO - [2025-10-20T06:48:53.759+0000] {dag.py:2585} INFO - Sync 2 DAGs
[2025-10-20T06:48:53.783+0000] {logging_mixin.py:120} INFO - [2025-10-20T06:48:53.783+0000] {dag.py:3340} INFO - Setting next_dagrun for example_external_task_marker_child to None, run_after=None
[2025-10-20T06:48:53.786+0000] {logging_mixin.py:120} INFO - [2025-10-20T06:48:53.786+0000] {dag.py:3340} INFO - Setting next_dagrun for example_external_task_marker_parent to None, run_after=None
[2025-10-20T06:48:53.806+0000] {processor.py:176} INFO - Processing /home/airflow/.local/lib/python3.7/site-packages/airflow/example_dags/example_external_task_marker_dag.py took 0.242 seconds
[2025-10-20T06:49:24.086+0000] {processor.py:154} INFO - Started process (PID=306) to work on /home/airflow/.local/lib/python3.7/site-packages/airflow/example_dags/example_external_task_marker_dag.py
[2025-10-20T06:49:24.089+0000] {processor.py:756} INFO - Processing file /home/airflow/.local/lib/python3.7/site-packages/airflow/example_dags/example_external_task_marker_dag.py for tasks to queue
[2025-10-20T06:49:24.090+0000] {logging_mixin.py:120} INFO - [2025-10-20T06:49:24.090+0000] {dagbag.py:537} INFO - Filling up the DagBag from /home/airflow/.local/lib/python3.7/site-packages/airflow/example_dags/example_external_task_marker_dag.py
[2025-10-20T06:49:24.105+0000] {processor.py:766} INFO - DAG(s) dict_keys(['example_external_task_marker_child', 'example_external_task_marker_parent']) retrieved from /home/airflow/.local/lib/python3.7/site-packages/airflow/example_dags/example_external_task_marker_dag.py
[2025-10-20T06:49:24.297+0000] {logging_mixin.py:120} INFO - [2025-10-20T06:49:24.297+0000] {dag.py:2585} INFO - Sync 2 DAGs
[2025-10-20T06:49:24.321+0000] {logging_mixin.py:120} INFO - [2025-10-20T06:49:24.320+0000] {dag.py:3340} INFO - Setting next_dagrun for example_external_task_marker_child to None, run_after=None
[2025-10-20T06:49:24.324+0000] {logging_mixin.py:120} INFO - [2025-10-20T06:49:24.324+0000] {dag.py:3340} INFO - Setting next_dagrun for example_external_task_marker_parent to None, run_after=None
[2025-10-20T06:49:24.347+0000] {processor.py:176} INFO - Processing /home/airflow/.local/lib/python3.7/site-packages/airflow/example_dags/example_external_task_marker_dag.py took 0.265 seconds
[2025-10-20T06:49:54.511+0000] {processor.py:154} INFO - Started process (PID=361) to work on /home/airflow/.local/lib/python3.7/site-packages/airflow/example_dags/example_external_task_marker_dag.py
[2025-10-20T06:49:54.512+0000] {processor.py:756} INFO - Processing file /home/airflow/.local/lib/python3.7/site-packages/airflow/example_dags/example_external_task_marker_dag.py for tasks to queue
[2025-10-20T06:49:54.513+0000] {logging_mixin.py:120} INFO - [2025-10-20T06:49:54.513+0000] {dagbag.py:537} INFO - Filling up the DagBag from /home/airflow/.local/lib/python3.7/site-packages/airflow/example_dags/example_external_task_marker_dag.py
[2025-10-20T06:49:54.528+0000] {processor.py:766} INFO - DAG(s) dict_keys(['example_external_task_marker_child', 'example_external_task_marker_parent']) retrieved from /home/airflow/.local/lib/python3.7/site-packages/airflow/example_dags/example_external_task_marker_dag.py
[2025-10-20T06:49:54.715+0000] {logging_mixin.py:120} INFO - [2025-10-20T06:49:54.715+0000] {dag.py:2585} INFO - Sync 2 DAGs
[2025-10-20T06:49:54.740+0000] {logging_mixin.py:120} INFO - [2025-10-20T06:49:54.740+0000] {dag.py:3340} INFO - Setting next_dagrun for example_external_task_marker_child to None, run_after=None
[2025-10-20T06:49:54.743+0000] {logging_mixin.py:120} INFO - [2025-10-20T06:49:54.743+0000] {dag.py:3340} INFO - Setting next_dagrun for example_external_task_marker_parent to None, run_after=None
[2025-10-20T06:49:54.764+0000] {processor.py:176} INFO - Processing /home/airflow/.local/lib/python3.7/site-packages/airflow/example_dags/example_external_task_marker_dag.py took 0.256 seconds
[2025-10-20T06:50:24.882+0000] {processor.py:154} INFO - Started process (PID=439) to work on /home/airflow/.local/lib/python3.7/site-packages/airflow/example_dags/example_external_task_marker_dag.py
[2025-10-20T06:50:24.884+0000] {processor.py:756} INFO - Processing file /home/airflow/.local/lib/python3.7/site-packages/airflow/example_dags/example_external_task_marker_dag.py for tasks to queue
[2025-10-20T06:50:24.886+0000] {logging_mixin.py:120} INFO - [2025-10-20T06:50:24.885+0000] {dagbag.py:537} INFO - Filling up the DagBag from /home/airflow/.local/lib/python3.7/site-packages/airflow/example_dags/example_external_task_marker_dag.py
[2025-10-20T06:50:24.908+0000] {processor.py:766} INFO - DAG(s) dict_keys(['example_external_task_marker_parent', 'example_external_task_marker_child']) retrieved from /home/airflow/.local/lib/python3.7/site-packages/airflow/example_dags/example_external_task_marker_dag.py
[2025-10-20T06:50:25.104+0000] {logging_mixin.py:120} INFO - [2025-10-20T06:50:25.104+0000] {dag.py:2585} INFO - Sync 2 DAGs
[2025-10-20T06:50:25.130+0000] {logging_mixin.py:120} INFO - [2025-10-20T06:50:25.129+0000] {dag.py:3340} INFO - Setting next_dagrun for example_external_task_marker_child to None, run_after=None
[2025-10-20T06:50:25.135+0000] {logging_mixin.py:120} INFO - [2025-10-20T06:50:25.134+0000] {dag.py:3340} INFO - Setting next_dagrun for example_external_task_marker_parent to None, run_after=None
[2025-10-20T06:50:25.156+0000] {processor.py:176} INFO - Processing /home/airflow/.local/lib/python3.7/site-packages/airflow/example_dags/example_external_task_marker_dag.py took 0.279 seconds
[2025-10-20T06:51:11.213+0000] {processor.py:154} INFO - Started process (PID=63) to work on /home/airflow/.local/lib/python3.7/site-packages/airflow/example_dags/example_external_task_marker_dag.py
[2025-10-20T06:51:11.215+0000] {processor.py:756} INFO - Processing file /home/airflow/.local/lib/python3.7/site-packages/airflow/example_dags/example_external_task_marker_dag.py for tasks to queue
[2025-10-20T06:51:11.216+0000] {logging_mixin.py:120} INFO - [2025-10-20T06:51:11.216+0000] {dagbag.py:537} INFO - Filling up the DagBag from /home/airflow/.local/lib/python3.7/site-packages/airflow/example_dags/example_external_task_marker_dag.py
[2025-10-20T06:51:11.253+0000] {processor.py:766} INFO - DAG(s) dict_keys(['example_external_task_marker_child', 'example_external_task_marker_parent']) retrieved from /home/airflow/.local/lib/python3.7/site-packages/airflow/example_dags/example_external_task_marker_dag.py
[2025-10-20T06:51:11.356+0000] {logging_mixin.py:120} INFO - [2025-10-20T06:51:11.356+0000] {dag.py:2585} INFO - Sync 2 DAGs
[2025-10-20T06:51:11.435+0000] {logging_mixin.py:120} INFO - [2025-10-20T06:51:11.435+0000] {dag.py:3340} INFO - Setting next_dagrun for example_external_task_marker_child to None, run_after=None
[2025-10-20T06:51:11.446+0000] {logging_mixin.py:120} INFO - [2025-10-20T06:51:11.446+0000] {dag.py:3340} INFO - Setting next_dagrun for example_external_task_marker_parent to None, run_after=None
[2025-10-20T06:51:11.520+0000] {processor.py:176} INFO - Processing /home/airflow/.local/lib/python3.7/site-packages/airflow/example_dags/example_external_task_marker_dag.py took 0.314 seconds
[2025-10-20T06:51:41.900+0000] {processor.py:154} INFO - Started process (PID=118) to work on /home/airflow/.local/lib/python3.7/site-packages/airflow/example_dags/example_external_task_marker_dag.py
[2025-10-20T06:51:41.901+0000] {processor.py:756} INFO - Processing file /home/airflow/.local/lib/python3.7/site-packages/airflow/example_dags/example_external_task_marker_dag.py for tasks to queue
[2025-10-20T06:51:41.902+0000] {logging_mixin.py:120} INFO - [2025-10-20T06:51:41.902+0000] {dagbag.py:537} INFO - Filling up the DagBag from /home/airflow/.local/lib/python3.7/site-packages/airflow/example_dags/example_external_task_marker_dag.py
[2025-10-20T06:51:41.920+0000] {processor.py:766} INFO - DAG(s) dict_keys(['example_external_task_marker_child', 'example_external_task_marker_parent']) retrieved from /home/airflow/.local/lib/python3.7/site-packages/airflow/example_dags/example_external_task_marker_dag.py
[2025-10-20T06:51:42.196+0000] {logging_mixin.py:120} INFO - [2025-10-20T06:51:42.196+0000] {dag.py:2585} INFO - Sync 2 DAGs
[2025-10-20T06:51:42.222+0000] {logging_mixin.py:120} INFO - [2025-10-20T06:51:42.222+0000] {dag.py:3340} INFO - Setting next_dagrun for example_external_task_marker_child to None, run_after=None
[2025-10-20T06:51:42.228+0000] {logging_mixin.py:120} INFO - [2025-10-20T06:51:42.228+0000] {dag.py:3340} INFO - Setting next_dagrun for example_external_task_marker_parent to None, run_after=None
[2025-10-20T06:51:42.255+0000] {processor.py:176} INFO - Processing /home/airflow/.local/lib/python3.7/site-packages/airflow/example_dags/example_external_task_marker_dag.py took 0.359 seconds
