[2025-10-20T06:47:22.194+0000] {processor.py:154} INFO - Started process (PID=65) to work on /home/airflow/.local/lib/python3.7/site-packages/airflow/example_dags/example_latest_only.py
[2025-10-20T06:47:22.197+0000] {processor.py:756} INFO - Processing file /home/airflow/.local/lib/python3.7/site-packages/airflow/example_dags/example_latest_only.py for tasks to queue
[2025-10-20T06:47:22.199+0000] {logging_mixin.py:120} INFO - [2025-10-20T06:47:22.199+0000] {dagbag.py:537} INFO - Filling up the DagBag from /home/airflow/.local/lib/python3.7/site-packages/airflow/example_dags/example_latest_only.py
[2025-10-20T06:47:22.259+0000] {processor.py:766} INFO - DAG(s) dict_keys(['latest_only']) retrieved from /home/airflow/.local/lib/python3.7/site-packages/airflow/example_dags/example_latest_only.py
[2025-10-20T06:47:22.750+0000] {logging_mixin.py:120} INFO - [2025-10-20T06:47:22.750+0000] {manager.py:507} INFO - Created Permission View: can edit on DAG:latest_only
[2025-10-20T06:47:22.768+0000] {logging_mixin.py:120} INFO - [2025-10-20T06:47:22.767+0000] {manager.py:507} INFO - Created Permission View: can read on DAG:latest_only
[2025-10-20T06:47:22.784+0000] {logging_mixin.py:120} INFO - [2025-10-20T06:47:22.784+0000] {manager.py:507} INFO - Created Permission View: can delete on DAG:latest_only
[2025-10-20T06:47:22.792+0000] {logging_mixin.py:120} INFO - [2025-10-20T06:47:22.791+0000] {dag.py:2585} INFO - Sync 1 DAGs
[2025-10-20T06:47:22.825+0000] {logging_mixin.py:120} INFO - [2025-10-20T06:47:22.825+0000] {dag.py:2606} INFO - Creating ORM DAG for latest_only
[2025-10-20T06:47:22.848+0000] {logging_mixin.py:120} INFO - [2025-10-20T06:47:22.848+0000] {dag.py:3340} INFO - Setting next_dagrun for latest_only to 2025-10-20T02:47:22.847558+00:00, run_after=2025-10-20T06:47:22.847558+00:00
[2025-10-20T06:47:22.888+0000] {processor.py:176} INFO - Processing /home/airflow/.local/lib/python3.7/site-packages/airflow/example_dags/example_latest_only.py took 0.706 seconds
[2025-10-20T06:47:53.110+0000] {processor.py:154} INFO - Started process (PID=128) to work on /home/airflow/.local/lib/python3.7/site-packages/airflow/example_dags/example_latest_only.py
[2025-10-20T06:47:53.111+0000] {processor.py:756} INFO - Processing file /home/airflow/.local/lib/python3.7/site-packages/airflow/example_dags/example_latest_only.py for tasks to queue
[2025-10-20T06:47:53.113+0000] {logging_mixin.py:120} INFO - [2025-10-20T06:47:53.112+0000] {dagbag.py:537} INFO - Filling up the DagBag from /home/airflow/.local/lib/python3.7/site-packages/airflow/example_dags/example_latest_only.py
[2025-10-20T06:47:53.132+0000] {processor.py:766} INFO - DAG(s) dict_keys(['latest_only']) retrieved from /home/airflow/.local/lib/python3.7/site-packages/airflow/example_dags/example_latest_only.py
[2025-10-20T06:47:53.180+0000] {logging_mixin.py:120} INFO - [2025-10-20T06:47:53.179+0000] {dag.py:2585} INFO - Sync 1 DAGs
[2025-10-20T06:47:53.207+0000] {logging_mixin.py:120} INFO - [2025-10-20T06:47:53.207+0000] {dag.py:3340} INFO - Setting next_dagrun for latest_only to 2025-10-20T02:47:53.206827+00:00, run_after=2025-10-20T06:47:53.206827+00:00
[2025-10-20T06:47:53.231+0000] {processor.py:176} INFO - Processing /home/airflow/.local/lib/python3.7/site-packages/airflow/example_dags/example_latest_only.py took 0.124 seconds
[2025-10-20T06:48:23.601+0000] {processor.py:154} INFO - Started process (PID=183) to work on /home/airflow/.local/lib/python3.7/site-packages/airflow/example_dags/example_latest_only.py
[2025-10-20T06:48:23.602+0000] {processor.py:756} INFO - Processing file /home/airflow/.local/lib/python3.7/site-packages/airflow/example_dags/example_latest_only.py for tasks to queue
[2025-10-20T06:48:23.603+0000] {logging_mixin.py:120} INFO - [2025-10-20T06:48:23.603+0000] {dagbag.py:537} INFO - Filling up the DagBag from /home/airflow/.local/lib/python3.7/site-packages/airflow/example_dags/example_latest_only.py
[2025-10-20T06:48:23.616+0000] {processor.py:766} INFO - DAG(s) dict_keys(['latest_only']) retrieved from /home/airflow/.local/lib/python3.7/site-packages/airflow/example_dags/example_latest_only.py
[2025-10-20T06:48:23.655+0000] {logging_mixin.py:120} INFO - [2025-10-20T06:48:23.654+0000] {dag.py:2585} INFO - Sync 1 DAGs
[2025-10-20T06:48:23.677+0000] {logging_mixin.py:120} INFO - [2025-10-20T06:48:23.677+0000] {dag.py:3340} INFO - Setting next_dagrun for latest_only to 2025-10-20T02:48:23.676923+00:00, run_after=2025-10-20T06:48:23.676923+00:00
[2025-10-20T06:48:23.697+0000] {processor.py:176} INFO - Processing /home/airflow/.local/lib/python3.7/site-packages/airflow/example_dags/example_latest_only.py took 0.101 seconds
[2025-10-20T06:48:53.993+0000] {processor.py:154} INFO - Started process (PID=246) to work on /home/airflow/.local/lib/python3.7/site-packages/airflow/example_dags/example_latest_only.py
[2025-10-20T06:48:53.994+0000] {processor.py:756} INFO - Processing file /home/airflow/.local/lib/python3.7/site-packages/airflow/example_dags/example_latest_only.py for tasks to queue
[2025-10-20T06:48:53.995+0000] {logging_mixin.py:120} INFO - [2025-10-20T06:48:53.995+0000] {dagbag.py:537} INFO - Filling up the DagBag from /home/airflow/.local/lib/python3.7/site-packages/airflow/example_dags/example_latest_only.py
[2025-10-20T06:48:54.009+0000] {processor.py:766} INFO - DAG(s) dict_keys(['latest_only']) retrieved from /home/airflow/.local/lib/python3.7/site-packages/airflow/example_dags/example_latest_only.py
[2025-10-20T06:48:54.056+0000] {logging_mixin.py:120} INFO - [2025-10-20T06:48:54.056+0000] {dag.py:2585} INFO - Sync 1 DAGs
[2025-10-20T06:48:54.079+0000] {logging_mixin.py:120} INFO - [2025-10-20T06:48:54.079+0000] {dag.py:3340} INFO - Setting next_dagrun for latest_only to 2025-10-20T02:48:54.078866+00:00, run_after=2025-10-20T06:48:54.078866+00:00
[2025-10-20T06:48:54.099+0000] {processor.py:176} INFO - Processing /home/airflow/.local/lib/python3.7/site-packages/airflow/example_dags/example_latest_only.py took 0.109 seconds
[2025-10-20T06:49:24.385+0000] {processor.py:154} INFO - Started process (PID=309) to work on /home/airflow/.local/lib/python3.7/site-packages/airflow/example_dags/example_latest_only.py
[2025-10-20T06:49:24.387+0000] {processor.py:756} INFO - Processing file /home/airflow/.local/lib/python3.7/site-packages/airflow/example_dags/example_latest_only.py for tasks to queue
[2025-10-20T06:49:24.388+0000] {logging_mixin.py:120} INFO - [2025-10-20T06:49:24.387+0000] {dagbag.py:537} INFO - Filling up the DagBag from /home/airflow/.local/lib/python3.7/site-packages/airflow/example_dags/example_latest_only.py
[2025-10-20T06:49:24.402+0000] {processor.py:766} INFO - DAG(s) dict_keys(['latest_only']) retrieved from /home/airflow/.local/lib/python3.7/site-packages/airflow/example_dags/example_latest_only.py
[2025-10-20T06:49:24.444+0000] {logging_mixin.py:120} INFO - [2025-10-20T06:49:24.444+0000] {dag.py:2585} INFO - Sync 1 DAGs
[2025-10-20T06:49:24.467+0000] {logging_mixin.py:120} INFO - [2025-10-20T06:49:24.467+0000] {dag.py:3340} INFO - Setting next_dagrun for latest_only to 2025-10-20T02:49:24.467005+00:00, run_after=2025-10-20T06:49:24.467005+00:00
[2025-10-20T06:49:24.489+0000] {processor.py:176} INFO - Processing /home/airflow/.local/lib/python3.7/site-packages/airflow/example_dags/example_latest_only.py took 0.108 seconds
[2025-10-20T06:49:54.668+0000] {processor.py:154} INFO - Started process (PID=363) to work on /home/airflow/.local/lib/python3.7/site-packages/airflow/example_dags/example_latest_only.py
[2025-10-20T06:49:54.670+0000] {processor.py:756} INFO - Processing file /home/airflow/.local/lib/python3.7/site-packages/airflow/example_dags/example_latest_only.py for tasks to queue
[2025-10-20T06:49:54.671+0000] {logging_mixin.py:120} INFO - [2025-10-20T06:49:54.670+0000] {dagbag.py:537} INFO - Filling up the DagBag from /home/airflow/.local/lib/python3.7/site-packages/airflow/example_dags/example_latest_only.py
[2025-10-20T06:49:54.685+0000] {processor.py:766} INFO - DAG(s) dict_keys(['latest_only']) retrieved from /home/airflow/.local/lib/python3.7/site-packages/airflow/example_dags/example_latest_only.py
[2025-10-20T06:49:54.725+0000] {logging_mixin.py:120} INFO - [2025-10-20T06:49:54.725+0000] {dag.py:2585} INFO - Sync 1 DAGs
[2025-10-20T06:49:54.749+0000] {logging_mixin.py:120} INFO - [2025-10-20T06:49:54.749+0000] {dag.py:3340} INFO - Setting next_dagrun for latest_only to 2025-10-20T02:49:54.748880+00:00, run_after=2025-10-20T06:49:54.748880+00:00
[2025-10-20T06:49:54.772+0000] {processor.py:176} INFO - Processing /home/airflow/.local/lib/python3.7/site-packages/airflow/example_dags/example_latest_only.py took 0.108 seconds
[2025-10-20T06:50:25.196+0000] {processor.py:154} INFO - Started process (PID=440) to work on /home/airflow/.local/lib/python3.7/site-packages/airflow/example_dags/example_latest_only.py
[2025-10-20T06:50:25.198+0000] {processor.py:756} INFO - Processing file /home/airflow/.local/lib/python3.7/site-packages/airflow/example_dags/example_latest_only.py for tasks to queue
[2025-10-20T06:50:25.199+0000] {logging_mixin.py:120} INFO - [2025-10-20T06:50:25.199+0000] {dagbag.py:537} INFO - Filling up the DagBag from /home/airflow/.local/lib/python3.7/site-packages/airflow/example_dags/example_latest_only.py
[2025-10-20T06:50:25.216+0000] {processor.py:766} INFO - DAG(s) dict_keys(['latest_only']) retrieved from /home/airflow/.local/lib/python3.7/site-packages/airflow/example_dags/example_latest_only.py
[2025-10-20T06:50:25.260+0000] {logging_mixin.py:120} INFO - [2025-10-20T06:50:25.260+0000] {dag.py:2585} INFO - Sync 1 DAGs
[2025-10-20T06:50:25.291+0000] {logging_mixin.py:120} INFO - [2025-10-20T06:50:25.290+0000] {dag.py:3340} INFO - Setting next_dagrun for latest_only to 2025-10-20T02:50:25.290448+00:00, run_after=2025-10-20T06:50:25.290448+00:00
[2025-10-20T06:50:25.327+0000] {processor.py:176} INFO - Processing /home/airflow/.local/lib/python3.7/site-packages/airflow/example_dags/example_latest_only.py took 0.134 seconds
[2025-10-20T06:51:12.109+0000] {processor.py:154} INFO - Started process (PID=67) to work on /home/airflow/.local/lib/python3.7/site-packages/airflow/example_dags/example_latest_only.py
[2025-10-20T06:51:12.114+0000] {processor.py:756} INFO - Processing file /home/airflow/.local/lib/python3.7/site-packages/airflow/example_dags/example_latest_only.py for tasks to queue
[2025-10-20T06:51:12.116+0000] {logging_mixin.py:120} INFO - [2025-10-20T06:51:12.116+0000] {dagbag.py:537} INFO - Filling up the DagBag from /home/airflow/.local/lib/python3.7/site-packages/airflow/example_dags/example_latest_only.py
[2025-10-20T06:51:12.179+0000] {processor.py:766} INFO - DAG(s) dict_keys(['latest_only']) retrieved from /home/airflow/.local/lib/python3.7/site-packages/airflow/example_dags/example_latest_only.py
[2025-10-20T06:51:12.259+0000] {logging_mixin.py:120} INFO - [2025-10-20T06:51:12.259+0000] {dag.py:2585} INFO - Sync 1 DAGs
[2025-10-20T06:51:12.361+0000] {logging_mixin.py:120} INFO - [2025-10-20T06:51:12.361+0000] {dag.py:3340} INFO - Setting next_dagrun for latest_only to 2025-10-20T02:51:12.360730+00:00, run_after=2025-10-20T06:51:12.360730+00:00
[2025-10-20T06:51:12.471+0000] {processor.py:176} INFO - Processing /home/airflow/.local/lib/python3.7/site-packages/airflow/example_dags/example_latest_only.py took 0.376 seconds
[2025-10-20T06:51:43.438+0000] {processor.py:154} INFO - Started process (PID=122) to work on /home/airflow/.local/lib/python3.7/site-packages/airflow/example_dags/example_latest_only.py
[2025-10-20T06:51:43.440+0000] {processor.py:756} INFO - Processing file /home/airflow/.local/lib/python3.7/site-packages/airflow/example_dags/example_latest_only.py for tasks to queue
[2025-10-20T06:51:43.441+0000] {logging_mixin.py:120} INFO - [2025-10-20T06:51:43.441+0000] {dagbag.py:537} INFO - Filling up the DagBag from /home/airflow/.local/lib/python3.7/site-packages/airflow/example_dags/example_latest_only.py
[2025-10-20T06:51:43.466+0000] {processor.py:766} INFO - DAG(s) dict_keys(['latest_only']) retrieved from /home/airflow/.local/lib/python3.7/site-packages/airflow/example_dags/example_latest_only.py
[2025-10-20T06:51:43.523+0000] {logging_mixin.py:120} INFO - [2025-10-20T06:51:43.522+0000] {dag.py:2585} INFO - Sync 1 DAGs
[2025-10-20T06:51:43.562+0000] {logging_mixin.py:120} INFO - [2025-10-20T06:51:43.561+0000] {dag.py:3340} INFO - Setting next_dagrun for latest_only to 2025-10-20T02:51:43.561537+00:00, run_after=2025-10-20T06:51:43.561537+00:00
[2025-10-20T06:51:43.586+0000] {processor.py:176} INFO - Processing /home/airflow/.local/lib/python3.7/site-packages/airflow/example_dags/example_latest_only.py took 0.152 seconds
