[2025-10-20T06:47:20.647+0000] {processor.py:154} INFO - Started process (PID=59) to work on /home/airflow/.local/lib/python3.7/site-packages/airflow/example_dags/example_branch_operator_decorator.py
[2025-10-20T06:47:20.651+0000] {processor.py:756} INFO - Processing file /home/airflow/.local/lib/python3.7/site-packages/airflow/example_dags/example_branch_operator_decorator.py for tasks to queue
[2025-10-20T06:47:20.653+0000] {logging_mixin.py:120} INFO - [2025-10-20T06:47:20.653+0000] {dagbag.py:537} INFO - Filling up the DagBag from /home/airflow/.local/lib/python3.7/site-packages/airflow/example_dags/example_branch_operator_decorator.py
[2025-10-20T06:47:20.714+0000] {processor.py:766} INFO - DAG(s) dict_keys(['example_branch_python_operator_decorator']) retrieved from /home/airflow/.local/lib/python3.7/site-packages/airflow/example_dags/example_branch_operator_decorator.py
[2025-10-20T06:47:20.921+0000] {logging_mixin.py:120} INFO - [2025-10-20T06:47:20.920+0000] {manager.py:507} INFO - Created Permission View: can edit on DAG:example_branch_python_operator_decorator
[2025-10-20T06:47:20.932+0000] {logging_mixin.py:120} INFO - [2025-10-20T06:47:20.931+0000] {manager.py:507} INFO - Created Permission View: can read on DAG:example_branch_python_operator_decorator
[2025-10-20T06:47:20.940+0000] {logging_mixin.py:120} INFO - [2025-10-20T06:47:20.939+0000] {manager.py:507} INFO - Created Permission View: can delete on DAG:example_branch_python_operator_decorator
[2025-10-20T06:47:20.940+0000] {logging_mixin.py:120} INFO - [2025-10-20T06:47:20.940+0000] {dag.py:2585} INFO - Sync 1 DAGs
[2025-10-20T06:47:20.953+0000] {logging_mixin.py:120} INFO - [2025-10-20T06:47:20.953+0000] {dag.py:2606} INFO - Creating ORM DAG for example_branch_python_operator_decorator
[2025-10-20T06:47:20.970+0000] {logging_mixin.py:120} INFO - [2025-10-20T06:47:20.970+0000] {dag.py:3340} INFO - Setting next_dagrun for example_branch_python_operator_decorator to 2025-10-19T00:00:00+00:00, run_after=2025-10-20T00:00:00+00:00
[2025-10-20T06:47:21.028+0000] {processor.py:176} INFO - Processing /home/airflow/.local/lib/python3.7/site-packages/airflow/example_dags/example_branch_operator_decorator.py took 0.389 seconds
[2025-10-20T06:47:51.627+0000] {processor.py:154} INFO - Started process (PID=122) to work on /home/airflow/.local/lib/python3.7/site-packages/airflow/example_dags/example_branch_operator_decorator.py
[2025-10-20T06:47:51.630+0000] {processor.py:756} INFO - Processing file /home/airflow/.local/lib/python3.7/site-packages/airflow/example_dags/example_branch_operator_decorator.py for tasks to queue
[2025-10-20T06:47:51.631+0000] {logging_mixin.py:120} INFO - [2025-10-20T06:47:51.631+0000] {dagbag.py:537} INFO - Filling up the DagBag from /home/airflow/.local/lib/python3.7/site-packages/airflow/example_dags/example_branch_operator_decorator.py
[2025-10-20T06:47:51.669+0000] {processor.py:766} INFO - DAG(s) dict_keys(['example_branch_python_operator_decorator']) retrieved from /home/airflow/.local/lib/python3.7/site-packages/airflow/example_dags/example_branch_operator_decorator.py
[2025-10-20T06:47:51.700+0000] {logging_mixin.py:120} INFO - [2025-10-20T06:47:51.700+0000] {dag.py:2585} INFO - Sync 1 DAGs
[2025-10-20T06:47:51.733+0000] {logging_mixin.py:120} INFO - [2025-10-20T06:47:51.733+0000] {dag.py:3340} INFO - Setting next_dagrun for example_branch_python_operator_decorator to 2025-10-19T00:00:00+00:00, run_after=2025-10-20T00:00:00+00:00
[2025-10-20T06:47:51.763+0000] {processor.py:176} INFO - Processing /home/airflow/.local/lib/python3.7/site-packages/airflow/example_dags/example_branch_operator_decorator.py took 0.140 seconds
[2025-10-20T06:48:22.156+0000] {processor.py:154} INFO - Started process (PID=177) to work on /home/airflow/.local/lib/python3.7/site-packages/airflow/example_dags/example_branch_operator_decorator.py
[2025-10-20T06:48:22.157+0000] {processor.py:756} INFO - Processing file /home/airflow/.local/lib/python3.7/site-packages/airflow/example_dags/example_branch_operator_decorator.py for tasks to queue
[2025-10-20T06:48:22.158+0000] {logging_mixin.py:120} INFO - [2025-10-20T06:48:22.158+0000] {dagbag.py:537} INFO - Filling up the DagBag from /home/airflow/.local/lib/python3.7/site-packages/airflow/example_dags/example_branch_operator_decorator.py
[2025-10-20T06:48:22.184+0000] {processor.py:766} INFO - DAG(s) dict_keys(['example_branch_python_operator_decorator']) retrieved from /home/airflow/.local/lib/python3.7/site-packages/airflow/example_dags/example_branch_operator_decorator.py
[2025-10-20T06:48:22.224+0000] {logging_mixin.py:120} INFO - [2025-10-20T06:48:22.224+0000] {dag.py:2585} INFO - Sync 1 DAGs
[2025-10-20T06:48:22.250+0000] {logging_mixin.py:120} INFO - [2025-10-20T06:48:22.250+0000] {dag.py:3340} INFO - Setting next_dagrun for example_branch_python_operator_decorator to 2025-10-19T00:00:00+00:00, run_after=2025-10-20T00:00:00+00:00
[2025-10-20T06:48:22.272+0000] {processor.py:176} INFO - Processing /home/airflow/.local/lib/python3.7/site-packages/airflow/example_dags/example_branch_operator_decorator.py took 0.119 seconds
[2025-10-20T06:48:52.404+0000] {processor.py:154} INFO - Started process (PID=240) to work on /home/airflow/.local/lib/python3.7/site-packages/airflow/example_dags/example_branch_operator_decorator.py
[2025-10-20T06:48:52.405+0000] {processor.py:756} INFO - Processing file /home/airflow/.local/lib/python3.7/site-packages/airflow/example_dags/example_branch_operator_decorator.py for tasks to queue
[2025-10-20T06:48:52.406+0000] {logging_mixin.py:120} INFO - [2025-10-20T06:48:52.406+0000] {dagbag.py:537} INFO - Filling up the DagBag from /home/airflow/.local/lib/python3.7/site-packages/airflow/example_dags/example_branch_operator_decorator.py
[2025-10-20T06:48:52.429+0000] {processor.py:766} INFO - DAG(s) dict_keys(['example_branch_python_operator_decorator']) retrieved from /home/airflow/.local/lib/python3.7/site-packages/airflow/example_dags/example_branch_operator_decorator.py
[2025-10-20T06:48:52.471+0000] {logging_mixin.py:120} INFO - [2025-10-20T06:48:52.471+0000] {dag.py:2585} INFO - Sync 1 DAGs
[2025-10-20T06:48:52.496+0000] {logging_mixin.py:120} INFO - [2025-10-20T06:48:52.495+0000] {dag.py:3340} INFO - Setting next_dagrun for example_branch_python_operator_decorator to 2025-10-19T00:00:00+00:00, run_after=2025-10-20T00:00:00+00:00
[2025-10-20T06:48:52.516+0000] {processor.py:176} INFO - Processing /home/airflow/.local/lib/python3.7/site-packages/airflow/example_dags/example_branch_operator_decorator.py took 0.115 seconds
[2025-10-20T06:49:22.707+0000] {processor.py:154} INFO - Started process (PID=303) to work on /home/airflow/.local/lib/python3.7/site-packages/airflow/example_dags/example_branch_operator_decorator.py
[2025-10-20T06:49:22.709+0000] {processor.py:756} INFO - Processing file /home/airflow/.local/lib/python3.7/site-packages/airflow/example_dags/example_branch_operator_decorator.py for tasks to queue
[2025-10-20T06:49:22.710+0000] {logging_mixin.py:120} INFO - [2025-10-20T06:49:22.709+0000] {dagbag.py:537} INFO - Filling up the DagBag from /home/airflow/.local/lib/python3.7/site-packages/airflow/example_dags/example_branch_operator_decorator.py
[2025-10-20T06:49:22.740+0000] {processor.py:766} INFO - DAG(s) dict_keys(['example_branch_python_operator_decorator']) retrieved from /home/airflow/.local/lib/python3.7/site-packages/airflow/example_dags/example_branch_operator_decorator.py
[2025-10-20T06:49:22.802+0000] {logging_mixin.py:120} INFO - [2025-10-20T06:49:22.802+0000] {dag.py:2585} INFO - Sync 1 DAGs
[2025-10-20T06:49:22.841+0000] {logging_mixin.py:120} INFO - [2025-10-20T06:49:22.841+0000] {dag.py:3340} INFO - Setting next_dagrun for example_branch_python_operator_decorator to 2025-10-19T00:00:00+00:00, run_after=2025-10-20T00:00:00+00:00
[2025-10-20T06:49:22.866+0000] {processor.py:176} INFO - Processing /home/airflow/.local/lib/python3.7/site-packages/airflow/example_dags/example_branch_operator_decorator.py took 0.163 seconds
[2025-10-20T06:49:53.013+0000] {processor.py:154} INFO - Started process (PID=357) to work on /home/airflow/.local/lib/python3.7/site-packages/airflow/example_dags/example_branch_operator_decorator.py
[2025-10-20T06:49:53.015+0000] {processor.py:756} INFO - Processing file /home/airflow/.local/lib/python3.7/site-packages/airflow/example_dags/example_branch_operator_decorator.py for tasks to queue
[2025-10-20T06:49:53.016+0000] {logging_mixin.py:120} INFO - [2025-10-20T06:49:53.015+0000] {dagbag.py:537} INFO - Filling up the DagBag from /home/airflow/.local/lib/python3.7/site-packages/airflow/example_dags/example_branch_operator_decorator.py
[2025-10-20T06:49:53.046+0000] {processor.py:766} INFO - DAG(s) dict_keys(['example_branch_python_operator_decorator']) retrieved from /home/airflow/.local/lib/python3.7/site-packages/airflow/example_dags/example_branch_operator_decorator.py
[2025-10-20T06:49:53.098+0000] {logging_mixin.py:120} INFO - [2025-10-20T06:49:53.097+0000] {dag.py:2585} INFO - Sync 1 DAGs
[2025-10-20T06:49:53.126+0000] {logging_mixin.py:120} INFO - [2025-10-20T06:49:53.126+0000] {dag.py:3340} INFO - Setting next_dagrun for example_branch_python_operator_decorator to 2025-10-19T00:00:00+00:00, run_after=2025-10-20T00:00:00+00:00
[2025-10-20T06:49:53.147+0000] {processor.py:176} INFO - Processing /home/airflow/.local/lib/python3.7/site-packages/airflow/example_dags/example_branch_operator_decorator.py took 0.137 seconds
[2025-10-20T06:50:23.374+0000] {processor.py:154} INFO - Started process (PID=425) to work on /home/airflow/.local/lib/python3.7/site-packages/airflow/example_dags/example_branch_operator_decorator.py
[2025-10-20T06:50:23.376+0000] {processor.py:756} INFO - Processing file /home/airflow/.local/lib/python3.7/site-packages/airflow/example_dags/example_branch_operator_decorator.py for tasks to queue
[2025-10-20T06:50:23.377+0000] {logging_mixin.py:120} INFO - [2025-10-20T06:50:23.377+0000] {dagbag.py:537} INFO - Filling up the DagBag from /home/airflow/.local/lib/python3.7/site-packages/airflow/example_dags/example_branch_operator_decorator.py
[2025-10-20T06:50:23.406+0000] {processor.py:766} INFO - DAG(s) dict_keys(['example_branch_python_operator_decorator']) retrieved from /home/airflow/.local/lib/python3.7/site-packages/airflow/example_dags/example_branch_operator_decorator.py
[2025-10-20T06:50:23.456+0000] {logging_mixin.py:120} INFO - [2025-10-20T06:50:23.455+0000] {dag.py:2585} INFO - Sync 1 DAGs
[2025-10-20T06:50:23.489+0000] {logging_mixin.py:120} INFO - [2025-10-20T06:50:23.489+0000] {dag.py:3340} INFO - Setting next_dagrun for example_branch_python_operator_decorator to 2025-10-19T00:00:00+00:00, run_after=2025-10-20T00:00:00+00:00
[2025-10-20T06:50:23.515+0000] {processor.py:176} INFO - Processing /home/airflow/.local/lib/python3.7/site-packages/airflow/example_dags/example_branch_operator_decorator.py took 0.145 seconds
[2025-10-20T06:50:53.601+0000] {processor.py:154} INFO - Started process (PID=497) to work on /home/airflow/.local/lib/python3.7/site-packages/airflow/example_dags/example_branch_operator_decorator.py
[2025-10-20T06:50:53.602+0000] {processor.py:756} INFO - Processing file /home/airflow/.local/lib/python3.7/site-packages/airflow/example_dags/example_branch_operator_decorator.py for tasks to queue
[2025-10-20T06:50:53.603+0000] {logging_mixin.py:120} INFO - [2025-10-20T06:50:53.603+0000] {dagbag.py:537} INFO - Filling up the DagBag from /home/airflow/.local/lib/python3.7/site-packages/airflow/example_dags/example_branch_operator_decorator.py
[2025-10-20T06:50:53.633+0000] {processor.py:766} INFO - DAG(s) dict_keys(['example_branch_python_operator_decorator']) retrieved from /home/airflow/.local/lib/python3.7/site-packages/airflow/example_dags/example_branch_operator_decorator.py
[2025-10-20T06:50:53.681+0000] {logging_mixin.py:120} INFO - [2025-10-20T06:50:53.681+0000] {dag.py:2585} INFO - Sync 1 DAGs
[2025-10-20T06:50:53.711+0000] {logging_mixin.py:120} INFO - [2025-10-20T06:50:53.711+0000] {dag.py:3340} INFO - Setting next_dagrun for example_branch_python_operator_decorator to 2025-10-19T00:00:00+00:00, run_after=2025-10-20T00:00:00+00:00
[2025-10-20T06:50:53.739+0000] {processor.py:176} INFO - Processing /home/airflow/.local/lib/python3.7/site-packages/airflow/example_dags/example_branch_operator_decorator.py took 0.144 seconds
[2025-10-20T06:51:10.835+0000] {processor.py:154} INFO - Started process (PID=61) to work on /home/airflow/.local/lib/python3.7/site-packages/airflow/example_dags/example_branch_operator_decorator.py
[2025-10-20T06:51:10.846+0000] {processor.py:756} INFO - Processing file /home/airflow/.local/lib/python3.7/site-packages/airflow/example_dags/example_branch_operator_decorator.py for tasks to queue
[2025-10-20T06:51:10.848+0000] {logging_mixin.py:120} INFO - [2025-10-20T06:51:10.848+0000] {dagbag.py:537} INFO - Filling up the DagBag from /home/airflow/.local/lib/python3.7/site-packages/airflow/example_dags/example_branch_operator_decorator.py
[2025-10-20T06:51:10.922+0000] {processor.py:766} INFO - DAG(s) dict_keys(['example_branch_python_operator_decorator']) retrieved from /home/airflow/.local/lib/python3.7/site-packages/airflow/example_dags/example_branch_operator_decorator.py
[2025-10-20T06:51:10.983+0000] {logging_mixin.py:120} INFO - [2025-10-20T06:51:10.983+0000] {dag.py:2585} INFO - Sync 1 DAGs
[2025-10-20T06:51:11.030+0000] {logging_mixin.py:120} INFO - [2025-10-20T06:51:11.029+0000] {dag.py:3340} INFO - Setting next_dagrun for example_branch_python_operator_decorator to 2025-10-19T00:00:00+00:00, run_after=2025-10-20T00:00:00+00:00
[2025-10-20T06:51:11.125+0000] {processor.py:176} INFO - Processing /home/airflow/.local/lib/python3.7/site-packages/airflow/example_dags/example_branch_operator_decorator.py took 0.298 seconds
[2025-10-20T06:51:41.689+0000] {processor.py:154} INFO - Started process (PID=116) to work on /home/airflow/.local/lib/python3.7/site-packages/airflow/example_dags/example_branch_operator_decorator.py
[2025-10-20T06:51:41.690+0000] {processor.py:756} INFO - Processing file /home/airflow/.local/lib/python3.7/site-packages/airflow/example_dags/example_branch_operator_decorator.py for tasks to queue
[2025-10-20T06:51:41.691+0000] {logging_mixin.py:120} INFO - [2025-10-20T06:51:41.691+0000] {dagbag.py:537} INFO - Filling up the DagBag from /home/airflow/.local/lib/python3.7/site-packages/airflow/example_dags/example_branch_operator_decorator.py
[2025-10-20T06:51:41.723+0000] {processor.py:766} INFO - DAG(s) dict_keys(['example_branch_python_operator_decorator']) retrieved from /home/airflow/.local/lib/python3.7/site-packages/airflow/example_dags/example_branch_operator_decorator.py
[2025-10-20T06:51:41.805+0000] {logging_mixin.py:120} INFO - [2025-10-20T06:51:41.805+0000] {dag.py:2585} INFO - Sync 1 DAGs
[2025-10-20T06:51:41.835+0000] {logging_mixin.py:120} INFO - [2025-10-20T06:51:41.835+0000] {dag.py:3340} INFO - Setting next_dagrun for example_branch_python_operator_decorator to 2025-10-19T00:00:00+00:00, run_after=2025-10-20T00:00:00+00:00
[2025-10-20T06:51:41.856+0000] {processor.py:176} INFO - Processing /home/airflow/.local/lib/python3.7/site-packages/airflow/example_dags/example_branch_operator_decorator.py took 0.172 seconds
