[2025-10-20T06:47:18.575+0000] {processor.py:154} INFO - Started process (PID=50) to work on /home/airflow/.local/lib/python3.7/site-packages/airflow/example_dags/example_trigger_target_dag.py
[2025-10-20T06:47:18.577+0000] {processor.py:756} INFO - Processing file /home/airflow/.local/lib/python3.7/site-packages/airflow/example_dags/example_trigger_target_dag.py for tasks to queue
[2025-10-20T06:47:18.579+0000] {logging_mixin.py:120} INFO - [2025-10-20T06:47:18.578+0000] {dagbag.py:537} INFO - Filling up the DagBag from /home/airflow/.local/lib/python3.7/site-packages/airflow/example_dags/example_trigger_target_dag.py
[2025-10-20T06:47:18.608+0000] {processor.py:766} INFO - DAG(s) dict_keys(['example_trigger_target_dag']) retrieved from /home/airflow/.local/lib/python3.7/site-packages/airflow/example_dags/example_trigger_target_dag.py
[2025-10-20T06:47:18.783+0000] {logging_mixin.py:120} INFO - [2025-10-20T06:47:18.783+0000] {manager.py:507} INFO - Created Permission View: can edit on DAG:example_trigger_target_dag
[2025-10-20T06:47:18.793+0000] {logging_mixin.py:120} INFO - [2025-10-20T06:47:18.793+0000] {manager.py:507} INFO - Created Permission View: can read on DAG:example_trigger_target_dag
[2025-10-20T06:47:18.804+0000] {logging_mixin.py:120} INFO - [2025-10-20T06:47:18.803+0000] {manager.py:507} INFO - Created Permission View: can delete on DAG:example_trigger_target_dag
[2025-10-20T06:47:18.804+0000] {logging_mixin.py:120} INFO - [2025-10-20T06:47:18.804+0000] {dag.py:2585} INFO - Sync 1 DAGs
[2025-10-20T06:47:18.837+0000] {logging_mixin.py:120} INFO - [2025-10-20T06:47:18.837+0000] {dag.py:2606} INFO - Creating ORM DAG for example_trigger_target_dag
[2025-10-20T06:47:18.875+0000] {logging_mixin.py:120} INFO - [2025-10-20T06:47:18.874+0000] {dag.py:3340} INFO - Setting next_dagrun for example_trigger_target_dag to None, run_after=None
[2025-10-20T06:47:18.947+0000] {processor.py:176} INFO - Processing /home/airflow/.local/lib/python3.7/site-packages/airflow/example_dags/example_trigger_target_dag.py took 0.377 seconds
[2025-10-20T06:47:49.729+0000] {processor.py:154} INFO - Started process (PID=104) to work on /home/airflow/.local/lib/python3.7/site-packages/airflow/example_dags/example_trigger_target_dag.py
[2025-10-20T06:47:49.731+0000] {processor.py:756} INFO - Processing file /home/airflow/.local/lib/python3.7/site-packages/airflow/example_dags/example_trigger_target_dag.py for tasks to queue
[2025-10-20T06:47:49.732+0000] {logging_mixin.py:120} INFO - [2025-10-20T06:47:49.732+0000] {dagbag.py:537} INFO - Filling up the DagBag from /home/airflow/.local/lib/python3.7/site-packages/airflow/example_dags/example_trigger_target_dag.py
[2025-10-20T06:47:49.757+0000] {processor.py:766} INFO - DAG(s) dict_keys(['example_trigger_target_dag']) retrieved from /home/airflow/.local/lib/python3.7/site-packages/airflow/example_dags/example_trigger_target_dag.py
[2025-10-20T06:47:49.785+0000] {logging_mixin.py:120} INFO - [2025-10-20T06:47:49.785+0000] {dag.py:2585} INFO - Sync 1 DAGs
[2025-10-20T06:47:49.811+0000] {logging_mixin.py:120} INFO - [2025-10-20T06:47:49.810+0000] {dag.py:3340} INFO - Setting next_dagrun for example_trigger_target_dag to None, run_after=None
[2025-10-20T06:47:49.834+0000] {processor.py:176} INFO - Processing /home/airflow/.local/lib/python3.7/site-packages/airflow/example_dags/example_trigger_target_dag.py took 0.108 seconds
[2025-10-20T06:48:20.184+0000] {processor.py:154} INFO - Started process (PID=168) to work on /home/airflow/.local/lib/python3.7/site-packages/airflow/example_dags/example_trigger_target_dag.py
[2025-10-20T06:48:20.185+0000] {processor.py:756} INFO - Processing file /home/airflow/.local/lib/python3.7/site-packages/airflow/example_dags/example_trigger_target_dag.py for tasks to queue
[2025-10-20T06:48:20.186+0000] {logging_mixin.py:120} INFO - [2025-10-20T06:48:20.186+0000] {dagbag.py:537} INFO - Filling up the DagBag from /home/airflow/.local/lib/python3.7/site-packages/airflow/example_dags/example_trigger_target_dag.py
[2025-10-20T06:48:20.213+0000] {processor.py:766} INFO - DAG(s) dict_keys(['example_trigger_target_dag']) retrieved from /home/airflow/.local/lib/python3.7/site-packages/airflow/example_dags/example_trigger_target_dag.py
[2025-10-20T06:48:20.271+0000] {logging_mixin.py:120} INFO - [2025-10-20T06:48:20.271+0000] {dag.py:2585} INFO - Sync 1 DAGs
[2025-10-20T06:48:20.302+0000] {logging_mixin.py:120} INFO - [2025-10-20T06:48:20.302+0000] {dag.py:3340} INFO - Setting next_dagrun for example_trigger_target_dag to None, run_after=None
[2025-10-20T06:48:20.323+0000] {processor.py:176} INFO - Processing /home/airflow/.local/lib/python3.7/site-packages/airflow/example_dags/example_trigger_target_dag.py took 0.143 seconds
[2025-10-20T06:48:50.562+0000] {processor.py:154} INFO - Started process (PID=231) to work on /home/airflow/.local/lib/python3.7/site-packages/airflow/example_dags/example_trigger_target_dag.py
[2025-10-20T06:48:50.564+0000] {processor.py:756} INFO - Processing file /home/airflow/.local/lib/python3.7/site-packages/airflow/example_dags/example_trigger_target_dag.py for tasks to queue
[2025-10-20T06:48:50.565+0000] {logging_mixin.py:120} INFO - [2025-10-20T06:48:50.565+0000] {dagbag.py:537} INFO - Filling up the DagBag from /home/airflow/.local/lib/python3.7/site-packages/airflow/example_dags/example_trigger_target_dag.py
[2025-10-20T06:48:50.614+0000] {processor.py:766} INFO - DAG(s) dict_keys(['example_trigger_target_dag']) retrieved from /home/airflow/.local/lib/python3.7/site-packages/airflow/example_dags/example_trigger_target_dag.py
[2025-10-20T06:48:50.681+0000] {logging_mixin.py:120} INFO - [2025-10-20T06:48:50.680+0000] {dag.py:2585} INFO - Sync 1 DAGs
[2025-10-20T06:48:50.723+0000] {logging_mixin.py:120} INFO - [2025-10-20T06:48:50.722+0000] {dag.py:3340} INFO - Setting next_dagrun for example_trigger_target_dag to None, run_after=None
[2025-10-20T06:48:50.749+0000] {processor.py:176} INFO - Processing /home/airflow/.local/lib/python3.7/site-packages/airflow/example_dags/example_trigger_target_dag.py took 0.193 seconds
[2025-10-20T06:49:20.927+0000] {processor.py:154} INFO - Started process (PID=285) to work on /home/airflow/.local/lib/python3.7/site-packages/airflow/example_dags/example_trigger_target_dag.py
[2025-10-20T06:49:20.929+0000] {processor.py:756} INFO - Processing file /home/airflow/.local/lib/python3.7/site-packages/airflow/example_dags/example_trigger_target_dag.py for tasks to queue
[2025-10-20T06:49:20.929+0000] {logging_mixin.py:120} INFO - [2025-10-20T06:49:20.929+0000] {dagbag.py:537} INFO - Filling up the DagBag from /home/airflow/.local/lib/python3.7/site-packages/airflow/example_dags/example_trigger_target_dag.py
[2025-10-20T06:49:20.950+0000] {processor.py:766} INFO - DAG(s) dict_keys(['example_trigger_target_dag']) retrieved from /home/airflow/.local/lib/python3.7/site-packages/airflow/example_dags/example_trigger_target_dag.py
[2025-10-20T06:49:20.993+0000] {logging_mixin.py:120} INFO - [2025-10-20T06:49:20.993+0000] {dag.py:2585} INFO - Sync 1 DAGs
[2025-10-20T06:49:21.017+0000] {logging_mixin.py:120} INFO - [2025-10-20T06:49:21.016+0000] {dag.py:3340} INFO - Setting next_dagrun for example_trigger_target_dag to None, run_after=None
[2025-10-20T06:49:21.039+0000] {processor.py:176} INFO - Processing /home/airflow/.local/lib/python3.7/site-packages/airflow/example_dags/example_trigger_target_dag.py took 0.116 seconds
[2025-10-20T06:49:51.373+0000] {processor.py:154} INFO - Started process (PID=348) to work on /home/airflow/.local/lib/python3.7/site-packages/airflow/example_dags/example_trigger_target_dag.py
[2025-10-20T06:49:51.375+0000] {processor.py:756} INFO - Processing file /home/airflow/.local/lib/python3.7/site-packages/airflow/example_dags/example_trigger_target_dag.py for tasks to queue
[2025-10-20T06:49:51.376+0000] {logging_mixin.py:120} INFO - [2025-10-20T06:49:51.375+0000] {dagbag.py:537} INFO - Filling up the DagBag from /home/airflow/.local/lib/python3.7/site-packages/airflow/example_dags/example_trigger_target_dag.py
[2025-10-20T06:49:51.398+0000] {processor.py:766} INFO - DAG(s) dict_keys(['example_trigger_target_dag']) retrieved from /home/airflow/.local/lib/python3.7/site-packages/airflow/example_dags/example_trigger_target_dag.py
[2025-10-20T06:49:51.443+0000] {logging_mixin.py:120} INFO - [2025-10-20T06:49:51.442+0000] {dag.py:2585} INFO - Sync 1 DAGs
[2025-10-20T06:49:51.470+0000] {logging_mixin.py:120} INFO - [2025-10-20T06:49:51.470+0000] {dag.py:3340} INFO - Setting next_dagrun for example_trigger_target_dag to None, run_after=None
[2025-10-20T06:49:51.491+0000] {processor.py:176} INFO - Processing /home/airflow/.local/lib/python3.7/site-packages/airflow/example_dags/example_trigger_target_dag.py took 0.121 seconds
[2025-10-20T06:50:21.687+0000] {processor.py:154} INFO - Started process (PID=416) to work on /home/airflow/.local/lib/python3.7/site-packages/airflow/example_dags/example_trigger_target_dag.py
[2025-10-20T06:50:21.689+0000] {processor.py:756} INFO - Processing file /home/airflow/.local/lib/python3.7/site-packages/airflow/example_dags/example_trigger_target_dag.py for tasks to queue
[2025-10-20T06:50:21.698+0000] {logging_mixin.py:120} INFO - [2025-10-20T06:50:21.697+0000] {dagbag.py:537} INFO - Filling up the DagBag from /home/airflow/.local/lib/python3.7/site-packages/airflow/example_dags/example_trigger_target_dag.py
[2025-10-20T06:50:21.729+0000] {processor.py:766} INFO - DAG(s) dict_keys(['example_trigger_target_dag']) retrieved from /home/airflow/.local/lib/python3.7/site-packages/airflow/example_dags/example_trigger_target_dag.py
[2025-10-20T06:50:21.781+0000] {logging_mixin.py:120} INFO - [2025-10-20T06:50:21.781+0000] {dag.py:2585} INFO - Sync 1 DAGs
[2025-10-20T06:50:21.806+0000] {logging_mixin.py:120} INFO - [2025-10-20T06:50:21.806+0000] {dag.py:3340} INFO - Setting next_dagrun for example_trigger_target_dag to None, run_after=None
[2025-10-20T06:50:21.830+0000] {processor.py:176} INFO - Processing /home/airflow/.local/lib/python3.7/site-packages/airflow/example_dags/example_trigger_target_dag.py took 0.148 seconds
[2025-10-20T06:50:51.938+0000] {processor.py:154} INFO - Started process (PID=479) to work on /home/airflow/.local/lib/python3.7/site-packages/airflow/example_dags/example_trigger_target_dag.py
[2025-10-20T06:50:51.940+0000] {processor.py:756} INFO - Processing file /home/airflow/.local/lib/python3.7/site-packages/airflow/example_dags/example_trigger_target_dag.py for tasks to queue
[2025-10-20T06:50:51.940+0000] {logging_mixin.py:120} INFO - [2025-10-20T06:50:51.940+0000] {dagbag.py:537} INFO - Filling up the DagBag from /home/airflow/.local/lib/python3.7/site-packages/airflow/example_dags/example_trigger_target_dag.py
[2025-10-20T06:50:51.965+0000] {processor.py:766} INFO - DAG(s) dict_keys(['example_trigger_target_dag']) retrieved from /home/airflow/.local/lib/python3.7/site-packages/airflow/example_dags/example_trigger_target_dag.py
[2025-10-20T06:50:52.009+0000] {logging_mixin.py:120} INFO - [2025-10-20T06:50:52.009+0000] {dag.py:2585} INFO - Sync 1 DAGs
[2025-10-20T06:50:52.035+0000] {logging_mixin.py:120} INFO - [2025-10-20T06:50:52.035+0000] {dag.py:3340} INFO - Setting next_dagrun for example_trigger_target_dag to None, run_after=None
[2025-10-20T06:50:52.059+0000] {processor.py:176} INFO - Processing /home/airflow/.local/lib/python3.7/site-packages/airflow/example_dags/example_trigger_target_dag.py took 0.124 seconds
[2025-10-20T06:51:09.210+0000] {processor.py:154} INFO - Started process (PID=52) to work on /home/airflow/.local/lib/python3.7/site-packages/airflow/example_dags/example_trigger_target_dag.py
[2025-10-20T06:51:09.212+0000] {processor.py:756} INFO - Processing file /home/airflow/.local/lib/python3.7/site-packages/airflow/example_dags/example_trigger_target_dag.py for tasks to queue
[2025-10-20T06:51:09.214+0000] {logging_mixin.py:120} INFO - [2025-10-20T06:51:09.213+0000] {dagbag.py:537} INFO - Filling up the DagBag from /home/airflow/.local/lib/python3.7/site-packages/airflow/example_dags/example_trigger_target_dag.py
[2025-10-20T06:51:09.355+0000] {processor.py:766} INFO - DAG(s) dict_keys(['example_trigger_target_dag']) retrieved from /home/airflow/.local/lib/python3.7/site-packages/airflow/example_dags/example_trigger_target_dag.py
[2025-10-20T06:51:09.468+0000] {logging_mixin.py:120} INFO - [2025-10-20T06:51:09.468+0000] {dag.py:2585} INFO - Sync 1 DAGs
[2025-10-20T06:51:09.585+0000] {logging_mixin.py:120} INFO - [2025-10-20T06:51:09.585+0000] {dag.py:3340} INFO - Setting next_dagrun for example_trigger_target_dag to None, run_after=None
[2025-10-20T06:51:09.696+0000] {processor.py:176} INFO - Processing /home/airflow/.local/lib/python3.7/site-packages/airflow/example_dags/example_trigger_target_dag.py took 0.502 seconds
[2025-10-20T06:51:40.712+0000] {processor.py:154} INFO - Started process (PID=108) to work on /home/airflow/.local/lib/python3.7/site-packages/airflow/example_dags/example_trigger_target_dag.py
[2025-10-20T06:51:40.714+0000] {processor.py:756} INFO - Processing file /home/airflow/.local/lib/python3.7/site-packages/airflow/example_dags/example_trigger_target_dag.py for tasks to queue
[2025-10-20T06:51:40.715+0000] {logging_mixin.py:120} INFO - [2025-10-20T06:51:40.714+0000] {dagbag.py:537} INFO - Filling up the DagBag from /home/airflow/.local/lib/python3.7/site-packages/airflow/example_dags/example_trigger_target_dag.py
[2025-10-20T06:51:40.745+0000] {processor.py:766} INFO - DAG(s) dict_keys(['example_trigger_target_dag']) retrieved from /home/airflow/.local/lib/python3.7/site-packages/airflow/example_dags/example_trigger_target_dag.py
[2025-10-20T06:51:40.809+0000] {logging_mixin.py:120} INFO - [2025-10-20T06:51:40.809+0000] {dag.py:2585} INFO - Sync 1 DAGs
[2025-10-20T06:51:40.834+0000] {logging_mixin.py:120} INFO - [2025-10-20T06:51:40.834+0000] {dag.py:3340} INFO - Setting next_dagrun for example_trigger_target_dag to None, run_after=None
[2025-10-20T06:51:40.859+0000] {processor.py:176} INFO - Processing /home/airflow/.local/lib/python3.7/site-packages/airflow/example_dags/example_trigger_target_dag.py took 0.152 seconds
