[2025-10-20T06:47:25.135+0000] {processor.py:154} INFO - Started process (PID=74) to work on /home/airflow/.local/lib/python3.7/site-packages/airflow/example_dags/example_local_kubernetes_executor.py
[2025-10-20T06:47:25.141+0000] {processor.py:756} INFO - Processing file /home/airflow/.local/lib/python3.7/site-packages/airflow/example_dags/example_local_kubernetes_executor.py for tasks to queue
[2025-10-20T06:47:25.142+0000] {logging_mixin.py:120} INFO - [2025-10-20T06:47:25.142+0000] {dagbag.py:537} INFO - Filling up the DagBag from /home/airflow/.local/lib/python3.7/site-packages/airflow/example_dags/example_local_kubernetes_executor.py
[2025-10-20T06:47:25.194+0000] {processor.py:766} INFO - DAG(s) dict_keys(['example_local_kubernetes_executor']) retrieved from /home/airflow/.local/lib/python3.7/site-packages/airflow/example_dags/example_local_kubernetes_executor.py
[2025-10-20T06:47:25.380+0000] {logging_mixin.py:120} INFO - [2025-10-20T06:47:25.380+0000] {manager.py:507} INFO - Created Permission View: can edit on DAG:example_local_kubernetes_executor
[2025-10-20T06:47:25.392+0000] {logging_mixin.py:120} INFO - [2025-10-20T06:47:25.392+0000] {manager.py:507} INFO - Created Permission View: can read on DAG:example_local_kubernetes_executor
[2025-10-20T06:47:25.404+0000] {logging_mixin.py:120} INFO - [2025-10-20T06:47:25.403+0000] {manager.py:507} INFO - Created Permission View: can delete on DAG:example_local_kubernetes_executor
[2025-10-20T06:47:25.406+0000] {logging_mixin.py:120} INFO - [2025-10-20T06:47:25.405+0000] {dag.py:2585} INFO - Sync 1 DAGs
[2025-10-20T06:47:25.424+0000] {logging_mixin.py:120} INFO - [2025-10-20T06:47:25.424+0000] {dag.py:2606} INFO - Creating ORM DAG for example_local_kubernetes_executor
[2025-10-20T06:47:25.438+0000] {logging_mixin.py:120} INFO - [2025-10-20T06:47:25.438+0000] {dag.py:3340} INFO - Setting next_dagrun for example_local_kubernetes_executor to None, run_after=None
[2025-10-20T06:47:25.462+0000] {processor.py:176} INFO - Processing /home/airflow/.local/lib/python3.7/site-packages/airflow/example_dags/example_local_kubernetes_executor.py took 0.331 seconds
[2025-10-20T06:47:55.911+0000] {processor.py:154} INFO - Started process (PID=137) to work on /home/airflow/.local/lib/python3.7/site-packages/airflow/example_dags/example_local_kubernetes_executor.py
[2025-10-20T06:47:55.913+0000] {processor.py:756} INFO - Processing file /home/airflow/.local/lib/python3.7/site-packages/airflow/example_dags/example_local_kubernetes_executor.py for tasks to queue
[2025-10-20T06:47:55.913+0000] {logging_mixin.py:120} INFO - [2025-10-20T06:47:55.913+0000] {dagbag.py:537} INFO - Filling up the DagBag from /home/airflow/.local/lib/python3.7/site-packages/airflow/example_dags/example_local_kubernetes_executor.py
[2025-10-20T06:47:55.937+0000] {processor.py:766} INFO - DAG(s) dict_keys(['example_local_kubernetes_executor']) retrieved from /home/airflow/.local/lib/python3.7/site-packages/airflow/example_dags/example_local_kubernetes_executor.py
[2025-10-20T06:47:55.963+0000] {logging_mixin.py:120} INFO - [2025-10-20T06:47:55.962+0000] {dag.py:2585} INFO - Sync 1 DAGs
[2025-10-20T06:47:55.989+0000] {logging_mixin.py:120} INFO - [2025-10-20T06:47:55.989+0000] {dag.py:3340} INFO - Setting next_dagrun for example_local_kubernetes_executor to None, run_after=None
[2025-10-20T06:47:56.009+0000] {processor.py:176} INFO - Processing /home/airflow/.local/lib/python3.7/site-packages/airflow/example_dags/example_local_kubernetes_executor.py took 0.101 seconds
[2025-10-20T06:48:26.828+0000] {processor.py:154} INFO - Started process (PID=201) to work on /home/airflow/.local/lib/python3.7/site-packages/airflow/example_dags/example_local_kubernetes_executor.py
[2025-10-20T06:48:26.831+0000] {processor.py:756} INFO - Processing file /home/airflow/.local/lib/python3.7/site-packages/airflow/example_dags/example_local_kubernetes_executor.py for tasks to queue
[2025-10-20T06:48:26.834+0000] {logging_mixin.py:120} INFO - [2025-10-20T06:48:26.834+0000] {dagbag.py:537} INFO - Filling up the DagBag from /home/airflow/.local/lib/python3.7/site-packages/airflow/example_dags/example_local_kubernetes_executor.py
[2025-10-20T06:48:26.878+0000] {processor.py:766} INFO - DAG(s) dict_keys(['example_local_kubernetes_executor']) retrieved from /home/airflow/.local/lib/python3.7/site-packages/airflow/example_dags/example_local_kubernetes_executor.py
[2025-10-20T06:48:26.990+0000] {logging_mixin.py:120} INFO - [2025-10-20T06:48:26.990+0000] {dag.py:2585} INFO - Sync 1 DAGs
[2025-10-20T06:48:27.029+0000] {logging_mixin.py:120} INFO - [2025-10-20T06:48:27.029+0000] {dag.py:3340} INFO - Setting next_dagrun for example_local_kubernetes_executor to None, run_after=None
[2025-10-20T06:48:27.068+0000] {processor.py:176} INFO - Processing /home/airflow/.local/lib/python3.7/site-packages/airflow/example_dags/example_local_kubernetes_executor.py took 0.245 seconds
[2025-10-20T06:48:57.514+0000] {processor.py:154} INFO - Started process (PID=255) to work on /home/airflow/.local/lib/python3.7/site-packages/airflow/example_dags/example_local_kubernetes_executor.py
[2025-10-20T06:48:57.515+0000] {processor.py:756} INFO - Processing file /home/airflow/.local/lib/python3.7/site-packages/airflow/example_dags/example_local_kubernetes_executor.py for tasks to queue
[2025-10-20T06:48:57.516+0000] {logging_mixin.py:120} INFO - [2025-10-20T06:48:57.516+0000] {dagbag.py:537} INFO - Filling up the DagBag from /home/airflow/.local/lib/python3.7/site-packages/airflow/example_dags/example_local_kubernetes_executor.py
[2025-10-20T06:48:57.546+0000] {processor.py:766} INFO - DAG(s) dict_keys(['example_local_kubernetes_executor']) retrieved from /home/airflow/.local/lib/python3.7/site-packages/airflow/example_dags/example_local_kubernetes_executor.py
[2025-10-20T06:48:57.589+0000] {logging_mixin.py:120} INFO - [2025-10-20T06:48:57.589+0000] {dag.py:2585} INFO - Sync 1 DAGs
[2025-10-20T06:48:57.615+0000] {logging_mixin.py:120} INFO - [2025-10-20T06:48:57.614+0000] {dag.py:3340} INFO - Setting next_dagrun for example_local_kubernetes_executor to None, run_after=None
[2025-10-20T06:48:57.639+0000] {processor.py:176} INFO - Processing /home/airflow/.local/lib/python3.7/site-packages/airflow/example_dags/example_local_kubernetes_executor.py took 0.130 seconds
[2025-10-20T06:49:28.062+0000] {processor.py:154} INFO - Started process (PID=318) to work on /home/airflow/.local/lib/python3.7/site-packages/airflow/example_dags/example_local_kubernetes_executor.py
[2025-10-20T06:49:28.063+0000] {processor.py:756} INFO - Processing file /home/airflow/.local/lib/python3.7/site-packages/airflow/example_dags/example_local_kubernetes_executor.py for tasks to queue
[2025-10-20T06:49:28.064+0000] {logging_mixin.py:120} INFO - [2025-10-20T06:49:28.064+0000] {dagbag.py:537} INFO - Filling up the DagBag from /home/airflow/.local/lib/python3.7/site-packages/airflow/example_dags/example_local_kubernetes_executor.py
[2025-10-20T06:49:28.087+0000] {processor.py:766} INFO - DAG(s) dict_keys(['example_local_kubernetes_executor']) retrieved from /home/airflow/.local/lib/python3.7/site-packages/airflow/example_dags/example_local_kubernetes_executor.py
[2025-10-20T06:49:28.130+0000] {logging_mixin.py:120} INFO - [2025-10-20T06:49:28.129+0000] {dag.py:2585} INFO - Sync 1 DAGs
[2025-10-20T06:49:28.154+0000] {logging_mixin.py:120} INFO - [2025-10-20T06:49:28.154+0000] {dag.py:3340} INFO - Setting next_dagrun for example_local_kubernetes_executor to None, run_after=None
[2025-10-20T06:49:28.179+0000] {processor.py:176} INFO - Processing /home/airflow/.local/lib/python3.7/site-packages/airflow/example_dags/example_local_kubernetes_executor.py took 0.120 seconds
[2025-10-20T06:49:58.299+0000] {processor.py:154} INFO - Started process (PID=381) to work on /home/airflow/.local/lib/python3.7/site-packages/airflow/example_dags/example_local_kubernetes_executor.py
[2025-10-20T06:49:58.301+0000] {processor.py:756} INFO - Processing file /home/airflow/.local/lib/python3.7/site-packages/airflow/example_dags/example_local_kubernetes_executor.py for tasks to queue
[2025-10-20T06:49:58.302+0000] {logging_mixin.py:120} INFO - [2025-10-20T06:49:58.301+0000] {dagbag.py:537} INFO - Filling up the DagBag from /home/airflow/.local/lib/python3.7/site-packages/airflow/example_dags/example_local_kubernetes_executor.py
[2025-10-20T06:49:58.327+0000] {processor.py:766} INFO - DAG(s) dict_keys(['example_local_kubernetes_executor']) retrieved from /home/airflow/.local/lib/python3.7/site-packages/airflow/example_dags/example_local_kubernetes_executor.py
[2025-10-20T06:49:58.369+0000] {logging_mixin.py:120} INFO - [2025-10-20T06:49:58.369+0000] {dag.py:2585} INFO - Sync 1 DAGs
[2025-10-20T06:49:58.397+0000] {logging_mixin.py:120} INFO - [2025-10-20T06:49:58.397+0000] {dag.py:3340} INFO - Setting next_dagrun for example_local_kubernetes_executor to None, run_after=None
[2025-10-20T06:49:58.419+0000] {processor.py:176} INFO - Processing /home/airflow/.local/lib/python3.7/site-packages/airflow/example_dags/example_local_kubernetes_executor.py took 0.123 seconds
[2025-10-20T06:50:28.885+0000] {processor.py:154} INFO - Started process (PID=449) to work on /home/airflow/.local/lib/python3.7/site-packages/airflow/example_dags/example_local_kubernetes_executor.py
[2025-10-20T06:50:28.886+0000] {processor.py:756} INFO - Processing file /home/airflow/.local/lib/python3.7/site-packages/airflow/example_dags/example_local_kubernetes_executor.py for tasks to queue
[2025-10-20T06:50:28.888+0000] {logging_mixin.py:120} INFO - [2025-10-20T06:50:28.887+0000] {dagbag.py:537} INFO - Filling up the DagBag from /home/airflow/.local/lib/python3.7/site-packages/airflow/example_dags/example_local_kubernetes_executor.py
[2025-10-20T06:50:28.910+0000] {processor.py:766} INFO - DAG(s) dict_keys(['example_local_kubernetes_executor']) retrieved from /home/airflow/.local/lib/python3.7/site-packages/airflow/example_dags/example_local_kubernetes_executor.py
[2025-10-20T06:50:28.952+0000] {logging_mixin.py:120} INFO - [2025-10-20T06:50:28.952+0000] {dag.py:2585} INFO - Sync 1 DAGs
[2025-10-20T06:50:28.978+0000] {logging_mixin.py:120} INFO - [2025-10-20T06:50:28.978+0000] {dag.py:3340} INFO - Setting next_dagrun for example_local_kubernetes_executor to None, run_after=None
[2025-10-20T06:50:29.011+0000] {processor.py:176} INFO - Processing /home/airflow/.local/lib/python3.7/site-packages/airflow/example_dags/example_local_kubernetes_executor.py took 0.131 seconds
[2025-10-20T06:51:13.915+0000] {processor.py:154} INFO - Started process (PID=76) to work on /home/airflow/.local/lib/python3.7/site-packages/airflow/example_dags/example_local_kubernetes_executor.py
[2025-10-20T06:51:13.923+0000] {processor.py:756} INFO - Processing file /home/airflow/.local/lib/python3.7/site-packages/airflow/example_dags/example_local_kubernetes_executor.py for tasks to queue
[2025-10-20T06:51:13.925+0000] {logging_mixin.py:120} INFO - [2025-10-20T06:51:13.924+0000] {dagbag.py:537} INFO - Filling up the DagBag from /home/airflow/.local/lib/python3.7/site-packages/airflow/example_dags/example_local_kubernetes_executor.py
[2025-10-20T06:51:14.008+0000] {processor.py:766} INFO - DAG(s) dict_keys(['example_local_kubernetes_executor']) retrieved from /home/airflow/.local/lib/python3.7/site-packages/airflow/example_dags/example_local_kubernetes_executor.py
[2025-10-20T06:51:14.082+0000] {logging_mixin.py:120} INFO - [2025-10-20T06:51:14.081+0000] {dag.py:2585} INFO - Sync 1 DAGs
[2025-10-20T06:51:14.139+0000] {logging_mixin.py:120} INFO - [2025-10-20T06:51:14.138+0000] {dag.py:3340} INFO - Setting next_dagrun for example_local_kubernetes_executor to None, run_after=None
[2025-10-20T06:51:14.199+0000] {processor.py:176} INFO - Processing /home/airflow/.local/lib/python3.7/site-packages/airflow/example_dags/example_local_kubernetes_executor.py took 0.292 seconds
[2025-10-20T06:51:44.788+0000] {processor.py:154} INFO - Started process (PID=140) to work on /home/airflow/.local/lib/python3.7/site-packages/airflow/example_dags/example_local_kubernetes_executor.py
[2025-10-20T06:51:44.789+0000] {processor.py:756} INFO - Processing file /home/airflow/.local/lib/python3.7/site-packages/airflow/example_dags/example_local_kubernetes_executor.py for tasks to queue
[2025-10-20T06:51:44.791+0000] {logging_mixin.py:120} INFO - [2025-10-20T06:51:44.790+0000] {dagbag.py:537} INFO - Filling up the DagBag from /home/airflow/.local/lib/python3.7/site-packages/airflow/example_dags/example_local_kubernetes_executor.py
[2025-10-20T06:51:44.842+0000] {processor.py:766} INFO - DAG(s) dict_keys(['example_local_kubernetes_executor']) retrieved from /home/airflow/.local/lib/python3.7/site-packages/airflow/example_dags/example_local_kubernetes_executor.py
[2025-10-20T06:51:44.969+0000] {logging_mixin.py:120} INFO - [2025-10-20T06:51:44.968+0000] {dag.py:2585} INFO - Sync 1 DAGs
[2025-10-20T06:51:45.004+0000] {logging_mixin.py:120} INFO - [2025-10-20T06:51:45.004+0000] {dag.py:3340} INFO - Setting next_dagrun for example_local_kubernetes_executor to None, run_after=None
[2025-10-20T06:51:45.034+0000] {processor.py:176} INFO - Processing /home/airflow/.local/lib/python3.7/site-packages/airflow/example_dags/example_local_kubernetes_executor.py took 0.251 seconds
