[2025-10-20T06:47:18.041+0000] {processor.py:154} INFO - Started process (PID=48) to work on /home/airflow/.local/lib/python3.7/site-packages/airflow/example_dags/example_task_group_decorator.py
[2025-10-20T06:47:18.046+0000] {processor.py:756} INFO - Processing file /home/airflow/.local/lib/python3.7/site-packages/airflow/example_dags/example_task_group_decorator.py for tasks to queue
[2025-10-20T06:47:18.054+0000] {logging_mixin.py:120} INFO - [2025-10-20T06:47:18.053+0000] {dagbag.py:537} INFO - Filling up the DagBag from /home/airflow/.local/lib/python3.7/site-packages/airflow/example_dags/example_task_group_decorator.py
[2025-10-20T06:47:18.156+0000] {processor.py:766} INFO - DAG(s) dict_keys(['example_task_group_decorator']) retrieved from /home/airflow/.local/lib/python3.7/site-packages/airflow/example_dags/example_task_group_decorator.py
[2025-10-20T06:47:18.414+0000] {logging_mixin.py:120} INFO - [2025-10-20T06:47:18.414+0000] {manager.py:507} INFO - Created Permission View: can edit on DAG:example_task_group_decorator
[2025-10-20T06:47:18.433+0000] {logging_mixin.py:120} INFO - [2025-10-20T06:47:18.433+0000] {manager.py:507} INFO - Created Permission View: can read on DAG:example_task_group_decorator
[2025-10-20T06:47:18.450+0000] {logging_mixin.py:120} INFO - [2025-10-20T06:47:18.449+0000] {manager.py:507} INFO - Created Permission View: can delete on DAG:example_task_group_decorator
[2025-10-20T06:47:18.451+0000] {logging_mixin.py:120} INFO - [2025-10-20T06:47:18.450+0000] {dag.py:2585} INFO - Sync 1 DAGs
[2025-10-20T06:47:18.470+0000] {logging_mixin.py:120} INFO - [2025-10-20T06:47:18.470+0000] {dag.py:2606} INFO - Creating ORM DAG for example_task_group_decorator
[2025-10-20T06:47:18.490+0000] {logging_mixin.py:120} INFO - [2025-10-20T06:47:18.490+0000] {dag.py:3340} INFO - Setting next_dagrun for example_task_group_decorator to 2025-10-19T06:47:18.489772+00:00, run_after=2025-10-20T06:47:18.489772+00:00
[2025-10-20T06:47:18.519+0000] {processor.py:176} INFO - Processing /home/airflow/.local/lib/python3.7/site-packages/airflow/example_dags/example_task_group_decorator.py took 0.494 seconds
[2025-10-20T06:47:48.575+0000] {processor.py:154} INFO - Started process (PID=102) to work on /home/airflow/.local/lib/python3.7/site-packages/airflow/example_dags/example_task_group_decorator.py
[2025-10-20T06:47:48.577+0000] {processor.py:756} INFO - Processing file /home/airflow/.local/lib/python3.7/site-packages/airflow/example_dags/example_task_group_decorator.py for tasks to queue
[2025-10-20T06:47:48.578+0000] {logging_mixin.py:120} INFO - [2025-10-20T06:47:48.577+0000] {dagbag.py:537} INFO - Filling up the DagBag from /home/airflow/.local/lib/python3.7/site-packages/airflow/example_dags/example_task_group_decorator.py
[2025-10-20T06:47:48.606+0000] {processor.py:766} INFO - DAG(s) dict_keys(['example_task_group_decorator']) retrieved from /home/airflow/.local/lib/python3.7/site-packages/airflow/example_dags/example_task_group_decorator.py
[2025-10-20T06:47:48.634+0000] {logging_mixin.py:120} INFO - [2025-10-20T06:47:48.633+0000] {dag.py:2585} INFO - Sync 1 DAGs
[2025-10-20T06:47:48.658+0000] {logging_mixin.py:120} INFO - [2025-10-20T06:47:48.658+0000] {dag.py:3340} INFO - Setting next_dagrun for example_task_group_decorator to 2025-10-19T06:47:48.658261+00:00, run_after=2025-10-20T06:47:48.658261+00:00
[2025-10-20T06:47:48.682+0000] {processor.py:176} INFO - Processing /home/airflow/.local/lib/python3.7/site-packages/airflow/example_dags/example_task_group_decorator.py took 0.110 seconds
[2025-10-20T06:48:19.012+0000] {processor.py:154} INFO - Started process (PID=166) to work on /home/airflow/.local/lib/python3.7/site-packages/airflow/example_dags/example_task_group_decorator.py
[2025-10-20T06:48:19.014+0000] {processor.py:756} INFO - Processing file /home/airflow/.local/lib/python3.7/site-packages/airflow/example_dags/example_task_group_decorator.py for tasks to queue
[2025-10-20T06:48:19.015+0000] {logging_mixin.py:120} INFO - [2025-10-20T06:48:19.014+0000] {dagbag.py:537} INFO - Filling up the DagBag from /home/airflow/.local/lib/python3.7/site-packages/airflow/example_dags/example_task_group_decorator.py
[2025-10-20T06:48:19.046+0000] {processor.py:766} INFO - DAG(s) dict_keys(['example_task_group_decorator']) retrieved from /home/airflow/.local/lib/python3.7/site-packages/airflow/example_dags/example_task_group_decorator.py
[2025-10-20T06:48:19.089+0000] {logging_mixin.py:120} INFO - [2025-10-20T06:48:19.089+0000] {dag.py:2585} INFO - Sync 1 DAGs
[2025-10-20T06:48:19.116+0000] {logging_mixin.py:120} INFO - [2025-10-20T06:48:19.116+0000] {dag.py:3340} INFO - Setting next_dagrun for example_task_group_decorator to 2025-10-19T06:48:19.116195+00:00, run_after=2025-10-20T06:48:19.116195+00:00
[2025-10-20T06:48:19.141+0000] {processor.py:176} INFO - Processing /home/airflow/.local/lib/python3.7/site-packages/airflow/example_dags/example_task_group_decorator.py took 0.132 seconds
[2025-10-20T06:48:49.383+0000] {processor.py:154} INFO - Started process (PID=229) to work on /home/airflow/.local/lib/python3.7/site-packages/airflow/example_dags/example_task_group_decorator.py
[2025-10-20T06:48:49.385+0000] {processor.py:756} INFO - Processing file /home/airflow/.local/lib/python3.7/site-packages/airflow/example_dags/example_task_group_decorator.py for tasks to queue
[2025-10-20T06:48:49.386+0000] {logging_mixin.py:120} INFO - [2025-10-20T06:48:49.386+0000] {dagbag.py:537} INFO - Filling up the DagBag from /home/airflow/.local/lib/python3.7/site-packages/airflow/example_dags/example_task_group_decorator.py
[2025-10-20T06:48:49.416+0000] {processor.py:766} INFO - DAG(s) dict_keys(['example_task_group_decorator']) retrieved from /home/airflow/.local/lib/python3.7/site-packages/airflow/example_dags/example_task_group_decorator.py
[2025-10-20T06:48:49.458+0000] {logging_mixin.py:120} INFO - [2025-10-20T06:48:49.458+0000] {dag.py:2585} INFO - Sync 1 DAGs
[2025-10-20T06:48:49.481+0000] {logging_mixin.py:120} INFO - [2025-10-20T06:48:49.481+0000] {dag.py:3340} INFO - Setting next_dagrun for example_task_group_decorator to 2025-10-19T06:48:49.481074+00:00, run_after=2025-10-20T06:48:49.481074+00:00
[2025-10-20T06:48:49.502+0000] {processor.py:176} INFO - Processing /home/airflow/.local/lib/python3.7/site-packages/airflow/example_dags/example_task_group_decorator.py took 0.123 seconds
[2025-10-20T06:49:19.630+0000] {processor.py:154} INFO - Started process (PID=283) to work on /home/airflow/.local/lib/python3.7/site-packages/airflow/example_dags/example_task_group_decorator.py
[2025-10-20T06:49:19.632+0000] {processor.py:756} INFO - Processing file /home/airflow/.local/lib/python3.7/site-packages/airflow/example_dags/example_task_group_decorator.py for tasks to queue
[2025-10-20T06:49:19.633+0000] {logging_mixin.py:120} INFO - [2025-10-20T06:49:19.633+0000] {dagbag.py:537} INFO - Filling up the DagBag from /home/airflow/.local/lib/python3.7/site-packages/airflow/example_dags/example_task_group_decorator.py
[2025-10-20T06:49:19.662+0000] {processor.py:766} INFO - DAG(s) dict_keys(['example_task_group_decorator']) retrieved from /home/airflow/.local/lib/python3.7/site-packages/airflow/example_dags/example_task_group_decorator.py
[2025-10-20T06:49:19.712+0000] {logging_mixin.py:120} INFO - [2025-10-20T06:49:19.712+0000] {dag.py:2585} INFO - Sync 1 DAGs
[2025-10-20T06:49:19.734+0000] {logging_mixin.py:120} INFO - [2025-10-20T06:49:19.734+0000] {dag.py:3340} INFO - Setting next_dagrun for example_task_group_decorator to 2025-10-19T06:49:19.734406+00:00, run_after=2025-10-20T06:49:19.734406+00:00
[2025-10-20T06:49:19.754+0000] {processor.py:176} INFO - Processing /home/airflow/.local/lib/python3.7/site-packages/airflow/example_dags/example_task_group_decorator.py took 0.128 seconds
[2025-10-20T06:49:49.959+0000] {processor.py:154} INFO - Started process (PID=346) to work on /home/airflow/.local/lib/python3.7/site-packages/airflow/example_dags/example_task_group_decorator.py
[2025-10-20T06:49:49.961+0000] {processor.py:756} INFO - Processing file /home/airflow/.local/lib/python3.7/site-packages/airflow/example_dags/example_task_group_decorator.py for tasks to queue
[2025-10-20T06:49:49.963+0000] {logging_mixin.py:120} INFO - [2025-10-20T06:49:49.962+0000] {dagbag.py:537} INFO - Filling up the DagBag from /home/airflow/.local/lib/python3.7/site-packages/airflow/example_dags/example_task_group_decorator.py
[2025-10-20T06:49:50.023+0000] {processor.py:766} INFO - DAG(s) dict_keys(['example_task_group_decorator']) retrieved from /home/airflow/.local/lib/python3.7/site-packages/airflow/example_dags/example_task_group_decorator.py
[2025-10-20T06:49:50.106+0000] {logging_mixin.py:120} INFO - [2025-10-20T06:49:50.106+0000] {dag.py:2585} INFO - Sync 1 DAGs
[2025-10-20T06:49:50.177+0000] {logging_mixin.py:120} INFO - [2025-10-20T06:49:50.177+0000] {dag.py:3340} INFO - Setting next_dagrun for example_task_group_decorator to 2025-10-19T06:49:50.176412+00:00, run_after=2025-10-20T06:49:50.176412+00:00
[2025-10-20T06:49:50.215+0000] {processor.py:176} INFO - Processing /home/airflow/.local/lib/python3.7/site-packages/airflow/example_dags/example_task_group_decorator.py took 0.262 seconds
[2025-10-20T06:50:20.313+0000] {processor.py:154} INFO - Started process (PID=413) to work on /home/airflow/.local/lib/python3.7/site-packages/airflow/example_dags/example_task_group_decorator.py
[2025-10-20T06:50:20.315+0000] {processor.py:756} INFO - Processing file /home/airflow/.local/lib/python3.7/site-packages/airflow/example_dags/example_task_group_decorator.py for tasks to queue
[2025-10-20T06:50:20.315+0000] {logging_mixin.py:120} INFO - [2025-10-20T06:50:20.315+0000] {dagbag.py:537} INFO - Filling up the DagBag from /home/airflow/.local/lib/python3.7/site-packages/airflow/example_dags/example_task_group_decorator.py
[2025-10-20T06:50:20.344+0000] {processor.py:766} INFO - DAG(s) dict_keys(['example_task_group_decorator']) retrieved from /home/airflow/.local/lib/python3.7/site-packages/airflow/example_dags/example_task_group_decorator.py
[2025-10-20T06:50:20.387+0000] {logging_mixin.py:120} INFO - [2025-10-20T06:50:20.387+0000] {dag.py:2585} INFO - Sync 1 DAGs
[2025-10-20T06:50:20.413+0000] {logging_mixin.py:120} INFO - [2025-10-20T06:50:20.413+0000] {dag.py:3340} INFO - Setting next_dagrun for example_task_group_decorator to 2025-10-19T06:50:20.412717+00:00, run_after=2025-10-20T06:50:20.412717+00:00
[2025-10-20T06:50:20.434+0000] {processor.py:176} INFO - Processing /home/airflow/.local/lib/python3.7/site-packages/airflow/example_dags/example_task_group_decorator.py took 0.126 seconds
[2025-10-20T06:50:50.553+0000] {processor.py:154} INFO - Started process (PID=476) to work on /home/airflow/.local/lib/python3.7/site-packages/airflow/example_dags/example_task_group_decorator.py
[2025-10-20T06:50:50.554+0000] {processor.py:756} INFO - Processing file /home/airflow/.local/lib/python3.7/site-packages/airflow/example_dags/example_task_group_decorator.py for tasks to queue
[2025-10-20T06:50:50.556+0000] {logging_mixin.py:120} INFO - [2025-10-20T06:50:50.556+0000] {dagbag.py:537} INFO - Filling up the DagBag from /home/airflow/.local/lib/python3.7/site-packages/airflow/example_dags/example_task_group_decorator.py
[2025-10-20T06:50:50.615+0000] {processor.py:766} INFO - DAG(s) dict_keys(['example_task_group_decorator']) retrieved from /home/airflow/.local/lib/python3.7/site-packages/airflow/example_dags/example_task_group_decorator.py
[2025-10-20T06:50:50.672+0000] {logging_mixin.py:120} INFO - [2025-10-20T06:50:50.672+0000] {dag.py:2585} INFO - Sync 1 DAGs
[2025-10-20T06:50:50.699+0000] {logging_mixin.py:120} INFO - [2025-10-20T06:50:50.699+0000] {dag.py:3340} INFO - Setting next_dagrun for example_task_group_decorator to 2025-10-19T06:50:50.699154+00:00, run_after=2025-10-20T06:50:50.699154+00:00
[2025-10-20T06:50:50.725+0000] {processor.py:176} INFO - Processing /home/airflow/.local/lib/python3.7/site-packages/airflow/example_dags/example_task_group_decorator.py took 0.178 seconds
[2025-10-20T06:51:08.259+0000] {processor.py:154} INFO - Started process (PID=50) to work on /home/airflow/.local/lib/python3.7/site-packages/airflow/example_dags/example_task_group_decorator.py
[2025-10-20T06:51:08.261+0000] {processor.py:756} INFO - Processing file /home/airflow/.local/lib/python3.7/site-packages/airflow/example_dags/example_task_group_decorator.py for tasks to queue
[2025-10-20T06:51:08.262+0000] {logging_mixin.py:120} INFO - [2025-10-20T06:51:08.262+0000] {dagbag.py:537} INFO - Filling up the DagBag from /home/airflow/.local/lib/python3.7/site-packages/airflow/example_dags/example_task_group_decorator.py
[2025-10-20T06:51:08.326+0000] {processor.py:766} INFO - DAG(s) dict_keys(['example_task_group_decorator']) retrieved from /home/airflow/.local/lib/python3.7/site-packages/airflow/example_dags/example_task_group_decorator.py
[2025-10-20T06:51:08.381+0000] {logging_mixin.py:120} INFO - [2025-10-20T06:51:08.381+0000] {dag.py:2585} INFO - Sync 1 DAGs
[2025-10-20T06:51:08.418+0000] {logging_mixin.py:120} INFO - [2025-10-20T06:51:08.417+0000] {dag.py:3340} INFO - Setting next_dagrun for example_task_group_decorator to 2025-10-19T06:51:08.417603+00:00, run_after=2025-10-20T06:51:08.417603+00:00
[2025-10-20T06:51:08.501+0000] {processor.py:176} INFO - Processing /home/airflow/.local/lib/python3.7/site-packages/airflow/example_dags/example_task_group_decorator.py took 0.249 seconds
[2025-10-20T06:51:39.429+0000] {processor.py:154} INFO - Started process (PID=105) to work on /home/airflow/.local/lib/python3.7/site-packages/airflow/example_dags/example_task_group_decorator.py
[2025-10-20T06:51:39.430+0000] {processor.py:756} INFO - Processing file /home/airflow/.local/lib/python3.7/site-packages/airflow/example_dags/example_task_group_decorator.py for tasks to queue
[2025-10-20T06:51:39.431+0000] {logging_mixin.py:120} INFO - [2025-10-20T06:51:39.431+0000] {dagbag.py:537} INFO - Filling up the DagBag from /home/airflow/.local/lib/python3.7/site-packages/airflow/example_dags/example_task_group_decorator.py
[2025-10-20T06:51:39.460+0000] {processor.py:766} INFO - DAG(s) dict_keys(['example_task_group_decorator']) retrieved from /home/airflow/.local/lib/python3.7/site-packages/airflow/example_dags/example_task_group_decorator.py
[2025-10-20T06:51:39.512+0000] {logging_mixin.py:120} INFO - [2025-10-20T06:51:39.512+0000] {dag.py:2585} INFO - Sync 1 DAGs
[2025-10-20T06:51:39.538+0000] {logging_mixin.py:120} INFO - [2025-10-20T06:51:39.538+0000] {dag.py:3340} INFO - Setting next_dagrun for example_task_group_decorator to 2025-10-19T06:51:39.537533+00:00, run_after=2025-10-20T06:51:39.537533+00:00
[2025-10-20T06:51:39.562+0000] {processor.py:176} INFO - Processing /home/airflow/.local/lib/python3.7/site-packages/airflow/example_dags/example_task_group_decorator.py took 0.138 seconds
