[2025-10-20T06:47:19.040+0000] {processor.py:154} INFO - Started process (PID=52) to work on /home/airflow/.local/lib/python3.7/site-packages/airflow/example_dags/example_trigger_controller_dag.py
[2025-10-20T06:47:19.042+0000] {processor.py:756} INFO - Processing file /home/airflow/.local/lib/python3.7/site-packages/airflow/example_dags/example_trigger_controller_dag.py for tasks to queue
[2025-10-20T06:47:19.043+0000] {logging_mixin.py:120} INFO - [2025-10-20T06:47:19.043+0000] {dagbag.py:537} INFO - Filling up the DagBag from /home/airflow/.local/lib/python3.7/site-packages/airflow/example_dags/example_trigger_controller_dag.py
[2025-10-20T06:47:19.074+0000] {processor.py:766} INFO - DAG(s) dict_keys(['example_trigger_controller_dag']) retrieved from /home/airflow/.local/lib/python3.7/site-packages/airflow/example_dags/example_trigger_controller_dag.py
[2025-10-20T06:47:19.316+0000] {logging_mixin.py:120} INFO - [2025-10-20T06:47:19.315+0000] {manager.py:507} INFO - Created Permission View: can edit on DAG:example_trigger_controller_dag
[2025-10-20T06:47:19.333+0000] {logging_mixin.py:120} INFO - [2025-10-20T06:47:19.332+0000] {manager.py:507} INFO - Created Permission View: can read on DAG:example_trigger_controller_dag
[2025-10-20T06:47:19.342+0000] {logging_mixin.py:120} INFO - [2025-10-20T06:47:19.342+0000] {manager.py:507} INFO - Created Permission View: can delete on DAG:example_trigger_controller_dag
[2025-10-20T06:47:19.343+0000] {logging_mixin.py:120} INFO - [2025-10-20T06:47:19.343+0000] {dag.py:2585} INFO - Sync 1 DAGs
[2025-10-20T06:47:19.367+0000] {logging_mixin.py:120} INFO - [2025-10-20T06:47:19.367+0000] {dag.py:2606} INFO - Creating ORM DAG for example_trigger_controller_dag
[2025-10-20T06:47:19.385+0000] {logging_mixin.py:120} INFO - [2025-10-20T06:47:19.384+0000] {dag.py:3340} INFO - Setting next_dagrun for example_trigger_controller_dag to 2021-01-01T00:00:00+00:00, run_after=2021-01-01T00:00:00+00:00
[2025-10-20T06:47:19.419+0000] {processor.py:176} INFO - Processing /home/airflow/.local/lib/python3.7/site-packages/airflow/example_dags/example_trigger_controller_dag.py took 0.387 seconds
[2025-10-20T06:47:49.873+0000] {processor.py:154} INFO - Started process (PID=106) to work on /home/airflow/.local/lib/python3.7/site-packages/airflow/example_dags/example_trigger_controller_dag.py
[2025-10-20T06:47:49.874+0000] {processor.py:756} INFO - Processing file /home/airflow/.local/lib/python3.7/site-packages/airflow/example_dags/example_trigger_controller_dag.py for tasks to queue
[2025-10-20T06:47:49.875+0000] {logging_mixin.py:120} INFO - [2025-10-20T06:47:49.875+0000] {dagbag.py:537} INFO - Filling up the DagBag from /home/airflow/.local/lib/python3.7/site-packages/airflow/example_dags/example_trigger_controller_dag.py
[2025-10-20T06:47:49.887+0000] {processor.py:766} INFO - DAG(s) dict_keys(['example_trigger_controller_dag']) retrieved from /home/airflow/.local/lib/python3.7/site-packages/airflow/example_dags/example_trigger_controller_dag.py
[2025-10-20T06:47:49.916+0000] {logging_mixin.py:120} INFO - [2025-10-20T06:47:49.916+0000] {dag.py:2585} INFO - Sync 1 DAGs
[2025-10-20T06:47:49.941+0000] {logging_mixin.py:120} INFO - [2025-10-20T06:47:49.941+0000] {dag.py:3340} INFO - Setting next_dagrun for example_trigger_controller_dag to 2021-01-01T00:00:00+00:00, run_after=2021-01-01T00:00:00+00:00
[2025-10-20T06:47:49.963+0000] {processor.py:176} INFO - Processing /home/airflow/.local/lib/python3.7/site-packages/airflow/example_dags/example_trigger_controller_dag.py took 0.094 seconds
[2025-10-20T06:48:20.360+0000] {processor.py:154} INFO - Started process (PID=170) to work on /home/airflow/.local/lib/python3.7/site-packages/airflow/example_dags/example_trigger_controller_dag.py
[2025-10-20T06:48:20.361+0000] {processor.py:756} INFO - Processing file /home/airflow/.local/lib/python3.7/site-packages/airflow/example_dags/example_trigger_controller_dag.py for tasks to queue
[2025-10-20T06:48:20.362+0000] {logging_mixin.py:120} INFO - [2025-10-20T06:48:20.362+0000] {dagbag.py:537} INFO - Filling up the DagBag from /home/airflow/.local/lib/python3.7/site-packages/airflow/example_dags/example_trigger_controller_dag.py
[2025-10-20T06:48:20.376+0000] {processor.py:766} INFO - DAG(s) dict_keys(['example_trigger_controller_dag']) retrieved from /home/airflow/.local/lib/python3.7/site-packages/airflow/example_dags/example_trigger_controller_dag.py
[2025-10-20T06:48:20.418+0000] {logging_mixin.py:120} INFO - [2025-10-20T06:48:20.418+0000] {dag.py:2585} INFO - Sync 1 DAGs
[2025-10-20T06:48:20.442+0000] {logging_mixin.py:120} INFO - [2025-10-20T06:48:20.442+0000] {dag.py:3340} INFO - Setting next_dagrun for example_trigger_controller_dag to 2021-01-01T00:00:00+00:00, run_after=2021-01-01T00:00:00+00:00
[2025-10-20T06:48:20.486+0000] {processor.py:176} INFO - Processing /home/airflow/.local/lib/python3.7/site-packages/airflow/example_dags/example_trigger_controller_dag.py took 0.130 seconds
[2025-10-20T06:48:50.777+0000] {processor.py:154} INFO - Started process (PID=233) to work on /home/airflow/.local/lib/python3.7/site-packages/airflow/example_dags/example_trigger_controller_dag.py
[2025-10-20T06:48:50.778+0000] {processor.py:756} INFO - Processing file /home/airflow/.local/lib/python3.7/site-packages/airflow/example_dags/example_trigger_controller_dag.py for tasks to queue
[2025-10-20T06:48:50.779+0000] {logging_mixin.py:120} INFO - [2025-10-20T06:48:50.779+0000] {dagbag.py:537} INFO - Filling up the DagBag from /home/airflow/.local/lib/python3.7/site-packages/airflow/example_dags/example_trigger_controller_dag.py
[2025-10-20T06:48:50.790+0000] {processor.py:766} INFO - DAG(s) dict_keys(['example_trigger_controller_dag']) retrieved from /home/airflow/.local/lib/python3.7/site-packages/airflow/example_dags/example_trigger_controller_dag.py
[2025-10-20T06:48:50.830+0000] {logging_mixin.py:120} INFO - [2025-10-20T06:48:50.830+0000] {dag.py:2585} INFO - Sync 1 DAGs
[2025-10-20T06:48:50.854+0000] {logging_mixin.py:120} INFO - [2025-10-20T06:48:50.854+0000] {dag.py:3340} INFO - Setting next_dagrun for example_trigger_controller_dag to 2021-01-01T00:00:00+00:00, run_after=2021-01-01T00:00:00+00:00
[2025-10-20T06:48:50.874+0000] {processor.py:176} INFO - Processing /home/airflow/.local/lib/python3.7/site-packages/airflow/example_dags/example_trigger_controller_dag.py took 0.100 seconds
[2025-10-20T06:49:21.077+0000] {processor.py:154} INFO - Started process (PID=287) to work on /home/airflow/.local/lib/python3.7/site-packages/airflow/example_dags/example_trigger_controller_dag.py
[2025-10-20T06:49:21.078+0000] {processor.py:756} INFO - Processing file /home/airflow/.local/lib/python3.7/site-packages/airflow/example_dags/example_trigger_controller_dag.py for tasks to queue
[2025-10-20T06:49:21.078+0000] {logging_mixin.py:120} INFO - [2025-10-20T06:49:21.078+0000] {dagbag.py:537} INFO - Filling up the DagBag from /home/airflow/.local/lib/python3.7/site-packages/airflow/example_dags/example_trigger_controller_dag.py
[2025-10-20T06:49:21.090+0000] {processor.py:766} INFO - DAG(s) dict_keys(['example_trigger_controller_dag']) retrieved from /home/airflow/.local/lib/python3.7/site-packages/airflow/example_dags/example_trigger_controller_dag.py
[2025-10-20T06:49:21.130+0000] {logging_mixin.py:120} INFO - [2025-10-20T06:49:21.130+0000] {dag.py:2585} INFO - Sync 1 DAGs
[2025-10-20T06:49:21.152+0000] {logging_mixin.py:120} INFO - [2025-10-20T06:49:21.152+0000] {dag.py:3340} INFO - Setting next_dagrun for example_trigger_controller_dag to 2021-01-01T00:00:00+00:00, run_after=2021-01-01T00:00:00+00:00
[2025-10-20T06:49:21.171+0000] {processor.py:176} INFO - Processing /home/airflow/.local/lib/python3.7/site-packages/airflow/example_dags/example_trigger_controller_dag.py took 0.097 seconds
[2025-10-20T06:49:51.525+0000] {processor.py:154} INFO - Started process (PID=350) to work on /home/airflow/.local/lib/python3.7/site-packages/airflow/example_dags/example_trigger_controller_dag.py
[2025-10-20T06:49:51.527+0000] {processor.py:756} INFO - Processing file /home/airflow/.local/lib/python3.7/site-packages/airflow/example_dags/example_trigger_controller_dag.py for tasks to queue
[2025-10-20T06:49:51.527+0000] {logging_mixin.py:120} INFO - [2025-10-20T06:49:51.527+0000] {dagbag.py:537} INFO - Filling up the DagBag from /home/airflow/.local/lib/python3.7/site-packages/airflow/example_dags/example_trigger_controller_dag.py
[2025-10-20T06:49:51.539+0000] {processor.py:766} INFO - DAG(s) dict_keys(['example_trigger_controller_dag']) retrieved from /home/airflow/.local/lib/python3.7/site-packages/airflow/example_dags/example_trigger_controller_dag.py
[2025-10-20T06:49:51.579+0000] {logging_mixin.py:120} INFO - [2025-10-20T06:49:51.579+0000] {dag.py:2585} INFO - Sync 1 DAGs
[2025-10-20T06:49:51.603+0000] {logging_mixin.py:120} INFO - [2025-10-20T06:49:51.602+0000] {dag.py:3340} INFO - Setting next_dagrun for example_trigger_controller_dag to 2021-01-01T00:00:00+00:00, run_after=2021-01-01T00:00:00+00:00
[2025-10-20T06:49:51.622+0000] {processor.py:176} INFO - Processing /home/airflow/.local/lib/python3.7/site-packages/airflow/example_dags/example_trigger_controller_dag.py took 0.100 seconds
[2025-10-20T06:50:21.864+0000] {processor.py:154} INFO - Started process (PID=418) to work on /home/airflow/.local/lib/python3.7/site-packages/airflow/example_dags/example_trigger_controller_dag.py
[2025-10-20T06:50:21.865+0000] {processor.py:756} INFO - Processing file /home/airflow/.local/lib/python3.7/site-packages/airflow/example_dags/example_trigger_controller_dag.py for tasks to queue
[2025-10-20T06:50:21.866+0000] {logging_mixin.py:120} INFO - [2025-10-20T06:50:21.866+0000] {dagbag.py:537} INFO - Filling up the DagBag from /home/airflow/.local/lib/python3.7/site-packages/airflow/example_dags/example_trigger_controller_dag.py
[2025-10-20T06:50:21.878+0000] {processor.py:766} INFO - DAG(s) dict_keys(['example_trigger_controller_dag']) retrieved from /home/airflow/.local/lib/python3.7/site-packages/airflow/example_dags/example_trigger_controller_dag.py
[2025-10-20T06:50:21.920+0000] {logging_mixin.py:120} INFO - [2025-10-20T06:50:21.920+0000] {dag.py:2585} INFO - Sync 1 DAGs
[2025-10-20T06:50:21.945+0000] {logging_mixin.py:120} INFO - [2025-10-20T06:50:21.944+0000] {dag.py:3340} INFO - Setting next_dagrun for example_trigger_controller_dag to 2021-01-01T00:00:00+00:00, run_after=2021-01-01T00:00:00+00:00
[2025-10-20T06:50:21.965+0000] {processor.py:176} INFO - Processing /home/airflow/.local/lib/python3.7/site-packages/airflow/example_dags/example_trigger_controller_dag.py took 0.105 seconds
[2025-10-20T06:50:52.096+0000] {processor.py:154} INFO - Started process (PID=481) to work on /home/airflow/.local/lib/python3.7/site-packages/airflow/example_dags/example_trigger_controller_dag.py
[2025-10-20T06:50:52.097+0000] {processor.py:756} INFO - Processing file /home/airflow/.local/lib/python3.7/site-packages/airflow/example_dags/example_trigger_controller_dag.py for tasks to queue
[2025-10-20T06:50:52.098+0000] {logging_mixin.py:120} INFO - [2025-10-20T06:50:52.098+0000] {dagbag.py:537} INFO - Filling up the DagBag from /home/airflow/.local/lib/python3.7/site-packages/airflow/example_dags/example_trigger_controller_dag.py
[2025-10-20T06:50:52.111+0000] {processor.py:766} INFO - DAG(s) dict_keys(['example_trigger_controller_dag']) retrieved from /home/airflow/.local/lib/python3.7/site-packages/airflow/example_dags/example_trigger_controller_dag.py
[2025-10-20T06:50:52.153+0000] {logging_mixin.py:120} INFO - [2025-10-20T06:50:52.153+0000] {dag.py:2585} INFO - Sync 1 DAGs
[2025-10-20T06:50:52.179+0000] {logging_mixin.py:120} INFO - [2025-10-20T06:50:52.178+0000] {dag.py:3340} INFO - Setting next_dagrun for example_trigger_controller_dag to 2021-01-01T00:00:00+00:00, run_after=2021-01-01T00:00:00+00:00
[2025-10-20T06:50:52.199+0000] {processor.py:176} INFO - Processing /home/airflow/.local/lib/python3.7/site-packages/airflow/example_dags/example_trigger_controller_dag.py took 0.107 seconds
[2025-10-20T06:51:09.626+0000] {processor.py:154} INFO - Started process (PID=54) to work on /home/airflow/.local/lib/python3.7/site-packages/airflow/example_dags/example_trigger_controller_dag.py
[2025-10-20T06:51:09.628+0000] {processor.py:756} INFO - Processing file /home/airflow/.local/lib/python3.7/site-packages/airflow/example_dags/example_trigger_controller_dag.py for tasks to queue
[2025-10-20T06:51:09.634+0000] {logging_mixin.py:120} INFO - [2025-10-20T06:51:09.633+0000] {dagbag.py:537} INFO - Filling up the DagBag from /home/airflow/.local/lib/python3.7/site-packages/airflow/example_dags/example_trigger_controller_dag.py
[2025-10-20T06:51:09.661+0000] {processor.py:766} INFO - DAG(s) dict_keys(['example_trigger_controller_dag']) retrieved from /home/airflow/.local/lib/python3.7/site-packages/airflow/example_dags/example_trigger_controller_dag.py
[2025-10-20T06:51:09.717+0000] {logging_mixin.py:120} INFO - [2025-10-20T06:51:09.717+0000] {dag.py:2585} INFO - Sync 1 DAGs
[2025-10-20T06:51:09.774+0000] {logging_mixin.py:120} INFO - [2025-10-20T06:51:09.773+0000] {dag.py:3340} INFO - Setting next_dagrun for example_trigger_controller_dag to 2021-01-01T00:00:00+00:00, run_after=2021-01-01T00:00:00+00:00
[2025-10-20T06:51:09.812+0000] {processor.py:176} INFO - Processing /home/airflow/.local/lib/python3.7/site-packages/airflow/example_dags/example_trigger_controller_dag.py took 0.194 seconds
[2025-10-20T06:51:40.712+0000] {processor.py:154} INFO - Started process (PID=109) to work on /home/airflow/.local/lib/python3.7/site-packages/airflow/example_dags/example_trigger_controller_dag.py
[2025-10-20T06:51:40.714+0000] {processor.py:756} INFO - Processing file /home/airflow/.local/lib/python3.7/site-packages/airflow/example_dags/example_trigger_controller_dag.py for tasks to queue
[2025-10-20T06:51:40.715+0000] {logging_mixin.py:120} INFO - [2025-10-20T06:51:40.714+0000] {dagbag.py:537} INFO - Filling up the DagBag from /home/airflow/.local/lib/python3.7/site-packages/airflow/example_dags/example_trigger_controller_dag.py
[2025-10-20T06:51:40.735+0000] {processor.py:766} INFO - DAG(s) dict_keys(['example_trigger_controller_dag']) retrieved from /home/airflow/.local/lib/python3.7/site-packages/airflow/example_dags/example_trigger_controller_dag.py
[2025-10-20T06:51:40.798+0000] {logging_mixin.py:120} INFO - [2025-10-20T06:51:40.798+0000] {dag.py:2585} INFO - Sync 1 DAGs
[2025-10-20T06:51:40.826+0000] {logging_mixin.py:120} INFO - [2025-10-20T06:51:40.826+0000] {dag.py:3340} INFO - Setting next_dagrun for example_trigger_controller_dag to 2021-01-01T00:00:00+00:00, run_after=2021-01-01T00:00:00+00:00
[2025-10-20T06:51:40.850+0000] {processor.py:176} INFO - Processing /home/airflow/.local/lib/python3.7/site-packages/airflow/example_dags/example_trigger_controller_dag.py took 0.145 seconds
