[2025-10-20T06:47:19.201+0000] {processor.py:154} INFO - Started process (PID=53) to work on /home/airflow/.local/lib/python3.7/site-packages/airflow/example_dags/example_complex.py
[2025-10-20T06:47:19.203+0000] {processor.py:756} INFO - Processing file /home/airflow/.local/lib/python3.7/site-packages/airflow/example_dags/example_complex.py for tasks to queue
[2025-10-20T06:47:19.205+0000] {logging_mixin.py:120} INFO - [2025-10-20T06:47:19.205+0000] {dagbag.py:537} INFO - Filling up the DagBag from /home/airflow/.local/lib/python3.7/site-packages/airflow/example_dags/example_complex.py
[2025-10-20T06:47:19.227+0000] {logging_mixin.py:120} INFO - [2025-10-20T06:47:19.227+0000] {taskmixin.py:205} WARNING - Dependency <Task(BashOperator): create_entry_group>, delete_entry_group already registered for DAG: example_complex
[2025-10-20T06:47:19.228+0000] {logging_mixin.py:120} INFO - [2025-10-20T06:47:19.228+0000] {taskmixin.py:205} WARNING - Dependency <Task(BashOperator): delete_entry_group>, create_entry_group already registered for DAG: example_complex
[2025-10-20T06:47:19.228+0000] {logging_mixin.py:120} INFO - [2025-10-20T06:47:19.228+0000] {taskmixin.py:205} WARNING - Dependency <Task(BashOperator): create_entry_gcs>, delete_entry already registered for DAG: example_complex
[2025-10-20T06:47:19.232+0000] {logging_mixin.py:120} INFO - [2025-10-20T06:47:19.232+0000] {taskmixin.py:205} WARNING - Dependency <Task(BashOperator): delete_entry>, create_entry_gcs already registered for DAG: example_complex
[2025-10-20T06:47:19.234+0000] {logging_mixin.py:120} INFO - [2025-10-20T06:47:19.233+0000] {taskmixin.py:205} WARNING - Dependency <Task(BashOperator): create_tag>, delete_tag already registered for DAG: example_complex
[2025-10-20T06:47:19.234+0000] {logging_mixin.py:120} INFO - [2025-10-20T06:47:19.234+0000] {taskmixin.py:205} WARNING - Dependency <Task(BashOperator): delete_tag>, create_tag already registered for DAG: example_complex
[2025-10-20T06:47:19.247+0000] {processor.py:766} INFO - DAG(s) dict_keys(['example_complex']) retrieved from /home/airflow/.local/lib/python3.7/site-packages/airflow/example_dags/example_complex.py
[2025-10-20T06:47:19.466+0000] {logging_mixin.py:120} INFO - [2025-10-20T06:47:19.465+0000] {manager.py:507} INFO - Created Permission View: can edit on DAG:example_complex
[2025-10-20T06:47:19.478+0000] {logging_mixin.py:120} INFO - [2025-10-20T06:47:19.478+0000] {manager.py:507} INFO - Created Permission View: can read on DAG:example_complex
[2025-10-20T06:47:19.495+0000] {logging_mixin.py:120} INFO - [2025-10-20T06:47:19.494+0000] {manager.py:507} INFO - Created Permission View: can delete on DAG:example_complex
[2025-10-20T06:47:19.495+0000] {logging_mixin.py:120} INFO - [2025-10-20T06:47:19.495+0000] {dag.py:2585} INFO - Sync 1 DAGs
[2025-10-20T06:47:19.520+0000] {logging_mixin.py:120} INFO - [2025-10-20T06:47:19.520+0000] {dag.py:2606} INFO - Creating ORM DAG for example_complex
[2025-10-20T06:47:19.540+0000] {logging_mixin.py:120} INFO - [2025-10-20T06:47:19.540+0000] {dag.py:3340} INFO - Setting next_dagrun for example_complex to None, run_after=None
[2025-10-20T06:47:19.596+0000] {processor.py:176} INFO - Processing /home/airflow/.local/lib/python3.7/site-packages/airflow/example_dags/example_complex.py took 0.401 seconds
[2025-10-20T06:47:50.004+0000] {processor.py:154} INFO - Started process (PID=107) to work on /home/airflow/.local/lib/python3.7/site-packages/airflow/example_dags/example_complex.py
[2025-10-20T06:47:50.006+0000] {processor.py:756} INFO - Processing file /home/airflow/.local/lib/python3.7/site-packages/airflow/example_dags/example_complex.py for tasks to queue
[2025-10-20T06:47:50.006+0000] {logging_mixin.py:120} INFO - [2025-10-20T06:47:50.006+0000] {dagbag.py:537} INFO - Filling up the DagBag from /home/airflow/.local/lib/python3.7/site-packages/airflow/example_dags/example_complex.py
[2025-10-20T06:47:50.018+0000] {logging_mixin.py:120} INFO - [2025-10-20T06:47:50.018+0000] {taskmixin.py:205} WARNING - Dependency <Task(BashOperator): create_entry_group>, delete_entry_group already registered for DAG: example_complex
[2025-10-20T06:47:50.019+0000] {logging_mixin.py:120} INFO - [2025-10-20T06:47:50.019+0000] {taskmixin.py:205} WARNING - Dependency <Task(BashOperator): delete_entry_group>, create_entry_group already registered for DAG: example_complex
[2025-10-20T06:47:50.019+0000] {logging_mixin.py:120} INFO - [2025-10-20T06:47:50.019+0000] {taskmixin.py:205} WARNING - Dependency <Task(BashOperator): create_entry_gcs>, delete_entry already registered for DAG: example_complex
[2025-10-20T06:47:50.020+0000] {logging_mixin.py:120} INFO - [2025-10-20T06:47:50.020+0000] {taskmixin.py:205} WARNING - Dependency <Task(BashOperator): delete_entry>, create_entry_gcs already registered for DAG: example_complex
[2025-10-20T06:47:50.021+0000] {logging_mixin.py:120} INFO - [2025-10-20T06:47:50.020+0000] {taskmixin.py:205} WARNING - Dependency <Task(BashOperator): create_tag>, delete_tag already registered for DAG: example_complex
[2025-10-20T06:47:50.021+0000] {logging_mixin.py:120} INFO - [2025-10-20T06:47:50.021+0000] {taskmixin.py:205} WARNING - Dependency <Task(BashOperator): delete_tag>, create_tag already registered for DAG: example_complex
[2025-10-20T06:47:50.030+0000] {processor.py:766} INFO - DAG(s) dict_keys(['example_complex']) retrieved from /home/airflow/.local/lib/python3.7/site-packages/airflow/example_dags/example_complex.py
[2025-10-20T06:47:50.057+0000] {logging_mixin.py:120} INFO - [2025-10-20T06:47:50.057+0000] {dag.py:2585} INFO - Sync 1 DAGs
[2025-10-20T06:47:50.082+0000] {logging_mixin.py:120} INFO - [2025-10-20T06:47:50.082+0000] {dag.py:3340} INFO - Setting next_dagrun for example_complex to None, run_after=None
[2025-10-20T06:47:50.103+0000] {processor.py:176} INFO - Processing /home/airflow/.local/lib/python3.7/site-packages/airflow/example_dags/example_complex.py took 0.102 seconds
[2025-10-20T06:48:20.592+0000] {processor.py:154} INFO - Started process (PID=171) to work on /home/airflow/.local/lib/python3.7/site-packages/airflow/example_dags/example_complex.py
[2025-10-20T06:48:20.599+0000] {processor.py:756} INFO - Processing file /home/airflow/.local/lib/python3.7/site-packages/airflow/example_dags/example_complex.py for tasks to queue
[2025-10-20T06:48:20.603+0000] {logging_mixin.py:120} INFO - [2025-10-20T06:48:20.603+0000] {dagbag.py:537} INFO - Filling up the DagBag from /home/airflow/.local/lib/python3.7/site-packages/airflow/example_dags/example_complex.py
[2025-10-20T06:48:20.630+0000] {logging_mixin.py:120} INFO - [2025-10-20T06:48:20.629+0000] {taskmixin.py:205} WARNING - Dependency <Task(BashOperator): create_entry_group>, delete_entry_group already registered for DAG: example_complex
[2025-10-20T06:48:20.632+0000] {logging_mixin.py:120} INFO - [2025-10-20T06:48:20.632+0000] {taskmixin.py:205} WARNING - Dependency <Task(BashOperator): delete_entry_group>, create_entry_group already registered for DAG: example_complex
[2025-10-20T06:48:20.633+0000] {logging_mixin.py:120} INFO - [2025-10-20T06:48:20.633+0000] {taskmixin.py:205} WARNING - Dependency <Task(BashOperator): create_entry_gcs>, delete_entry already registered for DAG: example_complex
[2025-10-20T06:48:20.634+0000] {logging_mixin.py:120} INFO - [2025-10-20T06:48:20.633+0000] {taskmixin.py:205} WARNING - Dependency <Task(BashOperator): delete_entry>, create_entry_gcs already registered for DAG: example_complex
[2025-10-20T06:48:20.634+0000] {logging_mixin.py:120} INFO - [2025-10-20T06:48:20.634+0000] {taskmixin.py:205} WARNING - Dependency <Task(BashOperator): create_tag>, delete_tag already registered for DAG: example_complex
[2025-10-20T06:48:20.635+0000] {logging_mixin.py:120} INFO - [2025-10-20T06:48:20.635+0000] {taskmixin.py:205} WARNING - Dependency <Task(BashOperator): delete_tag>, create_tag already registered for DAG: example_complex
[2025-10-20T06:48:20.650+0000] {processor.py:766} INFO - DAG(s) dict_keys(['example_complex']) retrieved from /home/airflow/.local/lib/python3.7/site-packages/airflow/example_dags/example_complex.py
[2025-10-20T06:48:20.733+0000] {logging_mixin.py:120} INFO - [2025-10-20T06:48:20.733+0000] {dag.py:2585} INFO - Sync 1 DAGs
[2025-10-20T06:48:20.775+0000] {logging_mixin.py:120} INFO - [2025-10-20T06:48:20.775+0000] {dag.py:3340} INFO - Setting next_dagrun for example_complex to None, run_after=None
[2025-10-20T06:48:20.803+0000] {processor.py:176} INFO - Processing /home/airflow/.local/lib/python3.7/site-packages/airflow/example_dags/example_complex.py took 0.226 seconds
[2025-10-20T06:48:50.908+0000] {processor.py:154} INFO - Started process (PID=234) to work on /home/airflow/.local/lib/python3.7/site-packages/airflow/example_dags/example_complex.py
[2025-10-20T06:48:50.910+0000] {processor.py:756} INFO - Processing file /home/airflow/.local/lib/python3.7/site-packages/airflow/example_dags/example_complex.py for tasks to queue
[2025-10-20T06:48:50.911+0000] {logging_mixin.py:120} INFO - [2025-10-20T06:48:50.910+0000] {dagbag.py:537} INFO - Filling up the DagBag from /home/airflow/.local/lib/python3.7/site-packages/airflow/example_dags/example_complex.py
[2025-10-20T06:48:50.921+0000] {logging_mixin.py:120} INFO - [2025-10-20T06:48:50.921+0000] {taskmixin.py:205} WARNING - Dependency <Task(BashOperator): create_entry_group>, delete_entry_group already registered for DAG: example_complex
[2025-10-20T06:48:50.922+0000] {logging_mixin.py:120} INFO - [2025-10-20T06:48:50.922+0000] {taskmixin.py:205} WARNING - Dependency <Task(BashOperator): delete_entry_group>, create_entry_group already registered for DAG: example_complex
[2025-10-20T06:48:50.923+0000] {logging_mixin.py:120} INFO - [2025-10-20T06:48:50.922+0000] {taskmixin.py:205} WARNING - Dependency <Task(BashOperator): create_entry_gcs>, delete_entry already registered for DAG: example_complex
[2025-10-20T06:48:50.923+0000] {logging_mixin.py:120} INFO - [2025-10-20T06:48:50.923+0000] {taskmixin.py:205} WARNING - Dependency <Task(BashOperator): delete_entry>, create_entry_gcs already registered for DAG: example_complex
[2025-10-20T06:48:50.924+0000] {logging_mixin.py:120} INFO - [2025-10-20T06:48:50.924+0000] {taskmixin.py:205} WARNING - Dependency <Task(BashOperator): create_tag>, delete_tag already registered for DAG: example_complex
[2025-10-20T06:48:50.924+0000] {logging_mixin.py:120} INFO - [2025-10-20T06:48:50.924+0000] {taskmixin.py:205} WARNING - Dependency <Task(BashOperator): delete_tag>, create_tag already registered for DAG: example_complex
[2025-10-20T06:48:50.931+0000] {processor.py:766} INFO - DAG(s) dict_keys(['example_complex']) retrieved from /home/airflow/.local/lib/python3.7/site-packages/airflow/example_dags/example_complex.py
[2025-10-20T06:48:50.977+0000] {logging_mixin.py:120} INFO - [2025-10-20T06:48:50.977+0000] {dag.py:2585} INFO - Sync 1 DAGs
[2025-10-20T06:48:51.001+0000] {logging_mixin.py:120} INFO - [2025-10-20T06:48:51.000+0000] {dag.py:3340} INFO - Setting next_dagrun for example_complex to None, run_after=None
[2025-10-20T06:48:51.021+0000] {processor.py:176} INFO - Processing /home/airflow/.local/lib/python3.7/site-packages/airflow/example_dags/example_complex.py took 0.116 seconds
[2025-10-20T06:49:21.206+0000] {processor.py:154} INFO - Started process (PID=288) to work on /home/airflow/.local/lib/python3.7/site-packages/airflow/example_dags/example_complex.py
[2025-10-20T06:49:21.207+0000] {processor.py:756} INFO - Processing file /home/airflow/.local/lib/python3.7/site-packages/airflow/example_dags/example_complex.py for tasks to queue
[2025-10-20T06:49:21.208+0000] {logging_mixin.py:120} INFO - [2025-10-20T06:49:21.208+0000] {dagbag.py:537} INFO - Filling up the DagBag from /home/airflow/.local/lib/python3.7/site-packages/airflow/example_dags/example_complex.py
[2025-10-20T06:49:21.220+0000] {logging_mixin.py:120} INFO - [2025-10-20T06:49:21.219+0000] {taskmixin.py:205} WARNING - Dependency <Task(BashOperator): create_entry_group>, delete_entry_group already registered for DAG: example_complex
[2025-10-20T06:49:21.220+0000] {logging_mixin.py:120} INFO - [2025-10-20T06:49:21.220+0000] {taskmixin.py:205} WARNING - Dependency <Task(BashOperator): delete_entry_group>, create_entry_group already registered for DAG: example_complex
[2025-10-20T06:49:21.221+0000] {logging_mixin.py:120} INFO - [2025-10-20T06:49:21.221+0000] {taskmixin.py:205} WARNING - Dependency <Task(BashOperator): create_entry_gcs>, delete_entry already registered for DAG: example_complex
[2025-10-20T06:49:21.221+0000] {logging_mixin.py:120} INFO - [2025-10-20T06:49:21.221+0000] {taskmixin.py:205} WARNING - Dependency <Task(BashOperator): delete_entry>, create_entry_gcs already registered for DAG: example_complex
[2025-10-20T06:49:21.222+0000] {logging_mixin.py:120} INFO - [2025-10-20T06:49:21.222+0000] {taskmixin.py:205} WARNING - Dependency <Task(BashOperator): create_tag>, delete_tag already registered for DAG: example_complex
[2025-10-20T06:49:21.222+0000] {logging_mixin.py:120} INFO - [2025-10-20T06:49:21.222+0000] {taskmixin.py:205} WARNING - Dependency <Task(BashOperator): delete_tag>, create_tag already registered for DAG: example_complex
[2025-10-20T06:49:21.230+0000] {processor.py:766} INFO - DAG(s) dict_keys(['example_complex']) retrieved from /home/airflow/.local/lib/python3.7/site-packages/airflow/example_dags/example_complex.py
[2025-10-20T06:49:21.278+0000] {logging_mixin.py:120} INFO - [2025-10-20T06:49:21.277+0000] {dag.py:2585} INFO - Sync 1 DAGs
[2025-10-20T06:49:21.301+0000] {logging_mixin.py:120} INFO - [2025-10-20T06:49:21.301+0000] {dag.py:3340} INFO - Setting next_dagrun for example_complex to None, run_after=None
[2025-10-20T06:49:21.322+0000] {processor.py:176} INFO - Processing /home/airflow/.local/lib/python3.7/site-packages/airflow/example_dags/example_complex.py took 0.119 seconds
[2025-10-20T06:49:51.658+0000] {processor.py:154} INFO - Started process (PID=351) to work on /home/airflow/.local/lib/python3.7/site-packages/airflow/example_dags/example_complex.py
[2025-10-20T06:49:51.660+0000] {processor.py:756} INFO - Processing file /home/airflow/.local/lib/python3.7/site-packages/airflow/example_dags/example_complex.py for tasks to queue
[2025-10-20T06:49:51.661+0000] {logging_mixin.py:120} INFO - [2025-10-20T06:49:51.660+0000] {dagbag.py:537} INFO - Filling up the DagBag from /home/airflow/.local/lib/python3.7/site-packages/airflow/example_dags/example_complex.py
[2025-10-20T06:49:51.672+0000] {logging_mixin.py:120} INFO - [2025-10-20T06:49:51.672+0000] {taskmixin.py:205} WARNING - Dependency <Task(BashOperator): create_entry_group>, delete_entry_group already registered for DAG: example_complex
[2025-10-20T06:49:51.673+0000] {logging_mixin.py:120} INFO - [2025-10-20T06:49:51.673+0000] {taskmixin.py:205} WARNING - Dependency <Task(BashOperator): delete_entry_group>, create_entry_group already registered for DAG: example_complex
[2025-10-20T06:49:51.673+0000] {logging_mixin.py:120} INFO - [2025-10-20T06:49:51.673+0000] {taskmixin.py:205} WARNING - Dependency <Task(BashOperator): create_entry_gcs>, delete_entry already registered for DAG: example_complex
[2025-10-20T06:49:51.674+0000] {logging_mixin.py:120} INFO - [2025-10-20T06:49:51.674+0000] {taskmixin.py:205} WARNING - Dependency <Task(BashOperator): delete_entry>, create_entry_gcs already registered for DAG: example_complex
[2025-10-20T06:49:51.674+0000] {logging_mixin.py:120} INFO - [2025-10-20T06:49:51.674+0000] {taskmixin.py:205} WARNING - Dependency <Task(BashOperator): create_tag>, delete_tag already registered for DAG: example_complex
[2025-10-20T06:49:51.675+0000] {logging_mixin.py:120} INFO - [2025-10-20T06:49:51.675+0000] {taskmixin.py:205} WARNING - Dependency <Task(BashOperator): delete_tag>, create_tag already registered for DAG: example_complex
[2025-10-20T06:49:51.683+0000] {processor.py:766} INFO - DAG(s) dict_keys(['example_complex']) retrieved from /home/airflow/.local/lib/python3.7/site-packages/airflow/example_dags/example_complex.py
[2025-10-20T06:49:51.738+0000] {logging_mixin.py:120} INFO - [2025-10-20T06:49:51.738+0000] {dag.py:2585} INFO - Sync 1 DAGs
[2025-10-20T06:49:51.768+0000] {logging_mixin.py:120} INFO - [2025-10-20T06:49:51.768+0000] {dag.py:3340} INFO - Setting next_dagrun for example_complex to None, run_after=None
[2025-10-20T06:49:51.791+0000] {processor.py:176} INFO - Processing /home/airflow/.local/lib/python3.7/site-packages/airflow/example_dags/example_complex.py took 0.136 seconds
[2025-10-20T06:50:22.004+0000] {processor.py:154} INFO - Started process (PID=419) to work on /home/airflow/.local/lib/python3.7/site-packages/airflow/example_dags/example_complex.py
[2025-10-20T06:50:22.005+0000] {processor.py:756} INFO - Processing file /home/airflow/.local/lib/python3.7/site-packages/airflow/example_dags/example_complex.py for tasks to queue
[2025-10-20T06:50:22.006+0000] {logging_mixin.py:120} INFO - [2025-10-20T06:50:22.006+0000] {dagbag.py:537} INFO - Filling up the DagBag from /home/airflow/.local/lib/python3.7/site-packages/airflow/example_dags/example_complex.py
[2025-10-20T06:50:22.018+0000] {logging_mixin.py:120} INFO - [2025-10-20T06:50:22.018+0000] {taskmixin.py:205} WARNING - Dependency <Task(BashOperator): create_entry_group>, delete_entry_group already registered for DAG: example_complex
[2025-10-20T06:50:22.019+0000] {logging_mixin.py:120} INFO - [2025-10-20T06:50:22.019+0000] {taskmixin.py:205} WARNING - Dependency <Task(BashOperator): delete_entry_group>, create_entry_group already registered for DAG: example_complex
[2025-10-20T06:50:22.020+0000] {logging_mixin.py:120} INFO - [2025-10-20T06:50:22.020+0000] {taskmixin.py:205} WARNING - Dependency <Task(BashOperator): create_entry_gcs>, delete_entry already registered for DAG: example_complex
[2025-10-20T06:50:22.020+0000] {logging_mixin.py:120} INFO - [2025-10-20T06:50:22.020+0000] {taskmixin.py:205} WARNING - Dependency <Task(BashOperator): delete_entry>, create_entry_gcs already registered for DAG: example_complex
[2025-10-20T06:50:22.021+0000] {logging_mixin.py:120} INFO - [2025-10-20T06:50:22.021+0000] {taskmixin.py:205} WARNING - Dependency <Task(BashOperator): create_tag>, delete_tag already registered for DAG: example_complex
[2025-10-20T06:50:22.022+0000] {logging_mixin.py:120} INFO - [2025-10-20T06:50:22.022+0000] {taskmixin.py:205} WARNING - Dependency <Task(BashOperator): delete_tag>, create_tag already registered for DAG: example_complex
[2025-10-20T06:50:22.031+0000] {processor.py:766} INFO - DAG(s) dict_keys(['example_complex']) retrieved from /home/airflow/.local/lib/python3.7/site-packages/airflow/example_dags/example_complex.py
[2025-10-20T06:50:22.078+0000] {logging_mixin.py:120} INFO - [2025-10-20T06:50:22.078+0000] {dag.py:2585} INFO - Sync 1 DAGs
[2025-10-20T06:50:22.102+0000] {logging_mixin.py:120} INFO - [2025-10-20T06:50:22.102+0000] {dag.py:3340} INFO - Setting next_dagrun for example_complex to None, run_after=None
[2025-10-20T06:50:22.122+0000] {processor.py:176} INFO - Processing /home/airflow/.local/lib/python3.7/site-packages/airflow/example_dags/example_complex.py took 0.122 seconds
[2025-10-20T06:50:52.235+0000] {processor.py:154} INFO - Started process (PID=482) to work on /home/airflow/.local/lib/python3.7/site-packages/airflow/example_dags/example_complex.py
[2025-10-20T06:50:52.236+0000] {processor.py:756} INFO - Processing file /home/airflow/.local/lib/python3.7/site-packages/airflow/example_dags/example_complex.py for tasks to queue
[2025-10-20T06:50:52.237+0000] {logging_mixin.py:120} INFO - [2025-10-20T06:50:52.237+0000] {dagbag.py:537} INFO - Filling up the DagBag from /home/airflow/.local/lib/python3.7/site-packages/airflow/example_dags/example_complex.py
[2025-10-20T06:50:52.249+0000] {logging_mixin.py:120} INFO - [2025-10-20T06:50:52.249+0000] {taskmixin.py:205} WARNING - Dependency <Task(BashOperator): create_entry_group>, delete_entry_group already registered for DAG: example_complex
[2025-10-20T06:50:52.249+0000] {logging_mixin.py:120} INFO - [2025-10-20T06:50:52.249+0000] {taskmixin.py:205} WARNING - Dependency <Task(BashOperator): delete_entry_group>, create_entry_group already registered for DAG: example_complex
[2025-10-20T06:50:52.250+0000] {logging_mixin.py:120} INFO - [2025-10-20T06:50:52.250+0000] {taskmixin.py:205} WARNING - Dependency <Task(BashOperator): create_entry_gcs>, delete_entry already registered for DAG: example_complex
[2025-10-20T06:50:52.251+0000] {logging_mixin.py:120} INFO - [2025-10-20T06:50:52.250+0000] {taskmixin.py:205} WARNING - Dependency <Task(BashOperator): delete_entry>, create_entry_gcs already registered for DAG: example_complex
[2025-10-20T06:50:52.251+0000] {logging_mixin.py:120} INFO - [2025-10-20T06:50:52.251+0000] {taskmixin.py:205} WARNING - Dependency <Task(BashOperator): create_tag>, delete_tag already registered for DAG: example_complex
[2025-10-20T06:50:52.252+0000] {logging_mixin.py:120} INFO - [2025-10-20T06:50:52.252+0000] {taskmixin.py:205} WARNING - Dependency <Task(BashOperator): delete_tag>, create_tag already registered for DAG: example_complex
[2025-10-20T06:50:52.260+0000] {processor.py:766} INFO - DAG(s) dict_keys(['example_complex']) retrieved from /home/airflow/.local/lib/python3.7/site-packages/airflow/example_dags/example_complex.py
[2025-10-20T06:50:52.309+0000] {logging_mixin.py:120} INFO - [2025-10-20T06:50:52.309+0000] {dag.py:2585} INFO - Sync 1 DAGs
[2025-10-20T06:50:52.334+0000] {logging_mixin.py:120} INFO - [2025-10-20T06:50:52.333+0000] {dag.py:3340} INFO - Setting next_dagrun for example_complex to None, run_after=None
[2025-10-20T06:50:52.355+0000] {processor.py:176} INFO - Processing /home/airflow/.local/lib/python3.7/site-packages/airflow/example_dags/example_complex.py took 0.124 seconds
[2025-10-20T06:51:09.793+0000] {processor.py:154} INFO - Started process (PID=55) to work on /home/airflow/.local/lib/python3.7/site-packages/airflow/example_dags/example_complex.py
[2025-10-20T06:51:09.795+0000] {processor.py:756} INFO - Processing file /home/airflow/.local/lib/python3.7/site-packages/airflow/example_dags/example_complex.py for tasks to queue
[2025-10-20T06:51:09.796+0000] {logging_mixin.py:120} INFO - [2025-10-20T06:51:09.796+0000] {dagbag.py:537} INFO - Filling up the DagBag from /home/airflow/.local/lib/python3.7/site-packages/airflow/example_dags/example_complex.py
[2025-10-20T06:51:09.813+0000] {logging_mixin.py:120} INFO - [2025-10-20T06:51:09.813+0000] {taskmixin.py:205} WARNING - Dependency <Task(BashOperator): create_entry_group>, delete_entry_group already registered for DAG: example_complex
[2025-10-20T06:51:09.814+0000] {logging_mixin.py:120} INFO - [2025-10-20T06:51:09.814+0000] {taskmixin.py:205} WARNING - Dependency <Task(BashOperator): delete_entry_group>, create_entry_group already registered for DAG: example_complex
[2025-10-20T06:51:09.818+0000] {logging_mixin.py:120} INFO - [2025-10-20T06:51:09.815+0000] {taskmixin.py:205} WARNING - Dependency <Task(BashOperator): create_entry_gcs>, delete_entry already registered for DAG: example_complex
[2025-10-20T06:51:09.819+0000] {logging_mixin.py:120} INFO - [2025-10-20T06:51:09.819+0000] {taskmixin.py:205} WARNING - Dependency <Task(BashOperator): delete_entry>, create_entry_gcs already registered for DAG: example_complex
[2025-10-20T06:51:09.819+0000] {logging_mixin.py:120} INFO - [2025-10-20T06:51:09.819+0000] {taskmixin.py:205} WARNING - Dependency <Task(BashOperator): create_tag>, delete_tag already registered for DAG: example_complex
[2025-10-20T06:51:09.820+0000] {logging_mixin.py:120} INFO - [2025-10-20T06:51:09.820+0000] {taskmixin.py:205} WARNING - Dependency <Task(BashOperator): delete_tag>, create_tag already registered for DAG: example_complex
[2025-10-20T06:51:09.848+0000] {processor.py:766} INFO - DAG(s) dict_keys(['example_complex']) retrieved from /home/airflow/.local/lib/python3.7/site-packages/airflow/example_dags/example_complex.py
[2025-10-20T06:51:09.898+0000] {logging_mixin.py:120} INFO - [2025-10-20T06:51:09.897+0000] {dag.py:2585} INFO - Sync 1 DAGs
[2025-10-20T06:51:09.938+0000] {logging_mixin.py:120} INFO - [2025-10-20T06:51:09.938+0000] {dag.py:3340} INFO - Setting next_dagrun for example_complex to None, run_after=None
[2025-10-20T06:51:09.970+0000] {processor.py:176} INFO - Processing /home/airflow/.local/lib/python3.7/site-packages/airflow/example_dags/example_complex.py took 0.187 seconds
[2025-10-20T06:51:40.890+0000] {processor.py:154} INFO - Started process (PID=110) to work on /home/airflow/.local/lib/python3.7/site-packages/airflow/example_dags/example_complex.py
[2025-10-20T06:51:40.891+0000] {processor.py:756} INFO - Processing file /home/airflow/.local/lib/python3.7/site-packages/airflow/example_dags/example_complex.py for tasks to queue
[2025-10-20T06:51:40.893+0000] {logging_mixin.py:120} INFO - [2025-10-20T06:51:40.892+0000] {dagbag.py:537} INFO - Filling up the DagBag from /home/airflow/.local/lib/python3.7/site-packages/airflow/example_dags/example_complex.py
[2025-10-20T06:51:40.907+0000] {logging_mixin.py:120} INFO - [2025-10-20T06:51:40.907+0000] {taskmixin.py:205} WARNING - Dependency <Task(BashOperator): create_entry_group>, delete_entry_group already registered for DAG: example_complex
[2025-10-20T06:51:40.907+0000] {logging_mixin.py:120} INFO - [2025-10-20T06:51:40.907+0000] {taskmixin.py:205} WARNING - Dependency <Task(BashOperator): delete_entry_group>, create_entry_group already registered for DAG: example_complex
[2025-10-20T06:51:40.908+0000] {logging_mixin.py:120} INFO - [2025-10-20T06:51:40.908+0000] {taskmixin.py:205} WARNING - Dependency <Task(BashOperator): create_entry_gcs>, delete_entry already registered for DAG: example_complex
[2025-10-20T06:51:40.909+0000] {logging_mixin.py:120} INFO - [2025-10-20T06:51:40.909+0000] {taskmixin.py:205} WARNING - Dependency <Task(BashOperator): delete_entry>, create_entry_gcs already registered for DAG: example_complex
[2025-10-20T06:51:40.910+0000] {logging_mixin.py:120} INFO - [2025-10-20T06:51:40.910+0000] {taskmixin.py:205} WARNING - Dependency <Task(BashOperator): create_tag>, delete_tag already registered for DAG: example_complex
[2025-10-20T06:51:40.911+0000] {logging_mixin.py:120} INFO - [2025-10-20T06:51:40.910+0000] {taskmixin.py:205} WARNING - Dependency <Task(BashOperator): delete_tag>, create_tag already registered for DAG: example_complex
[2025-10-20T06:51:40.919+0000] {processor.py:766} INFO - DAG(s) dict_keys(['example_complex']) retrieved from /home/airflow/.local/lib/python3.7/site-packages/airflow/example_dags/example_complex.py
[2025-10-20T06:51:40.974+0000] {logging_mixin.py:120} INFO - [2025-10-20T06:51:40.973+0000] {dag.py:2585} INFO - Sync 1 DAGs
[2025-10-20T06:51:41.001+0000] {logging_mixin.py:120} INFO - [2025-10-20T06:51:41.000+0000] {dag.py:3340} INFO - Setting next_dagrun for example_complex to None, run_after=None
[2025-10-20T06:51:41.026+0000] {processor.py:176} INFO - Processing /home/airflow/.local/lib/python3.7/site-packages/airflow/example_dags/example_complex.py took 0.140 seconds
