[2025-10-20T06:47:21.758+0000] {processor.py:154} INFO - Started process (PID=63) to work on /home/airflow/.local/lib/python3.7/site-packages/airflow/example_dags/example_branch_python_dop_operator_3.py
[2025-10-20T06:47:21.762+0000] {processor.py:756} INFO - Processing file /home/airflow/.local/lib/python3.7/site-packages/airflow/example_dags/example_branch_python_dop_operator_3.py for tasks to queue
[2025-10-20T06:47:21.764+0000] {logging_mixin.py:120} INFO - [2025-10-20T06:47:21.763+0000] {dagbag.py:537} INFO - Filling up the DagBag from /home/airflow/.local/lib/python3.7/site-packages/airflow/example_dags/example_branch_python_dop_operator_3.py
[2025-10-20T06:47:21.804+0000] {processor.py:766} INFO - DAG(s) dict_keys(['example_branch_dop_operator_v3']) retrieved from /home/airflow/.local/lib/python3.7/site-packages/airflow/example_dags/example_branch_python_dop_operator_3.py
[2025-10-20T06:47:22.027+0000] {logging_mixin.py:120} INFO - [2025-10-20T06:47:22.026+0000] {manager.py:507} INFO - Created Permission View: can edit on DAG:example_branch_dop_operator_v3
[2025-10-20T06:47:22.045+0000] {logging_mixin.py:120} INFO - [2025-10-20T06:47:22.044+0000] {manager.py:507} INFO - Created Permission View: can read on DAG:example_branch_dop_operator_v3
[2025-10-20T06:47:22.059+0000] {logging_mixin.py:120} INFO - [2025-10-20T06:47:22.059+0000] {manager.py:507} INFO - Created Permission View: can delete on DAG:example_branch_dop_operator_v3
[2025-10-20T06:47:22.060+0000] {logging_mixin.py:120} INFO - [2025-10-20T06:47:22.060+0000] {dag.py:2585} INFO - Sync 1 DAGs
[2025-10-20T06:47:22.077+0000] {logging_mixin.py:120} INFO - [2025-10-20T06:47:22.077+0000] {dag.py:2606} INFO - Creating ORM DAG for example_branch_dop_operator_v3
[2025-10-20T06:47:22.098+0000] {logging_mixin.py:120} INFO - [2025-10-20T06:47:22.098+0000] {dag.py:3340} INFO - Setting next_dagrun for example_branch_dop_operator_v3 to 2025-10-20T06:46:00+00:00, run_after=2025-10-20T06:47:00+00:00
[2025-10-20T06:47:22.125+0000] {processor.py:176} INFO - Processing /home/airflow/.local/lib/python3.7/site-packages/airflow/example_dags/example_branch_python_dop_operator_3.py took 0.372 seconds
[2025-10-20T06:47:52.967+0000] {processor.py:154} INFO - Started process (PID=126) to work on /home/airflow/.local/lib/python3.7/site-packages/airflow/example_dags/example_branch_python_dop_operator_3.py
[2025-10-20T06:47:52.968+0000] {processor.py:756} INFO - Processing file /home/airflow/.local/lib/python3.7/site-packages/airflow/example_dags/example_branch_python_dop_operator_3.py for tasks to queue
[2025-10-20T06:47:52.969+0000] {logging_mixin.py:120} INFO - [2025-10-20T06:47:52.969+0000] {dagbag.py:537} INFO - Filling up the DagBag from /home/airflow/.local/lib/python3.7/site-packages/airflow/example_dags/example_branch_python_dop_operator_3.py
[2025-10-20T06:47:52.994+0000] {processor.py:766} INFO - DAG(s) dict_keys(['example_branch_dop_operator_v3']) retrieved from /home/airflow/.local/lib/python3.7/site-packages/airflow/example_dags/example_branch_python_dop_operator_3.py
[2025-10-20T06:47:53.022+0000] {logging_mixin.py:120} INFO - [2025-10-20T06:47:53.022+0000] {dag.py:2585} INFO - Sync 1 DAGs
[2025-10-20T06:47:53.055+0000] {logging_mixin.py:120} INFO - [2025-10-20T06:47:53.055+0000] {dag.py:3340} INFO - Setting next_dagrun for example_branch_dop_operator_v3 to 2025-10-20T06:46:00+00:00, run_after=2025-10-20T06:47:00+00:00
[2025-10-20T06:47:53.078+0000] {processor.py:176} INFO - Processing /home/airflow/.local/lib/python3.7/site-packages/airflow/example_dags/example_branch_python_dop_operator_3.py took 0.116 seconds
[2025-10-20T06:48:23.455+0000] {processor.py:154} INFO - Started process (PID=181) to work on /home/airflow/.local/lib/python3.7/site-packages/airflow/example_dags/example_branch_python_dop_operator_3.py
[2025-10-20T06:48:23.456+0000] {processor.py:756} INFO - Processing file /home/airflow/.local/lib/python3.7/site-packages/airflow/example_dags/example_branch_python_dop_operator_3.py for tasks to queue
[2025-10-20T06:48:23.457+0000] {logging_mixin.py:120} INFO - [2025-10-20T06:48:23.457+0000] {dagbag.py:537} INFO - Filling up the DagBag from /home/airflow/.local/lib/python3.7/site-packages/airflow/example_dags/example_branch_python_dop_operator_3.py
[2025-10-20T06:48:23.481+0000] {processor.py:766} INFO - DAG(s) dict_keys(['example_branch_dop_operator_v3']) retrieved from /home/airflow/.local/lib/python3.7/site-packages/airflow/example_dags/example_branch_python_dop_operator_3.py
[2025-10-20T06:48:23.524+0000] {logging_mixin.py:120} INFO - [2025-10-20T06:48:23.523+0000] {dag.py:2585} INFO - Sync 1 DAGs
[2025-10-20T06:48:23.552+0000] {logging_mixin.py:120} INFO - [2025-10-20T06:48:23.552+0000] {dag.py:3340} INFO - Setting next_dagrun for example_branch_dop_operator_v3 to 2025-10-20T06:47:00+00:00, run_after=2025-10-20T06:48:00+00:00
[2025-10-20T06:48:23.572+0000] {processor.py:176} INFO - Processing /home/airflow/.local/lib/python3.7/site-packages/airflow/example_dags/example_branch_python_dop_operator_3.py took 0.120 seconds
[2025-10-20T06:48:53.693+0000] {processor.py:154} INFO - Started process (PID=244) to work on /home/airflow/.local/lib/python3.7/site-packages/airflow/example_dags/example_branch_python_dop_operator_3.py
[2025-10-20T06:48:53.694+0000] {processor.py:756} INFO - Processing file /home/airflow/.local/lib/python3.7/site-packages/airflow/example_dags/example_branch_python_dop_operator_3.py for tasks to queue
[2025-10-20T06:48:53.695+0000] {logging_mixin.py:120} INFO - [2025-10-20T06:48:53.695+0000] {dagbag.py:537} INFO - Filling up the DagBag from /home/airflow/.local/lib/python3.7/site-packages/airflow/example_dags/example_branch_python_dop_operator_3.py
[2025-10-20T06:48:53.717+0000] {processor.py:766} INFO - DAG(s) dict_keys(['example_branch_dop_operator_v3']) retrieved from /home/airflow/.local/lib/python3.7/site-packages/airflow/example_dags/example_branch_python_dop_operator_3.py
[2025-10-20T06:48:53.759+0000] {logging_mixin.py:120} INFO - [2025-10-20T06:48:53.759+0000] {dag.py:2585} INFO - Sync 1 DAGs
[2025-10-20T06:48:53.787+0000] {logging_mixin.py:120} INFO - [2025-10-20T06:48:53.786+0000] {dag.py:3340} INFO - Setting next_dagrun for example_branch_dop_operator_v3 to 2025-10-20T06:47:00+00:00, run_after=2025-10-20T06:48:00+00:00
[2025-10-20T06:48:53.809+0000] {processor.py:176} INFO - Processing /home/airflow/.local/lib/python3.7/site-packages/airflow/example_dags/example_branch_python_dop_operator_3.py took 0.119 seconds
[2025-10-20T06:49:24.087+0000] {processor.py:154} INFO - Started process (PID=307) to work on /home/airflow/.local/lib/python3.7/site-packages/airflow/example_dags/example_branch_python_dop_operator_3.py
[2025-10-20T06:49:24.089+0000] {processor.py:756} INFO - Processing file /home/airflow/.local/lib/python3.7/site-packages/airflow/example_dags/example_branch_python_dop_operator_3.py for tasks to queue
[2025-10-20T06:49:24.090+0000] {logging_mixin.py:120} INFO - [2025-10-20T06:49:24.090+0000] {dagbag.py:537} INFO - Filling up the DagBag from /home/airflow/.local/lib/python3.7/site-packages/airflow/example_dags/example_branch_python_dop_operator_3.py
[2025-10-20T06:49:24.112+0000] {processor.py:766} INFO - DAG(s) dict_keys(['example_branch_dop_operator_v3']) retrieved from /home/airflow/.local/lib/python3.7/site-packages/airflow/example_dags/example_branch_python_dop_operator_3.py
[2025-10-20T06:49:24.161+0000] {logging_mixin.py:120} INFO - [2025-10-20T06:49:24.161+0000] {dag.py:2585} INFO - Sync 1 DAGs
[2025-10-20T06:49:24.188+0000] {logging_mixin.py:120} INFO - [2025-10-20T06:49:24.187+0000] {dag.py:3340} INFO - Setting next_dagrun for example_branch_dop_operator_v3 to 2025-10-20T06:48:00+00:00, run_after=2025-10-20T06:49:00+00:00
[2025-10-20T06:49:24.207+0000] {processor.py:176} INFO - Processing /home/airflow/.local/lib/python3.7/site-packages/airflow/example_dags/example_branch_python_dop_operator_3.py took 0.125 seconds
[2025-10-20T06:49:54.361+0000] {processor.py:154} INFO - Started process (PID=360) to work on /home/airflow/.local/lib/python3.7/site-packages/airflow/example_dags/example_branch_python_dop_operator_3.py
[2025-10-20T06:49:54.363+0000] {processor.py:756} INFO - Processing file /home/airflow/.local/lib/python3.7/site-packages/airflow/example_dags/example_branch_python_dop_operator_3.py for tasks to queue
[2025-10-20T06:49:54.363+0000] {logging_mixin.py:120} INFO - [2025-10-20T06:49:54.363+0000] {dagbag.py:537} INFO - Filling up the DagBag from /home/airflow/.local/lib/python3.7/site-packages/airflow/example_dags/example_branch_python_dop_operator_3.py
[2025-10-20T06:49:54.389+0000] {processor.py:766} INFO - DAG(s) dict_keys(['example_branch_dop_operator_v3']) retrieved from /home/airflow/.local/lib/python3.7/site-packages/airflow/example_dags/example_branch_python_dop_operator_3.py
[2025-10-20T06:49:54.435+0000] {logging_mixin.py:120} INFO - [2025-10-20T06:49:54.435+0000] {dag.py:2585} INFO - Sync 1 DAGs
[2025-10-20T06:49:54.463+0000] {logging_mixin.py:120} INFO - [2025-10-20T06:49:54.463+0000] {dag.py:3340} INFO - Setting next_dagrun for example_branch_dop_operator_v3 to 2025-10-20T06:48:00+00:00, run_after=2025-10-20T06:49:00+00:00
[2025-10-20T06:49:54.485+0000] {processor.py:176} INFO - Processing /home/airflow/.local/lib/python3.7/site-packages/airflow/example_dags/example_branch_python_dop_operator_3.py took 0.127 seconds
[2025-10-20T06:50:24.707+0000] {processor.py:154} INFO - Started process (PID=437) to work on /home/airflow/.local/lib/python3.7/site-packages/airflow/example_dags/example_branch_python_dop_operator_3.py
[2025-10-20T06:50:24.709+0000] {processor.py:756} INFO - Processing file /home/airflow/.local/lib/python3.7/site-packages/airflow/example_dags/example_branch_python_dop_operator_3.py for tasks to queue
[2025-10-20T06:50:24.710+0000] {logging_mixin.py:120} INFO - [2025-10-20T06:50:24.710+0000] {dagbag.py:537} INFO - Filling up the DagBag from /home/airflow/.local/lib/python3.7/site-packages/airflow/example_dags/example_branch_python_dop_operator_3.py
[2025-10-20T06:50:24.736+0000] {processor.py:766} INFO - DAG(s) dict_keys(['example_branch_dop_operator_v3']) retrieved from /home/airflow/.local/lib/python3.7/site-packages/airflow/example_dags/example_branch_python_dop_operator_3.py
[2025-10-20T06:50:24.782+0000] {logging_mixin.py:120} INFO - [2025-10-20T06:50:24.782+0000] {dag.py:2585} INFO - Sync 1 DAGs
[2025-10-20T06:50:24.813+0000] {logging_mixin.py:120} INFO - [2025-10-20T06:50:24.813+0000] {dag.py:3340} INFO - Setting next_dagrun for example_branch_dop_operator_v3 to 2025-10-20T06:49:00+00:00, run_after=2025-10-20T06:50:00+00:00
[2025-10-20T06:50:24.837+0000] {processor.py:176} INFO - Processing /home/airflow/.local/lib/python3.7/site-packages/airflow/example_dags/example_branch_python_dop_operator_3.py took 0.134 seconds
[2025-10-20T06:51:11.814+0000] {processor.py:154} INFO - Started process (PID=65) to work on /home/airflow/.local/lib/python3.7/site-packages/airflow/example_dags/example_branch_python_dop_operator_3.py
[2025-10-20T06:51:11.816+0000] {processor.py:756} INFO - Processing file /home/airflow/.local/lib/python3.7/site-packages/airflow/example_dags/example_branch_python_dop_operator_3.py for tasks to queue
[2025-10-20T06:51:11.817+0000] {logging_mixin.py:120} INFO - [2025-10-20T06:51:11.817+0000] {dagbag.py:537} INFO - Filling up the DagBag from /home/airflow/.local/lib/python3.7/site-packages/airflow/example_dags/example_branch_python_dop_operator_3.py
[2025-10-20T06:51:11.866+0000] {processor.py:766} INFO - DAG(s) dict_keys(['example_branch_dop_operator_v3']) retrieved from /home/airflow/.local/lib/python3.7/site-packages/airflow/example_dags/example_branch_python_dop_operator_3.py
[2025-10-20T06:51:11.910+0000] {logging_mixin.py:120} INFO - [2025-10-20T06:51:11.909+0000] {dag.py:2585} INFO - Sync 1 DAGs
[2025-10-20T06:51:11.962+0000] {logging_mixin.py:120} INFO - [2025-10-20T06:51:11.961+0000] {dag.py:3340} INFO - Setting next_dagrun for example_branch_dop_operator_v3 to 2025-10-20T06:50:00+00:00, run_after=2025-10-20T06:51:00+00:00
[2025-10-20T06:51:12.012+0000] {processor.py:176} INFO - Processing /home/airflow/.local/lib/python3.7/site-packages/airflow/example_dags/example_branch_python_dop_operator_3.py took 0.210 seconds
[2025-10-20T06:51:42.244+0000] {processor.py:154} INFO - Started process (PID=120) to work on /home/airflow/.local/lib/python3.7/site-packages/airflow/example_dags/example_branch_python_dop_operator_3.py
[2025-10-20T06:51:42.246+0000] {processor.py:756} INFO - Processing file /home/airflow/.local/lib/python3.7/site-packages/airflow/example_dags/example_branch_python_dop_operator_3.py for tasks to queue
[2025-10-20T06:51:42.247+0000] {logging_mixin.py:120} INFO - [2025-10-20T06:51:42.247+0000] {dagbag.py:537} INFO - Filling up the DagBag from /home/airflow/.local/lib/python3.7/site-packages/airflow/example_dags/example_branch_python_dop_operator_3.py
[2025-10-20T06:51:42.280+0000] {processor.py:766} INFO - DAG(s) dict_keys(['example_branch_dop_operator_v3']) retrieved from /home/airflow/.local/lib/python3.7/site-packages/airflow/example_dags/example_branch_python_dop_operator_3.py
[2025-10-20T06:51:42.330+0000] {logging_mixin.py:120} INFO - [2025-10-20T06:51:42.330+0000] {dag.py:2585} INFO - Sync 1 DAGs
[2025-10-20T06:51:42.361+0000] {logging_mixin.py:120} INFO - [2025-10-20T06:51:42.361+0000] {dag.py:3340} INFO - Setting next_dagrun for example_branch_dop_operator_v3 to 2025-10-20T06:50:00+00:00, run_after=2025-10-20T06:51:00+00:00
[2025-10-20T06:51:42.384+0000] {processor.py:176} INFO - Processing /home/airflow/.local/lib/python3.7/site-packages/airflow/example_dags/example_branch_python_dop_operator_3.py took 0.146 seconds
