[2025-10-20T06:47:18.701+0000] {processor.py:154} INFO - Started process (PID=51) to work on /home/airflow/.local/lib/python3.7/site-packages/airflow/example_dags/example_short_circuit_operator.py
[2025-10-20T06:47:18.704+0000] {processor.py:756} INFO - Processing file /home/airflow/.local/lib/python3.7/site-packages/airflow/example_dags/example_short_circuit_operator.py for tasks to queue
[2025-10-20T06:47:18.706+0000] {logging_mixin.py:120} INFO - [2025-10-20T06:47:18.705+0000] {dagbag.py:537} INFO - Filling up the DagBag from /home/airflow/.local/lib/python3.7/site-packages/airflow/example_dags/example_short_circuit_operator.py
[2025-10-20T06:47:18.733+0000] {processor.py:766} INFO - DAG(s) dict_keys(['example_short_circuit_operator']) retrieved from /home/airflow/.local/lib/python3.7/site-packages/airflow/example_dags/example_short_circuit_operator.py
[2025-10-20T06:47:19.022+0000] {logging_mixin.py:120} INFO - [2025-10-20T06:47:19.022+0000] {manager.py:507} INFO - Created Permission View: can edit on DAG:example_short_circuit_operator
[2025-10-20T06:47:19.046+0000] {logging_mixin.py:120} INFO - [2025-10-20T06:47:19.045+0000] {manager.py:507} INFO - Created Permission View: can read on DAG:example_short_circuit_operator
[2025-10-20T06:47:19.064+0000] {logging_mixin.py:120} INFO - [2025-10-20T06:47:19.063+0000] {manager.py:507} INFO - Created Permission View: can delete on DAG:example_short_circuit_operator
[2025-10-20T06:47:19.066+0000] {logging_mixin.py:120} INFO - [2025-10-20T06:47:19.065+0000] {dag.py:2585} INFO - Sync 1 DAGs
[2025-10-20T06:47:19.103+0000] {logging_mixin.py:120} INFO - [2025-10-20T06:47:19.103+0000] {dag.py:2606} INFO - Creating ORM DAG for example_short_circuit_operator
[2025-10-20T06:47:19.123+0000] {logging_mixin.py:120} INFO - [2025-10-20T06:47:19.122+0000] {dag.py:3340} INFO - Setting next_dagrun for example_short_circuit_operator to 2025-10-19T06:47:19.122571+00:00, run_after=2025-10-20T06:47:19.122571+00:00
[2025-10-20T06:47:19.154+0000] {processor.py:176} INFO - Processing /home/airflow/.local/lib/python3.7/site-packages/airflow/example_dags/example_short_circuit_operator.py took 0.459 seconds
[2025-10-20T06:47:49.736+0000] {processor.py:154} INFO - Started process (PID=105) to work on /home/airflow/.local/lib/python3.7/site-packages/airflow/example_dags/example_short_circuit_operator.py
[2025-10-20T06:47:49.738+0000] {processor.py:756} INFO - Processing file /home/airflow/.local/lib/python3.7/site-packages/airflow/example_dags/example_short_circuit_operator.py for tasks to queue
[2025-10-20T06:47:49.739+0000] {logging_mixin.py:120} INFO - [2025-10-20T06:47:49.739+0000] {dagbag.py:537} INFO - Filling up the DagBag from /home/airflow/.local/lib/python3.7/site-packages/airflow/example_dags/example_short_circuit_operator.py
[2025-10-20T06:47:49.759+0000] {processor.py:766} INFO - DAG(s) dict_keys(['example_short_circuit_operator']) retrieved from /home/airflow/.local/lib/python3.7/site-packages/airflow/example_dags/example_short_circuit_operator.py
[2025-10-20T06:47:49.786+0000] {logging_mixin.py:120} INFO - [2025-10-20T06:47:49.786+0000] {dag.py:2585} INFO - Sync 1 DAGs
[2025-10-20T06:47:49.811+0000] {logging_mixin.py:120} INFO - [2025-10-20T06:47:49.811+0000] {dag.py:3340} INFO - Setting next_dagrun for example_short_circuit_operator to 2025-10-19T06:47:49.811352+00:00, run_after=2025-10-20T06:47:49.811352+00:00
[2025-10-20T06:47:49.835+0000] {processor.py:176} INFO - Processing /home/airflow/.local/lib/python3.7/site-packages/airflow/example_dags/example_short_circuit_operator.py took 0.102 seconds
[2025-10-20T06:48:20.184+0000] {processor.py:154} INFO - Started process (PID=169) to work on /home/airflow/.local/lib/python3.7/site-packages/airflow/example_dags/example_short_circuit_operator.py
[2025-10-20T06:48:20.185+0000] {processor.py:756} INFO - Processing file /home/airflow/.local/lib/python3.7/site-packages/airflow/example_dags/example_short_circuit_operator.py for tasks to queue
[2025-10-20T06:48:20.186+0000] {logging_mixin.py:120} INFO - [2025-10-20T06:48:20.186+0000] {dagbag.py:537} INFO - Filling up the DagBag from /home/airflow/.local/lib/python3.7/site-packages/airflow/example_dags/example_short_circuit_operator.py
[2025-10-20T06:48:20.207+0000] {processor.py:766} INFO - DAG(s) dict_keys(['example_short_circuit_operator']) retrieved from /home/airflow/.local/lib/python3.7/site-packages/airflow/example_dags/example_short_circuit_operator.py
[2025-10-20T06:48:20.271+0000] {logging_mixin.py:120} INFO - [2025-10-20T06:48:20.271+0000] {dag.py:2585} INFO - Sync 1 DAGs
[2025-10-20T06:48:20.302+0000] {logging_mixin.py:120} INFO - [2025-10-20T06:48:20.302+0000] {dag.py:3340} INFO - Setting next_dagrun for example_short_circuit_operator to 2025-10-19T06:48:20.301952+00:00, run_after=2025-10-20T06:48:20.301952+00:00
[2025-10-20T06:48:20.325+0000] {processor.py:176} INFO - Processing /home/airflow/.local/lib/python3.7/site-packages/airflow/example_dags/example_short_circuit_operator.py took 0.144 seconds
[2025-10-20T06:48:50.562+0000] {processor.py:154} INFO - Started process (PID=232) to work on /home/airflow/.local/lib/python3.7/site-packages/airflow/example_dags/example_short_circuit_operator.py
[2025-10-20T06:48:50.564+0000] {processor.py:756} INFO - Processing file /home/airflow/.local/lib/python3.7/site-packages/airflow/example_dags/example_short_circuit_operator.py for tasks to queue
[2025-10-20T06:48:50.570+0000] {logging_mixin.py:120} INFO - [2025-10-20T06:48:50.570+0000] {dagbag.py:537} INFO - Filling up the DagBag from /home/airflow/.local/lib/python3.7/site-packages/airflow/example_dags/example_short_circuit_operator.py
[2025-10-20T06:48:50.598+0000] {processor.py:766} INFO - DAG(s) dict_keys(['example_short_circuit_operator']) retrieved from /home/airflow/.local/lib/python3.7/site-packages/airflow/example_dags/example_short_circuit_operator.py
[2025-10-20T06:48:50.674+0000] {logging_mixin.py:120} INFO - [2025-10-20T06:48:50.673+0000] {dag.py:2585} INFO - Sync 1 DAGs
[2025-10-20T06:48:50.712+0000] {logging_mixin.py:120} INFO - [2025-10-20T06:48:50.712+0000] {dag.py:3340} INFO - Setting next_dagrun for example_short_circuit_operator to 2025-10-19T06:48:50.711963+00:00, run_after=2025-10-20T06:48:50.711963+00:00
[2025-10-20T06:48:50.740+0000] {processor.py:176} INFO - Processing /home/airflow/.local/lib/python3.7/site-packages/airflow/example_dags/example_short_circuit_operator.py took 0.182 seconds
[2025-10-20T06:49:20.927+0000] {processor.py:154} INFO - Started process (PID=286) to work on /home/airflow/.local/lib/python3.7/site-packages/airflow/example_dags/example_short_circuit_operator.py
[2025-10-20T06:49:20.929+0000] {processor.py:756} INFO - Processing file /home/airflow/.local/lib/python3.7/site-packages/airflow/example_dags/example_short_circuit_operator.py for tasks to queue
[2025-10-20T06:49:20.929+0000] {logging_mixin.py:120} INFO - [2025-10-20T06:49:20.929+0000] {dagbag.py:537} INFO - Filling up the DagBag from /home/airflow/.local/lib/python3.7/site-packages/airflow/example_dags/example_short_circuit_operator.py
[2025-10-20T06:49:20.946+0000] {processor.py:766} INFO - DAG(s) dict_keys(['example_short_circuit_operator']) retrieved from /home/airflow/.local/lib/python3.7/site-packages/airflow/example_dags/example_short_circuit_operator.py
[2025-10-20T06:49:20.990+0000] {logging_mixin.py:120} INFO - [2025-10-20T06:49:20.990+0000] {dag.py:2585} INFO - Sync 1 DAGs
[2025-10-20T06:49:21.013+0000] {logging_mixin.py:120} INFO - [2025-10-20T06:49:21.013+0000] {dag.py:3340} INFO - Setting next_dagrun for example_short_circuit_operator to 2025-10-19T06:49:21.013023+00:00, run_after=2025-10-20T06:49:21.013023+00:00
[2025-10-20T06:49:21.034+0000] {processor.py:176} INFO - Processing /home/airflow/.local/lib/python3.7/site-packages/airflow/example_dags/example_short_circuit_operator.py took 0.111 seconds
[2025-10-20T06:49:51.373+0000] {processor.py:154} INFO - Started process (PID=349) to work on /home/airflow/.local/lib/python3.7/site-packages/airflow/example_dags/example_short_circuit_operator.py
[2025-10-20T06:49:51.375+0000] {processor.py:756} INFO - Processing file /home/airflow/.local/lib/python3.7/site-packages/airflow/example_dags/example_short_circuit_operator.py for tasks to queue
[2025-10-20T06:49:51.377+0000] {logging_mixin.py:120} INFO - [2025-10-20T06:49:51.377+0000] {dagbag.py:537} INFO - Filling up the DagBag from /home/airflow/.local/lib/python3.7/site-packages/airflow/example_dags/example_short_circuit_operator.py
[2025-10-20T06:49:51.394+0000] {processor.py:766} INFO - DAG(s) dict_keys(['example_short_circuit_operator']) retrieved from /home/airflow/.local/lib/python3.7/site-packages/airflow/example_dags/example_short_circuit_operator.py
[2025-10-20T06:49:51.439+0000] {logging_mixin.py:120} INFO - [2025-10-20T06:49:51.439+0000] {dag.py:2585} INFO - Sync 1 DAGs
[2025-10-20T06:49:51.465+0000] {logging_mixin.py:120} INFO - [2025-10-20T06:49:51.464+0000] {dag.py:3340} INFO - Setting next_dagrun for example_short_circuit_operator to 2025-10-19T06:49:51.464398+00:00, run_after=2025-10-20T06:49:51.464398+00:00
[2025-10-20T06:49:51.488+0000] {processor.py:176} INFO - Processing /home/airflow/.local/lib/python3.7/site-packages/airflow/example_dags/example_short_circuit_operator.py took 0.118 seconds
[2025-10-20T06:50:21.688+0000] {processor.py:154} INFO - Started process (PID=417) to work on /home/airflow/.local/lib/python3.7/site-packages/airflow/example_dags/example_short_circuit_operator.py
[2025-10-20T06:50:21.690+0000] {processor.py:756} INFO - Processing file /home/airflow/.local/lib/python3.7/site-packages/airflow/example_dags/example_short_circuit_operator.py for tasks to queue
[2025-10-20T06:50:21.701+0000] {logging_mixin.py:120} INFO - [2025-10-20T06:50:21.701+0000] {dagbag.py:537} INFO - Filling up the DagBag from /home/airflow/.local/lib/python3.7/site-packages/airflow/example_dags/example_short_circuit_operator.py
[2025-10-20T06:50:21.726+0000] {processor.py:766} INFO - DAG(s) dict_keys(['example_short_circuit_operator']) retrieved from /home/airflow/.local/lib/python3.7/site-packages/airflow/example_dags/example_short_circuit_operator.py
[2025-10-20T06:50:21.779+0000] {logging_mixin.py:120} INFO - [2025-10-20T06:50:21.779+0000] {dag.py:2585} INFO - Sync 1 DAGs
[2025-10-20T06:50:21.806+0000] {logging_mixin.py:120} INFO - [2025-10-20T06:50:21.806+0000] {dag.py:3340} INFO - Setting next_dagrun for example_short_circuit_operator to 2025-10-19T06:50:21.805745+00:00, run_after=2025-10-20T06:50:21.805745+00:00
[2025-10-20T06:50:21.828+0000] {processor.py:176} INFO - Processing /home/airflow/.local/lib/python3.7/site-packages/airflow/example_dags/example_short_circuit_operator.py took 0.145 seconds
[2025-10-20T06:50:51.938+0000] {processor.py:154} INFO - Started process (PID=480) to work on /home/airflow/.local/lib/python3.7/site-packages/airflow/example_dags/example_short_circuit_operator.py
[2025-10-20T06:50:51.940+0000] {processor.py:756} INFO - Processing file /home/airflow/.local/lib/python3.7/site-packages/airflow/example_dags/example_short_circuit_operator.py for tasks to queue
[2025-10-20T06:50:51.940+0000] {logging_mixin.py:120} INFO - [2025-10-20T06:50:51.940+0000] {dagbag.py:537} INFO - Filling up the DagBag from /home/airflow/.local/lib/python3.7/site-packages/airflow/example_dags/example_short_circuit_operator.py
[2025-10-20T06:50:51.960+0000] {processor.py:766} INFO - DAG(s) dict_keys(['example_short_circuit_operator']) retrieved from /home/airflow/.local/lib/python3.7/site-packages/airflow/example_dags/example_short_circuit_operator.py
[2025-10-20T06:50:52.003+0000] {logging_mixin.py:120} INFO - [2025-10-20T06:50:52.003+0000] {dag.py:2585} INFO - Sync 1 DAGs
[2025-10-20T06:50:52.031+0000] {logging_mixin.py:120} INFO - [2025-10-20T06:50:52.031+0000] {dag.py:3340} INFO - Setting next_dagrun for example_short_circuit_operator to 2025-10-19T06:50:52.030873+00:00, run_after=2025-10-20T06:50:52.030873+00:00
[2025-10-20T06:50:52.054+0000] {processor.py:176} INFO - Processing /home/airflow/.local/lib/python3.7/site-packages/airflow/example_dags/example_short_circuit_operator.py took 0.119 seconds
[2025-10-20T06:51:09.276+0000] {processor.py:154} INFO - Started process (PID=53) to work on /home/airflow/.local/lib/python3.7/site-packages/airflow/example_dags/example_short_circuit_operator.py
[2025-10-20T06:51:09.294+0000] {processor.py:756} INFO - Processing file /home/airflow/.local/lib/python3.7/site-packages/airflow/example_dags/example_short_circuit_operator.py for tasks to queue
[2025-10-20T06:51:09.295+0000] {logging_mixin.py:120} INFO - [2025-10-20T06:51:09.295+0000] {dagbag.py:537} INFO - Filling up the DagBag from /home/airflow/.local/lib/python3.7/site-packages/airflow/example_dags/example_short_circuit_operator.py
[2025-10-20T06:51:09.400+0000] {processor.py:766} INFO - DAG(s) dict_keys(['example_short_circuit_operator']) retrieved from /home/airflow/.local/lib/python3.7/site-packages/airflow/example_dags/example_short_circuit_operator.py
[2025-10-20T06:51:09.466+0000] {logging_mixin.py:120} INFO - [2025-10-20T06:51:09.465+0000] {dag.py:2585} INFO - Sync 1 DAGs
[2025-10-20T06:51:09.504+0000] {logging_mixin.py:120} INFO - [2025-10-20T06:51:09.503+0000] {dag.py:3340} INFO - Setting next_dagrun for example_short_circuit_operator to 2025-10-19T06:51:09.503407+00:00, run_after=2025-10-20T06:51:09.503407+00:00
[2025-10-20T06:51:09.551+0000] {processor.py:176} INFO - Processing /home/airflow/.local/lib/python3.7/site-packages/airflow/example_dags/example_short_circuit_operator.py took 0.289 seconds
[2025-10-20T06:51:39.597+0000] {processor.py:154} INFO - Started process (PID=107) to work on /home/airflow/.local/lib/python3.7/site-packages/airflow/example_dags/example_short_circuit_operator.py
[2025-10-20T06:51:39.599+0000] {processor.py:756} INFO - Processing file /home/airflow/.local/lib/python3.7/site-packages/airflow/example_dags/example_short_circuit_operator.py for tasks to queue
[2025-10-20T06:51:39.599+0000] {logging_mixin.py:120} INFO - [2025-10-20T06:51:39.599+0000] {dagbag.py:537} INFO - Filling up the DagBag from /home/airflow/.local/lib/python3.7/site-packages/airflow/example_dags/example_short_circuit_operator.py
[2025-10-20T06:51:39.618+0000] {processor.py:766} INFO - DAG(s) dict_keys(['example_short_circuit_operator']) retrieved from /home/airflow/.local/lib/python3.7/site-packages/airflow/example_dags/example_short_circuit_operator.py
[2025-10-20T06:51:39.665+0000] {logging_mixin.py:120} INFO - [2025-10-20T06:51:39.665+0000] {dag.py:2585} INFO - Sync 1 DAGs
[2025-10-20T06:51:39.693+0000] {logging_mixin.py:120} INFO - [2025-10-20T06:51:39.693+0000] {dag.py:3340} INFO - Setting next_dagrun for example_short_circuit_operator to 2025-10-19T06:51:39.693309+00:00, run_after=2025-10-20T06:51:39.693309+00:00
[2025-10-20T06:51:39.715+0000] {processor.py:176} INFO - Processing /home/airflow/.local/lib/python3.7/site-packages/airflow/example_dags/example_short_circuit_operator.py took 0.122 seconds
