[2025-10-20T06:47:17.476+0000] {processor.py:154} INFO - Started process (PID=47) to work on /home/airflow/.local/lib/python3.7/site-packages/airflow/example_dags/example_short_circuit_decorator.py
[2025-10-20T06:47:17.494+0000] {processor.py:756} INFO - Processing file /home/airflow/.local/lib/python3.7/site-packages/airflow/example_dags/example_short_circuit_decorator.py for tasks to queue
[2025-10-20T06:47:17.502+0000] {logging_mixin.py:120} INFO - [2025-10-20T06:47:17.501+0000] {dagbag.py:537} INFO - Filling up the DagBag from /home/airflow/.local/lib/python3.7/site-packages/airflow/example_dags/example_short_circuit_decorator.py
[2025-10-20T06:47:17.646+0000] {processor.py:766} INFO - DAG(s) dict_keys(['example_short_circuit_decorator']) retrieved from /home/airflow/.local/lib/python3.7/site-packages/airflow/example_dags/example_short_circuit_decorator.py
[2025-10-20T06:47:17.889+0000] {logging_mixin.py:120} INFO - [2025-10-20T06:47:17.889+0000] {manager.py:507} INFO - Created Permission View: can edit on DAG:example_short_circuit_decorator
[2025-10-20T06:47:17.918+0000] {logging_mixin.py:120} INFO - [2025-10-20T06:47:17.917+0000] {manager.py:507} INFO - Created Permission View: can read on DAG:example_short_circuit_decorator
[2025-10-20T06:47:17.939+0000] {logging_mixin.py:120} INFO - [2025-10-20T06:47:17.938+0000] {manager.py:507} INFO - Created Permission View: can delete on DAG:example_short_circuit_decorator
[2025-10-20T06:47:17.940+0000] {logging_mixin.py:120} INFO - [2025-10-20T06:47:17.939+0000] {dag.py:2585} INFO - Sync 1 DAGs
[2025-10-20T06:47:17.967+0000] {logging_mixin.py:120} INFO - [2025-10-20T06:47:17.966+0000] {dag.py:2606} INFO - Creating ORM DAG for example_short_circuit_decorator
[2025-10-20T06:47:18.000+0000] {logging_mixin.py:120} INFO - [2025-10-20T06:47:18.000+0000] {dag.py:3340} INFO - Setting next_dagrun for example_short_circuit_decorator to 2025-10-19T06:47:17.999696+00:00, run_after=2025-10-20T06:47:17.999696+00:00
[2025-10-20T06:47:18.091+0000] {processor.py:176} INFO - Processing /home/airflow/.local/lib/python3.7/site-packages/airflow/example_dags/example_short_circuit_decorator.py took 0.632 seconds
[2025-10-20T06:47:48.431+0000] {processor.py:154} INFO - Started process (PID=101) to work on /home/airflow/.local/lib/python3.7/site-packages/airflow/example_dags/example_short_circuit_decorator.py
[2025-10-20T06:47:48.432+0000] {processor.py:756} INFO - Processing file /home/airflow/.local/lib/python3.7/site-packages/airflow/example_dags/example_short_circuit_decorator.py for tasks to queue
[2025-10-20T06:47:48.433+0000] {logging_mixin.py:120} INFO - [2025-10-20T06:47:48.433+0000] {dagbag.py:537} INFO - Filling up the DagBag from /home/airflow/.local/lib/python3.7/site-packages/airflow/example_dags/example_short_circuit_decorator.py
[2025-10-20T06:47:48.460+0000] {processor.py:766} INFO - DAG(s) dict_keys(['example_short_circuit_decorator']) retrieved from /home/airflow/.local/lib/python3.7/site-packages/airflow/example_dags/example_short_circuit_decorator.py
[2025-10-20T06:47:48.491+0000] {logging_mixin.py:120} INFO - [2025-10-20T06:47:48.491+0000] {dag.py:2585} INFO - Sync 1 DAGs
[2025-10-20T06:47:48.516+0000] {logging_mixin.py:120} INFO - [2025-10-20T06:47:48.516+0000] {dag.py:3340} INFO - Setting next_dagrun for example_short_circuit_decorator to 2025-10-19T06:47:48.516155+00:00, run_after=2025-10-20T06:47:48.516155+00:00
[2025-10-20T06:47:48.544+0000] {processor.py:176} INFO - Processing /home/airflow/.local/lib/python3.7/site-packages/airflow/example_dags/example_short_circuit_decorator.py took 0.116 seconds
[2025-10-20T06:48:18.788+0000] {processor.py:154} INFO - Started process (PID=165) to work on /home/airflow/.local/lib/python3.7/site-packages/airflow/example_dags/example_short_circuit_decorator.py
[2025-10-20T06:48:18.790+0000] {processor.py:756} INFO - Processing file /home/airflow/.local/lib/python3.7/site-packages/airflow/example_dags/example_short_circuit_decorator.py for tasks to queue
[2025-10-20T06:48:18.792+0000] {logging_mixin.py:120} INFO - [2025-10-20T06:48:18.791+0000] {dagbag.py:537} INFO - Filling up the DagBag from /home/airflow/.local/lib/python3.7/site-packages/airflow/example_dags/example_short_circuit_decorator.py
[2025-10-20T06:48:18.847+0000] {processor.py:766} INFO - DAG(s) dict_keys(['example_short_circuit_decorator']) retrieved from /home/airflow/.local/lib/python3.7/site-packages/airflow/example_dags/example_short_circuit_decorator.py
[2025-10-20T06:48:18.916+0000] {logging_mixin.py:120} INFO - [2025-10-20T06:48:18.916+0000] {dag.py:2585} INFO - Sync 1 DAGs
[2025-10-20T06:48:18.955+0000] {logging_mixin.py:120} INFO - [2025-10-20T06:48:18.955+0000] {dag.py:3340} INFO - Setting next_dagrun for example_short_circuit_decorator to 2025-10-19T06:48:18.954812+00:00, run_after=2025-10-20T06:48:18.954812+00:00
[2025-10-20T06:48:18.982+0000] {processor.py:176} INFO - Processing /home/airflow/.local/lib/python3.7/site-packages/airflow/example_dags/example_short_circuit_decorator.py took 0.201 seconds
[2025-10-20T06:48:49.207+0000] {processor.py:154} INFO - Started process (PID=228) to work on /home/airflow/.local/lib/python3.7/site-packages/airflow/example_dags/example_short_circuit_decorator.py
[2025-10-20T06:48:49.209+0000] {processor.py:756} INFO - Processing file /home/airflow/.local/lib/python3.7/site-packages/airflow/example_dags/example_short_circuit_decorator.py for tasks to queue
[2025-10-20T06:48:49.210+0000] {logging_mixin.py:120} INFO - [2025-10-20T06:48:49.210+0000] {dagbag.py:537} INFO - Filling up the DagBag from /home/airflow/.local/lib/python3.7/site-packages/airflow/example_dags/example_short_circuit_decorator.py
[2025-10-20T06:48:49.240+0000] {processor.py:766} INFO - DAG(s) dict_keys(['example_short_circuit_decorator']) retrieved from /home/airflow/.local/lib/python3.7/site-packages/airflow/example_dags/example_short_circuit_decorator.py
[2025-10-20T06:48:49.295+0000] {logging_mixin.py:120} INFO - [2025-10-20T06:48:49.294+0000] {dag.py:2585} INFO - Sync 1 DAGs
[2025-10-20T06:48:49.323+0000] {logging_mixin.py:120} INFO - [2025-10-20T06:48:49.323+0000] {dag.py:3340} INFO - Setting next_dagrun for example_short_circuit_decorator to 2025-10-19T06:48:49.323346+00:00, run_after=2025-10-20T06:48:49.323346+00:00
[2025-10-20T06:48:49.347+0000] {processor.py:176} INFO - Processing /home/airflow/.local/lib/python3.7/site-packages/airflow/example_dags/example_short_circuit_decorator.py took 0.147 seconds
[2025-10-20T06:49:19.483+0000] {processor.py:154} INFO - Started process (PID=281) to work on /home/airflow/.local/lib/python3.7/site-packages/airflow/example_dags/example_short_circuit_decorator.py
[2025-10-20T06:49:19.485+0000] {processor.py:756} INFO - Processing file /home/airflow/.local/lib/python3.7/site-packages/airflow/example_dags/example_short_circuit_decorator.py for tasks to queue
[2025-10-20T06:49:19.485+0000] {logging_mixin.py:120} INFO - [2025-10-20T06:49:19.485+0000] {dagbag.py:537} INFO - Filling up the DagBag from /home/airflow/.local/lib/python3.7/site-packages/airflow/example_dags/example_short_circuit_decorator.py
[2025-10-20T06:49:19.508+0000] {processor.py:766} INFO - DAG(s) dict_keys(['example_short_circuit_decorator']) retrieved from /home/airflow/.local/lib/python3.7/site-packages/airflow/example_dags/example_short_circuit_decorator.py
[2025-10-20T06:49:19.552+0000] {logging_mixin.py:120} INFO - [2025-10-20T06:49:19.551+0000] {dag.py:2585} INFO - Sync 1 DAGs
[2025-10-20T06:49:19.575+0000] {logging_mixin.py:120} INFO - [2025-10-20T06:49:19.575+0000] {dag.py:3340} INFO - Setting next_dagrun for example_short_circuit_decorator to 2025-10-19T06:49:19.574791+00:00, run_after=2025-10-20T06:49:19.574791+00:00
[2025-10-20T06:49:19.594+0000] {processor.py:176} INFO - Processing /home/airflow/.local/lib/python3.7/site-packages/airflow/example_dags/example_short_circuit_decorator.py took 0.115 seconds
[2025-10-20T06:49:49.778+0000] {processor.py:154} INFO - Started process (PID=344) to work on /home/airflow/.local/lib/python3.7/site-packages/airflow/example_dags/example_short_circuit_decorator.py
[2025-10-20T06:49:49.781+0000] {processor.py:756} INFO - Processing file /home/airflow/.local/lib/python3.7/site-packages/airflow/example_dags/example_short_circuit_decorator.py for tasks to queue
[2025-10-20T06:49:49.783+0000] {logging_mixin.py:120} INFO - [2025-10-20T06:49:49.783+0000] {dagbag.py:537} INFO - Filling up the DagBag from /home/airflow/.local/lib/python3.7/site-packages/airflow/example_dags/example_short_circuit_decorator.py
[2025-10-20T06:49:49.817+0000] {processor.py:766} INFO - DAG(s) dict_keys(['example_short_circuit_decorator']) retrieved from /home/airflow/.local/lib/python3.7/site-packages/airflow/example_dags/example_short_circuit_decorator.py
[2025-10-20T06:49:49.864+0000] {logging_mixin.py:120} INFO - [2025-10-20T06:49:49.864+0000] {dag.py:2585} INFO - Sync 1 DAGs
[2025-10-20T06:49:49.890+0000] {logging_mixin.py:120} INFO - [2025-10-20T06:49:49.889+0000] {dag.py:3340} INFO - Setting next_dagrun for example_short_circuit_decorator to 2025-10-19T06:49:49.888927+00:00, run_after=2025-10-20T06:49:49.888927+00:00
[2025-10-20T06:49:49.919+0000] {processor.py:176} INFO - Processing /home/airflow/.local/lib/python3.7/site-packages/airflow/example_dags/example_short_circuit_decorator.py took 0.145 seconds
[2025-10-20T06:50:20.131+0000] {processor.py:154} INFO - Started process (PID=412) to work on /home/airflow/.local/lib/python3.7/site-packages/airflow/example_dags/example_short_circuit_decorator.py
[2025-10-20T06:50:20.132+0000] {processor.py:756} INFO - Processing file /home/airflow/.local/lib/python3.7/site-packages/airflow/example_dags/example_short_circuit_decorator.py for tasks to queue
[2025-10-20T06:50:20.133+0000] {logging_mixin.py:120} INFO - [2025-10-20T06:50:20.133+0000] {dagbag.py:537} INFO - Filling up the DagBag from /home/airflow/.local/lib/python3.7/site-packages/airflow/example_dags/example_short_circuit_decorator.py
[2025-10-20T06:50:20.166+0000] {processor.py:766} INFO - DAG(s) dict_keys(['example_short_circuit_decorator']) retrieved from /home/airflow/.local/lib/python3.7/site-packages/airflow/example_dags/example_short_circuit_decorator.py
[2025-10-20T06:50:20.220+0000] {logging_mixin.py:120} INFO - [2025-10-20T06:50:20.220+0000] {dag.py:2585} INFO - Sync 1 DAGs
[2025-10-20T06:50:20.254+0000] {logging_mixin.py:120} INFO - [2025-10-20T06:50:20.254+0000] {dag.py:3340} INFO - Setting next_dagrun for example_short_circuit_decorator to 2025-10-19T06:50:20.254301+00:00, run_after=2025-10-20T06:50:20.254301+00:00
[2025-10-20T06:50:20.282+0000] {processor.py:176} INFO - Processing /home/airflow/.local/lib/python3.7/site-packages/airflow/example_dags/example_short_circuit_decorator.py took 0.155 seconds
[2025-10-20T06:50:50.552+0000] {processor.py:154} INFO - Started process (PID=475) to work on /home/airflow/.local/lib/python3.7/site-packages/airflow/example_dags/example_short_circuit_decorator.py
[2025-10-20T06:50:50.553+0000] {processor.py:756} INFO - Processing file /home/airflow/.local/lib/python3.7/site-packages/airflow/example_dags/example_short_circuit_decorator.py for tasks to queue
[2025-10-20T06:50:50.555+0000] {logging_mixin.py:120} INFO - [2025-10-20T06:50:50.555+0000] {dagbag.py:537} INFO - Filling up the DagBag from /home/airflow/.local/lib/python3.7/site-packages/airflow/example_dags/example_short_circuit_decorator.py
[2025-10-20T06:50:50.613+0000] {processor.py:766} INFO - DAG(s) dict_keys(['example_short_circuit_decorator']) retrieved from /home/airflow/.local/lib/python3.7/site-packages/airflow/example_dags/example_short_circuit_decorator.py
[2025-10-20T06:50:50.668+0000] {logging_mixin.py:120} INFO - [2025-10-20T06:50:50.668+0000] {dag.py:2585} INFO - Sync 1 DAGs
[2025-10-20T06:50:50.697+0000] {logging_mixin.py:120} INFO - [2025-10-20T06:50:50.696+0000] {dag.py:3340} INFO - Setting next_dagrun for example_short_circuit_decorator to 2025-10-19T06:50:50.696730+00:00, run_after=2025-10-20T06:50:50.696730+00:00
[2025-10-20T06:50:50.724+0000] {processor.py:176} INFO - Processing /home/airflow/.local/lib/python3.7/site-packages/airflow/example_dags/example_short_circuit_decorator.py took 0.177 seconds
[2025-10-20T06:51:08.120+0000] {processor.py:154} INFO - Started process (PID=49) to work on /home/airflow/.local/lib/python3.7/site-packages/airflow/example_dags/example_short_circuit_decorator.py
[2025-10-20T06:51:08.128+0000] {processor.py:756} INFO - Processing file /home/airflow/.local/lib/python3.7/site-packages/airflow/example_dags/example_short_circuit_decorator.py for tasks to queue
[2025-10-20T06:51:08.131+0000] {logging_mixin.py:120} INFO - [2025-10-20T06:51:08.131+0000] {dagbag.py:537} INFO - Filling up the DagBag from /home/airflow/.local/lib/python3.7/site-packages/airflow/example_dags/example_short_circuit_decorator.py
[2025-10-20T06:51:08.249+0000] {processor.py:766} INFO - DAG(s) dict_keys(['example_short_circuit_decorator']) retrieved from /home/airflow/.local/lib/python3.7/site-packages/airflow/example_dags/example_short_circuit_decorator.py
[2025-10-20T06:51:08.308+0000] {logging_mixin.py:120} INFO - [2025-10-20T06:51:08.307+0000] {dag.py:2585} INFO - Sync 1 DAGs
[2025-10-20T06:51:08.379+0000] {logging_mixin.py:120} INFO - [2025-10-20T06:51:08.378+0000] {dag.py:3340} INFO - Setting next_dagrun for example_short_circuit_decorator to 2025-10-19T06:51:08.378559+00:00, run_after=2025-10-20T06:51:08.378559+00:00
[2025-10-20T06:51:08.466+0000] {processor.py:176} INFO - Processing /home/airflow/.local/lib/python3.7/site-packages/airflow/example_dags/example_short_circuit_decorator.py took 0.352 seconds
[2025-10-20T06:51:39.335+0000] {processor.py:154} INFO - Started process (PID=104) to work on /home/airflow/.local/lib/python3.7/site-packages/airflow/example_dags/example_short_circuit_decorator.py
[2025-10-20T06:51:39.336+0000] {processor.py:756} INFO - Processing file /home/airflow/.local/lib/python3.7/site-packages/airflow/example_dags/example_short_circuit_decorator.py for tasks to queue
[2025-10-20T06:51:39.338+0000] {logging_mixin.py:120} INFO - [2025-10-20T06:51:39.338+0000] {dagbag.py:537} INFO - Filling up the DagBag from /home/airflow/.local/lib/python3.7/site-packages/airflow/example_dags/example_short_circuit_decorator.py
[2025-10-20T06:51:39.373+0000] {processor.py:766} INFO - DAG(s) dict_keys(['example_short_circuit_decorator']) retrieved from /home/airflow/.local/lib/python3.7/site-packages/airflow/example_dags/example_short_circuit_decorator.py
[2025-10-20T06:51:39.425+0000] {logging_mixin.py:120} INFO - [2025-10-20T06:51:39.424+0000] {dag.py:2585} INFO - Sync 1 DAGs
[2025-10-20T06:51:39.451+0000] {logging_mixin.py:120} INFO - [2025-10-20T06:51:39.451+0000] {dag.py:3340} INFO - Setting next_dagrun for example_short_circuit_decorator to 2025-10-19T06:51:39.451323+00:00, run_after=2025-10-20T06:51:39.451323+00:00
[2025-10-20T06:51:39.474+0000] {processor.py:176} INFO - Processing /home/airflow/.local/lib/python3.7/site-packages/airflow/example_dags/example_short_circuit_decorator.py took 0.143 seconds
