[2025-10-20T06:47:23.046+0000] {processor.py:154} INFO - Started process (PID=68) to work on /home/airflow/.local/lib/python3.7/site-packages/airflow/example_dags/example_sla_dag.py
[2025-10-20T06:47:23.048+0000] {processor.py:756} INFO - Processing file /home/airflow/.local/lib/python3.7/site-packages/airflow/example_dags/example_sla_dag.py for tasks to queue
[2025-10-20T06:47:23.049+0000] {logging_mixin.py:120} INFO - [2025-10-20T06:47:23.049+0000] {dagbag.py:537} INFO - Filling up the DagBag from /home/airflow/.local/lib/python3.7/site-packages/airflow/example_dags/example_sla_dag.py
[2025-10-20T06:47:23.084+0000] {processor.py:766} INFO - DAG(s) dict_keys(['example_sla_dag']) retrieved from /home/airflow/.local/lib/python3.7/site-packages/airflow/example_dags/example_sla_dag.py
[2025-10-20T06:47:23.357+0000] {logging_mixin.py:120} INFO - [2025-10-20T06:47:23.357+0000] {manager.py:507} INFO - Created Permission View: can edit on DAG:example_sla_dag
[2025-10-20T06:47:23.385+0000] {logging_mixin.py:120} INFO - [2025-10-20T06:47:23.384+0000] {manager.py:507} INFO - Created Permission View: can read on DAG:example_sla_dag
[2025-10-20T06:47:23.436+0000] {logging_mixin.py:120} INFO - [2025-10-20T06:47:23.436+0000] {manager.py:507} INFO - Created Permission View: can delete on DAG:example_sla_dag
[2025-10-20T06:47:23.444+0000] {logging_mixin.py:120} INFO - [2025-10-20T06:47:23.444+0000] {dag.py:2585} INFO - Sync 1 DAGs
[2025-10-20T06:47:23.517+0000] {logging_mixin.py:120} INFO - [2025-10-20T06:47:23.516+0000] {dag.py:2606} INFO - Creating ORM DAG for example_sla_dag
[2025-10-20T06:47:23.612+0000] {logging_mixin.py:120} INFO - [2025-10-20T06:47:23.612+0000] {dag.py:3340} INFO - Setting next_dagrun for example_sla_dag to 2025-10-20T06:44:00+00:00, run_after=2025-10-20T06:46:00+00:00
[2025-10-20T06:47:23.689+0000] {processor.py:176} INFO - Processing /home/airflow/.local/lib/python3.7/site-packages/airflow/example_dags/example_sla_dag.py took 0.649 seconds
[2025-10-20T06:47:54.291+0000] {processor.py:154} INFO - Started process (PID=131) to work on /home/airflow/.local/lib/python3.7/site-packages/airflow/example_dags/example_sla_dag.py
[2025-10-20T06:47:54.293+0000] {processor.py:756} INFO - Processing file /home/airflow/.local/lib/python3.7/site-packages/airflow/example_dags/example_sla_dag.py for tasks to queue
[2025-10-20T06:47:54.294+0000] {logging_mixin.py:120} INFO - [2025-10-20T06:47:54.293+0000] {dagbag.py:537} INFO - Filling up the DagBag from /home/airflow/.local/lib/python3.7/site-packages/airflow/example_dags/example_sla_dag.py
[2025-10-20T06:47:54.326+0000] {processor.py:766} INFO - DAG(s) dict_keys(['example_sla_dag']) retrieved from /home/airflow/.local/lib/python3.7/site-packages/airflow/example_dags/example_sla_dag.py
[2025-10-20T06:47:54.360+0000] {logging_mixin.py:120} INFO - [2025-10-20T06:47:54.360+0000] {dag.py:2585} INFO - Sync 1 DAGs
[2025-10-20T06:47:54.409+0000] {logging_mixin.py:120} INFO - [2025-10-20T06:47:54.409+0000] {dag.py:3340} INFO - Setting next_dagrun for example_sla_dag to 2025-10-20T06:44:00+00:00, run_after=2025-10-20T06:46:00+00:00
[2025-10-20T06:47:54.447+0000] {processor.py:176} INFO - Processing /home/airflow/.local/lib/python3.7/site-packages/airflow/example_dags/example_sla_dag.py took 0.162 seconds
[2025-10-20T06:48:24.744+0000] {processor.py:154} INFO - Started process (PID=186) to work on /home/airflow/.local/lib/python3.7/site-packages/airflow/example_dags/example_sla_dag.py
[2025-10-20T06:48:24.746+0000] {processor.py:756} INFO - Processing file /home/airflow/.local/lib/python3.7/site-packages/airflow/example_dags/example_sla_dag.py for tasks to queue
[2025-10-20T06:48:24.747+0000] {logging_mixin.py:120} INFO - [2025-10-20T06:48:24.747+0000] {dagbag.py:537} INFO - Filling up the DagBag from /home/airflow/.local/lib/python3.7/site-packages/airflow/example_dags/example_sla_dag.py
[2025-10-20T06:48:24.773+0000] {processor.py:766} INFO - DAG(s) dict_keys(['example_sla_dag']) retrieved from /home/airflow/.local/lib/python3.7/site-packages/airflow/example_dags/example_sla_dag.py
[2025-10-20T06:48:24.827+0000] {logging_mixin.py:120} INFO - [2025-10-20T06:48:24.826+0000] {dag.py:2585} INFO - Sync 1 DAGs
[2025-10-20T06:48:24.855+0000] {logging_mixin.py:120} INFO - [2025-10-20T06:48:24.855+0000] {dag.py:3340} INFO - Setting next_dagrun for example_sla_dag to 2025-10-20T06:46:00+00:00, run_after=2025-10-20T06:48:00+00:00
[2025-10-20T06:48:24.882+0000] {processor.py:176} INFO - Processing /home/airflow/.local/lib/python3.7/site-packages/airflow/example_dags/example_sla_dag.py took 0.141 seconds
[2025-10-20T06:48:55.026+0000] {processor.py:154} INFO - Started process (PID=249) to work on /home/airflow/.local/lib/python3.7/site-packages/airflow/example_dags/example_sla_dag.py
[2025-10-20T06:48:55.027+0000] {processor.py:756} INFO - Processing file /home/airflow/.local/lib/python3.7/site-packages/airflow/example_dags/example_sla_dag.py for tasks to queue
[2025-10-20T06:48:55.028+0000] {logging_mixin.py:120} INFO - [2025-10-20T06:48:55.028+0000] {dagbag.py:537} INFO - Filling up the DagBag from /home/airflow/.local/lib/python3.7/site-packages/airflow/example_dags/example_sla_dag.py
[2025-10-20T06:48:55.050+0000] {processor.py:766} INFO - DAG(s) dict_keys(['example_sla_dag']) retrieved from /home/airflow/.local/lib/python3.7/site-packages/airflow/example_dags/example_sla_dag.py
[2025-10-20T06:48:55.094+0000] {logging_mixin.py:120} INFO - [2025-10-20T06:48:55.093+0000] {dag.py:2585} INFO - Sync 1 DAGs
[2025-10-20T06:48:55.120+0000] {logging_mixin.py:120} INFO - [2025-10-20T06:48:55.120+0000] {dag.py:3340} INFO - Setting next_dagrun for example_sla_dag to 2025-10-20T06:46:00+00:00, run_after=2025-10-20T06:48:00+00:00
[2025-10-20T06:48:55.144+0000] {processor.py:176} INFO - Processing /home/airflow/.local/lib/python3.7/site-packages/airflow/example_dags/example_sla_dag.py took 0.121 seconds
[2025-10-20T06:49:25.539+0000] {processor.py:154} INFO - Started process (PID=312) to work on /home/airflow/.local/lib/python3.7/site-packages/airflow/example_dags/example_sla_dag.py
[2025-10-20T06:49:25.540+0000] {processor.py:756} INFO - Processing file /home/airflow/.local/lib/python3.7/site-packages/airflow/example_dags/example_sla_dag.py for tasks to queue
[2025-10-20T06:49:25.541+0000] {logging_mixin.py:120} INFO - [2025-10-20T06:49:25.541+0000] {dagbag.py:537} INFO - Filling up the DagBag from /home/airflow/.local/lib/python3.7/site-packages/airflow/example_dags/example_sla_dag.py
[2025-10-20T06:49:25.570+0000] {processor.py:766} INFO - DAG(s) dict_keys(['example_sla_dag']) retrieved from /home/airflow/.local/lib/python3.7/site-packages/airflow/example_dags/example_sla_dag.py
[2025-10-20T06:49:25.620+0000] {logging_mixin.py:120} INFO - [2025-10-20T06:49:25.620+0000] {dag.py:2585} INFO - Sync 1 DAGs
[2025-10-20T06:49:25.653+0000] {logging_mixin.py:120} INFO - [2025-10-20T06:49:25.653+0000] {dag.py:3340} INFO - Setting next_dagrun for example_sla_dag to 2025-10-20T06:46:00+00:00, run_after=2025-10-20T06:48:00+00:00
[2025-10-20T06:49:25.684+0000] {processor.py:176} INFO - Processing /home/airflow/.local/lib/python3.7/site-packages/airflow/example_dags/example_sla_dag.py took 0.149 seconds
[2025-10-20T06:49:55.816+0000] {processor.py:154} INFO - Started process (PID=366) to work on /home/airflow/.local/lib/python3.7/site-packages/airflow/example_dags/example_sla_dag.py
[2025-10-20T06:49:55.818+0000] {processor.py:756} INFO - Processing file /home/airflow/.local/lib/python3.7/site-packages/airflow/example_dags/example_sla_dag.py for tasks to queue
[2025-10-20T06:49:55.818+0000] {logging_mixin.py:120} INFO - [2025-10-20T06:49:55.818+0000] {dagbag.py:537} INFO - Filling up the DagBag from /home/airflow/.local/lib/python3.7/site-packages/airflow/example_dags/example_sla_dag.py
[2025-10-20T06:49:55.843+0000] {processor.py:766} INFO - DAG(s) dict_keys(['example_sla_dag']) retrieved from /home/airflow/.local/lib/python3.7/site-packages/airflow/example_dags/example_sla_dag.py
[2025-10-20T06:49:55.885+0000] {logging_mixin.py:120} INFO - [2025-10-20T06:49:55.885+0000] {dag.py:2585} INFO - Sync 1 DAGs
[2025-10-20T06:49:55.912+0000] {logging_mixin.py:120} INFO - [2025-10-20T06:49:55.912+0000] {dag.py:3340} INFO - Setting next_dagrun for example_sla_dag to 2025-10-20T06:46:00+00:00, run_after=2025-10-20T06:48:00+00:00
[2025-10-20T06:49:55.934+0000] {processor.py:176} INFO - Processing /home/airflow/.local/lib/python3.7/site-packages/airflow/example_dags/example_sla_dag.py took 0.121 seconds
[2025-10-20T06:50:26.396+0000] {processor.py:154} INFO - Started process (PID=443) to work on /home/airflow/.local/lib/python3.7/site-packages/airflow/example_dags/example_sla_dag.py
[2025-10-20T06:50:26.398+0000] {processor.py:756} INFO - Processing file /home/airflow/.local/lib/python3.7/site-packages/airflow/example_dags/example_sla_dag.py for tasks to queue
[2025-10-20T06:50:26.399+0000] {logging_mixin.py:120} INFO - [2025-10-20T06:50:26.399+0000] {dagbag.py:537} INFO - Filling up the DagBag from /home/airflow/.local/lib/python3.7/site-packages/airflow/example_dags/example_sla_dag.py
[2025-10-20T06:50:26.430+0000] {processor.py:766} INFO - DAG(s) dict_keys(['example_sla_dag']) retrieved from /home/airflow/.local/lib/python3.7/site-packages/airflow/example_dags/example_sla_dag.py
[2025-10-20T06:50:26.487+0000] {logging_mixin.py:120} INFO - [2025-10-20T06:50:26.486+0000] {dag.py:2585} INFO - Sync 1 DAGs
[2025-10-20T06:50:26.523+0000] {logging_mixin.py:120} INFO - [2025-10-20T06:50:26.523+0000] {dag.py:3340} INFO - Setting next_dagrun for example_sla_dag to 2025-10-20T06:48:00+00:00, run_after=2025-10-20T06:50:00+00:00
[2025-10-20T06:50:26.547+0000] {processor.py:176} INFO - Processing /home/airflow/.local/lib/python3.7/site-packages/airflow/example_dags/example_sla_dag.py took 0.154 seconds
[2025-10-20T06:51:12.645+0000] {processor.py:154} INFO - Started process (PID=70) to work on /home/airflow/.local/lib/python3.7/site-packages/airflow/example_dags/example_sla_dag.py
[2025-10-20T06:51:12.651+0000] {processor.py:756} INFO - Processing file /home/airflow/.local/lib/python3.7/site-packages/airflow/example_dags/example_sla_dag.py for tasks to queue
[2025-10-20T06:51:12.654+0000] {logging_mixin.py:120} INFO - [2025-10-20T06:51:12.653+0000] {dagbag.py:537} INFO - Filling up the DagBag from /home/airflow/.local/lib/python3.7/site-packages/airflow/example_dags/example_sla_dag.py
[2025-10-20T06:51:12.729+0000] {processor.py:766} INFO - DAG(s) dict_keys(['example_sla_dag']) retrieved from /home/airflow/.local/lib/python3.7/site-packages/airflow/example_dags/example_sla_dag.py
[2025-10-20T06:51:12.798+0000] {logging_mixin.py:120} INFO - [2025-10-20T06:51:12.798+0000] {dag.py:2585} INFO - Sync 1 DAGs
[2025-10-20T06:51:12.861+0000] {logging_mixin.py:120} INFO - [2025-10-20T06:51:12.860+0000] {dag.py:3340} INFO - Setting next_dagrun for example_sla_dag to 2025-10-20T06:48:00+00:00, run_after=2025-10-20T06:50:00+00:00
[2025-10-20T06:51:12.915+0000] {processor.py:176} INFO - Processing /home/airflow/.local/lib/python3.7/site-packages/airflow/example_dags/example_sla_dag.py took 0.282 seconds
[2025-10-20T06:51:43.851+0000] {processor.py:154} INFO - Started process (PID=134) to work on /home/airflow/.local/lib/python3.7/site-packages/airflow/example_dags/example_sla_dag.py
[2025-10-20T06:51:43.853+0000] {processor.py:756} INFO - Processing file /home/airflow/.local/lib/python3.7/site-packages/airflow/example_dags/example_sla_dag.py for tasks to queue
[2025-10-20T06:51:43.854+0000] {logging_mixin.py:120} INFO - [2025-10-20T06:51:43.854+0000] {dagbag.py:537} INFO - Filling up the DagBag from /home/airflow/.local/lib/python3.7/site-packages/airflow/example_dags/example_sla_dag.py
[2025-10-20T06:51:43.887+0000] {processor.py:766} INFO - DAG(s) dict_keys(['example_sla_dag']) retrieved from /home/airflow/.local/lib/python3.7/site-packages/airflow/example_dags/example_sla_dag.py
[2025-10-20T06:51:43.941+0000] {logging_mixin.py:120} INFO - [2025-10-20T06:51:43.941+0000] {dag.py:2585} INFO - Sync 1 DAGs
[2025-10-20T06:51:43.985+0000] {logging_mixin.py:120} INFO - [2025-10-20T06:51:43.985+0000] {dag.py:3340} INFO - Setting next_dagrun for example_sla_dag to 2025-10-20T06:48:00+00:00, run_after=2025-10-20T06:50:00+00:00
[2025-10-20T06:51:44.017+0000] {processor.py:176} INFO - Processing /home/airflow/.local/lib/python3.7/site-packages/airflow/example_dags/example_sla_dag.py took 0.172 seconds
