[2025-10-20T06:47:20.315+0000] {processor.py:154} INFO - Started process (PID=58) to work on /home/airflow/.local/lib/python3.7/site-packages/airflow/example_dags/example_kubernetes_executor.py
[2025-10-20T06:47:20.318+0000] {processor.py:756} INFO - Processing file /home/airflow/.local/lib/python3.7/site-packages/airflow/example_dags/example_kubernetes_executor.py for tasks to queue
[2025-10-20T06:47:20.319+0000] {logging_mixin.py:120} INFO - [2025-10-20T06:47:20.319+0000] {dagbag.py:537} INFO - Filling up the DagBag from /home/airflow/.local/lib/python3.7/site-packages/airflow/example_dags/example_kubernetes_executor.py
[2025-10-20T06:47:20.372+0000] {processor.py:766} INFO - DAG(s) dict_keys(['example_kubernetes_executor']) retrieved from /home/airflow/.local/lib/python3.7/site-packages/airflow/example_dags/example_kubernetes_executor.py
[2025-10-20T06:47:20.683+0000] {logging_mixin.py:120} INFO - [2025-10-20T06:47:20.682+0000] {manager.py:507} INFO - Created Permission View: can edit on DAG:example_kubernetes_executor
[2025-10-20T06:47:20.705+0000] {logging_mixin.py:120} INFO - [2025-10-20T06:47:20.705+0000] {manager.py:507} INFO - Created Permission View: can read on DAG:example_kubernetes_executor
[2025-10-20T06:47:20.723+0000] {logging_mixin.py:120} INFO - [2025-10-20T06:47:20.722+0000] {manager.py:507} INFO - Created Permission View: can delete on DAG:example_kubernetes_executor
[2025-10-20T06:47:20.724+0000] {logging_mixin.py:120} INFO - [2025-10-20T06:47:20.724+0000] {dag.py:2585} INFO - Sync 1 DAGs
[2025-10-20T06:47:20.755+0000] {logging_mixin.py:120} INFO - [2025-10-20T06:47:20.754+0000] {dag.py:2606} INFO - Creating ORM DAG for example_kubernetes_executor
[2025-10-20T06:47:20.778+0000] {logging_mixin.py:120} INFO - [2025-10-20T06:47:20.778+0000] {dag.py:3340} INFO - Setting next_dagrun for example_kubernetes_executor to None, run_after=None
[2025-10-20T06:47:20.809+0000] {processor.py:176} INFO - Processing /home/airflow/.local/lib/python3.7/site-packages/airflow/example_dags/example_kubernetes_executor.py took 0.499 seconds
[2025-10-20T06:47:51.462+0000] {processor.py:154} INFO - Started process (PID=121) to work on /home/airflow/.local/lib/python3.7/site-packages/airflow/example_dags/example_kubernetes_executor.py
[2025-10-20T06:47:51.464+0000] {processor.py:756} INFO - Processing file /home/airflow/.local/lib/python3.7/site-packages/airflow/example_dags/example_kubernetes_executor.py for tasks to queue
[2025-10-20T06:47:51.464+0000] {logging_mixin.py:120} INFO - [2025-10-20T06:47:51.464+0000] {dagbag.py:537} INFO - Filling up the DagBag from /home/airflow/.local/lib/python3.7/site-packages/airflow/example_dags/example_kubernetes_executor.py
[2025-10-20T06:47:51.495+0000] {processor.py:766} INFO - DAG(s) dict_keys(['example_kubernetes_executor']) retrieved from /home/airflow/.local/lib/python3.7/site-packages/airflow/example_dags/example_kubernetes_executor.py
[2025-10-20T06:47:51.525+0000] {logging_mixin.py:120} INFO - [2025-10-20T06:47:51.525+0000] {dag.py:2585} INFO - Sync 1 DAGs
[2025-10-20T06:47:51.553+0000] {logging_mixin.py:120} INFO - [2025-10-20T06:47:51.553+0000] {dag.py:3340} INFO - Setting next_dagrun for example_kubernetes_executor to None, run_after=None
[2025-10-20T06:47:51.576+0000] {processor.py:176} INFO - Processing /home/airflow/.local/lib/python3.7/site-packages/airflow/example_dags/example_kubernetes_executor.py took 0.118 seconds
[2025-10-20T06:48:22.138+0000] {processor.py:154} INFO - Started process (PID=176) to work on /home/airflow/.local/lib/python3.7/site-packages/airflow/example_dags/example_kubernetes_executor.py
[2025-10-20T06:48:22.139+0000] {processor.py:756} INFO - Processing file /home/airflow/.local/lib/python3.7/site-packages/airflow/example_dags/example_kubernetes_executor.py for tasks to queue
[2025-10-20T06:48:22.140+0000] {logging_mixin.py:120} INFO - [2025-10-20T06:48:22.140+0000] {dagbag.py:537} INFO - Filling up the DagBag from /home/airflow/.local/lib/python3.7/site-packages/airflow/example_dags/example_kubernetes_executor.py
[2025-10-20T06:48:22.170+0000] {processor.py:766} INFO - DAG(s) dict_keys(['example_kubernetes_executor']) retrieved from /home/airflow/.local/lib/python3.7/site-packages/airflow/example_dags/example_kubernetes_executor.py
[2025-10-20T06:48:22.210+0000] {logging_mixin.py:120} INFO - [2025-10-20T06:48:22.209+0000] {dag.py:2585} INFO - Sync 1 DAGs
[2025-10-20T06:48:22.232+0000] {logging_mixin.py:120} INFO - [2025-10-20T06:48:22.232+0000] {dag.py:3340} INFO - Setting next_dagrun for example_kubernetes_executor to None, run_after=None
[2025-10-20T06:48:22.252+0000] {processor.py:176} INFO - Processing /home/airflow/.local/lib/python3.7/site-packages/airflow/example_dags/example_kubernetes_executor.py took 0.118 seconds
[2025-10-20T06:48:52.388+0000] {processor.py:154} INFO - Started process (PID=239) to work on /home/airflow/.local/lib/python3.7/site-packages/airflow/example_dags/example_kubernetes_executor.py
[2025-10-20T06:48:52.390+0000] {processor.py:756} INFO - Processing file /home/airflow/.local/lib/python3.7/site-packages/airflow/example_dags/example_kubernetes_executor.py for tasks to queue
[2025-10-20T06:48:52.391+0000] {logging_mixin.py:120} INFO - [2025-10-20T06:48:52.390+0000] {dagbag.py:537} INFO - Filling up the DagBag from /home/airflow/.local/lib/python3.7/site-packages/airflow/example_dags/example_kubernetes_executor.py
[2025-10-20T06:48:52.418+0000] {processor.py:766} INFO - DAG(s) dict_keys(['example_kubernetes_executor']) retrieved from /home/airflow/.local/lib/python3.7/site-packages/airflow/example_dags/example_kubernetes_executor.py
[2025-10-20T06:48:52.459+0000] {logging_mixin.py:120} INFO - [2025-10-20T06:48:52.459+0000] {dag.py:2585} INFO - Sync 1 DAGs
[2025-10-20T06:48:52.485+0000] {logging_mixin.py:120} INFO - [2025-10-20T06:48:52.484+0000] {dag.py:3340} INFO - Setting next_dagrun for example_kubernetes_executor to None, run_after=None
[2025-10-20T06:48:52.506+0000] {processor.py:176} INFO - Processing /home/airflow/.local/lib/python3.7/site-packages/airflow/example_dags/example_kubernetes_executor.py took 0.121 seconds
[2025-10-20T06:49:22.673+0000] {processor.py:154} INFO - Started process (PID=302) to work on /home/airflow/.local/lib/python3.7/site-packages/airflow/example_dags/example_kubernetes_executor.py
[2025-10-20T06:49:22.674+0000] {processor.py:756} INFO - Processing file /home/airflow/.local/lib/python3.7/site-packages/airflow/example_dags/example_kubernetes_executor.py for tasks to queue
[2025-10-20T06:49:22.675+0000] {logging_mixin.py:120} INFO - [2025-10-20T06:49:22.675+0000] {dagbag.py:537} INFO - Filling up the DagBag from /home/airflow/.local/lib/python3.7/site-packages/airflow/example_dags/example_kubernetes_executor.py
[2025-10-20T06:49:22.726+0000] {processor.py:766} INFO - DAG(s) dict_keys(['example_kubernetes_executor']) retrieved from /home/airflow/.local/lib/python3.7/site-packages/airflow/example_dags/example_kubernetes_executor.py
[2025-10-20T06:49:22.791+0000] {logging_mixin.py:120} INFO - [2025-10-20T06:49:22.791+0000] {dag.py:2585} INFO - Sync 1 DAGs
[2025-10-20T06:49:22.828+0000] {logging_mixin.py:120} INFO - [2025-10-20T06:49:22.828+0000] {dag.py:3340} INFO - Setting next_dagrun for example_kubernetes_executor to None, run_after=None
[2025-10-20T06:49:22.855+0000] {processor.py:176} INFO - Processing /home/airflow/.local/lib/python3.7/site-packages/airflow/example_dags/example_kubernetes_executor.py took 0.187 seconds
[2025-10-20T06:49:52.990+0000] {processor.py:154} INFO - Started process (PID=356) to work on /home/airflow/.local/lib/python3.7/site-packages/airflow/example_dags/example_kubernetes_executor.py
[2025-10-20T06:49:52.993+0000] {processor.py:756} INFO - Processing file /home/airflow/.local/lib/python3.7/site-packages/airflow/example_dags/example_kubernetes_executor.py for tasks to queue
[2025-10-20T06:49:52.994+0000] {logging_mixin.py:120} INFO - [2025-10-20T06:49:52.994+0000] {dagbag.py:537} INFO - Filling up the DagBag from /home/airflow/.local/lib/python3.7/site-packages/airflow/example_dags/example_kubernetes_executor.py
[2025-10-20T06:49:53.032+0000] {processor.py:766} INFO - DAG(s) dict_keys(['example_kubernetes_executor']) retrieved from /home/airflow/.local/lib/python3.7/site-packages/airflow/example_dags/example_kubernetes_executor.py
[2025-10-20T06:49:53.087+0000] {logging_mixin.py:120} INFO - [2025-10-20T06:49:53.086+0000] {dag.py:2585} INFO - Sync 1 DAGs
[2025-10-20T06:49:53.114+0000] {logging_mixin.py:120} INFO - [2025-10-20T06:49:53.114+0000] {dag.py:3340} INFO - Setting next_dagrun for example_kubernetes_executor to None, run_after=None
[2025-10-20T06:49:53.137+0000] {processor.py:176} INFO - Processing /home/airflow/.local/lib/python3.7/site-packages/airflow/example_dags/example_kubernetes_executor.py took 0.153 seconds
[2025-10-20T06:50:23.345+0000] {processor.py:154} INFO - Started process (PID=424) to work on /home/airflow/.local/lib/python3.7/site-packages/airflow/example_dags/example_kubernetes_executor.py
[2025-10-20T06:50:23.347+0000] {processor.py:756} INFO - Processing file /home/airflow/.local/lib/python3.7/site-packages/airflow/example_dags/example_kubernetes_executor.py for tasks to queue
[2025-10-20T06:50:23.349+0000] {logging_mixin.py:120} INFO - [2025-10-20T06:50:23.348+0000] {dagbag.py:537} INFO - Filling up the DagBag from /home/airflow/.local/lib/python3.7/site-packages/airflow/example_dags/example_kubernetes_executor.py
[2025-10-20T06:50:23.384+0000] {processor.py:766} INFO - DAG(s) dict_keys(['example_kubernetes_executor']) retrieved from /home/airflow/.local/lib/python3.7/site-packages/airflow/example_dags/example_kubernetes_executor.py
[2025-10-20T06:50:23.435+0000] {logging_mixin.py:120} INFO - [2025-10-20T06:50:23.434+0000] {dag.py:2585} INFO - Sync 1 DAGs
[2025-10-20T06:50:23.463+0000] {logging_mixin.py:120} INFO - [2025-10-20T06:50:23.463+0000] {dag.py:3340} INFO - Setting next_dagrun for example_kubernetes_executor to None, run_after=None
[2025-10-20T06:50:23.490+0000] {processor.py:176} INFO - Processing /home/airflow/.local/lib/python3.7/site-packages/airflow/example_dags/example_kubernetes_executor.py took 0.149 seconds
[2025-10-20T06:50:53.580+0000] {processor.py:154} INFO - Started process (PID=496) to work on /home/airflow/.local/lib/python3.7/site-packages/airflow/example_dags/example_kubernetes_executor.py
[2025-10-20T06:50:53.582+0000] {processor.py:756} INFO - Processing file /home/airflow/.local/lib/python3.7/site-packages/airflow/example_dags/example_kubernetes_executor.py for tasks to queue
[2025-10-20T06:50:53.584+0000] {logging_mixin.py:120} INFO - [2025-10-20T06:50:53.584+0000] {dagbag.py:537} INFO - Filling up the DagBag from /home/airflow/.local/lib/python3.7/site-packages/airflow/example_dags/example_kubernetes_executor.py
[2025-10-20T06:50:53.622+0000] {processor.py:766} INFO - DAG(s) dict_keys(['example_kubernetes_executor']) retrieved from /home/airflow/.local/lib/python3.7/site-packages/airflow/example_dags/example_kubernetes_executor.py
[2025-10-20T06:50:53.672+0000] {logging_mixin.py:120} INFO - [2025-10-20T06:50:53.672+0000] {dag.py:2585} INFO - Sync 1 DAGs
[2025-10-20T06:50:53.698+0000] {logging_mixin.py:120} INFO - [2025-10-20T06:50:53.698+0000] {dag.py:3340} INFO - Setting next_dagrun for example_kubernetes_executor to None, run_after=None
[2025-10-20T06:50:53.726+0000] {processor.py:176} INFO - Processing /home/airflow/.local/lib/python3.7/site-packages/airflow/example_dags/example_kubernetes_executor.py took 0.150 seconds
[2025-10-20T06:51:10.533+0000] {processor.py:154} INFO - Started process (PID=60) to work on /home/airflow/.local/lib/python3.7/site-packages/airflow/example_dags/example_kubernetes_executor.py
[2025-10-20T06:51:10.535+0000] {processor.py:756} INFO - Processing file /home/airflow/.local/lib/python3.7/site-packages/airflow/example_dags/example_kubernetes_executor.py for tasks to queue
[2025-10-20T06:51:10.538+0000] {logging_mixin.py:120} INFO - [2025-10-20T06:51:10.537+0000] {dagbag.py:537} INFO - Filling up the DagBag from /home/airflow/.local/lib/python3.7/site-packages/airflow/example_dags/example_kubernetes_executor.py
[2025-10-20T06:51:10.651+0000] {processor.py:766} INFO - DAG(s) dict_keys(['example_kubernetes_executor']) retrieved from /home/airflow/.local/lib/python3.7/site-packages/airflow/example_dags/example_kubernetes_executor.py
[2025-10-20T06:51:10.786+0000] {logging_mixin.py:120} INFO - [2025-10-20T06:51:10.785+0000] {dag.py:2585} INFO - Sync 1 DAGs
[2025-10-20T06:51:10.851+0000] {logging_mixin.py:120} INFO - [2025-10-20T06:51:10.851+0000] {dag.py:3340} INFO - Setting next_dagrun for example_kubernetes_executor to None, run_after=None
[2025-10-20T06:51:10.924+0000] {processor.py:176} INFO - Processing /home/airflow/.local/lib/python3.7/site-packages/airflow/example_dags/example_kubernetes_executor.py took 0.404 seconds
[2025-10-20T06:51:41.414+0000] {processor.py:154} INFO - Started process (PID=115) to work on /home/airflow/.local/lib/python3.7/site-packages/airflow/example_dags/example_kubernetes_executor.py
[2025-10-20T06:51:41.416+0000] {processor.py:756} INFO - Processing file /home/airflow/.local/lib/python3.7/site-packages/airflow/example_dags/example_kubernetes_executor.py for tasks to queue
[2025-10-20T06:51:41.417+0000] {logging_mixin.py:120} INFO - [2025-10-20T06:51:41.417+0000] {dagbag.py:537} INFO - Filling up the DagBag from /home/airflow/.local/lib/python3.7/site-packages/airflow/example_dags/example_kubernetes_executor.py
[2025-10-20T06:51:41.459+0000] {processor.py:766} INFO - DAG(s) dict_keys(['example_kubernetes_executor']) retrieved from /home/airflow/.local/lib/python3.7/site-packages/airflow/example_dags/example_kubernetes_executor.py
[2025-10-20T06:51:41.526+0000] {logging_mixin.py:120} INFO - [2025-10-20T06:51:41.525+0000] {dag.py:2585} INFO - Sync 1 DAGs
[2025-10-20T06:51:41.587+0000] {logging_mixin.py:120} INFO - [2025-10-20T06:51:41.587+0000] {dag.py:3340} INFO - Setting next_dagrun for example_kubernetes_executor to None, run_after=None
[2025-10-20T06:51:41.638+0000] {processor.py:176} INFO - Processing /home/airflow/.local/lib/python3.7/site-packages/airflow/example_dags/example_kubernetes_executor.py took 0.229 seconds
