[2025-10-20T06:47:22.948+0000] {processor.py:154} INFO - Started process (PID=67) to work on /home/airflow/.local/lib/python3.7/site-packages/airflow/example_dags/example_python_operator.py
[2025-10-20T06:47:22.950+0000] {processor.py:756} INFO - Processing file /home/airflow/.local/lib/python3.7/site-packages/airflow/example_dags/example_python_operator.py for tasks to queue
[2025-10-20T06:47:22.954+0000] {logging_mixin.py:120} INFO - [2025-10-20T06:47:22.954+0000] {dagbag.py:537} INFO - Filling up the DagBag from /home/airflow/.local/lib/python3.7/site-packages/airflow/example_dags/example_python_operator.py
[2025-10-20T06:47:22.983+0000] {logging_mixin.py:120} INFO - [2025-10-20T06:47:22.983+0000] {taskmixin.py:205} WARNING - Dependency <Task(_PythonDecoratedOperator): print_the_context>, log_sql_query already registered for DAG: example_python_operator
[2025-10-20T06:47:22.987+0000] {logging_mixin.py:120} INFO - [2025-10-20T06:47:22.986+0000] {taskmixin.py:205} WARNING - Dependency <Task(_PythonDecoratedOperator): log_sql_query>, print_the_context already registered for DAG: example_python_operator
[2025-10-20T06:47:22.988+0000] {logging_mixin.py:120} INFO - [2025-10-20T06:47:22.988+0000] {taskmixin.py:205} WARNING - Dependency <Task(_PythonDecoratedOperator): print_the_context>, log_sql_query already registered for DAG: example_python_operator
[2025-10-20T06:47:22.989+0000] {logging_mixin.py:120} INFO - [2025-10-20T06:47:22.989+0000] {taskmixin.py:205} WARNING - Dependency <Task(_PythonDecoratedOperator): log_sql_query>, print_the_context already registered for DAG: example_python_operator
[2025-10-20T06:47:22.991+0000] {logging_mixin.py:120} INFO - [2025-10-20T06:47:22.990+0000] {taskmixin.py:205} WARNING - Dependency <Task(_PythonDecoratedOperator): print_the_context>, log_sql_query already registered for DAG: example_python_operator
[2025-10-20T06:47:22.991+0000] {logging_mixin.py:120} INFO - [2025-10-20T06:47:22.991+0000] {taskmixin.py:205} WARNING - Dependency <Task(_PythonDecoratedOperator): log_sql_query>, print_the_context already registered for DAG: example_python_operator
[2025-10-20T06:47:22.992+0000] {logging_mixin.py:120} INFO - [2025-10-20T06:47:22.992+0000] {taskmixin.py:205} WARNING - Dependency <Task(_PythonDecoratedOperator): print_the_context>, log_sql_query already registered for DAG: example_python_operator
[2025-10-20T06:47:22.993+0000] {logging_mixin.py:120} INFO - [2025-10-20T06:47:22.993+0000] {taskmixin.py:205} WARNING - Dependency <Task(_PythonDecoratedOperator): log_sql_query>, print_the_context already registered for DAG: example_python_operator
[2025-10-20T06:47:23.006+0000] {processor.py:766} INFO - DAG(s) dict_keys(['example_python_operator']) retrieved from /home/airflow/.local/lib/python3.7/site-packages/airflow/example_dags/example_python_operator.py
[2025-10-20T06:47:23.221+0000] {logging_mixin.py:120} INFO - [2025-10-20T06:47:23.221+0000] {manager.py:507} INFO - Created Permission View: can edit on DAG:example_python_operator
[2025-10-20T06:47:23.267+0000] {logging_mixin.py:120} INFO - [2025-10-20T06:47:23.267+0000] {manager.py:507} INFO - Created Permission View: can read on DAG:example_python_operator
[2025-10-20T06:47:23.287+0000] {logging_mixin.py:120} INFO - [2025-10-20T06:47:23.286+0000] {manager.py:507} INFO - Created Permission View: can delete on DAG:example_python_operator
[2025-10-20T06:47:23.287+0000] {logging_mixin.py:120} INFO - [2025-10-20T06:47:23.287+0000] {dag.py:2585} INFO - Sync 1 DAGs
[2025-10-20T06:47:23.344+0000] {logging_mixin.py:120} INFO - [2025-10-20T06:47:23.339+0000] {dag.py:2606} INFO - Creating ORM DAG for example_python_operator
[2025-10-20T06:47:23.373+0000] {logging_mixin.py:120} INFO - [2025-10-20T06:47:23.370+0000] {dag.py:3340} INFO - Setting next_dagrun for example_python_operator to None, run_after=None
[2025-10-20T06:47:23.449+0000] {processor.py:176} INFO - Processing /home/airflow/.local/lib/python3.7/site-packages/airflow/example_dags/example_python_operator.py took 0.505 seconds
[2025-10-20T06:47:54.291+0000] {processor.py:154} INFO - Started process (PID=130) to work on /home/airflow/.local/lib/python3.7/site-packages/airflow/example_dags/example_python_operator.py
[2025-10-20T06:47:54.292+0000] {processor.py:756} INFO - Processing file /home/airflow/.local/lib/python3.7/site-packages/airflow/example_dags/example_python_operator.py for tasks to queue
[2025-10-20T06:47:54.294+0000] {logging_mixin.py:120} INFO - [2025-10-20T06:47:54.293+0000] {dagbag.py:537} INFO - Filling up the DagBag from /home/airflow/.local/lib/python3.7/site-packages/airflow/example_dags/example_python_operator.py
[2025-10-20T06:47:54.315+0000] {logging_mixin.py:120} INFO - [2025-10-20T06:47:54.315+0000] {taskmixin.py:205} WARNING - Dependency <Task(_PythonDecoratedOperator): print_the_context>, log_sql_query already registered for DAG: example_python_operator
[2025-10-20T06:47:54.316+0000] {logging_mixin.py:120} INFO - [2025-10-20T06:47:54.316+0000] {taskmixin.py:205} WARNING - Dependency <Task(_PythonDecoratedOperator): log_sql_query>, print_the_context already registered for DAG: example_python_operator
[2025-10-20T06:47:54.317+0000] {logging_mixin.py:120} INFO - [2025-10-20T06:47:54.317+0000] {taskmixin.py:205} WARNING - Dependency <Task(_PythonDecoratedOperator): print_the_context>, log_sql_query already registered for DAG: example_python_operator
[2025-10-20T06:47:54.317+0000] {logging_mixin.py:120} INFO - [2025-10-20T06:47:54.317+0000] {taskmixin.py:205} WARNING - Dependency <Task(_PythonDecoratedOperator): log_sql_query>, print_the_context already registered for DAG: example_python_operator
[2025-10-20T06:47:54.319+0000] {logging_mixin.py:120} INFO - [2025-10-20T06:47:54.318+0000] {taskmixin.py:205} WARNING - Dependency <Task(_PythonDecoratedOperator): print_the_context>, log_sql_query already registered for DAG: example_python_operator
[2025-10-20T06:47:54.319+0000] {logging_mixin.py:120} INFO - [2025-10-20T06:47:54.319+0000] {taskmixin.py:205} WARNING - Dependency <Task(_PythonDecoratedOperator): log_sql_query>, print_the_context already registered for DAG: example_python_operator
[2025-10-20T06:47:54.320+0000] {logging_mixin.py:120} INFO - [2025-10-20T06:47:54.320+0000] {taskmixin.py:205} WARNING - Dependency <Task(_PythonDecoratedOperator): print_the_context>, log_sql_query already registered for DAG: example_python_operator
[2025-10-20T06:47:54.321+0000] {logging_mixin.py:120} INFO - [2025-10-20T06:47:54.321+0000] {taskmixin.py:205} WARNING - Dependency <Task(_PythonDecoratedOperator): log_sql_query>, print_the_context already registered for DAG: example_python_operator
[2025-10-20T06:47:54.333+0000] {processor.py:766} INFO - DAG(s) dict_keys(['example_python_operator']) retrieved from /home/airflow/.local/lib/python3.7/site-packages/airflow/example_dags/example_python_operator.py
[2025-10-20T06:47:54.368+0000] {logging_mixin.py:120} INFO - [2025-10-20T06:47:54.368+0000] {dag.py:2585} INFO - Sync 1 DAGs
[2025-10-20T06:47:54.406+0000] {logging_mixin.py:120} INFO - [2025-10-20T06:47:54.405+0000] {dag.py:3340} INFO - Setting next_dagrun for example_python_operator to None, run_after=None
[2025-10-20T06:47:54.445+0000] {processor.py:176} INFO - Processing /home/airflow/.local/lib/python3.7/site-packages/airflow/example_dags/example_python_operator.py took 0.160 seconds
[2025-10-20T06:48:24.745+0000] {processor.py:154} INFO - Started process (PID=185) to work on /home/airflow/.local/lib/python3.7/site-packages/airflow/example_dags/example_python_operator.py
[2025-10-20T06:48:24.746+0000] {processor.py:756} INFO - Processing file /home/airflow/.local/lib/python3.7/site-packages/airflow/example_dags/example_python_operator.py for tasks to queue
[2025-10-20T06:48:24.749+0000] {logging_mixin.py:120} INFO - [2025-10-20T06:48:24.748+0000] {dagbag.py:537} INFO - Filling up the DagBag from /home/airflow/.local/lib/python3.7/site-packages/airflow/example_dags/example_python_operator.py
[2025-10-20T06:48:24.767+0000] {logging_mixin.py:120} INFO - [2025-10-20T06:48:24.767+0000] {taskmixin.py:205} WARNING - Dependency <Task(_PythonDecoratedOperator): print_the_context>, log_sql_query already registered for DAG: example_python_operator
[2025-10-20T06:48:24.768+0000] {logging_mixin.py:120} INFO - [2025-10-20T06:48:24.768+0000] {taskmixin.py:205} WARNING - Dependency <Task(_PythonDecoratedOperator): log_sql_query>, print_the_context already registered for DAG: example_python_operator
[2025-10-20T06:48:24.769+0000] {logging_mixin.py:120} INFO - [2025-10-20T06:48:24.769+0000] {taskmixin.py:205} WARNING - Dependency <Task(_PythonDecoratedOperator): print_the_context>, log_sql_query already registered for DAG: example_python_operator
[2025-10-20T06:48:24.769+0000] {logging_mixin.py:120} INFO - [2025-10-20T06:48:24.769+0000] {taskmixin.py:205} WARNING - Dependency <Task(_PythonDecoratedOperator): log_sql_query>, print_the_context already registered for DAG: example_python_operator
[2025-10-20T06:48:24.770+0000] {logging_mixin.py:120} INFO - [2025-10-20T06:48:24.770+0000] {taskmixin.py:205} WARNING - Dependency <Task(_PythonDecoratedOperator): print_the_context>, log_sql_query already registered for DAG: example_python_operator
[2025-10-20T06:48:24.771+0000] {logging_mixin.py:120} INFO - [2025-10-20T06:48:24.771+0000] {taskmixin.py:205} WARNING - Dependency <Task(_PythonDecoratedOperator): log_sql_query>, print_the_context already registered for DAG: example_python_operator
[2025-10-20T06:48:24.772+0000] {logging_mixin.py:120} INFO - [2025-10-20T06:48:24.772+0000] {taskmixin.py:205} WARNING - Dependency <Task(_PythonDecoratedOperator): print_the_context>, log_sql_query already registered for DAG: example_python_operator
[2025-10-20T06:48:24.772+0000] {logging_mixin.py:120} INFO - [2025-10-20T06:48:24.772+0000] {taskmixin.py:205} WARNING - Dependency <Task(_PythonDecoratedOperator): log_sql_query>, print_the_context already registered for DAG: example_python_operator
[2025-10-20T06:48:24.780+0000] {processor.py:766} INFO - DAG(s) dict_keys(['example_python_operator']) retrieved from /home/airflow/.local/lib/python3.7/site-packages/airflow/example_dags/example_python_operator.py
[2025-10-20T06:48:24.836+0000] {logging_mixin.py:120} INFO - [2025-10-20T06:48:24.836+0000] {dag.py:2585} INFO - Sync 1 DAGs
[2025-10-20T06:48:24.861+0000] {logging_mixin.py:120} INFO - [2025-10-20T06:48:24.861+0000] {dag.py:3340} INFO - Setting next_dagrun for example_python_operator to None, run_after=None
[2025-10-20T06:48:24.886+0000] {processor.py:176} INFO - Processing /home/airflow/.local/lib/python3.7/site-packages/airflow/example_dags/example_python_operator.py took 0.144 seconds
[2025-10-20T06:48:55.026+0000] {processor.py:154} INFO - Started process (PID=248) to work on /home/airflow/.local/lib/python3.7/site-packages/airflow/example_dags/example_python_operator.py
[2025-10-20T06:48:55.027+0000] {processor.py:756} INFO - Processing file /home/airflow/.local/lib/python3.7/site-packages/airflow/example_dags/example_python_operator.py for tasks to queue
[2025-10-20T06:48:55.028+0000] {logging_mixin.py:120} INFO - [2025-10-20T06:48:55.028+0000] {dagbag.py:537} INFO - Filling up the DagBag from /home/airflow/.local/lib/python3.7/site-packages/airflow/example_dags/example_python_operator.py
[2025-10-20T06:48:55.044+0000] {logging_mixin.py:120} INFO - [2025-10-20T06:48:55.044+0000] {taskmixin.py:205} WARNING - Dependency <Task(_PythonDecoratedOperator): print_the_context>, log_sql_query already registered for DAG: example_python_operator
[2025-10-20T06:48:55.045+0000] {logging_mixin.py:120} INFO - [2025-10-20T06:48:55.045+0000] {taskmixin.py:205} WARNING - Dependency <Task(_PythonDecoratedOperator): log_sql_query>, print_the_context already registered for DAG: example_python_operator
[2025-10-20T06:48:55.046+0000] {logging_mixin.py:120} INFO - [2025-10-20T06:48:55.046+0000] {taskmixin.py:205} WARNING - Dependency <Task(_PythonDecoratedOperator): print_the_context>, log_sql_query already registered for DAG: example_python_operator
[2025-10-20T06:48:55.046+0000] {logging_mixin.py:120} INFO - [2025-10-20T06:48:55.046+0000] {taskmixin.py:205} WARNING - Dependency <Task(_PythonDecoratedOperator): log_sql_query>, print_the_context already registered for DAG: example_python_operator
[2025-10-20T06:48:55.047+0000] {logging_mixin.py:120} INFO - [2025-10-20T06:48:55.047+0000] {taskmixin.py:205} WARNING - Dependency <Task(_PythonDecoratedOperator): print_the_context>, log_sql_query already registered for DAG: example_python_operator
[2025-10-20T06:48:55.048+0000] {logging_mixin.py:120} INFO - [2025-10-20T06:48:55.047+0000] {taskmixin.py:205} WARNING - Dependency <Task(_PythonDecoratedOperator): log_sql_query>, print_the_context already registered for DAG: example_python_operator
[2025-10-20T06:48:55.048+0000] {logging_mixin.py:120} INFO - [2025-10-20T06:48:55.048+0000] {taskmixin.py:205} WARNING - Dependency <Task(_PythonDecoratedOperator): print_the_context>, log_sql_query already registered for DAG: example_python_operator
[2025-10-20T06:48:55.049+0000] {logging_mixin.py:120} INFO - [2025-10-20T06:48:55.049+0000] {taskmixin.py:205} WARNING - Dependency <Task(_PythonDecoratedOperator): log_sql_query>, print_the_context already registered for DAG: example_python_operator
[2025-10-20T06:48:55.056+0000] {processor.py:766} INFO - DAG(s) dict_keys(['example_python_operator']) retrieved from /home/airflow/.local/lib/python3.7/site-packages/airflow/example_dags/example_python_operator.py
[2025-10-20T06:48:55.101+0000] {logging_mixin.py:120} INFO - [2025-10-20T06:48:55.101+0000] {dag.py:2585} INFO - Sync 1 DAGs
[2025-10-20T06:48:55.126+0000] {logging_mixin.py:120} INFO - [2025-10-20T06:48:55.126+0000] {dag.py:3340} INFO - Setting next_dagrun for example_python_operator to None, run_after=None
[2025-10-20T06:48:55.146+0000] {processor.py:176} INFO - Processing /home/airflow/.local/lib/python3.7/site-packages/airflow/example_dags/example_python_operator.py took 0.124 seconds
[2025-10-20T06:49:25.544+0000] {processor.py:154} INFO - Started process (PID=311) to work on /home/airflow/.local/lib/python3.7/site-packages/airflow/example_dags/example_python_operator.py
[2025-10-20T06:49:25.545+0000] {processor.py:756} INFO - Processing file /home/airflow/.local/lib/python3.7/site-packages/airflow/example_dags/example_python_operator.py for tasks to queue
[2025-10-20T06:49:25.546+0000] {logging_mixin.py:120} INFO - [2025-10-20T06:49:25.546+0000] {dagbag.py:537} INFO - Filling up the DagBag from /home/airflow/.local/lib/python3.7/site-packages/airflow/example_dags/example_python_operator.py
[2025-10-20T06:49:25.566+0000] {logging_mixin.py:120} INFO - [2025-10-20T06:49:25.565+0000] {taskmixin.py:205} WARNING - Dependency <Task(_PythonDecoratedOperator): print_the_context>, log_sql_query already registered for DAG: example_python_operator
[2025-10-20T06:49:25.566+0000] {logging_mixin.py:120} INFO - [2025-10-20T06:49:25.566+0000] {taskmixin.py:205} WARNING - Dependency <Task(_PythonDecoratedOperator): log_sql_query>, print_the_context already registered for DAG: example_python_operator
[2025-10-20T06:49:25.567+0000] {logging_mixin.py:120} INFO - [2025-10-20T06:49:25.567+0000] {taskmixin.py:205} WARNING - Dependency <Task(_PythonDecoratedOperator): print_the_context>, log_sql_query already registered for DAG: example_python_operator
[2025-10-20T06:49:25.568+0000] {logging_mixin.py:120} INFO - [2025-10-20T06:49:25.568+0000] {taskmixin.py:205} WARNING - Dependency <Task(_PythonDecoratedOperator): log_sql_query>, print_the_context already registered for DAG: example_python_operator
[2025-10-20T06:49:25.569+0000] {logging_mixin.py:120} INFO - [2025-10-20T06:49:25.569+0000] {taskmixin.py:205} WARNING - Dependency <Task(_PythonDecoratedOperator): print_the_context>, log_sql_query already registered for DAG: example_python_operator
[2025-10-20T06:49:25.570+0000] {logging_mixin.py:120} INFO - [2025-10-20T06:49:25.570+0000] {taskmixin.py:205} WARNING - Dependency <Task(_PythonDecoratedOperator): log_sql_query>, print_the_context already registered for DAG: example_python_operator
[2025-10-20T06:49:25.571+0000] {logging_mixin.py:120} INFO - [2025-10-20T06:49:25.571+0000] {taskmixin.py:205} WARNING - Dependency <Task(_PythonDecoratedOperator): print_the_context>, log_sql_query already registered for DAG: example_python_operator
[2025-10-20T06:49:25.571+0000] {logging_mixin.py:120} INFO - [2025-10-20T06:49:25.571+0000] {taskmixin.py:205} WARNING - Dependency <Task(_PythonDecoratedOperator): log_sql_query>, print_the_context already registered for DAG: example_python_operator
[2025-10-20T06:49:25.580+0000] {processor.py:766} INFO - DAG(s) dict_keys(['example_python_operator']) retrieved from /home/airflow/.local/lib/python3.7/site-packages/airflow/example_dags/example_python_operator.py
[2025-10-20T06:49:25.634+0000] {logging_mixin.py:120} INFO - [2025-10-20T06:49:25.633+0000] {dag.py:2585} INFO - Sync 1 DAGs
[2025-10-20T06:49:25.665+0000] {logging_mixin.py:120} INFO - [2025-10-20T06:49:25.665+0000] {dag.py:3340} INFO - Setting next_dagrun for example_python_operator to None, run_after=None
[2025-10-20T06:49:25.694+0000] {processor.py:176} INFO - Processing /home/airflow/.local/lib/python3.7/site-packages/airflow/example_dags/example_python_operator.py took 0.154 seconds
[2025-10-20T06:49:55.820+0000] {processor.py:154} INFO - Started process (PID=365) to work on /home/airflow/.local/lib/python3.7/site-packages/airflow/example_dags/example_python_operator.py
[2025-10-20T06:49:55.821+0000] {processor.py:756} INFO - Processing file /home/airflow/.local/lib/python3.7/site-packages/airflow/example_dags/example_python_operator.py for tasks to queue
[2025-10-20T06:49:55.822+0000] {logging_mixin.py:120} INFO - [2025-10-20T06:49:55.822+0000] {dagbag.py:537} INFO - Filling up the DagBag from /home/airflow/.local/lib/python3.7/site-packages/airflow/example_dags/example_python_operator.py
[2025-10-20T06:49:55.839+0000] {logging_mixin.py:120} INFO - [2025-10-20T06:49:55.838+0000] {taskmixin.py:205} WARNING - Dependency <Task(_PythonDecoratedOperator): print_the_context>, log_sql_query already registered for DAG: example_python_operator
[2025-10-20T06:49:55.839+0000] {logging_mixin.py:120} INFO - [2025-10-20T06:49:55.839+0000] {taskmixin.py:205} WARNING - Dependency <Task(_PythonDecoratedOperator): log_sql_query>, print_the_context already registered for DAG: example_python_operator
[2025-10-20T06:49:55.840+0000] {logging_mixin.py:120} INFO - [2025-10-20T06:49:55.840+0000] {taskmixin.py:205} WARNING - Dependency <Task(_PythonDecoratedOperator): print_the_context>, log_sql_query already registered for DAG: example_python_operator
[2025-10-20T06:49:55.841+0000] {logging_mixin.py:120} INFO - [2025-10-20T06:49:55.840+0000] {taskmixin.py:205} WARNING - Dependency <Task(_PythonDecoratedOperator): log_sql_query>, print_the_context already registered for DAG: example_python_operator
[2025-10-20T06:49:55.841+0000] {logging_mixin.py:120} INFO - [2025-10-20T06:49:55.841+0000] {taskmixin.py:205} WARNING - Dependency <Task(_PythonDecoratedOperator): print_the_context>, log_sql_query already registered for DAG: example_python_operator
[2025-10-20T06:49:55.842+0000] {logging_mixin.py:120} INFO - [2025-10-20T06:49:55.842+0000] {taskmixin.py:205} WARNING - Dependency <Task(_PythonDecoratedOperator): log_sql_query>, print_the_context already registered for DAG: example_python_operator
[2025-10-20T06:49:55.843+0000] {logging_mixin.py:120} INFO - [2025-10-20T06:49:55.842+0000] {taskmixin.py:205} WARNING - Dependency <Task(_PythonDecoratedOperator): print_the_context>, log_sql_query already registered for DAG: example_python_operator
[2025-10-20T06:49:55.843+0000] {logging_mixin.py:120} INFO - [2025-10-20T06:49:55.843+0000] {taskmixin.py:205} WARNING - Dependency <Task(_PythonDecoratedOperator): log_sql_query>, print_the_context already registered for DAG: example_python_operator
[2025-10-20T06:49:55.851+0000] {processor.py:766} INFO - DAG(s) dict_keys(['example_python_operator']) retrieved from /home/airflow/.local/lib/python3.7/site-packages/airflow/example_dags/example_python_operator.py
[2025-10-20T06:49:55.897+0000] {logging_mixin.py:120} INFO - [2025-10-20T06:49:55.896+0000] {dag.py:2585} INFO - Sync 1 DAGs
[2025-10-20T06:49:55.922+0000] {logging_mixin.py:120} INFO - [2025-10-20T06:49:55.921+0000] {dag.py:3340} INFO - Setting next_dagrun for example_python_operator to None, run_after=None
[2025-10-20T06:49:55.944+0000] {processor.py:176} INFO - Processing /home/airflow/.local/lib/python3.7/site-packages/airflow/example_dags/example_python_operator.py took 0.128 seconds
[2025-10-20T06:50:26.396+0000] {processor.py:154} INFO - Started process (PID=442) to work on /home/airflow/.local/lib/python3.7/site-packages/airflow/example_dags/example_python_operator.py
[2025-10-20T06:50:26.398+0000] {processor.py:756} INFO - Processing file /home/airflow/.local/lib/python3.7/site-packages/airflow/example_dags/example_python_operator.py for tasks to queue
[2025-10-20T06:50:26.399+0000] {logging_mixin.py:120} INFO - [2025-10-20T06:50:26.399+0000] {dagbag.py:537} INFO - Filling up the DagBag from /home/airflow/.local/lib/python3.7/site-packages/airflow/example_dags/example_python_operator.py
[2025-10-20T06:50:26.423+0000] {logging_mixin.py:120} INFO - [2025-10-20T06:50:26.422+0000] {taskmixin.py:205} WARNING - Dependency <Task(_PythonDecoratedOperator): print_the_context>, log_sql_query already registered for DAG: example_python_operator
[2025-10-20T06:50:26.423+0000] {logging_mixin.py:120} INFO - [2025-10-20T06:50:26.423+0000] {taskmixin.py:205} WARNING - Dependency <Task(_PythonDecoratedOperator): log_sql_query>, print_the_context already registered for DAG: example_python_operator
[2025-10-20T06:50:26.425+0000] {logging_mixin.py:120} INFO - [2025-10-20T06:50:26.424+0000] {taskmixin.py:205} WARNING - Dependency <Task(_PythonDecoratedOperator): print_the_context>, log_sql_query already registered for DAG: example_python_operator
[2025-10-20T06:50:26.425+0000] {logging_mixin.py:120} INFO - [2025-10-20T06:50:26.425+0000] {taskmixin.py:205} WARNING - Dependency <Task(_PythonDecoratedOperator): log_sql_query>, print_the_context already registered for DAG: example_python_operator
[2025-10-20T06:50:26.426+0000] {logging_mixin.py:120} INFO - [2025-10-20T06:50:26.426+0000] {taskmixin.py:205} WARNING - Dependency <Task(_PythonDecoratedOperator): print_the_context>, log_sql_query already registered for DAG: example_python_operator
[2025-10-20T06:50:26.427+0000] {logging_mixin.py:120} INFO - [2025-10-20T06:50:26.427+0000] {taskmixin.py:205} WARNING - Dependency <Task(_PythonDecoratedOperator): log_sql_query>, print_the_context already registered for DAG: example_python_operator
[2025-10-20T06:50:26.428+0000] {logging_mixin.py:120} INFO - [2025-10-20T06:50:26.428+0000] {taskmixin.py:205} WARNING - Dependency <Task(_PythonDecoratedOperator): print_the_context>, log_sql_query already registered for DAG: example_python_operator
[2025-10-20T06:50:26.428+0000] {logging_mixin.py:120} INFO - [2025-10-20T06:50:26.428+0000] {taskmixin.py:205} WARNING - Dependency <Task(_PythonDecoratedOperator): log_sql_query>, print_the_context already registered for DAG: example_python_operator
[2025-10-20T06:50:26.439+0000] {processor.py:766} INFO - DAG(s) dict_keys(['example_python_operator']) retrieved from /home/airflow/.local/lib/python3.7/site-packages/airflow/example_dags/example_python_operator.py
[2025-10-20T06:50:26.495+0000] {logging_mixin.py:120} INFO - [2025-10-20T06:50:26.495+0000] {dag.py:2585} INFO - Sync 1 DAGs
[2025-10-20T06:50:26.526+0000] {logging_mixin.py:120} INFO - [2025-10-20T06:50:26.526+0000] {dag.py:3340} INFO - Setting next_dagrun for example_python_operator to None, run_after=None
[2025-10-20T06:50:26.549+0000] {processor.py:176} INFO - Processing /home/airflow/.local/lib/python3.7/site-packages/airflow/example_dags/example_python_operator.py took 0.157 seconds
[2025-10-20T06:51:12.586+0000] {processor.py:154} INFO - Started process (PID=69) to work on /home/airflow/.local/lib/python3.7/site-packages/airflow/example_dags/example_python_operator.py
[2025-10-20T06:51:12.589+0000] {processor.py:756} INFO - Processing file /home/airflow/.local/lib/python3.7/site-packages/airflow/example_dags/example_python_operator.py for tasks to queue
[2025-10-20T06:51:12.591+0000] {logging_mixin.py:120} INFO - [2025-10-20T06:51:12.591+0000] {dagbag.py:537} INFO - Filling up the DagBag from /home/airflow/.local/lib/python3.7/site-packages/airflow/example_dags/example_python_operator.py
[2025-10-20T06:51:12.666+0000] {logging_mixin.py:120} INFO - [2025-10-20T06:51:12.661+0000] {taskmixin.py:205} WARNING - Dependency <Task(_PythonDecoratedOperator): print_the_context>, log_sql_query already registered for DAG: example_python_operator
[2025-10-20T06:51:12.670+0000] {logging_mixin.py:120} INFO - [2025-10-20T06:51:12.670+0000] {taskmixin.py:205} WARNING - Dependency <Task(_PythonDecoratedOperator): log_sql_query>, print_the_context already registered for DAG: example_python_operator
[2025-10-20T06:51:12.671+0000] {logging_mixin.py:120} INFO - [2025-10-20T06:51:12.671+0000] {taskmixin.py:205} WARNING - Dependency <Task(_PythonDecoratedOperator): print_the_context>, log_sql_query already registered for DAG: example_python_operator
[2025-10-20T06:51:12.672+0000] {logging_mixin.py:120} INFO - [2025-10-20T06:51:12.672+0000] {taskmixin.py:205} WARNING - Dependency <Task(_PythonDecoratedOperator): log_sql_query>, print_the_context already registered for DAG: example_python_operator
[2025-10-20T06:51:12.673+0000] {logging_mixin.py:120} INFO - [2025-10-20T06:51:12.673+0000] {taskmixin.py:205} WARNING - Dependency <Task(_PythonDecoratedOperator): print_the_context>, log_sql_query already registered for DAG: example_python_operator
[2025-10-20T06:51:12.674+0000] {logging_mixin.py:120} INFO - [2025-10-20T06:51:12.673+0000] {taskmixin.py:205} WARNING - Dependency <Task(_PythonDecoratedOperator): log_sql_query>, print_the_context already registered for DAG: example_python_operator
[2025-10-20T06:51:12.676+0000] {logging_mixin.py:120} INFO - [2025-10-20T06:51:12.676+0000] {taskmixin.py:205} WARNING - Dependency <Task(_PythonDecoratedOperator): print_the_context>, log_sql_query already registered for DAG: example_python_operator
[2025-10-20T06:51:12.678+0000] {logging_mixin.py:120} INFO - [2025-10-20T06:51:12.678+0000] {taskmixin.py:205} WARNING - Dependency <Task(_PythonDecoratedOperator): log_sql_query>, print_the_context already registered for DAG: example_python_operator
[2025-10-20T06:51:12.692+0000] {processor.py:766} INFO - DAG(s) dict_keys(['example_python_operator']) retrieved from /home/airflow/.local/lib/python3.7/site-packages/airflow/example_dags/example_python_operator.py
[2025-10-20T06:51:12.767+0000] {logging_mixin.py:120} INFO - [2025-10-20T06:51:12.767+0000] {dag.py:2585} INFO - Sync 1 DAGs
[2025-10-20T06:51:12.833+0000] {logging_mixin.py:120} INFO - [2025-10-20T06:51:12.833+0000] {dag.py:3340} INFO - Setting next_dagrun for example_python_operator to None, run_after=None
[2025-10-20T06:51:12.899+0000] {processor.py:176} INFO - Processing /home/airflow/.local/lib/python3.7/site-packages/airflow/example_dags/example_python_operator.py took 0.331 seconds
[2025-10-20T06:51:43.639+0000] {processor.py:154} INFO - Started process (PID=131) to work on /home/airflow/.local/lib/python3.7/site-packages/airflow/example_dags/example_python_operator.py
[2025-10-20T06:51:43.640+0000] {processor.py:756} INFO - Processing file /home/airflow/.local/lib/python3.7/site-packages/airflow/example_dags/example_python_operator.py for tasks to queue
[2025-10-20T06:51:43.641+0000] {logging_mixin.py:120} INFO - [2025-10-20T06:51:43.641+0000] {dagbag.py:537} INFO - Filling up the DagBag from /home/airflow/.local/lib/python3.7/site-packages/airflow/example_dags/example_python_operator.py
[2025-10-20T06:51:43.664+0000] {logging_mixin.py:120} INFO - [2025-10-20T06:51:43.664+0000] {taskmixin.py:205} WARNING - Dependency <Task(_PythonDecoratedOperator): print_the_context>, log_sql_query already registered for DAG: example_python_operator
[2025-10-20T06:51:43.664+0000] {logging_mixin.py:120} INFO - [2025-10-20T06:51:43.664+0000] {taskmixin.py:205} WARNING - Dependency <Task(_PythonDecoratedOperator): log_sql_query>, print_the_context already registered for DAG: example_python_operator
[2025-10-20T06:51:43.665+0000] {logging_mixin.py:120} INFO - [2025-10-20T06:51:43.665+0000] {taskmixin.py:205} WARNING - Dependency <Task(_PythonDecoratedOperator): print_the_context>, log_sql_query already registered for DAG: example_python_operator
[2025-10-20T06:51:43.666+0000] {logging_mixin.py:120} INFO - [2025-10-20T06:51:43.666+0000] {taskmixin.py:205} WARNING - Dependency <Task(_PythonDecoratedOperator): log_sql_query>, print_the_context already registered for DAG: example_python_operator
[2025-10-20T06:51:43.667+0000] {logging_mixin.py:120} INFO - [2025-10-20T06:51:43.666+0000] {taskmixin.py:205} WARNING - Dependency <Task(_PythonDecoratedOperator): print_the_context>, log_sql_query already registered for DAG: example_python_operator
[2025-10-20T06:51:43.667+0000] {logging_mixin.py:120} INFO - [2025-10-20T06:51:43.667+0000] {taskmixin.py:205} WARNING - Dependency <Task(_PythonDecoratedOperator): log_sql_query>, print_the_context already registered for DAG: example_python_operator
[2025-10-20T06:51:43.668+0000] {logging_mixin.py:120} INFO - [2025-10-20T06:51:43.668+0000] {taskmixin.py:205} WARNING - Dependency <Task(_PythonDecoratedOperator): print_the_context>, log_sql_query already registered for DAG: example_python_operator
[2025-10-20T06:51:43.668+0000] {logging_mixin.py:120} INFO - [2025-10-20T06:51:43.668+0000] {taskmixin.py:205} WARNING - Dependency <Task(_PythonDecoratedOperator): log_sql_query>, print_the_context already registered for DAG: example_python_operator
[2025-10-20T06:51:43.678+0000] {processor.py:766} INFO - DAG(s) dict_keys(['example_python_operator']) retrieved from /home/airflow/.local/lib/python3.7/site-packages/airflow/example_dags/example_python_operator.py
[2025-10-20T06:51:43.740+0000] {logging_mixin.py:120} INFO - [2025-10-20T06:51:43.739+0000] {dag.py:2585} INFO - Sync 1 DAGs
[2025-10-20T06:51:43.774+0000] {logging_mixin.py:120} INFO - [2025-10-20T06:51:43.774+0000] {dag.py:3340} INFO - Setting next_dagrun for example_python_operator to None, run_after=None
[2025-10-20T06:51:43.801+0000] {processor.py:176} INFO - Processing /home/airflow/.local/lib/python3.7/site-packages/airflow/example_dags/example_python_operator.py took 0.167 seconds
