[2025-10-27T10:51:08.082+0000] {taskinstance.py:1165} INFO - Dependencies all met for <TaskInstance: ethiopia_flexible_download.download_ethiopia_data manual__2025-10-27T16:20:59+05:30 [queued]>
[2025-10-27T10:51:08.094+0000] {taskinstance.py:1165} INFO - Dependencies all met for <TaskInstance: ethiopia_flexible_download.download_ethiopia_data manual__2025-10-27T16:20:59+05:30 [queued]>
[2025-10-27T10:51:08.095+0000] {taskinstance.py:1362} INFO - 
--------------------------------------------------------------------------------
[2025-10-27T10:51:08.097+0000] {taskinstance.py:1363} INFO - Starting attempt 1 of 2
[2025-10-27T10:51:08.098+0000] {taskinstance.py:1364} INFO - 
--------------------------------------------------------------------------------
[2025-10-27T10:51:08.117+0000] {taskinstance.py:1383} INFO - Executing <Task(PythonOperator): download_ethiopia_data> on 2025-10-27 10:50:59+00:00
[2025-10-27T10:51:08.130+0000] {standard_task_runner.py:55} INFO - Started process 933 to run task
[2025-10-27T10:51:08.140+0000] {standard_task_runner.py:82} INFO - Running: ['***', 'tasks', 'run', 'ethiopia_flexible_download', 'download_ethiopia_data', 'manual__2025-10-27T16:20:59+05:30', '--job-id', '46', '--raw', '--subdir', 'DAGS_FOLDER/ethiopia_flexible_download.py', '--cfg-path', '/tmp/tmp3usepmwp']
[2025-10-27T10:51:08.148+0000] {standard_task_runner.py:83} INFO - Job 46: Subtask download_ethiopia_data
[2025-10-27T10:51:08.309+0000] {task_command.py:376} INFO - Running <TaskInstance: ethiopia_flexible_download.download_ethiopia_data manual__2025-10-27T16:20:59+05:30 [running]> on host 59f6860d49c1
[2025-10-27T10:51:08.421+0000] {taskinstance.py:1592} INFO - Exporting the following env vars:
AIRFLOW_CTX_DAG_OWNER=ethiopia_project
AIRFLOW_CTX_DAG_ID=ethiopia_flexible_download
AIRFLOW_CTX_TASK_ID=download_ethiopia_data
AIRFLOW_CTX_EXECUTION_DATE=2025-10-27T10:50:59+00:00
AIRFLOW_CTX_TRY_NUMBER=1
AIRFLOW_CTX_DAG_RUN_ID=manual__2025-10-27T16:20:59+05:30
[2025-10-27T10:51:08.424+0000] {logging_mixin.py:120} INFO - Processing all months for 2022
[2025-10-27T10:51:12.808+0000] {logging_mixin.py:120} INFO - Downloaded: temp_sm2022_01.nc
[2025-10-27T10:51:14.042+0000] {logging_mixin.py:120} INFO - Clipped to TIFF: ethiopia_sm2022_01.tiff
[2025-10-27T10:51:14.043+0000] {logging_mixin.py:120} INFO - ✅ Completed: 2022-01
[2025-10-27T10:51:18.466+0000] {logging_mixin.py:120} INFO - Downloaded: temp_sm2022_02.nc
[2025-10-27T10:51:18.583+0000] {logging_mixin.py:120} INFO - Clipped to TIFF: ethiopia_sm2022_02.tiff
[2025-10-27T10:51:18.585+0000] {logging_mixin.py:120} INFO - ✅ Completed: 2022-02
[2025-10-27T10:51:23.209+0000] {logging_mixin.py:120} INFO - Downloaded: temp_sm2022_03.nc
[2025-10-27T10:51:23.328+0000] {logging_mixin.py:120} INFO - Clipped to TIFF: ethiopia_sm2022_03.tiff
[2025-10-27T10:51:23.329+0000] {logging_mixin.py:120} INFO - ✅ Completed: 2022-03
[2025-10-27T10:51:27.019+0000] {logging_mixin.py:120} INFO - Downloaded: temp_sm2022_04.nc
[2025-10-27T10:51:27.127+0000] {logging_mixin.py:120} INFO - Clipped to TIFF: ethiopia_sm2022_04.tiff
[2025-10-27T10:51:27.129+0000] {logging_mixin.py:120} INFO - ✅ Completed: 2022-04
[2025-10-27T10:51:31.718+0000] {logging_mixin.py:120} INFO - Downloaded: temp_sm2022_05.nc
[2025-10-27T10:51:31.823+0000] {logging_mixin.py:120} INFO - Clipped to TIFF: ethiopia_sm2022_05.tiff
[2025-10-27T10:51:31.824+0000] {logging_mixin.py:120} INFO - ✅ Completed: 2022-05
[2025-10-27T10:51:35.353+0000] {logging_mixin.py:120} INFO - Downloaded: temp_sm2022_06.nc
[2025-10-27T10:51:35.472+0000] {logging_mixin.py:120} INFO - Clipped to TIFF: ethiopia_sm2022_06.tiff
[2025-10-27T10:51:35.474+0000] {logging_mixin.py:120} INFO - ✅ Completed: 2022-06
[2025-10-27T10:51:39.627+0000] {logging_mixin.py:120} INFO - Downloaded: temp_sm2022_07.nc
[2025-10-27T10:51:39.730+0000] {logging_mixin.py:120} INFO - Clipped to TIFF: ethiopia_sm2022_07.tiff
[2025-10-27T10:51:39.731+0000] {logging_mixin.py:120} INFO - ✅ Completed: 2022-07
[2025-10-27T10:51:42.086+0000] {logging_mixin.py:120} INFO - Downloaded: temp_sm2022_08.nc
[2025-10-27T10:51:42.190+0000] {logging_mixin.py:120} INFO - Clipped to TIFF: ethiopia_sm2022_08.tiff
[2025-10-27T10:51:42.192+0000] {logging_mixin.py:120} INFO - ✅ Completed: 2022-08
[2025-10-27T10:51:45.771+0000] {logging_mixin.py:120} INFO - Downloaded: temp_sm2022_09.nc
[2025-10-27T10:51:45.868+0000] {logging_mixin.py:120} INFO - Clipped to TIFF: ethiopia_sm2022_09.tiff
[2025-10-27T10:51:45.869+0000] {logging_mixin.py:120} INFO - ✅ Completed: 2022-09
[2025-10-27T10:51:50.224+0000] {logging_mixin.py:120} INFO - Downloaded: temp_sm2022_10.nc
[2025-10-27T10:51:50.330+0000] {logging_mixin.py:120} INFO - Clipped to TIFF: ethiopia_sm2022_10.tiff
[2025-10-27T10:51:50.332+0000] {logging_mixin.py:120} INFO - ✅ Completed: 2022-10
[2025-10-27T10:51:52.914+0000] {logging_mixin.py:120} INFO - Downloaded: temp_sm2022_11.nc
[2025-10-27T10:51:53.023+0000] {logging_mixin.py:120} INFO - Clipped to TIFF: ethiopia_sm2022_11.tiff
[2025-10-27T10:51:53.025+0000] {logging_mixin.py:120} INFO - ✅ Completed: 2022-11
[2025-10-27T10:51:57.429+0000] {logging_mixin.py:120} INFO - Downloaded: temp_sm2022_12.nc
[2025-10-27T10:51:57.539+0000] {logging_mixin.py:120} INFO - Clipped to TIFF: ethiopia_sm2022_12.tiff
[2025-10-27T10:51:57.541+0000] {logging_mixin.py:120} INFO - ✅ Completed: 2022-12
[2025-10-27T10:51:57.541+0000] {logging_mixin.py:120} INFO - Ethiopia TIFF data saved in folder: ethiopia_flexible_download
[2025-10-27T10:51:57.542+0000] {python.py:177} INFO - Done. Returned value was: None
[2025-10-27T10:51:57.556+0000] {taskinstance.py:1406} INFO - Marking task as SUCCESS. dag_id=ethiopia_flexible_download, task_id=download_ethiopia_data, execution_date=20251027T105059, start_date=20251027T105108, end_date=20251027T105157
[2025-10-27T10:51:57.618+0000] {local_task_job.py:164} INFO - Task exited with return code 0
[2025-10-27T10:51:57.637+0000] {local_task_job.py:273} INFO - 0 downstream tasks scheduled from follow-on schedule check
