[2025-10-20T10:03:34.271+0000] {taskinstance.py:1165} INFO - Dependencies all met for <TaskInstance: ethiopia_flexible_download.download_ethiopia_data manual__2025-10-20T15:31:31+05:30 [queued]>
[2025-10-20T10:03:34.282+0000] {taskinstance.py:1165} INFO - Dependencies all met for <TaskInstance: ethiopia_flexible_download.download_ethiopia_data manual__2025-10-20T15:31:31+05:30 [queued]>
[2025-10-20T10:03:34.283+0000] {taskinstance.py:1362} INFO - 
--------------------------------------------------------------------------------
[2025-10-20T10:03:34.283+0000] {taskinstance.py:1363} INFO - Starting attempt 1 of 2
[2025-10-20T10:03:34.284+0000] {taskinstance.py:1364} INFO - 
--------------------------------------------------------------------------------
[2025-10-20T10:03:34.302+0000] {taskinstance.py:1383} INFO - Executing <Task(PythonOperator): download_ethiopia_data> on 2025-10-20 10:01:31+00:00
[2025-10-20T10:03:34.311+0000] {standard_task_runner.py:55} INFO - Started process 683 to run task
[2025-10-20T10:03:34.317+0000] {standard_task_runner.py:82} INFO - Running: ['***', 'tasks', 'run', 'ethiopia_flexible_download', 'download_ethiopia_data', 'manual__2025-10-20T15:31:31+05:30', '--job-id', '20', '--raw', '--subdir', 'DAGS_FOLDER/ethiopia_flexible_download.py', '--cfg-path', '/tmp/tmpyjtp1prk']
[2025-10-20T10:03:34.321+0000] {standard_task_runner.py:83} INFO - Job 20: Subtask download_ethiopia_data
[2025-10-20T10:03:34.429+0000] {task_command.py:376} INFO - Running <TaskInstance: ethiopia_flexible_download.download_ethiopia_data manual__2025-10-20T15:31:31+05:30 [running]> on host da48842a6a56
[2025-10-20T10:03:34.538+0000] {taskinstance.py:1592} INFO - Exporting the following env vars:
AIRFLOW_CTX_DAG_OWNER=ethiopia_project
AIRFLOW_CTX_DAG_ID=ethiopia_flexible_download
AIRFLOW_CTX_TASK_ID=download_ethiopia_data
AIRFLOW_CTX_EXECUTION_DATE=2025-10-20T10:01:31+00:00
AIRFLOW_CTX_TRY_NUMBER=1
AIRFLOW_CTX_DAG_RUN_ID=manual__2025-10-20T15:31:31+05:30
[2025-10-20T10:03:34.540+0000] {logging_mixin.py:120} INFO - Processing all months for 1999
[2025-10-20T10:03:38.690+0000] {logging_mixin.py:120} INFO - Downloaded: temp_sm1999_01.nc
[2025-10-20T10:03:40.210+0000] {logging_mixin.py:120} INFO - Clipped to TIFF: ethiopia_sm1999_01.tiff
[2025-10-20T10:03:40.212+0000] {logging_mixin.py:120} INFO - ✅ Completed: 1999-01
[2025-10-20T10:03:44.918+0000] {logging_mixin.py:120} INFO - Downloaded: temp_sm1999_02.nc
[2025-10-20T10:03:45.041+0000] {logging_mixin.py:120} INFO - Clipped to TIFF: ethiopia_sm1999_02.tiff
[2025-10-20T10:03:45.043+0000] {logging_mixin.py:120} INFO - ✅ Completed: 1999-02
[2025-10-20T10:03:48.813+0000] {logging_mixin.py:120} INFO - Downloaded: temp_sm1999_03.nc
[2025-10-20T10:03:49.122+0000] {logging_mixin.py:120} INFO - Clipped to TIFF: ethiopia_sm1999_03.tiff
[2025-10-20T10:03:49.128+0000] {logging_mixin.py:120} INFO - ✅ Completed: 1999-03
[2025-10-20T10:03:52.911+0000] {logging_mixin.py:120} INFO - Downloaded: temp_sm1999_04.nc
[2025-10-20T10:03:53.093+0000] {logging_mixin.py:120} INFO - Clipped to TIFF: ethiopia_sm1999_04.tiff
[2025-10-20T10:03:53.095+0000] {logging_mixin.py:120} INFO - ✅ Completed: 1999-04
[2025-10-20T10:03:57.457+0000] {logging_mixin.py:120} INFO - Downloaded: temp_sm1999_05.nc
[2025-10-20T10:03:57.563+0000] {logging_mixin.py:120} INFO - Clipped to TIFF: ethiopia_sm1999_05.tiff
[2025-10-20T10:03:57.565+0000] {logging_mixin.py:120} INFO - ✅ Completed: 1999-05
[2025-10-20T10:04:01.528+0000] {logging_mixin.py:120} INFO - Downloaded: temp_sm1999_06.nc
[2025-10-20T10:04:01.628+0000] {logging_mixin.py:120} INFO - Clipped to TIFF: ethiopia_sm1999_06.tiff
[2025-10-20T10:04:01.629+0000] {logging_mixin.py:120} INFO - ✅ Completed: 1999-06
[2025-10-20T10:04:05.681+0000] {logging_mixin.py:120} INFO - Downloaded: temp_sm1999_07.nc
[2025-10-20T10:04:05.784+0000] {logging_mixin.py:120} INFO - Clipped to TIFF: ethiopia_sm1999_07.tiff
[2025-10-20T10:04:05.785+0000] {logging_mixin.py:120} INFO - ✅ Completed: 1999-07
[2025-10-20T10:04:10.266+0000] {logging_mixin.py:120} INFO - Downloaded: temp_sm1999_08.nc
[2025-10-20T10:04:10.375+0000] {logging_mixin.py:120} INFO - Clipped to TIFF: ethiopia_sm1999_08.tiff
[2025-10-20T10:04:10.376+0000] {logging_mixin.py:120} INFO - ✅ Completed: 1999-08
[2025-10-20T10:04:17.506+0000] {logging_mixin.py:120} INFO - Downloaded: temp_sm1999_09.nc
[2025-10-20T10:04:17.629+0000] {logging_mixin.py:120} INFO - Clipped to TIFF: ethiopia_sm1999_09.tiff
[2025-10-20T10:04:17.630+0000] {logging_mixin.py:120} INFO - ✅ Completed: 1999-09
[2025-10-20T10:04:21.879+0000] {logging_mixin.py:120} INFO - Downloaded: temp_sm1999_10.nc
[2025-10-20T10:04:21.985+0000] {logging_mixin.py:120} INFO - Clipped to TIFF: ethiopia_sm1999_10.tiff
[2025-10-20T10:04:21.986+0000] {logging_mixin.py:120} INFO - ✅ Completed: 1999-10
[2025-10-20T10:04:26.797+0000] {logging_mixin.py:120} INFO - Downloaded: temp_sm1999_11.nc
[2025-10-20T10:04:26.910+0000] {logging_mixin.py:120} INFO - Clipped to TIFF: ethiopia_sm1999_11.tiff
[2025-10-20T10:04:26.911+0000] {logging_mixin.py:120} INFO - ✅ Completed: 1999-11
[2025-10-20T10:04:29.156+0000] {logging_mixin.py:120} INFO - Downloaded: temp_sm1999_12.nc
[2025-10-20T10:04:29.271+0000] {logging_mixin.py:120} INFO - Clipped to TIFF: ethiopia_sm1999_12.tiff
[2025-10-20T10:04:29.273+0000] {logging_mixin.py:120} INFO - ✅ Completed: 1999-12
[2025-10-20T10:04:29.273+0000] {logging_mixin.py:120} INFO - Ethiopia TIFF data processing completed!
[2025-10-20T10:04:29.274+0000] {python.py:177} INFO - Done. Returned value was: None
[2025-10-20T10:04:29.289+0000] {taskinstance.py:1406} INFO - Marking task as SUCCESS. dag_id=ethiopia_flexible_download, task_id=download_ethiopia_data, execution_date=20251020T100131, start_date=20251020T100334, end_date=20251020T100429
[2025-10-20T10:04:29.355+0000] {local_task_job.py:164} INFO - Task exited with return code 0
[2025-10-20T10:04:29.374+0000] {local_task_job.py:273} INFO - 0 downstream tasks scheduled from follow-on schedule check
