[2025-10-27T10:37:40.330+0000] {taskinstance.py:1165} INFO - Dependencies all met for <TaskInstance: ethiopia_flexible_download.download_ethiopia_data manual__2025-10-27T16:07:19+05:30 [queued]>
[2025-10-27T10:37:40.341+0000] {taskinstance.py:1165} INFO - Dependencies all met for <TaskInstance: ethiopia_flexible_download.download_ethiopia_data manual__2025-10-27T16:07:19+05:30 [queued]>
[2025-10-27T10:37:40.341+0000] {taskinstance.py:1362} INFO - 
--------------------------------------------------------------------------------
[2025-10-27T10:37:40.342+0000] {taskinstance.py:1363} INFO - Starting attempt 1 of 2
[2025-10-27T10:37:40.342+0000] {taskinstance.py:1364} INFO - 
--------------------------------------------------------------------------------
[2025-10-27T10:37:40.359+0000] {taskinstance.py:1383} INFO - Executing <Task(PythonOperator): download_ethiopia_data> on 2025-10-27 10:37:19+00:00
[2025-10-27T10:37:40.368+0000] {standard_task_runner.py:55} INFO - Started process 274 to run task
[2025-10-27T10:37:40.372+0000] {standard_task_runner.py:82} INFO - Running: ['***', 'tasks', 'run', 'ethiopia_flexible_download', 'download_ethiopia_data', 'manual__2025-10-27T16:07:19+05:30', '--job-id', '40', '--raw', '--subdir', 'DAGS_FOLDER/ethiopia_flexible_download.py', '--cfg-path', '/tmp/tmpoalzmou2']
[2025-10-27T10:37:40.376+0000] {standard_task_runner.py:83} INFO - Job 40: Subtask download_ethiopia_data
[2025-10-27T10:37:40.472+0000] {task_command.py:376} INFO - Running <TaskInstance: ethiopia_flexible_download.download_ethiopia_data manual__2025-10-27T16:07:19+05:30 [running]> on host 59f6860d49c1
[2025-10-27T10:37:40.588+0000] {taskinstance.py:1592} INFO - Exporting the following env vars:
AIRFLOW_CTX_DAG_OWNER=ethiopia_project
AIRFLOW_CTX_DAG_ID=ethiopia_flexible_download
AIRFLOW_CTX_TASK_ID=download_ethiopia_data
AIRFLOW_CTX_EXECUTION_DATE=2025-10-27T10:37:19+00:00
AIRFLOW_CTX_TRY_NUMBER=1
AIRFLOW_CTX_DAG_RUN_ID=manual__2025-10-27T16:07:19+05:30
[2025-10-27T10:37:40.593+0000] {logging_mixin.py:120} INFO - Processing 2024-06
[2025-10-27T10:37:44.540+0000] {logging_mixin.py:120} INFO - Downloaded: temp_sm2024_06.nc
[2025-10-27T10:37:47.736+0000] {logging_mixin.py:120} INFO - Clipped to TIFF: ethiopia_sm2024_06.tiff
[2025-10-27T10:37:47.738+0000] {logging_mixin.py:120} INFO - ✅ Completed: 2024-06
[2025-10-27T10:37:47.738+0000] {logging_mixin.py:120} INFO - Ethiopia TIFF data saved in folder: ethiopia_flexible_download
[2025-10-27T10:37:47.739+0000] {python.py:177} INFO - Done. Returned value was: None
[2025-10-27T10:37:47.750+0000] {taskinstance.py:1406} INFO - Marking task as SUCCESS. dag_id=ethiopia_flexible_download, task_id=download_ethiopia_data, execution_date=20251027T103719, start_date=20251027T103740, end_date=20251027T103747
[2025-10-27T10:37:47.803+0000] {local_task_job.py:164} INFO - Task exited with return code 0
[2025-10-27T10:37:47.824+0000] {local_task_job.py:273} INFO - 0 downstream tasks scheduled from follow-on schedule check
