[2025-10-20T07:10:33.328+0000] {taskinstance.py:1165} INFO - Dependencies all met for <TaskInstance: ethiopia_soil_moisture.process_monthly_data manual__2025-10-20T07:10:29.391780+00:00 [queued]>
[2025-10-20T07:10:33.338+0000] {taskinstance.py:1165} INFO - Dependencies all met for <TaskInstance: ethiopia_soil_moisture.process_monthly_data manual__2025-10-20T07:10:29.391780+00:00 [queued]>
[2025-10-20T07:10:33.338+0000] {taskinstance.py:1362} INFO - 
--------------------------------------------------------------------------------
[2025-10-20T07:10:33.339+0000] {taskinstance.py:1363} INFO - Starting attempt 1 of 2
[2025-10-20T07:10:33.339+0000] {taskinstance.py:1364} INFO - 
--------------------------------------------------------------------------------
[2025-10-20T07:10:33.353+0000] {taskinstance.py:1383} INFO - Executing <Task(PythonOperator): process_monthly_data> on 2025-10-20 07:10:29.391780+00:00
[2025-10-20T07:10:33.366+0000] {standard_task_runner.py:55} INFO - Started process 205 to run task
[2025-10-20T07:10:33.375+0000] {standard_task_runner.py:82} INFO - Running: ['***', 'tasks', 'run', 'ethiopia_soil_moisture', 'process_monthly_data', 'manual__2025-10-20T07:10:29.391780+00:00', '--job-id', '8', '--raw', '--subdir', 'DAGS_FOLDER/ethiopia_dag.py', '--cfg-path', '/tmp/tmp16ta67kk']
[2025-10-20T07:10:33.380+0000] {standard_task_runner.py:83} INFO - Job 8: Subtask process_monthly_data
[2025-10-20T07:10:33.509+0000] {task_command.py:376} INFO - Running <TaskInstance: ethiopia_soil_moisture.process_monthly_data manual__2025-10-20T07:10:29.391780+00:00 [running]> on host 8c6f47b63e00
[2025-10-20T07:10:33.617+0000] {taskinstance.py:1592} INFO - Exporting the following env vars:
AIRFLOW_CTX_DAG_OWNER=ethiopia_project
AIRFLOW_CTX_DAG_ID=ethiopia_soil_moisture
AIRFLOW_CTX_TASK_ID=process_monthly_data
AIRFLOW_CTX_EXECUTION_DATE=2025-10-20T07:10:29.391780+00:00
AIRFLOW_CTX_TRY_NUMBER=1
AIRFLOW_CTX_DAG_RUN_ID=manual__2025-10-20T07:10:29.391780+00:00
[2025-10-20T07:10:33.625+0000] {logging_mixin.py:120} INFO - Skipping month 10 - not available for 2025
[2025-10-20T07:10:33.626+0000] {python.py:177} INFO - Done. Returned value was: None
[2025-10-20T07:10:33.644+0000] {taskinstance.py:1406} INFO - Marking task as SUCCESS. dag_id=ethiopia_soil_moisture, task_id=process_monthly_data, execution_date=20251020T071029, start_date=20251020T071033, end_date=20251020T071033
[2025-10-20T07:10:33.706+0000] {local_task_job.py:164} INFO - Task exited with return code 0
[2025-10-20T07:10:33.727+0000] {local_task_job.py:273} INFO - 0 downstream tasks scheduled from follow-on schedule check
