[2025-10-20T11:42:41.778+0000] {taskinstance.py:1165} INFO - Dependencies all met for <TaskInstance: ethiopia_flexible_download.download_ethiopia_data manual__2025-10-20T17:12:31+05:30 [queued]>
[2025-10-20T11:42:41.792+0000] {taskinstance.py:1165} INFO - Dependencies all met for <TaskInstance: ethiopia_flexible_download.download_ethiopia_data manual__2025-10-20T17:12:31+05:30 [queued]>
[2025-10-20T11:42:41.793+0000] {taskinstance.py:1362} INFO - 
--------------------------------------------------------------------------------
[2025-10-20T11:42:41.794+0000] {taskinstance.py:1363} INFO - Starting attempt 1 of 2
[2025-10-20T11:42:41.794+0000] {taskinstance.py:1364} INFO - 
--------------------------------------------------------------------------------
[2025-10-20T11:42:41.815+0000] {taskinstance.py:1383} INFO - Executing <Task(PythonOperator): download_ethiopia_data> on 2025-10-20 11:42:31+00:00
[2025-10-20T11:42:41.827+0000] {standard_task_runner.py:55} INFO - Started process 5410 to run task
[2025-10-20T11:42:41.832+0000] {standard_task_runner.py:82} INFO - Running: ['***', 'tasks', 'run', 'ethiopia_flexible_download', 'download_ethiopia_data', 'manual__2025-10-20T17:12:31+05:30', '--job-id', '30', '--raw', '--subdir', 'DAGS_FOLDER/ethiopia_flexible_download.py', '--cfg-path', '/tmp/tmpilu1qm3e']
[2025-10-20T11:42:41.835+0000] {standard_task_runner.py:83} INFO - Job 30: Subtask download_ethiopia_data
[2025-10-20T11:42:41.923+0000] {task_command.py:376} INFO - Running <TaskInstance: ethiopia_flexible_download.download_ethiopia_data manual__2025-10-20T17:12:31+05:30 [running]> on host da48842a6a56
[2025-10-20T11:42:42.004+0000] {taskinstance.py:1592} INFO - Exporting the following env vars:
AIRFLOW_CTX_DAG_OWNER=ethiopia_project
AIRFLOW_CTX_DAG_ID=ethiopia_flexible_download
AIRFLOW_CTX_TASK_ID=download_ethiopia_data
AIRFLOW_CTX_EXECUTION_DATE=2025-10-20T11:42:31+00:00
AIRFLOW_CTX_TRY_NUMBER=1
AIRFLOW_CTX_DAG_RUN_ID=manual__2025-10-20T17:12:31+05:30
[2025-10-20T11:42:42.012+0000] {logging_mixin.py:120} INFO - Processing all months for 2001
[2025-10-20T11:42:45.911+0000] {logging_mixin.py:120} INFO - Downloaded: temp_sm2001_01.nc
[2025-10-20T11:42:47.317+0000] {logging_mixin.py:120} INFO - Clipped to TIFF: ethiopia_sm2001_01.tiff
[2025-10-20T11:42:47.319+0000] {logging_mixin.py:120} INFO - ✅ Completed: 2001-01
[2025-10-20T11:42:51.488+0000] {logging_mixin.py:120} INFO - Downloaded: temp_sm2001_02.nc
[2025-10-20T11:42:51.629+0000] {logging_mixin.py:120} INFO - Clipped to TIFF: ethiopia_sm2001_02.tiff
[2025-10-20T11:42:51.631+0000] {logging_mixin.py:120} INFO - ✅ Completed: 2001-02
[2025-10-20T11:42:55.474+0000] {logging_mixin.py:120} INFO - Downloaded: temp_sm2001_03.nc
[2025-10-20T11:42:55.654+0000] {logging_mixin.py:120} INFO - Clipped to TIFF: ethiopia_sm2001_03.tiff
[2025-10-20T11:42:55.655+0000] {logging_mixin.py:120} INFO - ✅ Completed: 2001-03
[2025-10-20T11:42:57.907+0000] {logging_mixin.py:120} INFO - Downloaded: temp_sm2001_04.nc
[2025-10-20T11:42:58.038+0000] {logging_mixin.py:120} INFO - Clipped to TIFF: ethiopia_sm2001_04.tiff
[2025-10-20T11:42:58.040+0000] {logging_mixin.py:120} INFO - ✅ Completed: 2001-04
[2025-10-20T11:43:02.337+0000] {logging_mixin.py:120} INFO - Downloaded: temp_sm2001_05.nc
[2025-10-20T11:43:02.447+0000] {logging_mixin.py:120} INFO - Clipped to TIFF: ethiopia_sm2001_05.tiff
[2025-10-20T11:43:02.448+0000] {logging_mixin.py:120} INFO - ✅ Completed: 2001-05
[2025-10-20T11:43:06.446+0000] {logging_mixin.py:120} INFO - Downloaded: temp_sm2001_06.nc
[2025-10-20T11:43:06.571+0000] {logging_mixin.py:120} INFO - Clipped to TIFF: ethiopia_sm2001_06.tiff
[2025-10-20T11:43:06.573+0000] {logging_mixin.py:120} INFO - ✅ Completed: 2001-06
[2025-10-20T11:43:10.178+0000] {logging_mixin.py:120} INFO - Downloaded: temp_sm2001_07.nc
[2025-10-20T11:43:10.293+0000] {logging_mixin.py:120} INFO - Clipped to TIFF: ethiopia_sm2001_07.tiff
[2025-10-20T11:43:10.295+0000] {logging_mixin.py:120} INFO - ✅ Completed: 2001-07
[2025-10-20T11:43:14.589+0000] {logging_mixin.py:120} INFO - Downloaded: temp_sm2001_08.nc
[2025-10-20T11:43:14.708+0000] {logging_mixin.py:120} INFO - Clipped to TIFF: ethiopia_sm2001_08.tiff
[2025-10-20T11:43:14.710+0000] {logging_mixin.py:120} INFO - ✅ Completed: 2001-08
[2025-10-20T11:43:19.116+0000] {logging_mixin.py:120} INFO - Downloaded: temp_sm2001_09.nc
[2025-10-20T11:43:19.235+0000] {logging_mixin.py:120} INFO - Clipped to TIFF: ethiopia_sm2001_09.tiff
[2025-10-20T11:43:19.236+0000] {logging_mixin.py:120} INFO - ✅ Completed: 2001-09
[2025-10-20T11:43:23.300+0000] {logging_mixin.py:120} INFO - Downloaded: temp_sm2001_10.nc
[2025-10-20T11:43:23.450+0000] {logging_mixin.py:120} INFO - Clipped to TIFF: ethiopia_sm2001_10.tiff
[2025-10-20T11:43:23.451+0000] {logging_mixin.py:120} INFO - ✅ Completed: 2001-10
[2025-10-20T11:43:28.442+0000] {logging_mixin.py:120} INFO - Downloaded: temp_sm2001_11.nc
[2025-10-20T11:43:28.569+0000] {logging_mixin.py:120} INFO - Clipped to TIFF: ethiopia_sm2001_11.tiff
[2025-10-20T11:43:28.571+0000] {logging_mixin.py:120} INFO - ✅ Completed: 2001-11
[2025-10-20T11:43:32.463+0000] {logging_mixin.py:120} INFO - Downloaded: temp_sm2001_12.nc
[2025-10-20T11:43:32.574+0000] {logging_mixin.py:120} INFO - Clipped to TIFF: ethiopia_sm2001_12.tiff
[2025-10-20T11:43:32.576+0000] {logging_mixin.py:120} INFO - ✅ Completed: 2001-12
[2025-10-20T11:43:32.577+0000] {logging_mixin.py:120} INFO - Ethiopia TIFF data saved in folder: ethiopia_flexible_download
[2025-10-20T11:43:32.578+0000] {python.py:177} INFO - Done. Returned value was: None
[2025-10-20T11:43:32.592+0000] {taskinstance.py:1406} INFO - Marking task as SUCCESS. dag_id=ethiopia_flexible_download, task_id=download_ethiopia_data, execution_date=20251020T114231, start_date=20251020T114241, end_date=20251020T114332
[2025-10-20T11:43:32.628+0000] {local_task_job.py:164} INFO - Task exited with return code 0
[2025-10-20T11:43:32.648+0000] {local_task_job.py:273} INFO - 0 downstream tasks scheduled from follow-on schedule check
